Finalize Aggregate  (cost=13918.48..13918.49 rows=1 width=8) (actual time=412.871..430.991 rows=1 loops=1)

  Buffers: shared read=9518

  ->  Gather  (cost=1013.82..13906.88 rows=4640 width=32) (actual time=41.174..430.322 rows=2322 loops=1)

        Workers Planned: 2

        Workers Launched: 2

        Buffers: shared read=9518

        ->  Parallel Append  (cost=13.82..12442.88 rows=2320 width=32) (actual time=0.667..216.848 rows=774 loops=3)

              Buffers: shared read=9518

              ->  Partial Aggregate  (cost=13.82..13.83 rows=1 width=32) (actual time=0.209..0.209 rows=1 loops=1)

                    Buffers: shared read=1

                    ->  Parallel Seq Scan on _hyper_1_1_chunk  (cost=0.00..13.06 rows=306 width=8) (actual time=0.188..0.195 rows=48 loops=1)

                          Buffers: shared read=1

              ->  Partial Aggregate  (cost=13.82..13.83 rows=1 width=32) (actual time=0.134..0.135 rows=1 loops=1)

                    Buffers: shared read=1

                    ->  Parallel Seq Scan on _hyper_1_2320_chunk  (cost=0.00..13.06 rows=306 width=8) (actual time=0.126..0.129 rows=24 loops=1)

                          Buffers: shared read=1

              ->  Partial Aggregate  (cost=7.24..7.25 rows=1 width=32) (actual time=0.330..0.332 rows=1 loops=1)

                    Buffers: shared read=6

                    ->  Parallel Seq Scan on _hyper_1_33_chunk  (cost=0.00..6.99 rows=99 width=8) (actual time=0.189..0.310 rows=168 loops=1)

                          Buffers: shared read=6

              ->  Partial Aggregate  (cost=7.24..7.25 rows=1 width=32) (actual time=0.459..0.460 rows=1 loops=1)

                    Buffers: shared read=6

                    ->  Parallel Seq Scan on _hyper_1_66_chunk  (cost=0.00..6.99 rows=99 width=8) (actual time=0.282..0.433 rows=168 loops=1)

                          Buffers: shared read=6

              ->  Partial Aggregate  (cost=7.24..7.25 rows=1 width=32) (actual time=0.335..0.336 rows=1 loops=1)

                    Buffers: shared read=6

                    ->  Parallel Seq Scan on _hyper_1_77_chunk  (cost=0.00..6.99 rows=99 width=8) (actual time=0.192..0.315 rows=168 loops=1)

                          Buffers: shared read=6

              ->  Partial Aggregate  (cost=7.24..7.25 rows=1 width=32) (actual time=0.330..0.331 rows=1 loops=1)

                    Buffers: shared read=6

                    ->  Parallel Seq Scan on _hyper_1_82_chunk  (cost=0.00..6.99 rows=99 width=8) (actual time=0.181..0.311 rows=168 loops=1)

                          Buffers: shared read=6

              ->  Partial Aggregate  (cost=7.24..7.25 rows=1 width=32) (actual time=0.342..0.343 rows=1 loops=1)

                    Buffers: shared read=6

                    ->  Parallel Seq Scan on _hyper_1_92_chunk  (cost=0.00..6.99 rows=99 width=8) (actual time=0.203..0.322 rows=168 loops=1)

                          Buffers: shared read=6

              ->  Partial Aggregate  (cost=7.24..7.25 rows=1 width=32) (actual time=0.387..0.389 rows=1 loops=1)

                    Buffers: shared read=6

                    ->  Parallel Seq Scan on _hyper_1_103_chunk  (cost=0.00..6.99 rows=99 width=8) (actual time=0.242..0.367 rows=168 loops=1)

                          Buffers: shared read=6

              ->  Partial Aggregate  (cost=7.24..7.25 rows=1 width=32) (actual time=0.436..0.436 rows=1 loops=1)

                    Buffers: shared read=6

                    ->  Parallel Seq Scan on _hyper_1_114_chunk  (cost=0.00..6.99 rows=99 width=8) (actual time=0.224..0.415 rows=168 loops=1)

                          Buffers: shared read=6

              ->  Partial Aggregate  (cost=7.24..7.25 rows=1 width=32) (actual time=0.337..0.339 rows=1 loops=1)

                    Buffers: shared read=6

                    ->  Parallel Seq Scan on _hyper_1_168_chunk  (cost=0.00..6.99 rows=99 width=8) (actual time=0.189..0.316 rows=168 loops=1)

                          Buffers: shared read=6

              ->  Partial Aggregate  (cost=7.24..7.25 rows=1 width=32) (actual time=0.382..0.383 rows=1 loops=1)

                    Buffers: shared read=6

                    ->  Parallel Seq Scan on _hyper_1_179_chunk  (cost=0.00..6.99 rows=99 width=8) (actual time=0.228..0.361 rows=168 loops=1)

                          Buffers: shared read=6

              ->  Partial Aggregate  (cost=7.24..7.25 rows=1 width=32) (actual time=0.423..0.424 rows=1 loops=1)

                    Buffers: shared read=6

                    ->  Parallel Seq Scan on _hyper_1_205_chunk  (cost=0.00..6.99 rows=99 width=8) (actual time=0.292..0.402 rows=168 loops=1)

                          Buffers: shared read=6

              ->  Partial Aggregate  (cost=7.24..7.25 rows=1 width=32) (actual time=0.323..0.324 rows=1 loops=1)

                    Buffers: shared read=6

                    ->  Parallel Seq Scan on _hyper_1_248_chunk  (cost=0.00..6.99 rows=99 width=8) (actual time=0.170..0.301 rows=168 loops=1)

                          Buffers: shared read=6

              ->  Partial Aggregate  (cost=7.24..7.25 rows=1 width=32) (actual time=0.380..0.381 rows=1 loops=1)

                    Buffers: shared read=6

                    ->  Parallel Seq Scan on _hyper_1_259_chunk  (cost=0.00..6.99 rows=99 width=8) (actual time=0.229..0.359 rows=168 loops=1)

                          Buffers: shared read=6

              ->  Partial Aggregate  (cost=7.24..7.25 rows=1 width=32) (actual time=0.322..0.323 rows=1 loops=1)

                    Buffers: shared read=6

                    ->  Parallel Seq Scan on _hyper_1_276_chunk  (cost=0.00..6.99 rows=99 width=8) (actual time=0.172..0.300 rows=168 loops=1)

                          Buffers: shared read=6

              ->  Partial Aggregate  (cost=7.24..7.25 rows=1 width=32) (actual time=0.392..0.393 rows=1 loops=1)

                    Buffers: shared read=6

                    ->  Parallel Seq Scan on _hyper_1_302_chunk  (cost=0.00..6.99 rows=99 width=8) (actual time=0.237..0.370 rows=168 loops=1)

                          Buffers: shared read=6

              ->  Partial Aggregate  (cost=7.24..7.25 rows=1 width=32) (actual time=0.319..0.320 rows=1 loops=1)

                    Buffers: shared read=6

                    ->  Parallel Seq Scan on _hyper_1_313_chunk  (cost=0.00..6.99 rows=99 width=8) (actual time=0.160..0.296 rows=168 loops=1)

                          Buffers: shared read=6

              ->  Partial Aggregate  (cost=7.24..7.25 rows=1 width=32) (actual time=0.475..0.475 rows=1 loops=1)

                    Buffers: shared read=6

                    ->  Parallel Seq Scan on _hyper_1_356_chunk  (cost=0.00..6.99 rows=99 width=8) (actual time=0.226..0.452 rows=168 loops=1)

                          Buffers: shared read=6

              ->  Partial Aggregate  (cost=7.24..7.25 rows=1 width=32) (actual time=0.437..0.438 rows=1 loops=1)

                    Buffers: shared read=6

                    ->  Parallel Seq Scan on _hyper_1_367_chunk  (cost=0.00..6.99 rows=99 width=8) (actual time=0.185..0.407 rows=168 loops=1)

                          Buffers: shared read=6

              ->  Partial Aggregate  (cost=7.24..7.25 rows=1 width=32) (actual time=0.479..0.480 rows=1 loops=1)

                    Buffers: shared read=6

                    ->  Parallel Seq Scan on _hyper_1_410_chunk  (cost=0.00..6.99 rows=99 width=8) (actual time=0.215..0.457 rows=168 loops=1)

                          Buffers: shared read=6

              ->  Partial Aggregate  (cost=7.24..7.25 rows=1 width=32) (actual time=0.498..0.498 rows=1 loops=1)

                    Buffers: shared read=6

                    ->  Parallel Seq Scan on _hyper_1_438_chunk  (cost=0.00..6.99 rows=99 width=8) (actual time=0.342..0.475 rows=168 loops=1)

                          Buffers: shared read=6

              ->  Partial Aggregate  (cost=7.24..7.25 rows=1 width=32) (actual time=0.420..0.421 rows=1 loops=1)

                    Buffers: shared read=6

                    ->  Parallel Seq Scan on _hyper_1_464_chunk  (cost=0.00..6.99 rows=99 width=8) (actual time=0.242..0.398 rows=168 loops=1)

                          Buffers: shared read=6

              ->  Partial Aggregate  (cost=7.24..7.25 rows=1 width=32) (actual time=0.455..0.456 rows=1 loops=1)

                    Buffers: shared read=6

                    ->  Parallel Seq Scan on _hyper_1_497_chunk  (cost=0.00..6.99 rows=99 width=8) (actual time=0.308..0.432 rows=168 loops=1)

                          Buffers: shared read=6

              ->  Partial Aggregate  (cost=7.24..7.25 rows=1 width=32) (actual time=0.378..0.379 rows=1 loops=1)

                    Buffers: shared read=6

                    ->  Parallel Seq Scan on _hyper_1_502_chunk  (cost=0.00..6.99 rows=99 width=8) (actual time=0.217..0.355 rows=168 loops=1)

                          Buffers: shared read=6

              ->  Partial Aggregate  (cost=7.24..7.25 rows=1 width=32) (actual time=0.326..0.327 rows=1 loops=1)

                    Buffers: shared read=6

                    ->  Parallel Seq Scan on _hyper_1_507_chunk  (cost=0.00..6.99 rows=99 width=8) (actual time=0.164..0.303 rows=168 loops=1)

                          Buffers: shared read=6

              ->  Partial Aggregate  (cost=7.24..7.25 rows=1 width=32) (actual time=0.385..0.386 rows=1 loops=1)

                    Buffers: shared read=6

                    ->  Parallel Seq Scan on _hyper_1_529_chunk  (cost=0.00..6.99 rows=99 width=8) (actual time=0.227..0.361 rows=168 loops=1)

                          Buffers: shared read=6

              ->  Partial Aggregate  (cost=7.24..7.25 rows=1 width=32) (actual time=0.571..0.572 rows=1 loops=1)

                    Buffers: shared read=6

                    ->  Parallel Seq Scan on _hyper_1_571_chunk  (cost=0.00..6.99 rows=99 width=8) (actual time=0.398..0.547 rows=168 loops=1)

                          Buffers: shared read=6

              ->  Partial Aggregate  (cost=7.24..7.25 rows=1 width=32) (actual time=0.359..0.360 rows=1 loops=1)

                    Buffers: shared read=6

                    ->  Parallel Seq Scan on _hyper_1_588_chunk  (cost=0.00..6.99 rows=99 width=8) (actual time=0.178..0.335 rows=168 loops=1)

                          Buffers: shared read=6

              ->  Partial Aggregate  (cost=7.24..7.25 rows=1 width=32) (actual time=0.432..0.433 rows=1 loops=1)

                    Buffers: shared read=6

                    ->  Parallel Seq Scan on _hyper_1_614_chunk  (cost=0.00..6.99 rows=99 width=8) (actual time=0.258..0.408 rows=168 loops=1)

                          Buffers: shared read=6

              ->  Partial Aggregate  (cost=7.24..7.25 rows=1 width=32) (actual time=0.309..0.310 rows=1 loops=1)

                    Buffers: shared read=6

                    ->  Parallel Seq Scan on _hyper_1_625_chunk  (cost=0.00..6.99 rows=99 width=8) (actual time=0.166..0.285 rows=168 loops=1)

                          Buffers: shared read=6

              ->  Partial Aggregate  (cost=7.24..7.25 rows=1 width=32) (actual time=0.351..0.352 rows=1 loops=1)

                    Buffers: shared read=6

                    ->  Parallel Seq Scan on _hyper_1_642_chunk  (cost=0.00..6.99 rows=99 width=8) (actual time=0.192..0.327 rows=168 loops=1)

                          Buffers: shared read=6

              ->  Partial Aggregate  (cost=7.24..7.25 rows=1 width=32) (actual time=0.329..0.330 rows=1 loops=1)

                    Buffers: shared read=6

                    ->  Parallel Seq Scan on _hyper_1_668_chunk  (cost=0.00..6.99 rows=99 width=8) (actual time=0.174..0.304 rows=168 loops=1)

                          Buffers: shared read=6

              ->  Partial Aggregate  (cost=7.24..7.25 rows=1 width=32) (actual time=0.330..0.331 rows=1 loops=1)

                    Buffers: shared read=6

                    ->  Parallel Seq Scan on _hyper_1_685_chunk  (cost=0.00..6.99 rows=99 width=8) (actual time=0.172..0.306 rows=168 loops=1)

                          Buffers: shared read=6

              ->  Partial Aggregate  (cost=7.24..7.25 rows=1 width=32) (actual time=0.472..0.473 rows=1 loops=1)

                    Buffers: shared read=6

                    ->  Parallel Seq Scan on _hyper_1_696_chunk  (cost=0.00..6.99 rows=99 width=8) (actual time=0.305..0.448 rows=168 loops=1)

                          Buffers: shared read=6

              ->  Partial Aggregate  (cost=7.24..7.25 rows=1 width=32) (actual time=0.388..0.389 rows=1 loops=1)

                    Buffers: shared read=6

                    ->  Parallel Seq Scan on _hyper_1_733_chunk  (cost=0.00..6.99 rows=99 width=8) (actual time=0.245..0.364 rows=168 loops=1)

                          Buffers: shared read=6

              ->  Partial Aggregate  (cost=7.24..7.25 rows=1 width=32) (actual time=0.406..0.407 rows=1 loops=1)

                    Buffers: shared read=6

                    ->  Parallel Seq Scan on _hyper_1_744_chunk  (cost=0.00..6.99 rows=99 width=8) (actual time=0.235..0.382 rows=168 loops=1)

                          Buffers: shared read=6

              ->  Partial Aggregate  (cost=7.24..7.25 rows=1 width=32) (actual time=0.390..0.392 rows=1 loops=1)

                    Buffers: shared read=6

                    ->  Parallel Seq Scan on _hyper_1_755_chunk  (cost=0.00..6.99 rows=99 width=8) (actual time=0.251..0.366 rows=168 loops=1)

                          Buffers: shared read=6

              ->  Partial Aggregate  (cost=7.24..7.25 rows=1 width=32) (actual time=0.434..0.435 rows=1 loops=1)

                    Buffers: shared read=6

                    ->  Parallel Seq Scan on _hyper_1_760_chunk  (cost=0.00..6.99 rows=99 width=8) (actual time=0.235..0.410 rows=168 loops=1)

                          Buffers: shared read=6

              ->  Partial Aggregate  (cost=7.24..7.25 rows=1 width=32) (actual time=0.436..0.437 rows=1 loops=1)

                    Buffers: shared read=6

                    ->  Parallel Seq Scan on _hyper_1_765_chunk  (cost=0.00..6.99 rows=99 width=8) (actual time=0.230..0.411 rows=168 loops=1)

                          Buffers: shared read=6

              ->  Partial Aggregate  (cost=7.24..7.25 rows=1 width=32) (actual time=0.290..0.291 rows=1 loops=1)

                    Buffers: shared read=6

                    ->  Parallel Seq Scan on _hyper_1_770_chunk  (cost=0.00..6.99 rows=99 width=8) (actual time=0.147..0.265 rows=168 loops=1)

                          Buffers: shared read=6

              ->  Partial Aggregate  (cost=7.24..7.25 rows=1 width=32) (actual time=0.400..0.401 rows=1 loops=1)

                    Buffers: shared read=6

                    ->  Parallel Seq Scan on _hyper_1_781_chunk  (cost=0.00..6.99 rows=99 width=8) (actual time=0.172..0.374 rows=168 loops=1)

                          Buffers: shared read=6

              ->  Partial Aggregate  (cost=7.24..7.25 rows=1 width=32) (actual time=0.411..0.412 rows=1 loops=1)

                    Buffers: shared read=6

                    ->  Parallel Seq Scan on _hyper_1_835_chunk  (cost=0.00..6.99 rows=99 width=8) (actual time=0.246..0.384 rows=168 loops=1)

                          Buffers: shared read=6

              ->  Partial Aggregate  (cost=7.24..7.25 rows=1 width=32) (actual time=0.535..0.536 rows=1 loops=1)

                    Buffers: shared read=6

                    ->  Parallel Seq Scan on _hyper_1_846_chunk  (cost=0.00..6.99 rows=99 width=8) (actual time=0.237..0.507 rows=168 loops=1)

                          Buffers: shared read=6

              ->  Partial Aggregate  (cost=7.24..7.25 rows=1 width=32) (actual time=0.392..0.393 rows=1 loops=1)

                    Buffers: shared read=6

                    ->  Parallel Seq Scan on _hyper_1_857_chunk  (cost=0.00..6.99 rows=99 width=8) (actual time=0.210..0.365 rows=168 loops=1)

                          Buffers: shared read=6

              ->  Partial Aggregate  (cost=7.24..7.25 rows=1 width=32) (actual time=0.347..0.347 rows=1 loops=1)

                    Buffers: shared read=6

                    ->  Parallel Seq Scan on _hyper_1_872_chunk  (cost=0.00..6.99 rows=99 width=8) (actual time=0.177..0.320 rows=168 loops=1)

                          Buffers: shared read=6

              ->  Partial Aggregate  (cost=7.24..7.25 rows=1 width=32) (actual time=0.438..0.438 rows=1 loops=1)

                    Buffers: shared read=6

                    ->  Parallel Seq Scan on _hyper_1_883_chunk  (cost=0.00..6.99 rows=99 width=8) (actual time=0.216..0.411 rows=168 loops=1)

                          Buffers: shared read=6

              ->  Partial Aggregate  (cost=7.24..7.25 rows=1 width=32) (actual time=0.404..0.405 rows=1 loops=1)

                    Buffers: shared read=6

                    ->  Parallel Seq Scan on _hyper_1_894_chunk  (cost=0.00..6.99 rows=99 width=8) (actual time=0.230..0.378 rows=168 loops=1)

                          Buffers: shared read=6

              ->  Partial Aggregate  (cost=7.24..7.25 rows=1 width=32) (actual time=0.435..0.436 rows=1 loops=1)

                    Buffers: shared read=6

                    ->  Parallel Seq Scan on _hyper_1_942_chunk  (cost=0.00..6.99 rows=99 width=8) (actual time=0.228..0.388 rows=168 loops=1)

                          Buffers: shared read=6

              ->  Partial Aggregate  (cost=7.24..7.25 rows=1 width=32) (actual time=0.327..0.328 rows=1 loops=1)

                    Buffers: shared read=6

                    ->  Parallel Seq Scan on _hyper_1_964_chunk  (cost=0.00..6.99 rows=99 width=8) (actual time=0.178..0.300 rows=168 loops=1)

                          Buffers: shared read=6

              ->  Partial Aggregate  (cost=7.24..7.25 rows=1 width=32) (actual time=0.417..0.417 rows=1 loops=1)

                    Buffers: shared read=6

                    ->  Parallel Seq Scan on _hyper_1_969_chunk  (cost=0.00..6.99 rows=99 width=8) (actual time=0.188..0.389 rows=168 loops=1)

                          Buffers: shared read=6

              ->  Partial Aggregate  (cost=7.24..7.25 rows=1 width=32) (actual time=0.387..0.388 rows=1 loops=1)

                    Buffers: shared read=6

                    ->  Parallel Seq Scan on _hyper_1_974_chunk  (cost=0.00..6.99 rows=99 width=8) (actual time=0.193..0.358 rows=168 loops=1)

                          Buffers: shared read=6

              ->  Partial Aggregate  (cost=7.24..7.25 rows=1 width=32) (actual time=0.356..0.356 rows=1 loops=1)

                    Buffers: shared read=6

                    ->  Parallel Seq Scan on _hyper_1_1007_chunk  (cost=0.00..6.99 rows=99 width=8) (actual time=0.175..0.326 rows=168 loops=1)

                          Buffers: shared read=6

              ->  Partial Aggregate  (cost=7.24..7.25 rows=1 width=32) (actual time=0.360..0.361 rows=1 loops=1)

                    Buffers: shared read=6

                    ->  Parallel Seq Scan on _hyper_1_1044_chunk  (cost=0.00..6.99 rows=99 width=8) (actual time=0.181..0.322 rows=168 loops=1)

                          Buffers: shared read=6

              ->  Partial Aggregate  (cost=7.24..7.25 rows=1 width=32) (actual time=0.340..0.341 rows=1 loops=1)

                    Buffers: shared read=6

                    ->  Parallel Seq Scan on _hyper_1_1066_chunk  (cost=0.00..6.99 rows=99 width=8) (actual time=0.163..0.311 rows=168 loops=1)

                          Buffers: shared read=6

              ->  Partial Aggregate  (cost=7.24..7.25 rows=1 width=32) (actual time=0.394..0.395 rows=1 loops=1)

                    Buffers: shared read=6

                    ->  Parallel Seq Scan on _hyper_1_1109_chunk  (cost=0.00..6.99 rows=99 width=8) (actual time=0.245..0.365 rows=168 loops=1)

                          Buffers: shared read=6

              ->  Partial Aggregate  (cost=7.24..7.25 rows=1 width=32) (actual time=0.439..0.440 rows=1 loops=1)

                    Buffers: shared read=6

                    ->  Parallel Seq Scan on _hyper_1_1120_chunk  (cost=0.00..6.99 rows=99 width=8) (actual time=0.271..0.410 rows=168 loops=1)

                          Buffers: shared read=6

              ->  Partial Aggregate  (cost=7.24..7.25 rows=1 width=32) (actual time=0.421..0.422 rows=1 loops=1)

                    Buffers: shared read=6

                    ->  Parallel Seq Scan on _hyper_1_1135_chunk  (cost=0.00..6.99 rows=99 width=8) (actual time=0.241..0.392 rows=168 loops=1)

                          Buffers: shared read=6

              ->  Partial Aggregate  (cost=7.24..7.25 rows=1 width=32) (actual time=0.437..0.438 rows=1 loops=1)

                    Buffers: shared read=6

                    ->  Parallel Seq Scan on _hyper_1_1146_chunk  (cost=0.00..6.99 rows=99 width=8) (actual time=0.238..0.405 rows=168 loops=1)

                          Buffers: shared read=6

              ->  Partial Aggregate  (cost=7.24..7.25 rows=1 width=32) (actual time=0.353..0.354 rows=1 loops=1)

                    Buffers: shared read=6

                    ->  Parallel Seq Scan on _hyper_1_1157_chunk  (cost=0.00..6.99 rows=99 width=8) (actual time=0.191..0.323 rows=168 loops=1)

                          Buffers: shared read=6

              ->  Partial Aggregate  (cost=7.24..7.25 rows=1 width=32) (actual time=0.369..0.371 rows=1 loops=1)

                    Buffers: shared read=6

                    ->  Parallel Seq Scan on _hyper_1_1194_chunk  (cost=0.00..6.99 rows=99 width=8) (actual time=0.202..0.343 rows=168 loops=1)

                          Buffers: shared read=6

              ->  Partial Aggregate  (cost=7.24..7.25 rows=1 width=32) (actual time=0.368..0.369 rows=1 loops=1)

                    Buffers: shared read=6

                    ->  Parallel Seq Scan on _hyper_1_1211_chunk  (cost=0.00..6.99 rows=99 width=8) (actual time=0.188..0.341 rows=168 loops=1)

                          Buffers: shared read=6

              ->  Partial Aggregate  (cost=7.24..7.25 rows=1 width=32) (actual time=0.384..0.385 rows=1 loops=1)

                    Buffers: shared read=6

                    ->  Parallel Seq Scan on _hyper_1_1222_chunk  (cost=0.00..6.99 rows=99 width=8) (actual time=0.226..0.357 rows=168 loops=1)

                          Buffers: shared read=6

              ->  Partial Aggregate  (cost=7.24..7.25 rows=1 width=32) (actual time=0.416..0.417 rows=1 loops=1)

                    Buffers: shared read=6

                    ->  Parallel Seq Scan on _hyper_1_1227_chunk  (cost=0.00..6.99 rows=99 width=8) (actual time=0.215..0.390 rows=168 loops=1)

                          Buffers: shared read=6

              ->  Partial Aggregate  (cost=7.24..7.25 rows=1 width=32) (actual time=0.324..0.324 rows=1 loops=1)

                    Buffers: shared read=6

                    ->  Parallel Seq Scan on _hyper_1_1232_chunk  (cost=0.00..6.99 rows=99 width=8) (actual time=0.168..0.297 rows=168 loops=1)

                          Buffers: shared read=6

              ->  Partial Aggregate  (cost=7.24..7.25 rows=1 width=32) (actual time=0.316..0.317 rows=1 loops=1)

                    Buffers: shared read=6

                    ->  Parallel Seq Scan on _hyper_1_1237_chunk  (cost=0.00..6.99 rows=99 width=8) (actual time=0.167..0.289 rows=168 loops=1)

                          Buffers: shared read=6

              ->  Partial Aggregate  (cost=7.24..7.25 rows=1 width=32) (actual time=0.443..0.444 rows=1 loops=1)

                    Buffers: shared read=6

                    ->  Parallel Seq Scan on _hyper_1_1259_chunk  (cost=0.00..6.99 rows=99 width=8) (actual time=0.209..0.418 rows=168 loops=1)

                          Buffers: shared read=6

              ->  Partial Aggregate  (cost=7.24..7.25 rows=1 width=32) (actual time=0.407..0.408 rows=1 loops=1)

                    Buffers: shared read=6

                    ->  Parallel Seq Scan on _hyper_1_1296_chunk  (cost=0.00..6.99 rows=99 width=8) (actual time=0.241..0.383 rows=168 loops=1)

                          Buffers: shared read=6

              ->  Partial Aggregate  (cost=7.24..7.25 rows=1 width=32) (actual time=0.414..0.415 rows=1 loops=1)

                    Buffers: shared read=6

                    ->  Parallel Seq Scan on _hyper_1_1324_chunk  (cost=0.00..6.99 rows=99 width=8) (actual time=0.241..0.389 rows=168 loops=1)

                          Buffers: shared read=6

              ->  Partial Aggregate  (cost=7.24..7.25 rows=1 width=32) (actual time=0.393..0.393 rows=1 loops=1)

                    Buffers: shared read=6

                    ->  Parallel Seq Scan on _hyper_1_1350_chunk  (cost=0.00..6.99 rows=99 width=8) (actual time=0.239..0.369 rows=168 loops=1)

                          Buffers: shared read=6

              ->  Partial Aggregate  (cost=7.24..7.25 rows=1 width=32) (actual time=0.302..0.303 rows=1 loops=1)

                    Buffers: shared read=6

                    ->  Parallel Seq Scan on _hyper_1_1367_chunk  (cost=0.00..6.99 rows=99 width=8) (actual time=0.166..0.278 rows=168 loops=1)

                          Buffers: shared read=6

              ->  Partial Aggregate  (cost=7.24..7.25 rows=1 width=32) (actual time=0.331..0.332 rows=1 loops=1)

                    Buffers: shared read=6

                    ->  Parallel Seq Scan on _hyper_1_1378_chunk  (cost=0.00..6.99 rows=99 width=8) (actual time=0.145..0.307 rows=168 loops=1)

                          Buffers: shared read=6

              ->  Partial Aggregate  (cost=7.24..7.25 rows=1 width=32) (actual time=0.324..0.325 rows=1 loops=1)

                    Buffers: shared read=6

                    ->  Parallel Seq Scan on _hyper_1_1388_chunk  (cost=0.00..6.99 rows=99 width=8) (actual time=0.174..0.298 rows=168 loops=1)

                          Buffers: shared read=6

              ->  Partial Aggregate  (cost=7.24..7.25 rows=1 width=32) (actual time=0.421..0.422 rows=1 loops=1)

                    Buffers: shared read=6

                    ->  Parallel Seq Scan on _hyper_1_1393_chunk  (cost=0.00..6.99 rows=99 width=8) (actual time=0.274..0.397 rows=168 loops=1)

                          Buffers: shared read=6

              ->  Partial Aggregate  (cost=7.24..7.25 rows=1 width=32) (actual time=0.356..0.357 rows=1 loops=1)

                    Buffers: shared read=6

                    ->  Parallel Seq Scan on _hyper_1_1415_chunk  (cost=0.00..6.99 rows=99 width=8) (actual time=0.175..0.331 rows=168 loops=1)

                          Buffers: shared read=6

              ->  Partial Aggregate  (cost=7.24..7.25 rows=1 width=32) (actual time=0.339..0.340 rows=1 loops=1)

                    Buffers: shared read=6

                    ->  Parallel Seq Scan on _hyper_1_1426_chunk  (cost=0.00..6.99 rows=99 width=8) (actual time=0.170..0.315 rows=168 loops=1)

                          Buffers: shared read=6

              ->  Partial Aggregate  (cost=7.24..7.25 rows=1 width=32) (actual time=0.399..0.400 rows=1 loops=1)

                    Buffers: shared read=6

                    ->  Parallel Seq Scan on _hyper_1_1452_chunk  (cost=0.00..6.99 rows=99 width=8) (actual time=0.236..0.374 rows=168 loops=1)

                          Buffers: shared read=6

              ->  Partial Aggregate  (cost=7.24..7.25 rows=1 width=32) (actual time=0.454..0.455 rows=1 loops=1)

                    Buffers: shared read=6

                    ->  Parallel Seq Scan on _hyper_1_1463_chunk  (cost=0.00..6.99 rows=99 width=8) (actual time=0.231..0.430 rows=168 loops=1)

                          Buffers: shared read=6

              ->  Partial Aggregate  (cost=7.24..7.25 rows=1 width=32) (actual time=0.448..0.448 rows=1 loops=1)

                    Buffers: shared read=6

                    ->  Parallel Seq Scan on _hyper_1_1495_chunk  (cost=0.00..6.99 rows=99 width=8) (actual time=0.288..0.423 rows=168 loops=1)

                          Buffers: shared read=6

              ->  Partial Aggregate  (cost=7.24..7.25 rows=1 width=32) (actual time=0.394..0.395 rows=1 loops=1)

                    Buffers: shared read=6

                    ->  Parallel Seq Scan on _hyper_1_1528_chunk  (cost=0.00..6.99 rows=99 width=8) (actual time=0.229..0.370 rows=168 loops=1)

                          Buffers: shared read=6

              ->  Partial Aggregate  (cost=7.24..7.25 rows=1 width=32) (actual time=0.453..0.454 rows=1 loops=1)

                    Buffers: shared read=6

                    ->  Parallel Seq Scan on _hyper_1_1539_chunk  (cost=0.00..6.99 rows=99 width=8) (actual time=0.228..0.428 rows=168 loops=1)

                          Buffers: shared read=6

              ->  Partial Aggregate  (cost=7.24..7.25 rows=1 width=32) (actual time=0.326..0.327 rows=1 loops=1)

                    Buffers: shared read=6

                    ->  Parallel Seq Scan on _hyper_1_1544_chunk  (cost=0.00..6.99 rows=99 width=8) (actual time=0.163..0.302 rows=168 loops=1)

                          Buffers: shared read=6

              ->  Partial Aggregate  (cost=7.24..7.25 rows=1 width=32) (actual time=0.452..0.453 rows=1 loops=1)

                    Buffers: shared read=6

                    ->  Parallel Seq Scan on _hyper_1_1549_chunk  (cost=0.00..6.99 rows=99 width=8) (actual time=0.285..0.425 rows=168 loops=1)

                          Buffers: shared read=6

              ->  Partial Aggregate  (cost=7.24..7.25 rows=1 width=32) (actual time=0.469..0.470 rows=1 loops=1)

                    Buffers: shared read=6

                    ->  Parallel Seq Scan on _hyper_1_1554_chunk  (cost=0.00..6.99 rows=99 width=8) (actual time=0.232..0.443 rows=168 loops=1)

                          Buffers: shared read=6

              ->  Partial Aggregate  (cost=7.24..7.25 rows=1 width=32) (actual time=0.335..0.336 rows=1 loops=1)

                    Buffers: shared read=6

                    ->  Parallel Seq Scan on _hyper_1_1565_chunk  (cost=0.00..6.99 rows=99 width=8) (actual time=0.173..0.308 rows=168 loops=1)

                          Buffers: shared read=6

              ->  Partial Aggregate  (cost=7.24..7.25 rows=1 width=32) (actual time=0.432..0.433 rows=1 loops=1)

                    Buffers: shared read=6

                    ->  Parallel Seq Scan on _hyper_1_1613_chunk  (cost=0.00..6.99 rows=99 width=8) (actual time=0.196..0.406 rows=168 loops=1)

                          Buffers: shared read=6

              ->  Partial Aggregate  (cost=7.24..7.25 rows=1 width=32) (actual time=0.407..0.409 rows=1 loops=1)

                    Buffers: shared read=6

                    ->  Parallel Seq Scan on _hyper_1_1678_chunk  (cost=0.00..6.99 rows=99 width=8) (actual time=0.224..0.379 rows=168 loops=1)

                          Buffers: shared read=6

              ->  Partial Aggregate  (cost=7.24..7.25 rows=1 width=32) (actual time=0.311..0.312 rows=1 loops=1)

                    Buffers: shared read=6

                    ->  Parallel Seq Scan on _hyper_1_1715_chunk  (cost=0.00..6.99 rows=99 width=8) (actual time=0.152..0.281 rows=168 loops=1)

                          Buffers: shared read=6

              ->  Partial Aggregate  (cost=7.24..7.25 rows=1 width=32) (actual time=0.441..0.442 rows=1 loops=1)

                    Buffers: shared read=6

                    ->  Parallel Seq Scan on _hyper_1_1743_chunk  (cost=0.00..6.99 rows=99 width=8) (actual time=0.166..0.412 rows=168 loops=1)

                          Buffers: shared read=6

              ->  Partial Aggregate  (cost=7.24..7.25 rows=1 width=32) (actual time=0.412..0.413 rows=1 loops=1)

                    Buffers: shared read=6

                    ->  Parallel Seq Scan on _hyper_1_1748_chunk  (cost=0.00..6.99 rows=99 width=8) (actual time=0.195..0.383 rows=168 loops=1)

                          Buffers: shared read=6

              ->  Partial Aggregate  (cost=7.24..7.25 rows=1 width=32) (actual time=0.415..0.415 rows=1 loops=1)

                    Buffers: shared read=6

                    ->  Parallel Seq Scan on _hyper_1_1753_chunk  (cost=0.00..6.99 rows=99 width=8) (actual time=0.230..0.385 rows=168 loops=1)

                          Buffers: shared read=6

              ->  Partial Aggregate  (cost=7.24..7.25 rows=1 width=32) (actual time=0.321..0.322 rows=1 loops=1)

                    Buffers: shared read=6

                    ->  Parallel Seq Scan on _hyper_1_1758_chunk  (cost=0.00..6.99 rows=99 width=8) (actual time=0.153..0.292 rows=168 loops=1)

                          Buffers: shared read=6

              ->  Partial Aggregate  (cost=7.24..7.25 rows=1 width=32) (actual time=0.345..0.346 rows=1 loops=1)

                    Buffers: shared read=6

                    ->  Parallel Seq Scan on _hyper_1_1763_chunk  (cost=0.00..6.99 rows=99 width=8) (actual time=0.175..0.316 rows=168 loops=1)

                          Buffers: shared read=6

              ->  Partial Aggregate  (cost=7.24..7.25 rows=1 width=32) (actual time=0.367..0.368 rows=1 loops=1)

                    Buffers: shared read=6

                    ->  Parallel Seq Scan on _hyper_1_1774_chunk  (cost=0.00..6.99 rows=99 width=8) (actual time=0.152..0.338 rows=168 loops=1)

                          Buffers: shared read=6

              ->  Partial Aggregate  (cost=7.24..7.25 rows=1 width=32) (actual time=0.416..0.417 rows=1 loops=1)

                    Buffers: shared read=6

                    ->  Parallel Seq Scan on _hyper_1_1817_chunk  (cost=0.00..6.99 rows=99 width=8) (actual time=0.232..0.380 rows=168 loops=1)

                          Buffers: shared read=6

              ->  Partial Aggregate  (cost=7.24..7.25 rows=1 width=32) (actual time=0.519..0.520 rows=1 loops=1)

                    Buffers: shared read=6

                    ->  Parallel Seq Scan on _hyper_1_1828_chunk  (cost=0.00..6.99 rows=99 width=8) (actual time=0.282..0.490 rows=168 loops=1)

                          Buffers: shared read=6

              ->  Partial Aggregate  (cost=7.24..7.25 rows=1 width=32) (actual time=0.432..0.433 rows=1 loops=1)

                    Buffers: shared read=6

                    ->  Parallel Seq Scan on _hyper_1_1839_chunk  (cost=0.00..6.99 rows=99 width=8) (actual time=0.189..0.403 rows=168 loops=1)

                          Buffers: shared read=6

              ->  Partial Aggregate  (cost=7.24..7.25 rows=1 width=32) (actual time=0.435..0.436 rows=1 loops=1)

                    Buffers: shared read=6

                    ->  Parallel Seq Scan on _hyper_1_1850_chunk  (cost=0.00..6.99 rows=99 width=8) (actual time=0.289..0.397 rows=168 loops=1)

                          Buffers: shared read=6

              ->  Partial Aggregate  (cost=7.24..7.25 rows=1 width=32) (actual time=0.435..0.436 rows=1 loops=1)

                    Buffers: shared read=6

                    ->  Parallel Seq Scan on _hyper_1_1855_chunk  (cost=0.00..6.99 rows=99 width=8) (actual time=0.192..0.403 rows=168 loops=1)

                          Buffers: shared read=6

              ->  Partial Aggregate  (cost=7.24..7.25 rows=1 width=32) (actual time=0.521..0.522 rows=1 loops=1)

                    Buffers: shared read=6

                    ->  Parallel Seq Scan on _hyper_1_1860_chunk  (cost=0.00..6.99 rows=99 width=8) (actual time=0.327..0.488 rows=168 loops=1)

                          Buffers: shared read=6

              ->  Partial Aggregate  (cost=7.24..7.25 rows=1 width=32) (actual time=0.467..0.468 rows=1 loops=1)

                    Buffers: shared read=6

                    ->  Parallel Seq Scan on _hyper_1_1876_chunk  (cost=0.00..6.99 rows=99 width=8) (actual time=0.184..0.435 rows=168 loops=1)

                          Buffers: shared read=6

              ->  Partial Aggregate  (cost=7.24..7.25 rows=1 width=32) (actual time=0.377..0.378 rows=1 loops=1)

                    Buffers: shared read=6

                    ->  Parallel Seq Scan on _hyper_1_1924_chunk  (cost=0.00..6.99 rows=99 width=8) (actual time=0.193..0.344 rows=168 loops=1)

                          Buffers: shared read=6

              ->  Partial Aggregate  (cost=7.24..7.25 rows=1 width=32) (actual time=0.436..0.436 rows=1 loops=1)

                    Buffers: shared read=6

                    ->  Parallel Seq Scan on _hyper_1_1941_chunk  (cost=0.00..6.99 rows=99 width=8) (actual time=0.257..0.403 rows=168 loops=1)

                          Buffers: shared read=6

              ->  Partial Aggregate  (cost=7.24..7.25 rows=1 width=32) (actual time=0.379..0.379 rows=1 loops=1)

                    Buffers: shared read=6

                    ->  Parallel Seq Scan on _hyper_1_1952_chunk  (cost=0.00..6.99 rows=99 width=8) (actual time=0.197..0.338 rows=168 loops=1)

                          Buffers: shared read=6

              ->  Partial Aggregate  (cost=7.24..7.25 rows=1 width=32) (actual time=0.372..0.373 rows=1 loops=1)

                    Buffers: shared read=6

                    ->  Parallel Seq Scan on _hyper_1_1978_chunk  (cost=0.00..6.99 rows=99 width=8) (actual time=0.172..0.340 rows=168 loops=1)

                          Buffers: shared read=6

              ->  Partial Aggregate  (cost=7.24..7.25 rows=1 width=32) (actual time=0.373..0.374 rows=1 loops=1)

                    Buffers: shared read=6

                    ->  Parallel Seq Scan on _hyper_1_2011_chunk  (cost=0.00..6.99 rows=99 width=8) (actual time=0.205..0.341 rows=168 loops=1)

                          Buffers: shared read=6

              ->  Partial Aggregate  (cost=7.24..7.25 rows=1 width=32) (actual time=0.354..0.354 rows=1 loops=1)

                    Buffers: shared read=6

                    ->  Parallel Seq Scan on _hyper_1_2016_chunk  (cost=0.00..6.99 rows=99 width=8) (actual time=0.173..0.321 rows=168 loops=1)

                          Buffers: shared read=6

              ->  Partial Aggregate  (cost=7.24..7.25 rows=1 width=32) (actual time=0.591..0.592 rows=1 loops=1)

                    Buffers: shared read=6

                    ->  Parallel Seq Scan on _hyper_1_2021_chunk  (cost=0.00..6.99 rows=99 width=8) (actual time=0.384..0.559 rows=168 loops=1)

                          Buffers: shared read=6

              ->  Partial Aggregate  (cost=7.24..7.25 rows=1 width=32) (actual time=0.441..0.441 rows=1 loops=1)

                    Buffers: shared read=6

                    ->  Parallel Seq Scan on _hyper_1_2032_chunk  (cost=0.00..6.99 rows=99 width=8) (actual time=0.259..0.408 rows=168 loops=1)

                          Buffers: shared read=6

              ->  Partial Aggregate  (cost=7.24..7.25 rows=1 width=32) (actual time=0.359..0.360 rows=1 loops=1)

                    Buffers: shared read=6

                    ->  Parallel Seq Scan on _hyper_1_2049_chunk  (cost=0.00..6.99 rows=99 width=8) (actual time=0.182..0.326 rows=168 loops=1)

                          Buffers: shared read=6

              ->  Partial Aggregate  (cost=7.24..7.25 rows=1 width=32) (actual time=0.341..0.342 rows=1 loops=1)

                    Buffers: shared read=6

                    ->  Parallel Seq Scan on _hyper_1_2065_chunk  (cost=0.00..6.99 rows=99 width=8) (actual time=0.137..0.309 rows=168 loops=1)

                          Buffers: shared read=6

              ->  Partial Aggregate  (cost=7.24..7.25 rows=1 width=32) (actual time=0.419..0.420 rows=1 loops=1)

                    Buffers: shared read=6

                    ->  Parallel Seq Scan on _hyper_1_2070_chunk  (cost=0.00..6.99 rows=99 width=8) (actual time=0.248..0.389 rows=168 loops=1)

                          Buffers: shared read=6

              ->  Partial Aggregate  (cost=7.24..7.25 rows=1 width=32) (actual time=0.418..0.418 rows=1 loops=1)

                    Buffers: shared read=6

                    ->  Parallel Seq Scan on _hyper_1_2075_chunk  (cost=0.00..6.99 rows=99 width=8) (actual time=0.243..0.389 rows=168 loops=1)

                          Buffers: shared read=6

              ->  Partial Aggregate  (cost=7.24..7.25 rows=1 width=32) (actual time=0.370..0.371 rows=1 loops=1)

                    Buffers: shared read=6

                    ->  Parallel Seq Scan on _hyper_1_2113_chunk  (cost=0.00..6.99 rows=99 width=8) (actual time=0.186..0.340 rows=168 loops=1)

                          Buffers: shared read=6

              ->  Partial Aggregate  (cost=7.24..7.25 rows=1 width=32) (actual time=0.403..0.404 rows=1 loops=1)

                    Buffers: shared read=6

                    ->  Parallel Seq Scan on _hyper_1_2123_chunk  (cost=0.00..6.99 rows=99 width=8) (actual time=0.236..0.374 rows=168 loops=1)

                          Buffers: shared read=6

              ->  Partial Aggregate  (cost=7.24..7.25 rows=1 width=32) (actual time=0.414..0.415 rows=1 loops=1)

                    Buffers: shared read=6

                    ->  Parallel Seq Scan on _hyper_1_2156_chunk  (cost=0.00..6.99 rows=99 width=8) (actual time=0.226..0.387 rows=168 loops=1)

                          Buffers: shared read=6

              ->  Partial Aggregate  (cost=7.24..7.25 rows=1 width=32) (actual time=0.526..0.527 rows=1 loops=1)

                    Buffers: shared read=6

                    ->  Parallel Seq Scan on _hyper_1_2204_chunk  (cost=0.00..6.99 rows=99 width=8) (actual time=0.214..0.499 rows=168 loops=1)

                          Buffers: shared read=6

              ->  Partial Aggregate  (cost=7.24..7.25 rows=1 width=32) (actual time=0.506..0.507 rows=1 loops=1)

                    Buffers: shared read=6

                    ->  Parallel Seq Scan on _hyper_1_2215_chunk  (cost=0.00..6.99 rows=99 width=8) (actual time=0.335..0.477 rows=168 loops=1)

                          Buffers: shared read=6

              ->  Partial Aggregate  (cost=7.24..7.25 rows=1 width=32) (actual time=0.413..0.414 rows=1 loops=1)

                    Buffers: shared read=6

                    ->  Parallel Seq Scan on _hyper_1_2220_chunk  (cost=0.00..6.99 rows=99 width=8) (actual time=0.234..0.387 rows=168 loops=1)

                          Buffers: shared read=6

              ->  Partial Aggregate  (cost=7.24..7.25 rows=1 width=32) (actual time=0.371..0.372 rows=1 loops=1)

                    Buffers: shared read=6

                    ->  Parallel Seq Scan on _hyper_1_2225_chunk  (cost=0.00..6.99 rows=99 width=8) (actual time=0.212..0.344 rows=168 loops=1)

                          Buffers: shared read=6

              ->  Partial Aggregate  (cost=7.24..7.25 rows=1 width=32) (actual time=0.378..0.379 rows=1 loops=1)

                    Buffers: shared read=6

                    ->  Parallel Seq Scan on _hyper_1_2230_chunk  (cost=0.00..6.99 rows=99 width=8) (actual time=0.233..0.353 rows=168 loops=1)

                          Buffers: shared read=6

              ->  Partial Aggregate  (cost=7.24..7.25 rows=1 width=32) (actual time=0.416..0.417 rows=1 loops=1)

                    Buffers: shared read=6

                    ->  Parallel Seq Scan on _hyper_1_2241_chunk  (cost=0.00..6.99 rows=99 width=8) (actual time=0.177..0.392 rows=168 loops=1)

                          Buffers: shared read=6

              ->  Partial Aggregate  (cost=7.24..7.25 rows=1 width=32) (actual time=0.375..0.376 rows=1 loops=1)

                    Buffers: shared read=6

                    ->  Parallel Seq Scan on _hyper_1_2252_chunk  (cost=0.00..6.99 rows=99 width=8) (actual time=0.227..0.351 rows=168 loops=1)

                          Buffers: shared read=6

              ->  Partial Aggregate  (cost=7.24..7.25 rows=1 width=32) (actual time=0.359..0.360 rows=1 loops=1)

                    Buffers: shared read=6

                    ->  Parallel Seq Scan on _hyper_1_2263_chunk  (cost=0.00..6.99 rows=99 width=8) (actual time=0.206..0.334 rows=168 loops=1)

                          Buffers: shared read=6

              ->  Partial Aggregate  (cost=7.24..7.25 rows=1 width=32) (actual time=0.364..0.365 rows=1 loops=1)

                    Buffers: shared read=6

                    ->  Parallel Seq Scan on _hyper_1_2317_chunk  (cost=0.00..6.99 rows=99 width=8) (actual time=0.159..0.340 rows=168 loops=1)

                          Buffers: shared read=6

              ->  Partial Aggregate  (cost=5.24..5.25 rows=1 width=32) (actual time=0.248..0.249 rows=1 loops=1)

                    Buffers: shared read=4

                    ->  Parallel Seq Scan on _hyper_1_2_chunk  (cost=0.00..4.99 rows=99 width=8) (actual time=0.166..0.222 rows=168 loops=1)

                          Buffers: shared read=4

              ->  Partial Aggregate  (cost=5.24..5.25 rows=1 width=32) (actual time=0.487..0.488 rows=1 loops=1)

                    Buffers: shared read=4

                    ->  Parallel Seq Scan on _hyper_1_3_chunk  (cost=0.00..4.99 rows=99 width=8) (actual time=0.406..0.461 rows=168 loops=1)

                          Buffers: shared read=4

              ->  Partial Aggregate  (cost=5.24..5.25 rows=1 width=32) (actual time=0.382..0.383 rows=1 loops=1)

                    Buffers: shared read=4

                    ->  Parallel Seq Scan on _hyper_1_4_chunk  (cost=0.00..4.99 rows=99 width=8) (actual time=0.301..0.356 rows=168 loops=1)

                          Buffers: shared read=4

              ->  Partial Aggregate  (cost=5.24..5.25 rows=1 width=32) (actual time=0.217..0.217 rows=1 loops=1)

                    Buffers: shared read=4

                    ->  Parallel Seq Scan on _hyper_1_5_chunk  (cost=0.00..4.99 rows=99 width=8) (actual time=0.123..0.190 rows=168 loops=1)

                          Buffers: shared read=4

              ->  Partial Aggregate  (cost=5.24..5.25 rows=1 width=32) (actual time=0.243..0.244 rows=1 loops=1)

                    Buffers: shared read=4

                    ->  Parallel Seq Scan on _hyper_1_6_chunk  (cost=0.00..4.99 rows=99 width=8) (actual time=0.160..0.217 rows=168 loops=1)

                          Buffers: shared read=4

              ->  Partial Aggregate  (cost=5.24..5.25 rows=1 width=32) (actual time=0.291..0.292 rows=1 loops=1)

                    Buffers: shared read=4

                    ->  Parallel Seq Scan on _hyper_1_7_chunk  (cost=0.00..4.99 rows=99 width=8) (actual time=0.197..0.262 rows=168 loops=1)

                          Buffers: shared read=4

              ->  Partial Aggregate  (cost=5.24..5.25 rows=1 width=32) (actual time=0.280..0.281 rows=1 loops=1)

                    Buffers: shared read=4

                    ->  Parallel Seq Scan on _hyper_1_8_chunk  (cost=0.00..4.99 rows=99 width=8) (actual time=0.189..0.251 rows=168 loops=1)

                          Buffers: shared read=4

              ->  Partial Aggregate  (cost=5.24..5.25 rows=1 width=32) (actual time=0.211..0.212 rows=1 loops=1)

                    Buffers: shared read=4

                    ->  Parallel Seq Scan on _hyper_1_9_chunk  (cost=0.00..4.99 rows=99 width=8) (actual time=0.122..0.182 rows=168 loops=1)

                          Buffers: shared read=4

              ->  Partial Aggregate  (cost=5.24..5.25 rows=1 width=32) (actual time=0.274..0.275 rows=1 loops=1)

                    Buffers: shared read=4

                    ->  Parallel Seq Scan on _hyper_1_10_chunk  (cost=0.00..4.99 rows=99 width=8) (actual time=0.185..0.245 rows=168 loops=1)

                          Buffers: shared read=4

              ->  Partial Aggregate  (cost=5.24..5.25 rows=1 width=32) (actual time=0.210..0.211 rows=1 loops=1)

                    Buffers: shared read=4

                    ->  Parallel Seq Scan on _hyper_1_11_chunk  (cost=0.00..4.99 rows=99 width=8) (actual time=0.121..0.181 rows=168 loops=1)

                          Buffers: shared read=4

              ->  Partial Aggregate  (cost=5.24..5.25 rows=1 width=32) (actual time=0.299..0.301 rows=1 loops=1)

                    Buffers: shared read=4

                    ->  Parallel Seq Scan on _hyper_1_12_chunk  (cost=0.00..4.99 rows=99 width=8) (actual time=0.180..0.267 rows=168 loops=1)

                          Buffers: shared read=4

              ->  Partial Aggregate  (cost=5.24..5.25 rows=1 width=32) (actual time=0.302..0.303 rows=1 loops=1)

                    Buffers: shared read=4

                    ->  Parallel Seq Scan on _hyper_1_13_chunk  (cost=0.00..4.99 rows=99 width=8) (actual time=0.206..0.266 rows=168 loops=1)

                          Buffers: shared read=4

              ->  Partial Aggregate  (cost=5.24..5.25 rows=1 width=32) (actual time=0.288..0.289 rows=1 loops=1)

                    Buffers: shared read=4

                    ->  Parallel Seq Scan on _hyper_1_14_chunk  (cost=0.00..4.99 rows=99 width=8) (actual time=0.191..0.254 rows=168 loops=1)

                          Buffers: shared read=4

              ->  Partial Aggregate  (cost=5.24..5.25 rows=1 width=32) (actual time=0.324..0.324 rows=1 loops=1)

                    Buffers: shared read=4

                    ->  Parallel Seq Scan on _hyper_1_15_chunk  (cost=0.00..4.99 rows=99 width=8) (actual time=0.243..0.297 rows=168 loops=1)

                          Buffers: shared read=4

              ->  Partial Aggregate  (cost=5.24..5.25 rows=1 width=32) (actual time=0.269..0.270 rows=1 loops=1)

                    Buffers: shared read=4

                    ->  Parallel Seq Scan on _hyper_1_16_chunk  (cost=0.00..4.99 rows=99 width=8) (actual time=0.186..0.242 rows=168 loops=1)

                          Buffers: shared read=4

              ->  Partial Aggregate  (cost=5.24..5.25 rows=1 width=32) (actual time=0.381..0.382 rows=1 loops=1)

                    Buffers: shared read=4

                    ->  Parallel Seq Scan on _hyper_1_17_chunk  (cost=0.00..4.99 rows=99 width=8) (actual time=0.298..0.354 rows=168 loops=1)

                          Buffers: shared read=4

              ->  Partial Aggregate  (cost=5.24..5.25 rows=1 width=32) (actual time=0.376..0.377 rows=1 loops=1)

                    Buffers: shared read=4

                    ->  Parallel Seq Scan on _hyper_1_18_chunk  (cost=0.00..4.99 rows=99 width=8) (actual time=0.289..0.349 rows=168 loops=1)

                          Buffers: shared read=4

              ->  Partial Aggregate  (cost=5.24..5.25 rows=1 width=32) (actual time=0.197..0.197 rows=1 loops=1)

                    Buffers: shared read=4

                    ->  Parallel Seq Scan on _hyper_1_19_chunk  (cost=0.00..4.99 rows=99 width=8) (actual time=0.114..0.170 rows=168 loops=1)

                          Buffers: shared read=4

              ->  Partial Aggregate  (cost=5.24..5.25 rows=1 width=32) (actual time=0.280..0.280 rows=1 loops=1)

                    Buffers: shared read=4

                    ->  Parallel Seq Scan on _hyper_1_20_chunk  (cost=0.00..4.99 rows=99 width=8) (actual time=0.197..0.253 rows=168 loops=1)

                          Buffers: shared read=4

              ->  Partial Aggregate  (cost=5.24..5.25 rows=1 width=32) (actual time=0.267..0.268 rows=1 loops=1)

                    Buffers: shared read=4

                    ->  Parallel Seq Scan on _hyper_1_21_chunk  (cost=0.00..4.99 rows=99 width=8) (actual time=0.183..0.241 rows=168 loops=1)

                          Buffers: shared read=4

              ->  Partial Aggregate  (cost=5.24..5.25 rows=1 width=32) (actual time=0.246..0.246 rows=1 loops=1)

                    Buffers: shared read=4

                    ->  Parallel Seq Scan on _hyper_1_22_chunk  (cost=0.00..4.99 rows=99 width=8) (actual time=0.171..0.221 rows=168 loops=1)

                          Buffers: shared read=4

              ->  Partial Aggregate  (cost=5.24..5.25 rows=1 width=32) (actual time=0.297..0.298 rows=1 loops=1)

                    Buffers: shared read=4

                    ->  Parallel Seq Scan on _hyper_1_23_chunk  (cost=0.00..4.99 rows=99 width=8) (actual time=0.222..0.273 rows=168 loops=1)

                          Buffers: shared read=4

              ->  Partial Aggregate  (cost=5.24..5.25 rows=1 width=32) (actual time=0.189..0.190 rows=1 loops=1)

                    Buffers: shared read=4

                    ->  Parallel Seq Scan on _hyper_1_24_chunk  (cost=0.00..4.99 rows=99 width=8) (actual time=0.114..0.165 rows=168 loops=1)

                          Buffers: shared read=4

              ->  Partial Aggregate  (cost=5.24..5.25 rows=1 width=32) (actual time=0.239..0.240 rows=1 loops=1)

                    Buffers: shared read=4

                    ->  Parallel Seq Scan on _hyper_1_25_chunk  (cost=0.00..4.99 rows=99 width=8) (actual time=0.165..0.215 rows=168 loops=1)

                          Buffers: shared read=4

              ->  Partial Aggregate  (cost=5.24..5.25 rows=1 width=32) (actual time=0.186..0.187 rows=1 loops=1)

                    Buffers: shared read=4

                    ->  Parallel Seq Scan on _hyper_1_26_chunk  (cost=0.00..4.99 rows=99 width=8) (actual time=0.113..0.161 rows=168 loops=1)

                          Buffers: shared read=4

              ->  Partial Aggregate  (cost=5.24..5.25 rows=1 width=32) (actual time=0.225..0.226 rows=1 loops=1)

                    Buffers: shared read=4

                    ->  Parallel Seq Scan on _hyper_1_27_chunk  (cost=0.00..4.99 rows=99 width=8) (actual time=0.145..0.201 rows=168 loops=1)

                          Buffers: shared read=4

              ->  Partial Aggregate  (cost=5.24..5.25 rows=1 width=32) (actual time=0.261..0.262 rows=1 loops=1)

                    Buffers: shared read=4

                    ->  Parallel Seq Scan on _hyper_1_28_chunk  (cost=0.00..4.99 rows=99 width=8) (actual time=0.184..0.237 rows=168 loops=1)

                          Buffers: shared read=4

              ->  Partial Aggregate  (cost=5.24..5.25 rows=1 width=32) (actual time=0.246..0.247 rows=1 loops=1)

                    Buffers: shared read=4

                    ->  Parallel Seq Scan on _hyper_1_29_chunk  (cost=0.00..4.99 rows=99 width=8) (actual time=0.172..0.222 rows=168 loops=1)

                          Buffers: shared read=4

              ->  Partial Aggregate  (cost=5.24..5.25 rows=1 width=32) (actual time=0.236..0.236 rows=1 loops=1)

                    Buffers: shared read=4

                    ->  Parallel Seq Scan on _hyper_1_30_chunk  (cost=0.00..4.99 rows=99 width=8) (actual time=0.166..0.213 rows=168 loops=1)

                          Buffers: shared read=4

              ->  Partial Aggregate  (cost=5.24..5.25 rows=1 width=32) (actual time=0.182..0.183 rows=1 loops=1)

                    Buffers: shared read=4

                    ->  Parallel Seq Scan on _hyper_1_31_chunk  (cost=0.00..4.99 rows=99 width=8) (actual time=0.113..0.160 rows=168 loops=1)

                          Buffers: shared read=4

              ->  Partial Aggregate  (cost=5.24..5.25 rows=1 width=32) (actual time=0.248..0.249 rows=1 loops=1)

                    Buffers: shared read=4

                    ->  Parallel Seq Scan on _hyper_1_32_chunk  (cost=0.00..4.99 rows=99 width=8) (actual time=0.178..0.226 rows=168 loops=1)

                          Buffers: shared read=4

              ->  Partial Aggregate  (cost=5.24..5.25 rows=1 width=32) (actual time=0.302..0.303 rows=1 loops=1)

                    Buffers: shared read=4

                    ->  Parallel Seq Scan on _hyper_1_34_chunk  (cost=0.00..4.99 rows=99 width=8) (actual time=0.234..0.279 rows=168 loops=1)

                          Buffers: shared read=4

              ->  Partial Aggregate  (cost=5.24..5.25 rows=1 width=32) (actual time=0.252..0.252 rows=1 loops=1)

                    Buffers: shared read=4

                    ->  Parallel Seq Scan on _hyper_1_35_chunk  (cost=0.00..4.99 rows=99 width=8) (actual time=0.182..0.229 rows=168 loops=1)

                          Buffers: shared read=4

              ->  Partial Aggregate  (cost=5.24..5.25 rows=1 width=32) (actual time=0.207..0.208 rows=1 loops=1)

                    Buffers: shared read=4

                    ->  Parallel Seq Scan on _hyper_1_36_chunk  (cost=0.00..4.99 rows=99 width=8) (actual time=0.139..0.185 rows=168 loops=1)

                          Buffers: shared read=4

              ->  Partial Aggregate  (cost=5.24..5.25 rows=1 width=32) (actual time=0.249..0.249 rows=1 loops=1)

                    Buffers: shared read=4

                    ->  Parallel Seq Scan on _hyper_1_37_chunk  (cost=0.00..4.99 rows=99 width=8) (actual time=0.180..0.226 rows=168 loops=1)

                          Buffers: shared read=4

              ->  Partial Aggregate  (cost=5.24..5.25 rows=1 width=32) (actual time=0.365..0.366 rows=1 loops=1)

                    Buffers: shared read=4

                    ->  Parallel Seq Scan on _hyper_1_38_chunk  (cost=0.00..4.99 rows=99 width=8) (actual time=0.295..0.343 rows=168 loops=1)

                          Buffers: shared read=4

              ->  Partial Aggregate  (cost=5.24..5.25 rows=1 width=32) (actual time=0.299..0.300 rows=1 loops=1)

                    Buffers: shared read=4

                    ->  Parallel Seq Scan on _hyper_1_39_chunk  (cost=0.00..4.99 rows=99 width=8) (actual time=0.230..0.276 rows=168 loops=1)

                          Buffers: shared read=4

              ->  Partial Aggregate  (cost=5.24..5.25 rows=1 width=32) (actual time=0.227..0.228 rows=1 loops=1)

                    Buffers: shared read=4

                    ->  Parallel Seq Scan on _hyper_1_40_chunk  (cost=0.00..4.99 rows=99 width=8) (actual time=0.158..0.205 rows=168 loops=1)

                          Buffers: shared read=4

              ->  Partial Aggregate  (cost=5.24..5.25 rows=1 width=32) (actual time=0.265..0.266 rows=1 loops=1)

                    Buffers: shared read=4

                    ->  Parallel Seq Scan on _hyper_1_41_chunk  (cost=0.00..4.99 rows=99 width=8) (actual time=0.197..0.243 rows=168 loops=1)

                          Buffers: shared read=4

              ->  Partial Aggregate  (cost=5.24..5.25 rows=1 width=32) (actual time=0.243..0.244 rows=1 loops=1)

                    Buffers: shared read=4

                    ->  Parallel Seq Scan on _hyper_1_42_chunk  (cost=0.00..4.99 rows=99 width=8) (actual time=0.174..0.220 rows=168 loops=1)

                          Buffers: shared read=4

              ->  Partial Aggregate  (cost=5.24..5.25 rows=1 width=32) (actual time=0.248..0.249 rows=1 loops=1)

                    Buffers: shared read=4

                    ->  Parallel Seq Scan on _hyper_1_43_chunk  (cost=0.00..4.99 rows=99 width=8) (actual time=0.176..0.226 rows=168 loops=1)

                          Buffers: shared read=4

              ->  Partial Aggregate  (cost=5.24..5.25 rows=1 width=32) (actual time=0.171..0.172 rows=1 loops=1)

                    Buffers: shared read=4

                    ->  Parallel Seq Scan on _hyper_1_44_chunk  (cost=0.00..4.99 rows=99 width=8) (actual time=0.100..0.149 rows=168 loops=1)

                          Buffers: shared read=4

              ->  Partial Aggregate  (cost=5.24..5.25 rows=1 width=32) (actual time=0.231..0.232 rows=1 loops=1)

                    Buffers: shared read=4

                    ->  Parallel Seq Scan on _hyper_1_45_chunk  (cost=0.00..4.99 rows=99 width=8) (actual time=0.163..0.209 rows=168 loops=1)

                          Buffers: shared read=4

              ->  Partial Aggregate  (cost=5.24..5.25 rows=1 width=32) (actual time=0.280..0.281 rows=1 loops=1)

                    Buffers: shared read=4

                    ->  Parallel Seq Scan on _hyper_1_46_chunk  (cost=0.00..4.99 rows=99 width=8) (actual time=0.210..0.258 rows=168 loops=1)

                          Buffers: shared read=4

              ->  Partial Aggregate  (cost=5.24..5.25 rows=1 width=32) (actual time=0.219..0.220 rows=1 loops=1)

                    Buffers: shared read=4

                    ->  Parallel Seq Scan on _hyper_1_47_chunk  (cost=0.00..4.99 rows=99 width=8) (actual time=0.150..0.197 rows=168 loops=1)

                          Buffers: shared read=4

              ->  Partial Aggregate  (cost=5.24..5.25 rows=1 width=32) (actual time=0.233..0.234 rows=1 loops=1)

                    Buffers: shared read=4

                    ->  Parallel Seq Scan on _hyper_1_48_chunk  (cost=0.00..4.99 rows=99 width=8) (actual time=0.164..0.210 rows=168 loops=1)

                          Buffers: shared read=4

              ->  Partial Aggregate  (cost=5.24..5.25 rows=1 width=32) (actual time=0.219..0.220 rows=1 loops=1)

                    Buffers: shared read=4

                    ->  Parallel Seq Scan on _hyper_1_49_chunk  (cost=0.00..4.99 rows=99 width=8) (actual time=0.149..0.196 rows=168 loops=1)

                          Buffers: shared read=4

              ->  Partial Aggregate  (cost=5.24..5.25 rows=1 width=32) (actual time=0.220..0.221 rows=1 loops=1)

                    Buffers: shared read=4

                    ->  Parallel Seq Scan on _hyper_1_50_chunk  (cost=0.00..4.99 rows=99 width=8) (actual time=0.150..0.198 rows=168 loops=1)

                          Buffers: shared read=4

              ->  Partial Aggregate  (cost=5.24..5.25 rows=1 width=32) (actual time=0.339..0.340 rows=1 loops=1)

                    Buffers: shared read=4

                    ->  Parallel Seq Scan on _hyper_1_51_chunk  (cost=0.00..4.99 rows=99 width=8) (actual time=0.263..0.317 rows=168 loops=1)

                          Buffers: shared read=4

              ->  Partial Aggregate  (cost=5.24..5.25 rows=1 width=32) (actual time=0.296..0.297 rows=1 loops=1)

                    Buffers: shared read=4

                    ->  Parallel Seq Scan on _hyper_1_52_chunk  (cost=0.00..4.99 rows=99 width=8) (actual time=0.217..0.274 rows=168 loops=1)

                          Buffers: shared read=4

              ->  Partial Aggregate  (cost=5.24..5.25 rows=1 width=32) (actual time=0.248..0.249 rows=1 loops=1)

                    Buffers: shared read=4

                    ->  Parallel Seq Scan on _hyper_1_53_chunk  (cost=0.00..4.99 rows=99 width=8) (actual time=0.179..0.225 rows=168 loops=1)

                          Buffers: shared read=4

              ->  Partial Aggregate  (cost=5.24..5.25 rows=1 width=32) (actual time=0.363..0.364 rows=1 loops=1)

                    Buffers: shared read=4

                    ->  Parallel Seq Scan on _hyper_1_54_chunk  (cost=0.00..4.99 rows=99 width=8) (actual time=0.294..0.341 rows=168 loops=1)

                          Buffers: shared read=4

              ->  Partial Aggregate  (cost=5.24..5.25 rows=1 width=32) (actual time=0.350..0.351 rows=1 loops=1)

                    Buffers: shared read=4

                    ->  Parallel Seq Scan on _hyper_1_55_chunk  (cost=0.00..4.99 rows=99 width=8) (actual time=0.281..0.328 rows=168 loops=1)

                          Buffers: shared read=4

              ->  Partial Aggregate  (cost=5.24..5.25 rows=1 width=32) (actual time=0.245..0.245 rows=1 loops=1)

                    Buffers: shared read=4

                    ->  Parallel Seq Scan on _hyper_1_56_chunk  (cost=0.00..4.99 rows=99 width=8) (actual time=0.174..0.222 rows=168 loops=1)

                          Buffers: shared read=4

              ->  Partial Aggregate  (cost=5.24..5.25 rows=1 width=32) (actual time=0.240..0.241 rows=1 loops=1)

                    Buffers: shared read=4

                    ->  Parallel Seq Scan on _hyper_1_57_chunk  (cost=0.00..4.99 rows=99 width=8) (actual time=0.170..0.217 rows=168 loops=1)

                          Buffers: shared read=4

              ->  Partial Aggregate  (cost=5.24..5.25 rows=1 width=32) (actual time=0.204..0.205 rows=1 loops=1)

                    Buffers: shared read=4

                    ->  Parallel Seq Scan on _hyper_1_58_chunk  (cost=0.00..4.99 rows=99 width=8) (actual time=0.135..0.181 rows=168 loops=1)

                          Buffers: shared read=4

              ->  Partial Aggregate  (cost=5.24..5.25 rows=1 width=32) (actual time=0.250..0.251 rows=1 loops=1)

                    Buffers: shared read=4

                    ->  Parallel Seq Scan on _hyper_1_59_chunk  (cost=0.00..4.99 rows=99 width=8) (actual time=0.175..0.224 rows=168 loops=1)

                          Buffers: shared read=4

              ->  Partial Aggregate  (cost=5.24..5.25 rows=1 width=32) (actual time=0.225..0.226 rows=1 loops=1)

                    Buffers: shared read=4

                    ->  Parallel Seq Scan on _hyper_1_60_chunk  (cost=0.00..4.99 rows=99 width=8) (actual time=0.151..0.203 rows=168 loops=1)

                          Buffers: shared read=4

              ->  Partial Aggregate  (cost=5.24..5.25 rows=1 width=32) (actual time=0.248..0.250 rows=1 loops=1)

                    Buffers: shared read=4

                    ->  Parallel Seq Scan on _hyper_1_61_chunk  (cost=0.00..4.99 rows=99 width=8) (actual time=0.179..0.225 rows=168 loops=1)

                          Buffers: shared read=4

              ->  Partial Aggregate  (cost=5.24..5.25 rows=1 width=32) (actual time=0.344..0.345 rows=1 loops=1)

                    Buffers: shared read=4

                    ->  Parallel Seq Scan on _hyper_1_62_chunk  (cost=0.00..4.99 rows=99 width=8) (actual time=0.275..0.322 rows=168 loops=1)

                          Buffers: shared read=4

              ->  Partial Aggregate  (cost=5.24..5.25 rows=1 width=32) (actual time=0.259..0.260 rows=1 loops=1)

                    Buffers: shared read=4

                    ->  Parallel Seq Scan on _hyper_1_63_chunk  (cost=0.00..4.99 rows=99 width=8) (actual time=0.189..0.237 rows=168 loops=1)

                          Buffers: shared read=4

              ->  Partial Aggregate  (cost=5.24..5.25 rows=1 width=32) (actual time=0.243..0.244 rows=1 loops=1)

                    Buffers: shared read=4

                    ->  Parallel Seq Scan on _hyper_1_64_chunk  (cost=0.00..4.99 rows=99 width=8) (actual time=0.173..0.220 rows=168 loops=1)

                          Buffers: shared read=4

              ->  Partial Aggregate  (cost=5.24..5.25 rows=1 width=32) (actual time=0.295..0.295 rows=1 loops=1)

                    Buffers: shared read=4

                    ->  Parallel Seq Scan on _hyper_1_65_chunk  (cost=0.00..4.99 rows=99 width=8) (actual time=0.225..0.272 rows=168 loops=1)

                          Buffers: shared read=4

              ->  Partial Aggregate  (cost=5.24..5.25 rows=1 width=32) (actual time=0.254..0.255 rows=1 loops=1)

                    Buffers: shared read=4

                    ->  Parallel Seq Scan on _hyper_1_67_chunk  (cost=0.00..4.99 rows=99 width=8) (actual time=0.186..0.232 rows=168 loops=1)

                          Buffers: shared read=4

              ->  Partial Aggregate  (cost=5.24..5.25 rows=1 width=32) (actual time=0.193..0.194 rows=1 loops=1)

                    Buffers: shared read=4

                    ->  Parallel Seq Scan on _hyper_1_68_chunk  (cost=0.00..4.99 rows=99 width=8) (actual time=0.117..0.170 rows=168 loops=1)

                          Buffers: shared read=4

              ->  Partial Aggregate  (cost=5.24..5.25 rows=1 width=32) (actual time=0.312..0.313 rows=1 loops=1)

                    Buffers: shared read=4

                    ->  Parallel Seq Scan on _hyper_1_69_chunk  (cost=0.00..4.99 rows=99 width=8) (actual time=0.242..0.289 rows=168 loops=1)

                          Buffers: shared read=4

              ->  Partial Aggregate  (cost=5.24..5.25 rows=1 width=32) (actual time=0.205..0.206 rows=1 loops=1)

                    Buffers: shared read=4

                    ->  Parallel Seq Scan on _hyper_1_70_chunk  (cost=0.00..4.99 rows=99 width=8) (actual time=0.136..0.182 rows=168 loops=1)

                          Buffers: shared read=4

              ->  Partial Aggregate  (cost=5.24..5.25 rows=1 width=32) (actual time=0.211..0.212 rows=1 loops=1)

                    Buffers: shared read=4

                    ->  Parallel Seq Scan on _hyper_1_71_chunk  (cost=0.00..4.99 rows=99 width=8) (actual time=0.136..0.187 rows=168 loops=1)

                          Buffers: shared read=4

              ->  Partial Aggregate  (cost=5.24..5.25 rows=1 width=32) (actual time=0.200..0.200 rows=1 loops=1)

                    Buffers: shared read=4

                    ->  Parallel Seq Scan on _hyper_1_72_chunk  (cost=0.00..4.99 rows=99 width=8) (actual time=0.126..0.176 rows=168 loops=1)

                          Buffers: shared read=4

              ->  Partial Aggregate  (cost=5.24..5.25 rows=1 width=32) (actual time=0.257..0.257 rows=1 loops=1)

                    Buffers: shared read=4

                    ->  Parallel Seq Scan on _hyper_1_73_chunk  (cost=0.00..4.99 rows=99 width=8) (actual time=0.181..0.232 rows=168 loops=1)

                          Buffers: shared read=4

              ->  Partial Aggregate  (cost=5.24..5.25 rows=1 width=32) (actual time=0.258..0.259 rows=1 loops=1)

                    Buffers: shared read=4

                    ->  Parallel Seq Scan on _hyper_1_74_chunk  (cost=0.00..4.99 rows=99 width=8) (actual time=0.183..0.234 rows=168 loops=1)

                          Buffers: shared read=4

              ->  Partial Aggregate  (cost=5.24..5.25 rows=1 width=32) (actual time=0.314..0.315 rows=1 loops=1)

                    Buffers: shared read=4

                    ->  Parallel Seq Scan on _hyper_1_75_chunk  (cost=0.00..4.99 rows=99 width=8) (actual time=0.237..0.287 rows=168 loops=1)

                          Buffers: shared read=4

              ->  Partial Aggregate  (cost=5.24..5.25 rows=1 width=32) (actual time=0.320..0.321 rows=1 loops=1)

                    Buffers: shared read=4

                    ->  Parallel Seq Scan on _hyper_1_76_chunk  (cost=0.00..4.99 rows=99 width=8) (actual time=0.231..0.287 rows=168 loops=1)

                          Buffers: shared read=4

              ->  Partial Aggregate  (cost=5.24..5.25 rows=1 width=32) (actual time=0.265..0.266 rows=1 loops=1)

                    Buffers: shared read=4

                    ->  Parallel Seq Scan on _hyper_1_78_chunk  (cost=0.00..4.99 rows=99 width=8) (actual time=0.189..0.240 rows=168 loops=1)

                          Buffers: shared read=4

              ->  Partial Aggregate  (cost=5.24..5.25 rows=1 width=32) (actual time=0.322..0.322 rows=1 loops=1)

                    Buffers: shared read=4

                    ->  Parallel Seq Scan on _hyper_1_79_chunk  (cost=0.00..4.99 rows=99 width=8) (actual time=0.245..0.296 rows=168 loops=1)

                          Buffers: shared read=4

              ->  Partial Aggregate  (cost=5.24..5.25 rows=1 width=32) (actual time=0.240..0.241 rows=1 loops=1)

                    Buffers: shared read=4

                    ->  Parallel Seq Scan on _hyper_1_80_chunk  (cost=0.00..4.99 rows=99 width=8) (actual time=0.166..0.216 rows=168 loops=1)

                          Buffers: shared read=4

              ->  Partial Aggregate  (cost=5.24..5.25 rows=1 width=32) (actual time=0.255..0.256 rows=1 loops=1)

                    Buffers: shared read=4

                    ->  Parallel Seq Scan on _hyper_1_81_chunk  (cost=0.00..4.99 rows=99 width=8) (actual time=0.180..0.231 rows=168 loops=1)

                          Buffers: shared read=4

              ->  Partial Aggregate  (cost=5.24..5.25 rows=1 width=32) (actual time=0.255..0.256 rows=1 loops=1)

                    Buffers: shared read=4

                    ->  Parallel Seq Scan on _hyper_1_83_chunk  (cost=0.00..4.99 rows=99 width=8) (actual time=0.179..0.230 rows=168 loops=1)

                          Buffers: shared read=4

              ->  Partial Aggregate  (cost=5.24..5.25 rows=1 width=32) (actual time=0.189..0.190 rows=1 loops=1)

                    Buffers: shared read=4

                    ->  Parallel Seq Scan on _hyper_1_84_chunk  (cost=0.00..4.99 rows=99 width=8) (actual time=0.114..0.165 rows=168 loops=1)

                          Buffers: shared read=4

              ->  Partial Aggregate  (cost=5.24..5.25 rows=1 width=32) (actual time=0.313..0.314 rows=1 loops=1)

                    Buffers: shared read=4

                    ->  Parallel Seq Scan on _hyper_1_85_chunk  (cost=0.00..4.99 rows=99 width=8) (actual time=0.238..0.289 rows=168 loops=1)

                          Buffers: shared read=4

              ->  Partial Aggregate  (cost=5.24..5.25 rows=1 width=32) (actual time=0.316..0.317 rows=1 loops=1)

                    Buffers: shared read=4

                    ->  Parallel Seq Scan on _hyper_1_86_chunk  (cost=0.00..4.99 rows=99 width=8) (actual time=0.241..0.291 rows=168 loops=1)

                          Buffers: shared read=4

              ->  Partial Aggregate  (cost=5.24..5.25 rows=1 width=32) (actual time=0.275..0.276 rows=1 loops=1)

                    Buffers: shared read=4

                    ->  Parallel Seq Scan on _hyper_1_87_chunk  (cost=0.00..4.99 rows=99 width=8) (actual time=0.199..0.251 rows=168 loops=1)

                          Buffers: shared read=4

              ->  Partial Aggregate  (cost=5.24..5.25 rows=1 width=32) (actual time=0.240..0.241 rows=1 loops=1)

                    Buffers: shared read=4

                    ->  Parallel Seq Scan on _hyper_1_88_chunk  (cost=0.00..4.99 rows=99 width=8) (actual time=0.162..0.217 rows=168 loops=1)

                          Buffers: shared read=4

              ->  Partial Aggregate  (cost=5.24..5.25 rows=1 width=32) (actual time=0.233..0.234 rows=1 loops=1)

                    Buffers: shared read=4

                    ->  Parallel Seq Scan on _hyper_1_89_chunk  (cost=0.00..4.99 rows=99 width=8) (actual time=0.161..0.211 rows=168 loops=1)

                          Buffers: shared read=4

              ->  Partial Aggregate  (cost=5.24..5.25 rows=1 width=32) (actual time=0.395..0.396 rows=1 loops=1)

                    Buffers: shared read=4

                    ->  Parallel Seq Scan on _hyper_1_90_chunk  (cost=0.00..4.99 rows=99 width=8) (actual time=0.309..0.373 rows=168 loops=1)

                          Buffers: shared read=4

              ->  Partial Aggregate  (cost=5.24..5.25 rows=1 width=32) (actual time=0.240..0.241 rows=1 loops=1)

                    Buffers: shared read=4

                    ->  Parallel Seq Scan on _hyper_1_91_chunk  (cost=0.00..4.99 rows=99 width=8) (actual time=0.171..0.217 rows=168 loops=1)

                          Buffers: shared read=4

              ->  Partial Aggregate  (cost=5.24..5.25 rows=1 width=32) (actual time=0.268..0.269 rows=1 loops=1)

                    Buffers: shared read=4

                    ->  Parallel Seq Scan on _hyper_1_93_chunk  (cost=0.00..4.99 rows=99 width=8) (actual time=0.194..0.242 rows=168 loops=1)

                          Buffers: shared read=4

              ->  Partial Aggregate  (cost=5.24..5.25 rows=1 width=32) (actual time=0.286..0.287 rows=1 loops=1)

                    Buffers: shared read=4

                    ->  Parallel Seq Scan on _hyper_1_94_chunk  (cost=0.00..4.99 rows=99 width=8) (actual time=0.218..0.264 rows=168 loops=1)

                          Buffers: shared read=4

              ->  Partial Aggregate  (cost=5.24..5.25 rows=1 width=32) (actual time=0.233..0.234 rows=1 loops=1)

                    Buffers: shared read=4

                    ->  Parallel Seq Scan on _hyper_1_95_chunk  (cost=0.00..4.99 rows=99 width=8) (actual time=0.165..0.210 rows=168 loops=1)

                          Buffers: shared read=4

              ->  Partial Aggregate  (cost=5.24..5.25 rows=1 width=32) (actual time=0.340..0.341 rows=1 loops=1)

                    Buffers: shared read=4

                    ->  Parallel Seq Scan on _hyper_1_96_chunk  (cost=0.00..4.99 rows=99 width=8) (actual time=0.264..0.316 rows=168 loops=1)

                          Buffers: shared read=4

              ->  Partial Aggregate  (cost=5.24..5.25 rows=1 width=32) (actual time=0.304..0.305 rows=1 loops=1)

                    Buffers: shared read=4

                    ->  Parallel Seq Scan on _hyper_1_97_chunk  (cost=0.00..4.99 rows=99 width=8) (actual time=0.227..0.280 rows=168 loops=1)

                          Buffers: shared read=4

              ->  Partial Aggregate  (cost=5.24..5.25 rows=1 width=32) (actual time=0.254..0.255 rows=1 loops=1)

                    Buffers: shared read=4

                    ->  Parallel Seq Scan on _hyper_1_98_chunk  (cost=0.00..4.99 rows=99 width=8) (actual time=0.180..0.230 rows=168 loops=1)

                          Buffers: shared read=4

              ->  Partial Aggregate  (cost=5.24..5.25 rows=1 width=32) (actual time=0.261..0.262 rows=1 loops=1)

                    Buffers: shared read=4

                    ->  Parallel Seq Scan on _hyper_1_99_chunk  (cost=0.00..4.99 rows=99 width=8) (actual time=0.185..0.236 rows=168 loops=1)

                          Buffers: shared read=4

              ->  Partial Aggregate  (cost=5.24..5.25 rows=1 width=32) (actual time=0.310..0.310 rows=1 loops=1)

                    Buffers: shared read=4

                    ->  Parallel Seq Scan on _hyper_1_100_chunk  (cost=0.00..4.99 rows=99 width=8) (actual time=0.228..0.285 rows=168 loops=1)

                          Buffers: shared read=4

              ->  Partial Aggregate  (cost=5.24..5.25 rows=1 width=32) (actual time=0.296..0.297 rows=1 loops=1)

                    Buffers: shared read=4

                    ->  Parallel Seq Scan on _hyper_1_101_chunk  (cost=0.00..4.99 rows=99 width=8) (actual time=0.220..0.271 rows=168 loops=1)

                          Buffers: shared read=4

              ->  Partial Aggregate  (cost=5.24..5.25 rows=1 width=32) (actual time=0.247..0.248 rows=1 loops=1)

                    Buffers: shared read=4

                    ->  Parallel Seq Scan on _hyper_1_102_chunk  (cost=0.00..4.99 rows=99 width=8) (actual time=0.175..0.223 rows=168 loops=1)

                          Buffers: shared read=4

              ->  Partial Aggregate  (cost=5.24..5.25 rows=1 width=32) (actual time=0.250..0.251 rows=1 loops=1)

                    Buffers: shared read=4

                    ->  Parallel Seq Scan on _hyper_1_104_chunk  (cost=0.00..4.99 rows=99 width=8) (actual time=0.176..0.226 rows=168 loops=1)

                          Buffers: shared read=4

              ->  Partial Aggregate  (cost=5.24..5.25 rows=1 width=32) (actual time=0.304..0.304 rows=1 loops=1)

                    Buffers: shared read=4

                    ->  Parallel Seq Scan on _hyper_1_105_chunk  (cost=0.00..4.99 rows=99 width=8) (actual time=0.228..0.279 rows=168 loops=1)

                          Buffers: shared read=4

              ->  Partial Aggregate  (cost=5.24..5.25 rows=1 width=32) (actual time=0.309..0.310 rows=1 loops=1)

                    Buffers: shared read=4

                    ->  Parallel Seq Scan on _hyper_1_106_chunk  (cost=0.00..4.99 rows=99 width=8) (actual time=0.236..0.285 rows=168 loops=1)

                          Buffers: shared read=4

              ->  Partial Aggregate  (cost=5.24..5.25 rows=1 width=32) (actual time=0.247..0.248 rows=1 loops=1)

                    Buffers: shared read=4

                    ->  Parallel Seq Scan on _hyper_1_107_chunk  (cost=0.00..4.99 rows=99 width=8) (actual time=0.173..0.223 rows=168 loops=1)

                          Buffers: shared read=4

              ->  Partial Aggregate  (cost=5.24..5.25 rows=1 width=32) (actual time=0.327..0.328 rows=1 loops=1)

                    Buffers: shared read=4

                    ->  Parallel Seq Scan on _hyper_1_108_chunk  (cost=0.00..4.99 rows=99 width=8) (actual time=0.241..0.301 rows=168 loops=1)

                          Buffers: shared read=4

              ->  Partial Aggregate  (cost=5.24..5.25 rows=1 width=32) (actual time=0.306..0.307 rows=1 loops=1)

                    Buffers: shared read=4

                    ->  Parallel Seq Scan on _hyper_1_109_chunk  (cost=0.00..4.99 rows=99 width=8) (actual time=0.231..0.282 rows=168 loops=1)

                          Buffers: shared read=4

              ->  Partial Aggregate  (cost=5.24..5.25 rows=1 width=32) (actual time=0.199..0.200 rows=1 loops=1)

                    Buffers: shared read=4

                    ->  Parallel Seq Scan on _hyper_1_110_chunk  (cost=0.00..4.99 rows=99 width=8) (actual time=0.125..0.175 rows=168 loops=1)

                          Buffers: shared read=4

              ->  Partial Aggregate  (cost=5.24..5.25 rows=1 width=32) (actual time=0.271..0.272 rows=1 loops=1)

                    Buffers: shared read=4

                    ->  Parallel Seq Scan on _hyper_1_111_chunk  (cost=0.00..4.99 rows=99 width=8) (actual time=0.196..0.247 rows=168 loops=1)

                          Buffers: shared read=4

              ->  Partial Aggregate  (cost=5.24..5.25 rows=1 width=32) (actual time=0.234..0.235 rows=1 loops=1)

                    Buffers: shared read=4

                    ->  Parallel Seq Scan on _hyper_1_112_chunk  (cost=0.00..4.99 rows=99 width=8) (actual time=0.160..0.210 rows=168 loops=1)

                          Buffers: shared read=4

              ->  Partial Aggregate  (cost=5.24..5.25 rows=1 width=32) (actual time=0.299..0.300 rows=1 loops=1)

                    Buffers: shared read=4

                    ->  Parallel Seq Scan on _hyper_1_113_chunk  (cost=0.00..4.99 rows=99 width=8) (actual time=0.226..0.275 rows=168 loops=1)

                          Buffers: shared read=4

              ->  Partial Aggregate  (cost=5.24..5.25 rows=1 width=32) (actual time=0.410..0.411 rows=1 loops=1)

                    Buffers: shared read=4

                    ->  Parallel Seq Scan on _hyper_1_115_chunk  (cost=0.00..4.99 rows=99 width=8) (actual time=0.334..0.385 rows=168 loops=1)

                          Buffers: shared read=4

              ->  Partial Aggregate  (cost=5.24..5.25 rows=1 width=32) (actual time=0.272..0.272 rows=1 loops=1)

                    Buffers: shared read=4

                    ->  Parallel Seq Scan on _hyper_1_116_chunk  (cost=0.00..4.99 rows=99 width=8) (actual time=0.197..0.248 rows=168 loops=1)

                          Buffers: shared read=4

              ->  Partial Aggregate  (cost=5.24..5.25 rows=1 width=32) (actual time=0.240..0.241 rows=1 loops=1)

                    Buffers: shared read=4

                    ->  Parallel Seq Scan on _hyper_1_117_chunk  (cost=0.00..4.99 rows=99 width=8) (actual time=0.164..0.216 rows=168 loops=1)

                          Buffers: shared read=4

              ->  Partial Aggregate  (cost=5.24..5.25 rows=1 width=32) (actual time=0.289..0.290 rows=1 loops=1)

                    Buffers: shared read=4

                    ->  Parallel Seq Scan on _hyper_1_118_chunk  (cost=0.00..4.99 rows=99 width=8) (actual time=0.214..0.265 rows=168 loops=1)

                          Buffers: shared read=4

              ->  Partial Aggregate  (cost=5.24..5.25 rows=1 width=32) (actual time=0.358..0.358 rows=1 loops=1)

                    Buffers: shared read=4

                    ->  Parallel Seq Scan on _hyper_1_119_chunk  (cost=0.00..4.99 rows=99 width=8) (actual time=0.284..0.333 rows=168 loops=1)

                          Buffers: shared read=4

              ->  Partial Aggregate  (cost=5.24..5.25 rows=1 width=32) (actual time=0.337..0.338 rows=1 loops=1)

                    Buffers: shared read=4

                    ->  Parallel Seq Scan on _hyper_1_120_chunk  (cost=0.00..4.99 rows=99 width=8) (actual time=0.262..0.313 rows=168 loops=1)

                          Buffers: shared read=4

              ->  Partial Aggregate  (cost=5.24..5.25 rows=1 width=32) (actual time=0.240..0.241 rows=1 loops=1)

                    Buffers: shared read=4

                    ->  Parallel Seq Scan on _hyper_1_121_chunk  (cost=0.00..4.99 rows=99 width=8) (actual time=0.167..0.217 rows=168 loops=1)

                          Buffers: shared read=4

              ->  Partial Aggregate  (cost=5.24..5.25 rows=1 width=32) (actual time=0.238..0.238 rows=1 loops=1)

                    Buffers: shared read=4

                    ->  Parallel Seq Scan on _hyper_1_122_chunk  (cost=0.00..4.99 rows=99 width=8) (actual time=0.163..0.213 rows=168 loops=1)

                          Buffers: shared read=4

              ->  Partial Aggregate  (cost=5.24..5.25 rows=1 width=32) (actual time=0.227..0.228 rows=1 loops=1)

                    Buffers: shared read=4

                    ->  Parallel Seq Scan on _hyper_1_123_chunk  (cost=0.00..4.99 rows=99 width=8) (actual time=0.152..0.202 rows=168 loops=1)

                          Buffers: shared read=4

              ->  Partial Aggregate  (cost=5.24..5.25 rows=1 width=32) (actual time=0.278..0.279 rows=1 loops=1)

                    Buffers: shared read=4

                    ->  Parallel Seq Scan on _hyper_1_124_chunk  (cost=0.00..4.99 rows=99 width=8) (actual time=0.204..0.254 rows=168 loops=1)

                          Buffers: shared read=4

              ->  Partial Aggregate  (cost=5.24..5.25 rows=1 width=32) (actual time=0.279..0.280 rows=1 loops=1)

                    Buffers: shared read=4

                    ->  Parallel Seq Scan on _hyper_1_125_chunk  (cost=0.00..4.99 rows=99 width=8) (actual time=0.203..0.254 rows=168 loops=1)

                          Buffers: shared read=4

              ->  Partial Aggregate  (cost=5.24..5.25 rows=1 width=32) (actual time=0.305..0.306 rows=1 loops=1)

                    Buffers: shared read=4

                    ->  Parallel Seq Scan on _hyper_1_126_chunk  (cost=0.00..4.99 rows=99 width=8) (actual time=0.223..0.278 rows=168 loops=1)

                          Buffers: shared read=4

              ->  Partial Aggregate  (cost=5.24..5.25 rows=1 width=32) (actual time=0.225..0.226 rows=1 loops=1)

                    Buffers: shared read=4

                    ->  Parallel Seq Scan on _hyper_1_127_chunk  (cost=0.00..4.99 rows=99 width=8) (actual time=0.143..0.199 rows=168 loops=1)

                          Buffers: shared read=4

              ->  Partial Aggregate  (cost=5.24..5.25 rows=1 width=32) (actual time=0.359..0.359 rows=1 loops=1)

                    Buffers: shared read=4

                    ->  Parallel Seq Scan on _hyper_1_128_chunk  (cost=0.00..4.99 rows=99 width=8) (actual time=0.277..0.332 rows=168 loops=1)

                          Buffers: shared read=4

              ->  Partial Aggregate  (cost=5.24..5.25 rows=1 width=32) (actual time=0.584..0.584 rows=1 loops=1)

                    Buffers: shared read=4

                    ->  Parallel Seq Scan on _hyper_1_129_chunk  (cost=0.00..4.99 rows=99 width=8) (actual time=0.496..0.557 rows=168 loops=1)

                          Buffers: shared read=4

              ->  Partial Aggregate  (cost=5.24..5.25 rows=1 width=32) (actual time=0.298..0.299 rows=1 loops=1)

                    Buffers: shared read=4

                    ->  Parallel Seq Scan on _hyper_1_130_chunk  (cost=0.00..4.99 rows=99 width=8) (actual time=0.217..0.271 rows=168 loops=1)

                          Buffers: shared read=4

              ->  Partial Aggregate  (cost=5.24..5.25 rows=1 width=32) (actual time=0.380..0.380 rows=1 loops=1)

                    Buffers: shared read=4

                    ->  Parallel Seq Scan on _hyper_1_131_chunk  (cost=0.00..4.99 rows=99 width=8) (actual time=0.296..0.353 rows=168 loops=1)

                          Buffers: shared read=4

              ->  Partial Aggregate  (cost=5.24..5.25 rows=1 width=32) (actual time=0.478..0.479 rows=1 loops=1)

                    Buffers: shared read=4

                    ->  Parallel Seq Scan on _hyper_1_132_chunk  (cost=0.00..4.99 rows=99 width=8) (actual time=0.396..0.452 rows=168 loops=1)

                          Buffers: shared read=4

              ->  Partial Aggregate  (cost=5.24..5.25 rows=1 width=32) (actual time=0.248..0.249 rows=1 loops=1)

                    Buffers: shared read=4

                    ->  Parallel Seq Scan on _hyper_1_133_chunk  (cost=0.00..4.99 rows=99 width=8) (actual time=0.168..0.221 rows=168 loops=1)

                          Buffers: shared read=4

              ->  Partial Aggregate  (cost=5.24..5.25 rows=1 width=32) (actual time=0.264..0.265 rows=1 loops=1)

                    Buffers: shared read=4

                    ->  Parallel Seq Scan on _hyper_1_134_chunk  (cost=0.00..4.99 rows=99 width=8) (actual time=0.184..0.238 rows=168 loops=1)

                          Buffers: shared read=4

              ->  Partial Aggregate  (cost=5.24..5.25 rows=1 width=32) (actual time=0.265..0.266 rows=1 loops=1)

                    Buffers: shared read=4

                    ->  Parallel Seq Scan on _hyper_1_135_chunk  (cost=0.00..4.99 rows=99 width=8) (actual time=0.182..0.238 rows=168 loops=1)

                          Buffers: shared read=4

              ->  Partial Aggregate  (cost=5.24..5.25 rows=1 width=32) (actual time=0.273..0.274 rows=1 loops=1)

                    Buffers: shared read=4

                    ->  Parallel Seq Scan on _hyper_1_136_chunk  (cost=0.00..4.99 rows=99 width=8) (actual time=0.191..0.247 rows=168 loops=1)

                          Buffers: shared read=4

              ->  Partial Aggregate  (cost=5.24..5.25 rows=1 width=32) (actual time=0.223..0.223 rows=1 loops=1)

                    Buffers: shared read=4

                    ->  Parallel Seq Scan on _hyper_1_137_chunk  (cost=0.00..4.99 rows=99 width=8) (actual time=0.141..0.196 rows=168 loops=1)

                          Buffers: shared read=4

              ->  Partial Aggregate  (cost=5.24..5.25 rows=1 width=32) (actual time=0.359..0.360 rows=1 loops=1)

                    Buffers: shared read=4

                    ->  Parallel Seq Scan on _hyper_1_138_chunk  (cost=0.00..4.99 rows=99 width=8) (actual time=0.266..0.330 rows=168 loops=1)

                          Buffers: shared read=4

              ->  Partial Aggregate  (cost=5.24..5.25 rows=1 width=32) (actual time=0.560..0.561 rows=1 loops=1)

                    Buffers: shared read=4

                    ->  Parallel Seq Scan on _hyper_1_139_chunk  (cost=0.00..4.99 rows=99 width=8) (actual time=0.469..0.531 rows=168 loops=1)

                          Buffers: shared read=4

              ->  Partial Aggregate  (cost=5.24..5.25 rows=1 width=32) (actual time=0.302..0.303 rows=1 loops=1)

                    Buffers: shared read=4

                    ->  Parallel Seq Scan on _hyper_1_140_chunk  (cost=0.00..4.99 rows=99 width=8) (actual time=0.212..0.273 rows=168 loops=1)

                          Buffers: shared read=4

              ->  Partial Aggregate  (cost=5.24..5.25 rows=1 width=32) (actual time=0.261..0.261 rows=1 loops=1)

                    Buffers: shared read=4

                    ->  Parallel Seq Scan on _hyper_1_141_chunk  (cost=0.00..4.99 rows=99 width=8) (actual time=0.170..0.231 rows=168 loops=1)

                          Buffers: shared read=4

              ->  Partial Aggregate  (cost=5.24..5.25 rows=1 width=32) (actual time=0.347..0.348 rows=1 loops=1)

                    Buffers: shared read=4

                    ->  Parallel Seq Scan on _hyper_1_142_chunk  (cost=0.00..4.99 rows=99 width=8) (actual time=0.248..0.307 rows=168 loops=1)

                          Buffers: shared read=4

              ->  Partial Aggregate  (cost=5.24..5.25 rows=1 width=32) (actual time=0.379..0.380 rows=1 loops=1)

                    Buffers: shared read=4

                    ->  Parallel Seq Scan on _hyper_1_143_chunk  (cost=0.00..4.99 rows=99 width=8) (actual time=0.297..0.353 rows=168 loops=1)

                          Buffers: shared read=4

              ->  Partial Aggregate  (cost=5.24..5.25 rows=1 width=32) (actual time=0.471..0.472 rows=1 loops=1)

                    Buffers: shared read=4

                    ->  Parallel Seq Scan on _hyper_1_144_chunk  (cost=0.00..4.99 rows=99 width=8) (actual time=0.390..0.444 rows=168 loops=1)

                          Buffers: shared read=4

              ->  Partial Aggregate  (cost=5.24..5.25 rows=1 width=32) (actual time=0.287..0.288 rows=1 loops=1)

                    Buffers: shared read=4

                    ->  Parallel Seq Scan on _hyper_1_145_chunk  (cost=0.00..4.99 rows=99 width=8) (actual time=0.205..0.261 rows=168 loops=1)

                          Buffers: shared read=4

              ->  Partial Aggregate  (cost=5.24..5.25 rows=1 width=32) (actual time=0.263..0.264 rows=1 loops=1)

                    Buffers: shared read=4

                    ->  Parallel Seq Scan on _hyper_1_146_chunk  (cost=0.00..4.99 rows=99 width=8) (actual time=0.181..0.237 rows=168 loops=1)

                          Buffers: shared read=4

              ->  Partial Aggregate  (cost=5.24..5.25 rows=1 width=32) (actual time=0.258..0.259 rows=1 loops=1)

                    Buffers: shared read=4

                    ->  Parallel Seq Scan on _hyper_1_147_chunk  (cost=0.00..4.99 rows=99 width=8) (actual time=0.176..0.232 rows=168 loops=1)

                          Buffers: shared read=4

              ->  Partial Aggregate  (cost=5.24..5.25 rows=1 width=32) (actual time=0.255..0.256 rows=1 loops=1)

                    Buffers: shared read=4

                    ->  Parallel Seq Scan on _hyper_1_148_chunk  (cost=0.00..4.99 rows=99 width=8) (actual time=0.172..0.229 rows=168 loops=1)

                          Buffers: shared read=4

              ->  Partial Aggregate  (cost=5.24..5.25 rows=1 width=32) (actual time=0.262..0.263 rows=1 loops=1)

                    Buffers: shared read=4

                    ->  Parallel Seq Scan on _hyper_1_149_chunk  (cost=0.00..4.99 rows=99 width=8) (actual time=0.177..0.236 rows=168 loops=1)

                          Buffers: shared read=4

              ->  Partial Aggregate  (cost=5.24..5.25 rows=1 width=32) (actual time=0.225..0.226 rows=1 loops=1)

                    Buffers: shared read=4

                    ->  Parallel Seq Scan on _hyper_1_150_chunk  (cost=0.00..4.99 rows=99 width=8) (actual time=0.151..0.201 rows=168 loops=1)

                          Buffers: shared read=4

              ->  Partial Aggregate  (cost=5.24..5.25 rows=1 width=32) (actual time=0.259..0.260 rows=1 loops=1)

                    Buffers: shared read=4

                    ->  Parallel Seq Scan on _hyper_1_151_chunk  (cost=0.00..4.99 rows=99 width=8) (actual time=0.184..0.234 rows=168 loops=1)

                          Buffers: shared read=4

              ->  Partial Aggregate  (cost=5.24..5.25 rows=1 width=32) (actual time=0.254..0.255 rows=1 loops=1)

                    Buffers: shared read=4

                    ->  Parallel Seq Scan on _hyper_1_152_chunk  (cost=0.00..4.99 rows=99 width=8) (actual time=0.178..0.229 rows=168 loops=1)

                          Buffers: shared read=4

              ->  Partial Aggregate  (cost=5.24..5.25 rows=1 width=32) (actual time=0.330..0.330 rows=1 loops=1)

                    Buffers: shared read=4

                    ->  Parallel Seq Scan on _hyper_1_153_chunk  (cost=0.00..4.99 rows=99 width=8) (actual time=0.258..0.306 rows=168 loops=1)

                          Buffers: shared read=4

              ->  Partial Aggregate  (cost=5.24..5.25 rows=1 width=32) (actual time=0.288..0.288 rows=1 loops=1)

                    Buffers: shared read=4

                    ->  Parallel Seq Scan on _hyper_1_154_chunk  (cost=0.00..4.99 rows=99 width=8) (actual time=0.214..0.263 rows=168 loops=1)

                          Buffers: shared read=4

              ->  Partial Aggregate  (cost=5.24..5.25 rows=1 width=32) (actual time=0.318..0.319 rows=1 loops=1)

                    Buffers: shared read=4

                    ->  Parallel Seq Scan on _hyper_1_155_chunk  (cost=0.00..4.99 rows=99 width=8) (actual time=0.226..0.283 rows=168 loops=1)

                          Buffers: shared read=4

              ->  Partial Aggregate  (cost=5.24..5.25 rows=1 width=32) (actual time=0.342..0.343 rows=1 loops=1)

                    Buffers: shared read=4

                    ->  Parallel Seq Scan on _hyper_1_156_chunk  (cost=0.00..4.99 rows=99 width=8) (actual time=0.229..0.305 rows=168 loops=1)

                          Buffers: shared read=4

              ->  Partial Aggregate  (cost=5.24..5.25 rows=1 width=32) (actual time=0.343..0.343 rows=1 loops=1)

                    Buffers: shared read=4

                    ->  Parallel Seq Scan on _hyper_1_157_chunk  (cost=0.00..4.99 rows=99 width=8) (actual time=0.269..0.318 rows=168 loops=1)

                          Buffers: shared read=4

              ->  Partial Aggregate  (cost=5.24..5.25 rows=1 width=32) (actual time=0.772..0.773 rows=1 loops=1)

                    Buffers: shared read=4

                    ->  Parallel Seq Scan on _hyper_1_158_chunk  (cost=0.00..4.99 rows=99 width=8) (actual time=0.644..0.735 rows=168 loops=1)

                          Buffers: shared read=4

              ->  Partial Aggregate  (cost=5.24..5.25 rows=1 width=32) (actual time=0.591..0.592 rows=1 loops=1)

                    Buffers: shared read=4

                    ->  Parallel Seq Scan on _hyper_1_159_chunk  (cost=0.00..4.99 rows=99 width=8) (actual time=0.501..0.566 rows=168 loops=1)

                          Buffers: shared read=4

              ->  Partial Aggregate  (cost=5.24..5.25 rows=1 width=32) (actual time=0.339..0.340 rows=1 loops=1)

                    Buffers: shared read=4

                    ->  Parallel Seq Scan on _hyper_1_160_chunk  (cost=0.00..4.99 rows=99 width=8) (actual time=0.265..0.315 rows=168 loops=1)

                          Buffers: shared read=4

              ->  Partial Aggregate  (cost=5.24..5.25 rows=1 width=32) (actual time=0.589..0.590 rows=1 loops=1)

                    Buffers: shared read=4

                    ->  Parallel Seq Scan on _hyper_1_161_chunk  (cost=0.00..4.99 rows=99 width=8) (actual time=0.487..0.557 rows=168 loops=1)

                          Buffers: shared read=4

              ->  Partial Aggregate  (cost=5.24..5.25 rows=1 width=32) (actual time=0.172..0.173 rows=1 loops=1)

                    Buffers: shared read=4

                    ->  Parallel Seq Scan on _hyper_1_162_chunk  (cost=0.00..4.99 rows=99 width=8) (actual time=0.098..0.148 rows=168 loops=1)

                          Buffers: shared read=4

              ->  Partial Aggregate  (cost=5.24..5.25 rows=1 width=32) (actual time=0.249..0.250 rows=1 loops=1)

                    Buffers: shared read=4

                    ->  Parallel Seq Scan on _hyper_1_163_chunk  (cost=0.00..4.99 rows=99 width=8) (actual time=0.176..0.225 rows=168 loops=1)

                          Buffers: shared read=4

              ->  Partial Aggregate  (cost=5.24..5.25 rows=1 width=32) (actual time=0.506..0.507 rows=1 loops=1)

                    Buffers: shared read=4

                    ->  Parallel Seq Scan on _hyper_1_164_chunk  (cost=0.00..4.99 rows=99 width=8) (actual time=0.422..0.480 rows=168 loops=1)

                          Buffers: shared read=4

              ->  Partial Aggregate  (cost=5.24..5.25 rows=1 width=32) (actual time=0.337..0.338 rows=1 loops=1)

                    Buffers: shared read=4

                    ->  Parallel Seq Scan on _hyper_1_165_chunk  (cost=0.00..4.99 rows=99 width=8) (actual time=0.256..0.313 rows=168 loops=1)

                          Buffers: shared read=4

              ->  Partial Aggregate  (cost=5.24..5.25 rows=1 width=32) (actual time=0.314..0.314 rows=1 loops=1)

                    Buffers: shared read=4

                    ->  Parallel Seq Scan on _hyper_1_166_chunk  (cost=0.00..4.99 rows=99 width=8) (actual time=0.233..0.287 rows=168 loops=1)

                          Buffers: shared read=4

              ->  Partial Aggregate  (cost=5.24..5.25 rows=1 width=32) (actual time=0.396..0.397 rows=1 loops=1)

                    Buffers: shared read=4

                    ->  Parallel Seq Scan on _hyper_1_167_chunk  (cost=0.00..4.99 rows=99 width=8) (actual time=0.313..0.369 rows=168 loops=1)

                          Buffers: shared read=4

              ->  Partial Aggregate  (cost=5.24..5.25 rows=1 width=32) (actual time=0.263..0.264 rows=1 loops=1)

                    Buffers: shared read=4

                    ->  Parallel Seq Scan on _hyper_1_169_chunk  (cost=0.00..4.99 rows=99 width=8) (actual time=0.182..0.236 rows=168 loops=1)

                          Buffers: shared read=4

              ->  Partial Aggregate  (cost=5.24..5.25 rows=1 width=32) (actual time=0.316..0.316 rows=1 loops=1)

                    Buffers: shared read=4

                    ->  Parallel Seq Scan on _hyper_1_170_chunk  (cost=0.00..4.99 rows=99 width=8) (actual time=0.235..0.290 rows=168 loops=1)

                          Buffers: shared read=4

              ->  Partial Aggregate  (cost=5.24..5.25 rows=1 width=32) (actual time=0.355..0.356 rows=1 loops=1)

                    Buffers: shared read=4

                    ->  Parallel Seq Scan on _hyper_1_171_chunk  (cost=0.00..4.99 rows=99 width=8) (actual time=0.264..0.328 rows=168 loops=1)

                          Buffers: shared read=4

              ->  Partial Aggregate  (cost=5.24..5.25 rows=1 width=32) (actual time=0.243..0.243 rows=1 loops=1)

                    Buffers: shared read=4

                    ->  Parallel Seq Scan on _hyper_1_172_chunk  (cost=0.00..4.99 rows=99 width=8) (actual time=0.148..0.216 rows=168 loops=1)

                          Buffers: shared read=4

              ->  Partial Aggregate  (cost=5.24..5.25 rows=1 width=32) (actual time=0.295..0.297 rows=1 loops=1)

                    Buffers: shared read=4

                    ->  Parallel Seq Scan on _hyper_1_173_chunk  (cost=0.00..4.99 rows=99 width=8) (actual time=0.213..0.269 rows=168 loops=1)

                          Buffers: shared read=4

              ->  Partial Aggregate  (cost=5.24..5.25 rows=1 width=32) (actual time=0.451..0.452 rows=1 loops=1)

                    Buffers: shared read=4

                    ->  Parallel Seq Scan on _hyper_1_174_chunk  (cost=0.00..4.99 rows=99 width=8) (actual time=0.316..0.409 rows=168 loops=1)

                          Buffers: shared read=4

              ->  Partial Aggregate  (cost=5.24..5.25 rows=1 width=32) (actual time=0.334..0.334 rows=1 loops=1)

                    Buffers: shared read=4

                    ->  Parallel Seq Scan on _hyper_1_175_chunk  (cost=0.00..4.99 rows=99 width=8) (actual time=0.245..0.304 rows=168 loops=1)

                          Buffers: shared read=4

              ->  Partial Aggregate  (cost=5.24..5.25 rows=1 width=32) (actual time=0.569..0.570 rows=1 loops=1)

                    Buffers: shared read=4

                    ->  Parallel Seq Scan on _hyper_1_176_chunk  (cost=0.00..4.99 rows=99 width=8) (actual time=0.356..0.525 rows=168 loops=1)

                          Buffers: shared read=4

              ->  Partial Aggregate  (cost=5.24..5.25 rows=1 width=32) (actual time=0.249..0.249 rows=1 loops=1)

                    Buffers: shared read=4

                    ->  Parallel Seq Scan on _hyper_1_177_chunk  (cost=0.00..4.99 rows=99 width=8) (actual time=0.161..0.220 rows=168 loops=1)

                          Buffers: shared read=4

              ->  Partial Aggregate  (cost=5.24..5.25 rows=1 width=32) (actual time=0.246..0.247 rows=1 loops=1)

                    Buffers: shared read=4

                    ->  Parallel Seq Scan on _hyper_1_178_chunk  (cost=0.00..4.99 rows=99 width=8) (actual time=0.123..0.208 rows=168 loops=1)

                          Buffers: shared read=4

              ->  Partial Aggregate  (cost=5.24..5.25 rows=1 width=32) (actual time=0.576..0.577 rows=1 loops=1)

                    Buffers: shared read=4

                    ->  Parallel Seq Scan on _hyper_1_180_chunk  (cost=0.00..4.99 rows=99 width=8) (actual time=0.477..0.544 rows=168 loops=1)

                          Buffers: shared read=4

              ->  Partial Aggregate  (cost=5.24..5.25 rows=1 width=32) (actual time=0.348..0.349 rows=1 loops=1)

                    Buffers: shared read=4

                    ->  Parallel Seq Scan on _hyper_1_181_chunk  (cost=0.00..4.99 rows=99 width=8) (actual time=0.265..0.321 rows=168 loops=1)

                          Buffers: shared read=4

              ->  Partial Aggregate  (cost=5.24..5.25 rows=1 width=32) (actual time=0.271..0.272 rows=1 loops=1)

                    Buffers: shared read=4

                    ->  Parallel Seq Scan on _hyper_1_182_chunk  (cost=0.00..4.99 rows=99 width=8) (actual time=0.176..0.241 rows=168 loops=1)

                          Buffers: shared read=4

              ->  Partial Aggregate  (cost=5.24..5.25 rows=1 width=32) (actual time=0.379..0.380 rows=1 loops=1)

                    Buffers: shared read=4

                    ->  Parallel Seq Scan on _hyper_1_183_chunk  (cost=0.00..4.99 rows=99 width=8) (actual time=0.243..0.333 rows=168 loops=1)

                          Buffers: shared read=4

              ->  Partial Aggregate  (cost=5.24..5.25 rows=1 width=32) (actual time=0.300..0.301 rows=1 loops=1)

                    Buffers: shared read=4

                    ->  Parallel Seq Scan on _hyper_1_184_chunk  (cost=0.00..4.99 rows=99 width=8) (actual time=0.170..0.263 rows=168 loops=1)

                          Buffers: shared read=4

              ->  Partial Aggregate  (cost=5.24..5.25 rows=1 width=32) (actual time=0.331..0.332 rows=1 loops=1)

                    Buffers: shared read=4

                    ->  Parallel Seq Scan on _hyper_1_185_chunk  (cost=0.00..4.99 rows=99 width=8) (actual time=0.221..0.298 rows=168 loops=1)

                          Buffers: shared read=4

              ->  Partial Aggregate  (cost=5.24..5.25 rows=1 width=32) (actual time=0.343..0.344 rows=1 loops=1)

                    Buffers: shared read=4

                    ->  Parallel Seq Scan on _hyper_1_186_chunk  (cost=0.00..4.99 rows=99 width=8) (actual time=0.231..0.310 rows=168 loops=1)

                          Buffers: shared read=4

              ->  Partial Aggregate  (cost=5.24..5.25 rows=1 width=32) (actual time=0.309..0.309 rows=1 loops=1)

                    Buffers: shared read=4

                    ->  Parallel Seq Scan on _hyper_1_187_chunk  (cost=0.00..4.99 rows=99 width=8) (actual time=0.194..0.273 rows=168 loops=1)

                          Buffers: shared read=4

              ->  Partial Aggregate  (cost=5.24..5.25 rows=1 width=32) (actual time=0.300..0.300 rows=1 loops=1)

                    Buffers: shared read=4

                    ->  Parallel Seq Scan on _hyper_1_188_chunk  (cost=0.00..4.99 rows=99 width=8) (actual time=0.188..0.266 rows=168 loops=1)

                          Buffers: shared read=4

              ->  Partial Aggregate  (cost=5.24..5.25 rows=1 width=32) (actual time=0.301..0.302 rows=1 loops=1)

                    Buffers: shared read=4

                    ->  Parallel Seq Scan on _hyper_1_189_chunk  (cost=0.00..4.99 rows=99 width=8) (actual time=0.174..0.266 rows=168 loops=1)

                          Buffers: shared read=4

              ->  Partial Aggregate  (cost=5.24..5.25 rows=1 width=32) (actual time=0.290..0.291 rows=1 loops=1)

                    Buffers: shared read=4

                    ->  Parallel Seq Scan on _hyper_1_190_chunk  (cost=0.00..4.99 rows=99 width=8) (actual time=0.173..0.257 rows=168 loops=1)

                          Buffers: shared read=4

              ->  Partial Aggregate  (cost=5.24..5.25 rows=1 width=32) (actual time=0.321..0.322 rows=1 loops=1)

                    Buffers: shared read=4

                    ->  Parallel Seq Scan on _hyper_1_191_chunk  (cost=0.00..4.99 rows=99 width=8) (actual time=0.251..0.299 rows=168 loops=1)

                          Buffers: shared read=4

              ->  Partial Aggregate  (cost=5.24..5.25 rows=1 width=32) (actual time=0.514..0.515 rows=1 loops=1)

                    Buffers: shared read=4

                    ->  Parallel Seq Scan on _hyper_1_192_chunk  (cost=0.00..4.99 rows=99 width=8) (actual time=0.446..0.491 rows=168 loops=1)

                          Buffers: shared read=4

              ->  Partial Aggregate  (cost=5.24..5.25 rows=1 width=32) (actual time=0.507..0.508 rows=1 loops=1)

                    Buffers: shared read=4

                    ->  Parallel Seq Scan on _hyper_1_193_chunk  (cost=0.00..4.99 rows=99 width=8) (actual time=0.399..0.476 rows=168 loops=1)

                          Buffers: shared read=4

              ->  Partial Aggregate  (cost=5.24..5.25 rows=1 width=32) (actual time=0.319..0.320 rows=1 loops=1)

                    Buffers: shared read=4

                    ->  Parallel Seq Scan on _hyper_1_194_chunk  (cost=0.00..4.99 rows=99 width=8) (actual time=0.216..0.288 rows=168 loops=1)

                          Buffers: shared read=4

              ->  Partial Aggregate  (cost=5.24..5.25 rows=1 width=32) (actual time=0.278..0.279 rows=1 loops=1)

                    Buffers: shared read=4

                    ->  Parallel Seq Scan on _hyper_1_195_chunk  (cost=0.00..4.99 rows=99 width=8) (actual time=0.168..0.244 rows=168 loops=1)

                          Buffers: shared read=4

              ->  Partial Aggregate  (cost=5.24..5.25 rows=1 width=32) (actual time=0.263..0.264 rows=1 loops=1)

                    Buffers: shared read=4

                    ->  Parallel Seq Scan on _hyper_1_196_chunk  (cost=0.00..4.99 rows=99 width=8) (actual time=0.162..0.233 rows=168 loops=1)

                          Buffers: shared read=4

              ->  Partial Aggregate  (cost=5.24..5.25 rows=1 width=32) (actual time=0.279..0.280 rows=1 loops=1)

                    Buffers: shared read=4

                    ->  Parallel Seq Scan on _hyper_1_197_chunk  (cost=0.00..4.99 rows=99 width=8) (actual time=0.174..0.248 rows=168 loops=1)

                          Buffers: shared read=4

              ->  Partial Aggregate  (cost=5.24..5.25 rows=1 width=32) (actual time=0.276..0.276 rows=1 loops=1)

                    Buffers: shared read=4

                    ->  Parallel Seq Scan on _hyper_1_198_chunk  (cost=0.00..4.99 rows=99 width=8) (actual time=0.170..0.245 rows=168 loops=1)

                          Buffers: shared read=4

              ->  Partial Aggregate  (cost=5.24..5.25 rows=1 width=32) (actual time=0.260..0.261 rows=1 loops=1)

                    Buffers: shared read=4

                    ->  Parallel Seq Scan on _hyper_1_199_chunk  (cost=0.00..4.99 rows=99 width=8) (actual time=0.192..0.238 rows=168 loops=1)

                          Buffers: shared read=4

              ->  Partial Aggregate  (cost=5.24..5.25 rows=1 width=32) (actual time=0.470..0.471 rows=1 loops=1)

                    Buffers: shared read=4

                    ->  Parallel Seq Scan on _hyper_1_200_chunk  (cost=0.00..4.99 rows=99 width=8) (actual time=0.399..0.447 rows=168 loops=1)

                          Buffers: shared read=4

              ->  Partial Aggregate  (cost=5.24..5.25 rows=1 width=32) (actual time=0.315..0.316 rows=1 loops=1)

                    Buffers: shared read=4

                    ->  Parallel Seq Scan on _hyper_1_201_chunk  (cost=0.00..4.99 rows=99 width=8) (actual time=0.232..0.288 rows=168 loops=1)

                          Buffers: shared read=4

              ->  Partial Aggregate  (cost=5.24..5.25 rows=1 width=32) (actual time=0.206..0.207 rows=1 loops=1)

                    Buffers: shared read=4

                    ->  Parallel Seq Scan on _hyper_1_202_chunk  (cost=0.00..4.99 rows=99 width=8) (actual time=0.130..0.181 rows=168 loops=1)

                          Buffers: shared read=4

              ->  Partial Aggregate  (cost=5.24..5.25 rows=1 width=32) (actual time=0.255..0.256 rows=1 loops=1)

                    Buffers: shared read=4

                    ->  Parallel Seq Scan on _hyper_1_203_chunk  (cost=0.00..4.99 rows=99 width=8) (actual time=0.162..0.226 rows=168 loops=1)

                          Buffers: shared read=4

              ->  Partial Aggregate  (cost=5.24..5.25 rows=1 width=32) (actual time=0.210..0.211 rows=1 loops=1)

                    Buffers: shared read=4

                    ->  Parallel Seq Scan on _hyper_1_204_chunk  (cost=0.00..4.99 rows=99 width=8) (actual time=0.114..0.180 rows=168 loops=1)

                          Buffers: shared read=4

              ->  Partial Aggregate  (cost=5.24..5.25 rows=1 width=32) (actual time=0.261..0.262 rows=1 loops=1)

                    Buffers: shared read=4

                    ->  Parallel Seq Scan on _hyper_1_206_chunk  (cost=0.00..4.99 rows=99 width=8) (actual time=0.187..0.237 rows=168 loops=1)

                          Buffers: shared read=4

              ->  Partial Aggregate  (cost=5.24..5.25 rows=1 width=32) (actual time=0.316..0.317 rows=1 loops=1)

                    Buffers: shared read=4

                    ->  Parallel Seq Scan on _hyper_1_207_chunk  (cost=0.00..4.99 rows=99 width=8) (actual time=0.235..0.290 rows=168 loops=1)

                          Buffers: shared read=4

              ->  Partial Aggregate  (cost=5.24..5.25 rows=1 width=32) (actual time=0.369..0.370 rows=1 loops=1)

                    Buffers: shared read=4

                    ->  Parallel Seq Scan on _hyper_1_208_chunk  (cost=0.00..4.99 rows=99 width=8) (actual time=0.253..0.335 rows=168 loops=1)

                          Buffers: shared read=4

              ->  Partial Aggregate  (cost=5.24..5.25 rows=1 width=32) (actual time=0.278..0.280 rows=1 loops=1)

                    Buffers: shared read=4

                    ->  Parallel Seq Scan on _hyper_1_209_chunk  (cost=0.00..4.99 rows=99 width=8) (actual time=0.162..0.240 rows=168 loops=1)

                          Buffers: shared read=4

              ->  Partial Aggregate  (cost=5.24..5.25 rows=1 width=32) (actual time=0.257..0.258 rows=1 loops=1)

                    Buffers: shared read=4

                    ->  Parallel Seq Scan on _hyper_1_210_chunk  (cost=0.00..4.99 rows=99 width=8) (actual time=0.181..0.232 rows=168 loops=1)

                          Buffers: shared read=4

              ->  Partial Aggregate  (cost=5.24..5.25 rows=1 width=32) (actual time=0.342..0.343 rows=1 loops=1)

                    Buffers: shared read=4

                    ->  Parallel Seq Scan on _hyper_1_211_chunk  (cost=0.00..4.99 rows=99 width=8) (actual time=0.259..0.315 rows=168 loops=1)

                          Buffers: shared read=4

              ->  Partial Aggregate  (cost=5.24..5.25 rows=1 width=32) (actual time=0.231..0.232 rows=1 loops=1)

                    Buffers: shared read=4

                    ->  Parallel Seq Scan on _hyper_1_212_chunk  (cost=0.00..4.99 rows=99 width=8) (actual time=0.160..0.208 rows=168 loops=1)

                          Buffers: shared read=4

              ->  Partial Aggregate  (cost=5.24..5.25 rows=1 width=32) (actual time=0.250..0.250 rows=1 loops=1)

                    Buffers: shared read=4

                    ->  Parallel Seq Scan on _hyper_1_213_chunk  (cost=0.00..4.99 rows=99 width=8) (actual time=0.180..0.227 rows=168 loops=1)

                          Buffers: shared read=4

              ->  Partial Aggregate  (cost=5.24..5.25 rows=1 width=32) (actual time=0.236..0.237 rows=1 loops=1)

                    Buffers: shared read=4

                    ->  Parallel Seq Scan on _hyper_1_214_chunk  (cost=0.00..4.99 rows=99 width=8) (actual time=0.156..0.210 rows=168 loops=1)

                          Buffers: shared read=4

              ->  Partial Aggregate  (cost=5.24..5.25 rows=1 width=32) (actual time=0.257..0.257 rows=1 loops=1)

                    Buffers: shared read=4

                    ->  Parallel Seq Scan on _hyper_1_215_chunk  (cost=0.00..4.99 rows=99 width=8) (actual time=0.187..0.235 rows=168 loops=1)

                          Buffers: shared read=4

              ->  Partial Aggregate  (cost=5.24..5.25 rows=1 width=32) (actual time=0.483..0.484 rows=1 loops=1)

                    Buffers: shared read=4

                    ->  Parallel Seq Scan on _hyper_1_216_chunk  (cost=0.00..4.99 rows=99 width=8) (actual time=0.414..0.461 rows=168 loops=1)

                          Buffers: shared read=4

              ->  Partial Aggregate  (cost=5.24..5.25 rows=1 width=32) (actual time=0.444..0.445 rows=1 loops=1)

                    Buffers: shared read=4

                    ->  Parallel Seq Scan on _hyper_1_217_chunk  (cost=0.00..4.99 rows=99 width=8) (actual time=0.374..0.422 rows=168 loops=1)

                          Buffers: shared read=4

              ->  Partial Aggregate  (cost=5.24..5.25 rows=1 width=32) (actual time=0.328..0.329 rows=1 loops=1)

                    Buffers: shared read=4

                    ->  Parallel Seq Scan on _hyper_1_218_chunk  (cost=0.00..4.99 rows=99 width=8) (actual time=0.226..0.298 rows=168 loops=1)

                          Buffers: shared read=4

              ->  Partial Aggregate  (cost=5.24..5.25 rows=1 width=32) (actual time=0.259..0.260 rows=1 loops=1)

                    Buffers: shared read=4

                    ->  Parallel Seq Scan on _hyper_1_219_chunk  (cost=0.00..4.99 rows=99 width=8) (actual time=0.153..0.228 rows=168 loops=1)

                          Buffers: shared read=4

              ->  Partial Aggregate  (cost=5.24..5.25 rows=1 width=32) (actual time=0.240..0.241 rows=1 loops=1)

                    Buffers: shared read=4

                    ->  Parallel Seq Scan on _hyper_1_220_chunk  (cost=0.00..4.99 rows=99 width=8) (actual time=0.166..0.216 rows=168 loops=1)

                          Buffers: shared read=4

              ->  Partial Aggregate  (cost=5.24..5.25 rows=1 width=32) (actual time=0.300..0.300 rows=1 loops=1)

                    Buffers: shared read=4

                    ->  Parallel Seq Scan on _hyper_1_221_chunk  (cost=0.00..4.99 rows=99 width=8) (actual time=0.216..0.274 rows=168 loops=1)

                          Buffers: shared read=4

              ->  Partial Aggregate  (cost=5.24..5.25 rows=1 width=32) (actual time=0.262..0.262 rows=1 loops=1)

                    Buffers: shared read=4

                    ->  Parallel Seq Scan on _hyper_1_222_chunk  (cost=0.00..4.99 rows=99 width=8) (actual time=0.184..0.239 rows=168 loops=1)

                          Buffers: shared read=4

              ->  Partial Aggregate  (cost=5.24..5.25 rows=1 width=32) (actual time=0.373..0.375 rows=1 loops=1)

                    Buffers: shared read=4

                    ->  Parallel Seq Scan on _hyper_1_223_chunk  (cost=0.00..4.99 rows=99 width=8) (actual time=0.271..0.345 rows=168 loops=1)

                          Buffers: shared read=4

              ->  Partial Aggregate  (cost=5.24..5.25 rows=1 width=32) (actual time=0.257..0.258 rows=1 loops=1)

                    Buffers: shared read=4

                    ->  Parallel Seq Scan on _hyper_1_224_chunk  (cost=0.00..4.99 rows=99 width=8) (actual time=0.156..0.226 rows=168 loops=1)

                          Buffers: shared read=4

              ->  Partial Aggregate  (cost=5.24..5.25 rows=1 width=32) (actual time=0.432..0.433 rows=1 loops=1)

                    Buffers: shared read=4

                    ->  Parallel Seq Scan on _hyper_1_225_chunk  (cost=0.00..4.99 rows=99 width=8) (actual time=0.319..0.397 rows=168 loops=1)

                          Buffers: shared read=4

              ->  Partial Aggregate  (cost=5.24..5.25 rows=1 width=32) (actual time=0.392..0.393 rows=1 loops=1)

                    Buffers: shared read=4

                    ->  Parallel Seq Scan on _hyper_1_226_chunk  (cost=0.00..4.99 rows=99 width=8) (actual time=0.278..0.359 rows=168 loops=1)

                          Buffers: shared read=4

              ->  Partial Aggregate  (cost=5.24..5.25 rows=1 width=32) (actual time=0.189..0.190 rows=1 loops=1)

                    Buffers: shared read=4

                    ->  Parallel Seq Scan on _hyper_1_227_chunk  (cost=0.00..4.99 rows=99 width=8) (actual time=0.114..0.164 rows=168 loops=1)

                          Buffers: shared read=4

              ->  Partial Aggregate  (cost=5.24..5.25 rows=1 width=32) (actual time=0.300..0.301 rows=1 loops=1)

                    Buffers: shared read=4

                    ->  Parallel Seq Scan on _hyper_1_228_chunk  (cost=0.00..4.99 rows=99 width=8) (actual time=0.215..0.272 rows=168 loops=1)

                          Buffers: shared read=4

              ->  Partial Aggregate  (cost=5.24..5.25 rows=1 width=32) (actual time=0.212..0.212 rows=1 loops=1)

                    Buffers: shared read=4

                    ->  Parallel Seq Scan on _hyper_1_229_chunk  (cost=0.00..4.99 rows=99 width=8) (actual time=0.126..0.184 rows=168 loops=1)

                          Buffers: shared read=4

              ->  Partial Aggregate  (cost=5.24..5.25 rows=1 width=32) (actual time=0.394..0.396 rows=1 loops=1)

                    Buffers: shared read=4

                    ->  Parallel Seq Scan on _hyper_1_230_chunk  (cost=0.00..4.99 rows=99 width=8) (actual time=0.288..0.363 rows=168 loops=1)

                          Buffers: shared read=4

              ->  Partial Aggregate  (cost=5.24..5.25 rows=1 width=32) (actual time=0.358..0.359 rows=1 loops=1)

                    Buffers: shared read=4

                    ->  Parallel Seq Scan on _hyper_1_231_chunk  (cost=0.00..4.99 rows=99 width=8) (actual time=0.246..0.324 rows=168 loops=1)

                          Buffers: shared read=4

              ->  Partial Aggregate  (cost=5.24..5.25 rows=1 width=32) (actual time=0.214..0.215 rows=1 loops=1)

                    Buffers: shared read=4

                    ->  Parallel Seq Scan on _hyper_1_232_chunk  (cost=0.00..4.99 rows=99 width=8) (actual time=0.133..0.188 rows=168 loops=1)

                          Buffers: shared read=4

              ->  Partial Aggregate  (cost=5.24..5.25 rows=1 width=32) (actual time=0.260..0.261 rows=1 loops=1)

                    Buffers: shared read=4

                    ->  Parallel Seq Scan on _hyper_1_233_chunk  (cost=0.00..4.99 rows=99 width=8) (actual time=0.175..0.233 rows=168 loops=1)

                          Buffers: shared read=4

              ->  Partial Aggregate  (cost=5.24..5.25 rows=1 width=32) (actual time=0.261..0.262 rows=1 loops=1)

                    Buffers: shared read=4

                    ->  Parallel Seq Scan on _hyper_1_234_chunk  (cost=0.00..4.99 rows=99 width=8) (actual time=0.187..0.236 rows=168 loops=1)

                          Buffers: shared read=4

              ->  Partial Aggregate  (cost=5.24..5.25 rows=1 width=32) (actual time=0.265..0.266 rows=1 loops=1)

                    Buffers: shared read=4

                    ->  Parallel Seq Scan on _hyper_1_235_chunk  (cost=0.00..4.99 rows=99 width=8) (actual time=0.185..0.239 rows=168 loops=1)

                          Buffers: shared read=4

              ->  Partial Aggregate  (cost=5.24..5.25 rows=1 width=32) (actual time=0.262..0.263 rows=1 loops=1)

                    Buffers: shared read=4

                    ->  Parallel Seq Scan on _hyper_1_236_chunk  (cost=0.00..4.99 rows=99 width=8) (actual time=0.159..0.233 rows=168 loops=1)

                          Buffers: shared read=4

              ->  Partial Aggregate  (cost=5.24..5.25 rows=1 width=32) (actual time=0.228..0.229 rows=1 loops=1)

                    Buffers: shared read=4

                    ->  Parallel Seq Scan on _hyper_1_237_chunk  (cost=0.00..4.99 rows=99 width=8) (actual time=0.117..0.198 rows=168 loops=1)

                          Buffers: shared read=4

              ->  Partial Aggregate  (cost=5.24..5.25 rows=1 width=32) (actual time=0.312..0.313 rows=1 loops=1)

                    Buffers: shared read=4

                    ->  Parallel Seq Scan on _hyper_1_238_chunk  (cost=0.00..4.99 rows=99 width=8) (actual time=0.196..0.278 rows=168 loops=1)

                          Buffers: shared read=4

              ->  Partial Aggregate  (cost=5.24..5.25 rows=1 width=32) (actual time=0.265..0.266 rows=1 loops=1)

                    Buffers: shared read=4

                    ->  Parallel Seq Scan on _hyper_1_239_chunk  (cost=0.00..4.99 rows=99 width=8) (actual time=0.155..0.232 rows=168 loops=1)

                          Buffers: shared read=4

              ->  Partial Aggregate  (cost=5.24..5.25 rows=1 width=32) (actual time=0.294..0.295 rows=1 loops=1)

                    Buffers: shared read=4

                    ->  Parallel Seq Scan on _hyper_1_240_chunk  (cost=0.00..4.99 rows=99 width=8) (actual time=0.191..0.263 rows=168 loops=1)

                          Buffers: shared read=4

              ->  Partial Aggregate  (cost=5.24..5.25 rows=1 width=32) (actual time=0.305..0.306 rows=1 loops=1)

                    Buffers: shared read=4

                    ->  Parallel Seq Scan on _hyper_1_241_chunk  (cost=0.00..4.99 rows=99 width=8) (actual time=0.201..0.274 rows=168 loops=1)

                          Buffers: shared read=4

              ->  Partial Aggregate  (cost=5.24..5.25 rows=1 width=32) (actual time=0.242..0.243 rows=1 loops=1)

                    Buffers: shared read=4

                    ->  Parallel Seq Scan on _hyper_1_242_chunk  (cost=0.00..4.99 rows=99 width=8) (actual time=0.172..0.220 rows=168 loops=1)

                          Buffers: shared read=4

              ->  Partial Aggregate  (cost=5.24..5.25 rows=1 width=32) (actual time=0.388..0.389 rows=1 loops=1)

                    Buffers: shared read=4

                    ->  Parallel Seq Scan on _hyper_1_243_chunk  (cost=0.00..4.99 rows=99 width=8) (actual time=0.308..0.357 rows=168 loops=1)

                          Buffers: shared read=4

              ->  Partial Aggregate  (cost=5.24..5.25 rows=1 width=32) (actual time=0.313..0.314 rows=1 loops=1)

                    Buffers: shared read=4

                    ->  Parallel Seq Scan on _hyper_1_244_chunk  (cost=0.00..4.99 rows=99 width=8) (actual time=0.242..0.291 rows=168 loops=1)

                          Buffers: shared read=4

              ->  Partial Aggregate  (cost=5.24..5.25 rows=1 width=32) (actual time=0.326..0.327 rows=1 loops=1)

                    Buffers: shared read=4

                    ->  Parallel Seq Scan on _hyper_1_245_chunk  (cost=0.00..4.99 rows=99 width=8) (actual time=0.223..0.296 rows=168 loops=1)

                          Buffers: shared read=4

              ->  Partial Aggregate  (cost=5.24..5.25 rows=1 width=32) (actual time=0.226..0.227 rows=1 loops=1)

                    Buffers: shared read=4

                    ->  Parallel Seq Scan on _hyper_1_246_chunk  (cost=0.00..4.99 rows=99 width=8) (actual time=0.118..0.194 rows=168 loops=1)

                          Buffers: shared read=4

              ->  Partial Aggregate  (cost=5.24..5.25 rows=1 width=32) (actual time=0.361..0.361 rows=1 loops=1)

                    Buffers: shared read=4

                    ->  Parallel Seq Scan on _hyper_1_247_chunk  (cost=0.00..4.99 rows=99 width=8) (actual time=0.261..0.331 rows=168 loops=1)

                          Buffers: shared read=4

              ->  Partial Aggregate  (cost=5.24..5.25 rows=1 width=32) (actual time=0.264..0.264 rows=1 loops=1)

                    Buffers: shared read=4

                    ->  Parallel Seq Scan on _hyper_1_249_chunk  (cost=0.00..4.99 rows=99 width=8) (actual time=0.171..0.235 rows=168 loops=1)

                          Buffers: shared read=4

              ->  Partial Aggregate  (cost=5.24..5.25 rows=1 width=32) (actual time=0.295..0.296 rows=1 loops=1)

                    Buffers: shared read=4

                    ->  Parallel Seq Scan on _hyper_1_250_chunk  (cost=0.00..4.99 rows=99 width=8) (actual time=0.191..0.264 rows=168 loops=1)

                          Buffers: shared read=4

              ->  Partial Aggregate  (cost=5.24..5.25 rows=1 width=32) (actual time=0.277..0.278 rows=1 loops=1)

                    Buffers: shared read=4

                    ->  Parallel Seq Scan on _hyper_1_251_chunk  (cost=0.00..4.99 rows=99 width=8) (actual time=0.164..0.238 rows=168 loops=1)

                          Buffers: shared read=4

              ->  Partial Aggregate  (cost=5.24..5.25 rows=1 width=32) (actual time=0.229..0.230 rows=1 loops=1)

                    Buffers: shared read=4

                    ->  Parallel Seq Scan on _hyper_1_252_chunk  (cost=0.00..4.99 rows=99 width=8) (actual time=0.140..0.195 rows=168 loops=1)

                          Buffers: shared read=4

              ->  Partial Aggregate  (cost=5.24..5.25 rows=1 width=32) (actual time=0.275..0.275 rows=1 loops=1)

                    Buffers: shared read=4

                    ->  Parallel Seq Scan on _hyper_1_253_chunk  (cost=0.00..4.99 rows=99 width=8) (actual time=0.187..0.248 rows=168 loops=1)

                          Buffers: shared read=4

              ->  Partial Aggregate  (cost=5.24..5.25 rows=1 width=32) (actual time=0.204..0.205 rows=1 loops=1)

                    Buffers: shared read=4

                    ->  Parallel Seq Scan on _hyper_1_254_chunk  (cost=0.00..4.99 rows=99 width=8) (actual time=0.134..0.182 rows=168 loops=1)

                          Buffers: shared read=4

              ->  Partial Aggregate  (cost=5.24..5.25 rows=1 width=32) (actual time=0.232..0.233 rows=1 loops=1)

                    Buffers: shared read=4

                    ->  Parallel Seq Scan on _hyper_1_255_chunk  (cost=0.00..4.99 rows=99 width=8) (actual time=0.162..0.210 rows=168 loops=1)

                          Buffers: shared read=4

              ->  Partial Aggregate  (cost=5.24..5.25 rows=1 width=32) (actual time=0.306..0.307 rows=1 loops=1)

                    Buffers: shared read=4

                    ->  Parallel Seq Scan on _hyper_1_256_chunk  (cost=0.00..4.99 rows=99 width=8) (actual time=0.235..0.283 rows=168 loops=1)

                          Buffers: shared read=4

              ->  Partial Aggregate  (cost=5.24..5.25 rows=1 width=32) (actual time=0.296..0.297 rows=1 loops=1)

                    Buffers: shared read=4

                    ->  Parallel Seq Scan on _hyper_1_257_chunk  (cost=0.00..4.99 rows=99 width=8) (actual time=0.215..0.270 rows=168 loops=1)

                          Buffers: shared read=4

              ->  Partial Aggregate  (cost=5.24..5.25 rows=1 width=32) (actual time=0.340..0.340 rows=1 loops=1)

                    Buffers: shared read=4

                    ->  Parallel Seq Scan on _hyper_1_258_chunk  (cost=0.00..4.99 rows=99 width=8) (actual time=0.265..0.316 rows=168 loops=1)

                          Buffers: shared read=4

              ->  Partial Aggregate  (cost=5.24..5.25 rows=1 width=32) (actual time=0.368..0.369 rows=1 loops=1)

                    Buffers: shared read=4

                    ->  Parallel Seq Scan on _hyper_1_260_chunk  (cost=0.00..4.99 rows=99 width=8) (actual time=0.301..0.346 rows=168 loops=1)

                          Buffers: shared read=4

              ->  Partial Aggregate  (cost=5.24..5.25 rows=1 width=32) (actual time=0.376..0.377 rows=1 loops=1)

                    Buffers: shared read=4

                    ->  Parallel Seq Scan on _hyper_1_261_chunk  (cost=0.00..4.99 rows=99 width=8) (actual time=0.279..0.346 rows=168 loops=1)

                          Buffers: shared read=4

              ->  Partial Aggregate  (cost=5.24..5.25 rows=1 width=32) (actual time=0.248..0.248 rows=1 loops=1)

                    Buffers: shared read=4

                    ->  Parallel Seq Scan on _hyper_1_262_chunk  (cost=0.00..4.99 rows=99 width=8) (actual time=0.152..0.219 rows=168 loops=1)

                          Buffers: shared read=4

              ->  Partial Aggregate  (cost=5.24..5.25 rows=1 width=32) (actual time=0.488..0.489 rows=1 loops=1)

                    Buffers: shared read=4

                    ->  Parallel Seq Scan on _hyper_1_263_chunk  (cost=0.00..4.99 rows=99 width=8) (actual time=0.390..0.460 rows=168 loops=1)

                          Buffers: shared read=4

              ->  Partial Aggregate  (cost=5.24..5.25 rows=1 width=32) (actual time=0.294..0.295 rows=1 loops=1)

                    Buffers: shared read=4

                    ->  Parallel Seq Scan on _hyper_1_264_chunk  (cost=0.00..4.99 rows=99 width=8) (actual time=0.229..0.273 rows=168 loops=1)

                          Buffers: shared read=4

              ->  Partial Aggregate  (cost=5.24..5.25 rows=1 width=32) (actual time=0.221..0.222 rows=1 loops=1)

                    Buffers: shared read=4

                    ->  Parallel Seq Scan on _hyper_1_265_chunk  (cost=0.00..4.99 rows=99 width=8) (actual time=0.122..0.192 rows=168 loops=1)

                          Buffers: shared read=4

              ->  Partial Aggregate  (cost=5.24..5.25 rows=1 width=32) (actual time=0.275..0.276 rows=1 loops=1)

                    Buffers: shared read=4

                    ->  Parallel Seq Scan on _hyper_1_266_chunk  (cost=0.00..4.99 rows=99 width=8) (actual time=0.180..0.247 rows=168 loops=1)

                          Buffers: shared read=4

              ->  Partial Aggregate  (cost=5.24..5.25 rows=1 width=32) (actual time=0.275..0.276 rows=1 loops=1)

                    Buffers: shared read=4

                    ->  Parallel Seq Scan on _hyper_1_267_chunk  (cost=0.00..4.99 rows=99 width=8) (actual time=0.178..0.246 rows=168 loops=1)

                          Buffers: shared read=4

              ->  Partial Aggregate  (cost=5.24..5.25 rows=1 width=32) (actual time=0.289..0.290 rows=1 loops=1)

                    Buffers: shared read=4

                    ->  Parallel Seq Scan on _hyper_1_268_chunk  (cost=0.00..4.99 rows=99 width=8) (actual time=0.181..0.257 rows=168 loops=1)

                          Buffers: shared read=4

              ->  Partial Aggregate  (cost=5.24..5.25 rows=1 width=32) (actual time=0.290..0.291 rows=1 loops=1)

                    Buffers: shared read=4

                    ->  Parallel Seq Scan on _hyper_1_269_chunk  (cost=0.00..4.99 rows=99 width=8) (actual time=0.180..0.258 rows=168 loops=1)

                          Buffers: shared read=4

              ->  Partial Aggregate  (cost=5.24..5.25 rows=1 width=32) (actual time=0.289..0.290 rows=1 loops=1)

                    Buffers: shared read=4

                    ->  Parallel Seq Scan on _hyper_1_270_chunk  (cost=0.00..4.99 rows=99 width=8) (actual time=0.185..0.258 rows=168 loops=1)

                          Buffers: shared read=4

              ->  Partial Aggregate  (cost=5.24..5.25 rows=1 width=32) (actual time=0.285..0.286 rows=1 loops=1)

                    Buffers: shared read=4

                    ->  Parallel Seq Scan on _hyper_1_271_chunk  (cost=0.00..4.99 rows=99 width=8) (actual time=0.182..0.254 rows=168 loops=1)

                          Buffers: shared read=4

              ->  Partial Aggregate  (cost=5.24..5.25 rows=1 width=32) (actual time=0.285..0.285 rows=1 loops=1)

                    Buffers: shared read=4

                    ->  Parallel Seq Scan on _hyper_1_272_chunk  (cost=0.00..4.99 rows=99 width=8) (actual time=0.177..0.249 rows=168 loops=1)

                          Buffers: shared read=4

              ->  Partial Aggregate  (cost=5.24..5.25 rows=1 width=32) (actual time=0.298..0.299 rows=1 loops=1)

                    Buffers: shared read=4

                    ->  Parallel Seq Scan on _hyper_1_273_chunk  (cost=0.00..4.99 rows=99 width=8) (actual time=0.195..0.267 rows=168 loops=1)

                          Buffers: shared read=4

              ->  Partial Aggregate  (cost=5.24..5.25 rows=1 width=32) (actual time=0.264..0.264 rows=1 loops=1)

                    Buffers: shared read=4

                    ->  Parallel Seq Scan on _hyper_1_274_chunk  (cost=0.00..4.99 rows=99 width=8) (actual time=0.193..0.241 rows=168 loops=1)

                          Buffers: shared read=4

              ->  Partial Aggregate  (cost=5.24..5.25 rows=1 width=32) (actual time=0.335..0.336 rows=1 loops=1)

                    Buffers: shared read=4

                    ->  Parallel Seq Scan on _hyper_1_275_chunk  (cost=0.00..4.99 rows=99 width=8) (actual time=0.256..0.306 rows=168 loops=1)

                          Buffers: shared read=4

              ->  Partial Aggregate  (cost=5.24..5.25 rows=1 width=32) (actual time=0.352..0.353 rows=1 loops=1)

                    Buffers: shared read=4

                    ->  Parallel Seq Scan on _hyper_1_277_chunk  (cost=0.00..4.99 rows=99 width=8) (actual time=0.246..0.320 rows=168 loops=1)

                          Buffers: shared read=4

              ->  Partial Aggregate  (cost=5.24..5.25 rows=1 width=32) (actual time=0.267..0.269 rows=1 loops=1)

                    Buffers: shared read=4

                    ->  Parallel Seq Scan on _hyper_1_278_chunk  (cost=0.00..4.99 rows=99 width=8) (actual time=0.164..0.236 rows=168 loops=1)

                          Buffers: shared read=4

              ->  Partial Aggregate  (cost=5.24..5.25 rows=1 width=32) (actual time=0.301..0.302 rows=1 loops=1)

                    Buffers: shared read=4

                    ->  Parallel Seq Scan on _hyper_1_279_chunk  (cost=0.00..4.99 rows=99 width=8) (actual time=0.190..0.270 rows=168 loops=1)

                          Buffers: shared read=4

              ->  Partial Aggregate  (cost=5.24..5.25 rows=1 width=32) (actual time=0.300..0.301 rows=1 loops=1)

                    Buffers: shared read=4

                    ->  Parallel Seq Scan on _hyper_1_280_chunk  (cost=0.00..4.99 rows=99 width=8) (actual time=0.189..0.267 rows=168 loops=1)

                          Buffers: shared read=4

              ->  Partial Aggregate  (cost=5.24..5.25 rows=1 width=32) (actual time=0.348..0.349 rows=1 loops=1)

                    Buffers: shared read=4

                    ->  Parallel Seq Scan on _hyper_1_281_chunk  (cost=0.00..4.99 rows=99 width=8) (actual time=0.262..0.318 rows=168 loops=1)

                          Buffers: shared read=4

              ->  Partial Aggregate  (cost=5.24..5.25 rows=1 width=32) (actual time=0.416..0.416 rows=1 loops=1)

                    Buffers: shared read=4

                    ->  Parallel Seq Scan on _hyper_1_282_chunk  (cost=0.00..4.99 rows=99 width=8) (actual time=0.325..0.387 rows=168 loops=1)

                          Buffers: shared read=4

              ->  Partial Aggregate  (cost=5.24..5.25 rows=1 width=32) (actual time=0.280..0.281 rows=1 loops=1)

                    Buffers: shared read=4

                    ->  Parallel Seq Scan on _hyper_1_283_chunk  (cost=0.00..4.99 rows=99 width=8) (actual time=0.205..0.256 rows=168 loops=1)

                          Buffers: shared read=4

              ->  Partial Aggregate  (cost=5.24..5.25 rows=1 width=32) (actual time=0.294..0.295 rows=1 loops=1)

                    Buffers: shared read=4

                    ->  Parallel Seq Scan on _hyper_1_284_chunk  (cost=0.00..4.99 rows=99 width=8) (actual time=0.213..0.267 rows=168 loops=1)

                          Buffers: shared read=4

              ->  Partial Aggregate  (cost=5.24..5.25 rows=1 width=32) (actual time=0.274..0.274 rows=1 loops=1)

                    Buffers: shared read=4

                    ->  Parallel Seq Scan on _hyper_1_285_chunk  (cost=0.00..4.99 rows=99 width=8) (actual time=0.197..0.249 rows=168 loops=1)

                          Buffers: shared read=4

              ->  Partial Aggregate  (cost=5.24..5.25 rows=1 width=32) (actual time=0.282..0.283 rows=1 loops=1)

                    Buffers: shared read=4

                    ->  Parallel Seq Scan on _hyper_1_286_chunk  (cost=0.00..4.99 rows=99 width=8) (actual time=0.190..0.255 rows=168 loops=1)

                          Buffers: shared read=4

              ->  Partial Aggregate  (cost=5.24..5.25 rows=1 width=32) (actual time=0.266..0.267 rows=1 loops=1)

                    Buffers: shared read=4

                    ->  Parallel Seq Scan on _hyper_1_287_chunk  (cost=0.00..4.99 rows=99 width=8) (actual time=0.169..0.237 rows=168 loops=1)

                          Buffers: shared read=4

              ->  Partial Aggregate  (cost=5.24..5.25 rows=1 width=32) (actual time=0.226..0.227 rows=1 loops=1)

                    Buffers: shared read=4

                    ->  Parallel Seq Scan on _hyper_1_288_chunk  (cost=0.00..4.99 rows=99 width=8) (actual time=0.119..0.194 rows=168 loops=1)

                          Buffers: shared read=4

              ->  Partial Aggregate  (cost=5.24..5.25 rows=1 width=32) (actual time=0.251..0.252 rows=1 loops=1)

                    Buffers: shared read=4

                    ->  Parallel Seq Scan on _hyper_1_289_chunk  (cost=0.00..4.99 rows=99 width=8) (actual time=0.175..0.225 rows=168 loops=1)

                          Buffers: shared read=4

              ->  Partial Aggregate  (cost=5.24..5.25 rows=1 width=32) (actual time=0.288..0.289 rows=1 loops=1)

                    Buffers: shared read=4

                    ->  Parallel Seq Scan on _hyper_1_290_chunk  (cost=0.00..4.99 rows=99 width=8) (actual time=0.206..0.262 rows=168 loops=1)

                          Buffers: shared read=4

              ->  Partial Aggregate  (cost=5.24..5.25 rows=1 width=32) (actual time=0.243..0.244 rows=1 loops=1)

                    Buffers: shared read=4

                    ->  Parallel Seq Scan on _hyper_1_291_chunk  (cost=0.00..4.99 rows=99 width=8) (actual time=0.170..0.219 rows=168 loops=1)

                          Buffers: shared read=4

              ->  Partial Aggregate  (cost=5.24..5.25 rows=1 width=32) (actual time=0.293..0.294 rows=1 loops=1)

                    Buffers: shared read=4

                    ->  Parallel Seq Scan on _hyper_1_292_chunk  (cost=0.00..4.99 rows=99 width=8) (actual time=0.218..0.269 rows=168 loops=1)

                          Buffers: shared read=4

              ->  Partial Aggregate  (cost=5.24..5.25 rows=1 width=32) (actual time=0.324..0.325 rows=1 loops=1)

                    Buffers: shared read=4

                    ->  Parallel Seq Scan on _hyper_1_293_chunk  (cost=0.00..4.99 rows=99 width=8) (actual time=0.236..0.288 rows=168 loops=1)

                          Buffers: shared read=4

              ->  Partial Aggregate  (cost=5.24..5.25 rows=1 width=32) (actual time=0.271..0.271 rows=1 loops=1)

                    Buffers: shared read=4

                    ->  Parallel Seq Scan on _hyper_1_294_chunk  (cost=0.00..4.99 rows=99 width=8) (actual time=0.189..0.243 rows=168 loops=1)

                          Buffers: shared read=4

              ->  Partial Aggregate  (cost=5.24..5.25 rows=1 width=32) (actual time=0.259..0.259 rows=1 loops=1)

                    Buffers: shared read=4

                    ->  Parallel Seq Scan on _hyper_1_295_chunk  (cost=0.00..4.99 rows=99 width=8) (actual time=0.183..0.234 rows=168 loops=1)

                          Buffers: shared read=4

              ->  Partial Aggregate  (cost=5.24..5.25 rows=1 width=32) (actual time=0.271..0.272 rows=1 loops=1)

                    Buffers: shared read=4

                    ->  Parallel Seq Scan on _hyper_1_296_chunk  (cost=0.00..4.99 rows=99 width=8) (actual time=0.193..0.245 rows=168 loops=1)

                          Buffers: shared read=4

              ->  Partial Aggregate  (cost=5.24..5.25 rows=1 width=32) (actual time=0.302..0.303 rows=1 loops=1)

                    Buffers: shared read=4

                    ->  Parallel Seq Scan on _hyper_1_297_chunk  (cost=0.00..4.99 rows=99 width=8) (actual time=0.195..0.271 rows=168 loops=1)

                          Buffers: shared read=4

              ->  Partial Aggregate  (cost=5.24..5.25 rows=1 width=32) (actual time=0.232..0.233 rows=1 loops=1)

                    Buffers: shared read=4

                    ->  Parallel Seq Scan on _hyper_1_298_chunk  (cost=0.00..4.99 rows=99 width=8) (actual time=0.122..0.199 rows=168 loops=1)

                          Buffers: shared read=4

              ->  Partial Aggregate  (cost=5.24..5.25 rows=1 width=32) (actual time=0.319..0.320 rows=1 loops=1)

                    Buffers: shared read=4

                    ->  Parallel Seq Scan on _hyper_1_299_chunk  (cost=0.00..4.99 rows=99 width=8) (actual time=0.208..0.288 rows=168 loops=1)

                          Buffers: shared read=4

              ->  Partial Aggregate  (cost=5.24..5.25 rows=1 width=32) (actual time=0.309..0.310 rows=1 loops=1)

                    Buffers: shared read=4

                    ->  Parallel Seq Scan on _hyper_1_300_chunk  (cost=0.00..4.99 rows=99 width=8) (actual time=0.195..0.277 rows=168 loops=1)

                          Buffers: shared read=4

              ->  Partial Aggregate  (cost=5.24..5.25 rows=1 width=32) (actual time=0.294..0.294 rows=1 loops=1)

                    Buffers: shared read=4

                    ->  Parallel Seq Scan on _hyper_1_301_chunk  (cost=0.00..4.99 rows=99 width=8) (actual time=0.181..0.260 rows=168 loops=1)

                          Buffers: shared read=4

              ->  Partial Aggregate  (cost=5.24..5.25 rows=1 width=32) (actual time=0.286..0.287 rows=1 loops=1)

                    Buffers: shared read=4

                    ->  Parallel Seq Scan on _hyper_1_303_chunk  (cost=0.00..4.99 rows=99 width=8) (actual time=0.171..0.251 rows=168 loops=1)

                          Buffers: shared read=4

              ->  Partial Aggregate  (cost=5.24..5.25 rows=1 width=32) (actual time=0.379..0.380 rows=1 loops=1)

                    Buffers: shared read=4

                    ->  Parallel Seq Scan on _hyper_1_304_chunk  (cost=0.00..4.99 rows=99 width=8) (actual time=0.270..0.347 rows=168 loops=1)

                          Buffers: shared read=4

              ->  Partial Aggregate  (cost=5.24..5.25 rows=1 width=32) (actual time=0.386..0.387 rows=1 loops=1)

                    Buffers: shared read=4

                    ->  Parallel Seq Scan on _hyper_1_305_chunk  (cost=0.00..4.99 rows=99 width=8) (actual time=0.273..0.352 rows=168 loops=1)

                          Buffers: shared read=4

              ->  Partial Aggregate  (cost=5.24..5.25 rows=1 width=32) (actual time=0.352..0.353 rows=1 loops=1)

                    Buffers: shared read=4

                    ->  Parallel Seq Scan on _hyper_1_306_chunk  (cost=0.00..4.99 rows=99 width=8) (actual time=0.268..0.326 rows=168 loops=1)

                          Buffers: shared read=4

              ->  Partial Aggregate  (cost=5.24..5.25 rows=1 width=32) (actual time=0.421..0.422 rows=1 loops=1)

                    Buffers: shared read=4

                    ->  Parallel Seq Scan on _hyper_1_307_chunk  (cost=0.00..4.99 rows=99 width=8) (actual time=0.322..0.393 rows=168 loops=1)

                          Buffers: shared read=4

              ->  Partial Aggregate  (cost=5.24..5.25 rows=1 width=32) (actual time=0.266..0.267 rows=1 loops=1)

                    Buffers: shared read=4

                    ->  Parallel Seq Scan on _hyper_1_308_chunk  (cost=0.00..4.99 rows=99 width=8) (actual time=0.163..0.235 rows=168 loops=1)

                          Buffers: shared read=4

              ->  Partial Aggregate  (cost=5.24..5.25 rows=1 width=32) (actual time=0.221..0.222 rows=1 loops=1)

                    Buffers: shared read=4

                    ->  Parallel Seq Scan on _hyper_1_309_chunk  (cost=0.00..4.99 rows=99 width=8) (actual time=0.113..0.190 rows=168 loops=1)

                          Buffers: shared read=4

              ->  Partial Aggregate  (cost=5.24..5.25 rows=1 width=32) (actual time=0.343..0.344 rows=1 loops=1)

                    Buffers: shared read=4

                    ->  Parallel Seq Scan on _hyper_1_310_chunk  (cost=0.00..4.99 rows=99 width=8) (actual time=0.254..0.315 rows=168 loops=1)

                          Buffers: shared read=4

              ->  Partial Aggregate  (cost=5.24..5.25 rows=1 width=32) (actual time=0.391..0.392 rows=1 loops=1)

                    Buffers: shared read=4

                    ->  Parallel Seq Scan on _hyper_1_311_chunk  (cost=0.00..4.99 rows=99 width=8) (actual time=0.288..0.358 rows=168 loops=1)

                          Buffers: shared read=4

              ->  Partial Aggregate  (cost=5.24..5.25 rows=1 width=32) (actual time=0.277..0.278 rows=1 loops=1)

                    Buffers: shared read=4

                    ->  Parallel Seq Scan on _hyper_1_312_chunk  (cost=0.00..4.99 rows=99 width=8) (actual time=0.191..0.248 rows=168 loops=1)

                          Buffers: shared read=4

              ->  Partial Aggregate  (cost=5.24..5.25 rows=1 width=32) (actual time=0.277..0.278 rows=1 loops=1)

                    Buffers: shared read=4

                    ->  Parallel Seq Scan on _hyper_1_314_chunk  (cost=0.00..4.99 rows=99 width=8) (actual time=0.184..0.247 rows=168 loops=1)

                          Buffers: shared read=4

              ->  Partial Aggregate  (cost=5.24..5.25 rows=1 width=32) (actual time=0.242..0.243 rows=1 loops=1)

                    Buffers: shared read=4

                    ->  Parallel Seq Scan on _hyper_1_315_chunk  (cost=0.00..4.99 rows=99 width=8) (actual time=0.143..0.212 rows=168 loops=1)

                          Buffers: shared read=4

              ->  Partial Aggregate  (cost=5.24..5.25 rows=1 width=32) (actual time=0.286..0.287 rows=1 loops=1)

                    Buffers: shared read=4

                    ->  Parallel Seq Scan on _hyper_1_316_chunk  (cost=0.00..4.99 rows=99 width=8) (actual time=0.186..0.255 rows=168 loops=1)

                          Buffers: shared read=4

              ->  Partial Aggregate  (cost=5.24..5.25 rows=1 width=32) (actual time=0.244..0.245 rows=1 loops=1)

                    Buffers: shared read=4

                    ->  Parallel Seq Scan on _hyper_1_317_chunk  (cost=0.00..4.99 rows=99 width=8) (actual time=0.135..0.209 rows=168 loops=1)

                          Buffers: shared read=4

              ->  Partial Aggregate  (cost=5.24..5.25 rows=1 width=32) (actual time=0.240..0.241 rows=1 loops=1)

                    Buffers: shared read=4

                    ->  Parallel Seq Scan on _hyper_1_318_chunk  (cost=0.00..4.99 rows=99 width=8) (actual time=0.139..0.208 rows=168 loops=1)

                          Buffers: shared read=4

              ->  Partial Aggregate  (cost=5.24..5.25 rows=1 width=32) (actual time=0.260..0.261 rows=1 loops=1)

                    Buffers: shared read=4

                    ->  Parallel Seq Scan on _hyper_1_319_chunk  (cost=0.00..4.99 rows=99 width=8) (actual time=0.138..0.222 rows=168 loops=1)

                          Buffers: shared read=4

              ->  Partial Aggregate  (cost=5.24..5.25 rows=1 width=32) (actual time=0.329..0.329 rows=1 loops=1)

                    Buffers: shared read=4

                    ->  Parallel Seq Scan on _hyper_1_320_chunk  (cost=0.00..4.99 rows=99 width=8) (actual time=0.195..0.288 rows=168 loops=1)

                          Buffers: shared read=4

              ->  Partial Aggregate  (cost=5.24..5.25 rows=1 width=32) (actual time=0.554..0.555 rows=1 loops=1)

                    Buffers: shared read=4

                    ->  Parallel Seq Scan on _hyper_1_321_chunk  (cost=0.00..4.99 rows=99 width=8) (actual time=0.424..0.507 rows=168 loops=1)

                          Buffers: shared read=4

              ->  Partial Aggregate  (cost=5.24..5.25 rows=1 width=32) (actual time=0.418..0.419 rows=1 loops=1)

                    Buffers: shared read=4

                    ->  Parallel Seq Scan on _hyper_1_322_chunk  (cost=0.00..4.99 rows=99 width=8) (actual time=0.297..0.380 rows=168 loops=1)

                          Buffers: shared read=4

              ->  Partial Aggregate  (cost=5.24..5.25 rows=1 width=32) (actual time=0.306..0.306 rows=1 loops=1)

                    Buffers: shared read=4

                    ->  Parallel Seq Scan on _hyper_1_323_chunk  (cost=0.00..4.99 rows=99 width=8) (actual time=0.188..0.269 rows=168 loops=1)

                          Buffers: shared read=4

              ->  Partial Aggregate  (cost=5.24..5.25 rows=1 width=32) (actual time=0.279..0.280 rows=1 loops=1)

                    Buffers: shared read=4

                    ->  Parallel Seq Scan on _hyper_1_324_chunk  (cost=0.00..4.99 rows=99 width=8) (actual time=0.162..0.243 rows=168 loops=1)

                          Buffers: shared read=4

              ->  Partial Aggregate  (cost=5.24..5.25 rows=1 width=32) (actual time=0.283..0.283 rows=1 loops=1)

                    Buffers: shared read=4

                    ->  Parallel Seq Scan on _hyper_1_325_chunk  (cost=0.00..4.99 rows=99 width=8) (actual time=0.197..0.254 rows=168 loops=1)

                          Buffers: shared read=4

              ->  Partial Aggregate  (cost=5.24..5.25 rows=1 width=32) (actual time=0.350..0.351 rows=1 loops=1)

                    Buffers: shared read=4

                    ->  Parallel Seq Scan on _hyper_1_326_chunk  (cost=0.00..4.99 rows=99 width=8) (actual time=0.259..0.321 rows=168 loops=1)

                          Buffers: shared read=4

              ->  Partial Aggregate  (cost=5.24..5.25 rows=1 width=32) (actual time=0.235..0.236 rows=1 loops=1)

                    Buffers: shared read=4

                    ->  Parallel Seq Scan on _hyper_1_327_chunk  (cost=0.00..4.99 rows=99 width=8) (actual time=0.137..0.203 rows=168 loops=1)

                          Buffers: shared read=4

              ->  Partial Aggregate  (cost=5.24..5.25 rows=1 width=32) (actual time=0.333..0.334 rows=1 loops=1)

                    Buffers: shared read=4

                    ->  Parallel Seq Scan on _hyper_1_328_chunk  (cost=0.00..4.99 rows=99 width=8) (actual time=0.242..0.304 rows=168 loops=1)

                          Buffers: shared read=4

              ->  Partial Aggregate  (cost=5.24..5.25 rows=1 width=32) (actual time=0.326..0.327 rows=1 loops=1)

                    Buffers: shared read=4

                    ->  Parallel Seq Scan on _hyper_1_329_chunk  (cost=0.00..4.99 rows=99 width=8) (actual time=0.226..0.293 rows=168 loops=1)

                          Buffers: shared read=4

              ->  Partial Aggregate  (cost=5.24..5.25 rows=1 width=32) (actual time=0.364..0.365 rows=1 loops=1)

                    Buffers: shared read=4

                    ->  Parallel Seq Scan on _hyper_1_330_chunk  (cost=0.00..4.99 rows=99 width=8) (actual time=0.290..0.340 rows=168 loops=1)

                          Buffers: shared read=4

              ->  Partial Aggregate  (cost=5.24..5.25 rows=1 width=32) (actual time=0.430..0.432 rows=1 loops=1)

                    Buffers: shared read=4

                    ->  Parallel Seq Scan on _hyper_1_331_chunk  (cost=0.00..4.99 rows=99 width=8) (actual time=0.351..0.404 rows=168 loops=1)

                          Buffers: shared read=4

              ->  Partial Aggregate  (cost=5.24..5.25 rows=1 width=32) (actual time=0.268..0.269 rows=1 loops=1)

                    Buffers: shared read=4

                    ->  Parallel Seq Scan on _hyper_1_332_chunk  (cost=0.00..4.99 rows=99 width=8) (actual time=0.185..0.240 rows=168 loops=1)

                          Buffers: shared read=4

              ->  Partial Aggregate  (cost=5.24..5.25 rows=1 width=32) (actual time=0.211..0.212 rows=1 loops=1)

                    Buffers: shared read=4

                    ->  Parallel Seq Scan on _hyper_1_333_chunk  (cost=0.00..4.99 rows=99 width=8) (actual time=0.130..0.184 rows=168 loops=1)

                          Buffers: shared read=4

              ->  Partial Aggregate  (cost=5.24..5.25 rows=1 width=32) (actual time=0.257..0.258 rows=1 loops=1)

                    Buffers: shared read=4

                    ->  Parallel Seq Scan on _hyper_1_334_chunk  (cost=0.00..4.99 rows=99 width=8) (actual time=0.174..0.224 rows=168 loops=1)

                          Buffers: shared read=4

              ->  Partial Aggregate  (cost=5.24..5.25 rows=1 width=32) (actual time=0.334..0.335 rows=1 loops=1)

                    Buffers: shared read=4

                    ->  Parallel Seq Scan on _hyper_1_335_chunk  (cost=0.00..4.99 rows=99 width=8) (actual time=0.238..0.304 rows=168 loops=1)

                          Buffers: shared read=4

              ->  Partial Aggregate  (cost=5.24..5.25 rows=1 width=32) (actual time=0.266..0.267 rows=1 loops=1)

                    Buffers: shared read=4

                    ->  Parallel Seq Scan on _hyper_1_336_chunk  (cost=0.00..4.99 rows=99 width=8) (actual time=0.164..0.235 rows=168 loops=1)

                          Buffers: shared read=4

              ->  Partial Aggregate  (cost=5.24..5.25 rows=1 width=32) (actual time=0.358..0.359 rows=1 loops=1)

                    Buffers: shared read=4

                    ->  Parallel Seq Scan on _hyper_1_337_chunk  (cost=0.00..4.99 rows=99 width=8) (actual time=0.243..0.324 rows=168 loops=1)

                          Buffers: shared read=4

              ->  Partial Aggregate  (cost=5.24..5.25 rows=1 width=32) (actual time=0.297..0.298 rows=1 loops=1)

                    Buffers: shared read=4

                    ->  Parallel Seq Scan on _hyper_1_338_chunk  (cost=0.00..4.99 rows=99 width=8) (actual time=0.187..0.264 rows=168 loops=1)

                          Buffers: shared read=4

              ->  Partial Aggregate  (cost=5.24..5.25 rows=1 width=32) (actual time=0.281..0.282 rows=1 loops=1)

                    Buffers: shared read=4

                    ->  Parallel Seq Scan on _hyper_1_339_chunk  (cost=0.00..4.99 rows=99 width=8) (actual time=0.165..0.246 rows=168 loops=1)

                          Buffers: shared read=4

              ->  Partial Aggregate  (cost=5.24..5.25 rows=1 width=32) (actual time=0.288..0.289 rows=1 loops=1)

                    Buffers: shared read=4

                    ->  Parallel Seq Scan on _hyper_1_340_chunk  (cost=0.00..4.99 rows=99 width=8) (actual time=0.175..0.254 rows=168 loops=1)

                          Buffers: shared read=4

              ->  Partial Aggregate  (cost=5.24..5.25 rows=1 width=32) (actual time=0.248..0.249 rows=1 loops=1)

                    Buffers: shared read=4

                    ->  Parallel Seq Scan on _hyper_1_341_chunk  (cost=0.00..4.99 rows=99 width=8) (actual time=0.173..0.224 rows=168 loops=1)

                          Buffers: shared read=4

              ->  Partial Aggregate  (cost=5.24..5.25 rows=1 width=32) (actual time=0.339..0.340 rows=1 loops=1)

                    Buffers: shared read=4

                    ->  Parallel Seq Scan on _hyper_1_342_chunk  (cost=0.00..4.99 rows=99 width=8) (actual time=0.259..0.309 rows=168 loops=1)

                          Buffers: shared read=4

              ->  Partial Aggregate  (cost=5.24..5.25 rows=1 width=32) (actual time=0.253..0.254 rows=1 loops=1)

                    Buffers: shared read=4

                    ->  Parallel Seq Scan on _hyper_1_343_chunk  (cost=0.00..4.99 rows=99 width=8) (actual time=0.181..0.231 rows=168 loops=1)

                          Buffers: shared read=4

              ->  Partial Aggregate  (cost=5.24..5.25 rows=1 width=32) (actual time=0.355..0.356 rows=1 loops=1)

                    Buffers: shared read=4

                    ->  Parallel Seq Scan on _hyper_1_344_chunk  (cost=0.00..4.99 rows=99 width=8) (actual time=0.259..0.326 rows=168 loops=1)

                          Buffers: shared read=4

              ->  Partial Aggregate  (cost=5.24..5.25 rows=1 width=32) (actual time=0.268..0.269 rows=1 loops=1)

                    Buffers: shared read=4

                    ->  Parallel Seq Scan on _hyper_1_345_chunk  (cost=0.00..4.99 rows=99 width=8) (actual time=0.168..0.237 rows=168 loops=1)

                          Buffers: shared read=4

              ->  Partial Aggregate  (cost=5.24..5.25 rows=1 width=32) (actual time=0.312..0.313 rows=1 loops=1)

                    Buffers: shared read=4

                    ->  Parallel Seq Scan on _hyper_1_346_chunk  (cost=0.00..4.99 rows=99 width=8) (actual time=0.244..0.290 rows=168 loops=1)

                          Buffers: shared read=4

              ->  Partial Aggregate  (cost=5.24..5.25 rows=1 width=32) (actual time=0.454..0.455 rows=1 loops=1)

                    Buffers: shared read=4

                    ->  Parallel Seq Scan on _hyper_1_347_chunk  (cost=0.00..4.99 rows=99 width=8) (actual time=0.384..0.432 rows=168 loops=1)

                          Buffers: shared read=4

              ->  Partial Aggregate  (cost=5.24..5.25 rows=1 width=32) (actual time=0.302..0.302 rows=1 loops=1)

                    Buffers: shared read=4

                    ->  Parallel Seq Scan on _hyper_1_348_chunk  (cost=0.00..4.99 rows=99 width=8) (actual time=0.231..0.277 rows=168 loops=1)

                          Buffers: shared read=4

              ->  Partial Aggregate  (cost=5.24..5.25 rows=1 width=32) (actual time=0.239..0.240 rows=1 loops=1)

                    Buffers: shared read=4

                    ->  Parallel Seq Scan on _hyper_1_349_chunk  (cost=0.00..4.99 rows=99 width=8) (actual time=0.154..0.213 rows=168 loops=1)

                          Buffers: shared read=4

              ->  Partial Aggregate  (cost=5.24..5.25 rows=1 width=32) (actual time=0.206..0.206 rows=1 loops=1)

                    Buffers: shared read=4

                    ->  Parallel Seq Scan on _hyper_1_350_chunk  (cost=0.00..4.99 rows=99 width=8) (actual time=0.116..0.178 rows=168 loops=1)

                          Buffers: shared read=4

              ->  Partial Aggregate  (cost=5.24..5.25 rows=1 width=32) (actual time=0.250..0.250 rows=1 loops=1)

                    Buffers: shared read=4

                    ->  Parallel Seq Scan on _hyper_1_351_chunk  (cost=0.00..4.99 rows=99 width=8) (actual time=0.170..0.225 rows=168 loops=1)

                          Buffers: shared read=4

              ->  Partial Aggregate  (cost=5.24..5.25 rows=1 width=32) (actual time=0.256..0.257 rows=1 loops=1)

                    Buffers: shared read=4

                    ->  Parallel Seq Scan on _hyper_1_352_chunk  (cost=0.00..4.99 rows=99 width=8) (actual time=0.171..0.230 rows=168 loops=1)

                          Buffers: shared read=4

              ->  Partial Aggregate  (cost=5.24..5.25 rows=1 width=32) (actual time=0.363..0.364 rows=1 loops=1)

                    Buffers: shared read=4

                    ->  Parallel Seq Scan on _hyper_1_353_chunk  (cost=0.00..4.99 rows=99 width=8) (actual time=0.260..0.334 rows=168 loops=1)

                          Buffers: shared read=4

              ->  Partial Aggregate  (cost=5.24..5.25 rows=1 width=32) (actual time=0.317..0.318 rows=1 loops=1)

                    Buffers: shared read=4

                    ->  Parallel Seq Scan on _hyper_1_354_chunk  (cost=0.00..4.99 rows=99 width=8) (actual time=0.205..0.279 rows=168 loops=1)

                          Buffers: shared read=4

              ->  Partial Aggregate  (cost=5.24..5.25 rows=1 width=32) (actual time=0.273..0.273 rows=1 loops=1)

                    Buffers: shared read=4

                    ->  Parallel Seq Scan on _hyper_1_355_chunk  (cost=0.00..4.99 rows=99 width=8) (actual time=0.204..0.250 rows=168 loops=1)

                          Buffers: shared read=4

              ->  Partial Aggregate  (cost=5.24..5.25 rows=1 width=32) (actual time=0.368..0.369 rows=1 loops=1)

                    Buffers: shared read=4

                    ->  Parallel Seq Scan on _hyper_1_357_chunk  (cost=0.00..4.99 rows=99 width=8) (actual time=0.297..0.345 rows=168 loops=1)

                          Buffers: shared read=4

              ->  Partial Aggregate  (cost=5.24..5.25 rows=1 width=32) (actual time=0.261..0.262 rows=1 loops=1)

                    Buffers: shared read=4

                    ->  Parallel Seq Scan on _hyper_1_358_chunk  (cost=0.00..4.99 rows=99 width=8) (actual time=0.187..0.237 rows=168 loops=1)

                          Buffers: shared read=4

              ->  Partial Aggregate  (cost=5.24..5.25 rows=1 width=32) (actual time=0.239..0.240 rows=1 loops=1)

                    Buffers: shared read=4

                    ->  Parallel Seq Scan on _hyper_1_359_chunk  (cost=0.00..4.99 rows=99 width=8) (actual time=0.165..0.215 rows=168 loops=1)

                          Buffers: shared read=4

              ->  Partial Aggregate  (cost=5.24..5.25 rows=1 width=32) (actual time=0.255..0.256 rows=1 loops=1)

                    Buffers: shared read=4

                    ->  Parallel Seq Scan on _hyper_1_360_chunk  (cost=0.00..4.99 rows=99 width=8) (actual time=0.162..0.225 rows=168 loops=1)

                          Buffers: shared read=4

              ->  Partial Aggregate  (cost=5.24..5.25 rows=1 width=32) (actual time=0.221..0.222 rows=1 loops=1)

                    Buffers: shared read=4

                    ->  Parallel Seq Scan on _hyper_1_361_chunk  (cost=0.00..4.99 rows=99 width=8) (actual time=0.122..0.191 rows=168 loops=1)

                          Buffers: shared read=4

              ->  Partial Aggregate  (cost=5.24..5.25 rows=1 width=32) (actual time=0.283..0.284 rows=1 loops=1)

                    Buffers: shared read=4

                    ->  Parallel Seq Scan on _hyper_1_362_chunk  (cost=0.00..4.99 rows=99 width=8) (actual time=0.195..0.258 rows=168 loops=1)

                          Buffers: shared read=4

              ->  Partial Aggregate  (cost=5.24..5.25 rows=1 width=32) (actual time=0.310..0.311 rows=1 loops=1)

                    Buffers: shared read=4

                    ->  Parallel Seq Scan on _hyper_1_363_chunk  (cost=0.00..4.99 rows=99 width=8) (actual time=0.227..0.283 rows=168 loops=1)

                          Buffers: shared read=4

              ->  Partial Aggregate  (cost=5.24..5.25 rows=1 width=32) (actual time=0.282..0.283 rows=1 loops=1)

                    Buffers: shared read=4

                    ->  Parallel Seq Scan on _hyper_1_364_chunk  (cost=0.00..4.99 rows=99 width=8) (actual time=0.198..0.255 rows=168 loops=1)

                          Buffers: shared read=4

              ->  Partial Aggregate  (cost=5.24..5.25 rows=1 width=32) (actual time=0.270..0.270 rows=1 loops=1)

                    Buffers: shared read=4

                    ->  Parallel Seq Scan on _hyper_1_365_chunk  (cost=0.00..4.99 rows=99 width=8) (actual time=0.180..0.241 rows=168 loops=1)

                          Buffers: shared read=4

              ->  Partial Aggregate  (cost=5.24..5.25 rows=1 width=32) (actual time=0.246..0.246 rows=1 loops=1)

                    Buffers: shared read=4

                    ->  Parallel Seq Scan on _hyper_1_366_chunk  (cost=0.00..4.99 rows=99 width=8) (actual time=0.169..0.221 rows=168 loops=1)

                          Buffers: shared read=4

              ->  Partial Aggregate  (cost=5.24..5.25 rows=1 width=32) (actual time=0.267..0.268 rows=1 loops=1)

                    Buffers: shared read=4

                    ->  Parallel Seq Scan on _hyper_1_368_chunk  (cost=0.00..4.99 rows=99 width=8) (actual time=0.186..0.241 rows=168 loops=1)

                          Buffers: shared read=4

              ->  Partial Aggregate  (cost=5.24..5.25 rows=1 width=32) (actual time=0.271..0.272 rows=1 loops=1)

                    Buffers: shared read=4

                    ->  Parallel Seq Scan on _hyper_1_369_chunk  (cost=0.00..4.99 rows=99 width=8) (actual time=0.196..0.247 rows=168 loops=1)

                          Buffers: shared read=4

              ->  Partial Aggregate  (cost=5.24..5.25 rows=1 width=32) (actual time=0.276..0.277 rows=1 loops=1)

                    Buffers: shared read=4

                    ->  Parallel Seq Scan on _hyper_1_370_chunk  (cost=0.00..4.99 rows=99 width=8) (actual time=0.192..0.249 rows=168 loops=1)

                          Buffers: shared read=4

              ->  Partial Aggregate  (cost=5.24..5.25 rows=1 width=32) (actual time=0.289..0.290 rows=1 loops=1)

                    Buffers: shared read=4

                    ->  Parallel Seq Scan on _hyper_1_371_chunk  (cost=0.00..4.99 rows=99 width=8) (actual time=0.199..0.259 rows=168 loops=1)

                          Buffers: shared read=4

              ->  Partial Aggregate  (cost=5.24..5.25 rows=1 width=32) (actual time=0.256..0.257 rows=1 loops=1)

                    Buffers: shared read=4

                    ->  Parallel Seq Scan on _hyper_1_372_chunk  (cost=0.00..4.99 rows=99 width=8) (actual time=0.162..0.226 rows=168 loops=1)

                          Buffers: shared read=4

              ->  Partial Aggregate  (cost=5.24..5.25 rows=1 width=32) (actual time=0.292..0.293 rows=1 loops=1)

                    Buffers: shared read=4

                    ->  Parallel Seq Scan on _hyper_1_373_chunk  (cost=0.00..4.99 rows=99 width=8) (actual time=0.187..0.261 rows=168 loops=1)

                          Buffers: shared read=4

              ->  Partial Aggregate  (cost=5.24..5.25 rows=1 width=32) (actual time=0.267..0.268 rows=1 loops=1)

                    Buffers: shared read=4

                    ->  Parallel Seq Scan on _hyper_1_374_chunk  (cost=0.00..4.99 rows=99 width=8) (actual time=0.158..0.235 rows=168 loops=1)

                          Buffers: shared read=4

              ->  Partial Aggregate  (cost=5.24..5.25 rows=1 width=32) (actual time=0.304..0.306 rows=1 loops=1)

                    Buffers: shared read=4

                    ->  Parallel Seq Scan on _hyper_1_375_chunk  (cost=0.00..4.99 rows=99 width=8) (actual time=0.190..0.270 rows=168 loops=1)

                          Buffers: shared read=4

              ->  Partial Aggregate  (cost=5.24..5.25 rows=1 width=32) (actual time=0.268..0.268 rows=1 loops=1)

                    Buffers: shared read=4

                    ->  Parallel Seq Scan on _hyper_1_376_chunk  (cost=0.00..4.99 rows=99 width=8) (actual time=0.157..0.233 rows=168 loops=1)

                          Buffers: shared read=4

              ->  Partial Aggregate  (cost=5.24..5.25 rows=1 width=32) (actual time=0.289..0.290 rows=1 loops=1)

                    Buffers: shared read=4

                    ->  Parallel Seq Scan on _hyper_1_377_chunk  (cost=0.00..4.99 rows=99 width=8) (actual time=0.204..0.264 rows=168 loops=1)

                          Buffers: shared read=4

              ->  Partial Aggregate  (cost=5.24..5.25 rows=1 width=32) (actual time=0.416..0.418 rows=1 loops=1)

                    Buffers: shared read=4

                    ->  Parallel Seq Scan on _hyper_1_378_chunk  (cost=0.00..4.99 rows=99 width=8) (actual time=0.342..0.392 rows=168 loops=1)

                          Buffers: shared read=4

              ->  Partial Aggregate  (cost=5.24..5.25 rows=1 width=32) (actual time=0.264..0.265 rows=1 loops=1)

                    Buffers: shared read=4

                    ->  Parallel Seq Scan on _hyper_1_379_chunk  (cost=0.00..4.99 rows=99 width=8) (actual time=0.191..0.240 rows=168 loops=1)

                          Buffers: shared read=4

              ->  Partial Aggregate  (cost=5.24..5.25 rows=1 width=32) (actual time=0.253..0.254 rows=1 loops=1)

                    Buffers: shared read=4

                    ->  Parallel Seq Scan on _hyper_1_380_chunk  (cost=0.00..4.99 rows=99 width=8) (actual time=0.167..0.226 rows=168 loops=1)

                          Buffers: shared read=4

              ->  Partial Aggregate  (cost=5.24..5.25 rows=1 width=32) (actual time=0.207..0.208 rows=1 loops=1)

                    Buffers: shared read=4

                    ->  Parallel Seq Scan on _hyper_1_381_chunk  (cost=0.00..4.99 rows=99 width=8) (actual time=0.117..0.179 rows=168 loops=1)

                          Buffers: shared read=4

              ->  Partial Aggregate  (cost=5.24..5.25 rows=1 width=32) (actual time=0.251..0.252 rows=1 loops=1)

                    Buffers: shared read=4

                    ->  Parallel Seq Scan on _hyper_1_382_chunk  (cost=0.00..4.99 rows=99 width=8) (actual time=0.182..0.228 rows=168 loops=1)

                          Buffers: shared read=4

              ->  Partial Aggregate  (cost=5.24..5.25 rows=1 width=32) (actual time=0.286..0.287 rows=1 loops=1)

                    Buffers: shared read=4

                    ->  Parallel Seq Scan on _hyper_1_383_chunk  (cost=0.00..4.99 rows=99 width=8) (actual time=0.214..0.262 rows=168 loops=1)

                          Buffers: shared read=4

              ->  Partial Aggregate  (cost=5.24..5.25 rows=1 width=32) (actual time=0.270..0.271 rows=1 loops=1)

                    Buffers: shared read=4

                    ->  Parallel Seq Scan on _hyper_1_384_chunk  (cost=0.00..4.99 rows=99 width=8) (actual time=0.174..0.241 rows=168 loops=1)

                          Buffers: shared read=4

              ->  Partial Aggregate  (cost=5.24..5.25 rows=1 width=32) (actual time=0.221..0.222 rows=1 loops=1)

                    Buffers: shared read=4

                    ->  Parallel Seq Scan on _hyper_1_385_chunk  (cost=0.00..4.99 rows=99 width=8) (actual time=0.111..0.190 rows=168 loops=1)

                          Buffers: shared read=4

              ->  Partial Aggregate  (cost=5.24..5.25 rows=1 width=32) (actual time=0.260..0.261 rows=1 loops=1)

                    Buffers: shared read=4

                    ->  Parallel Seq Scan on _hyper_1_386_chunk  (cost=0.00..4.99 rows=99 width=8) (actual time=0.189..0.238 rows=168 loops=1)

                          Buffers: shared read=4

              ->  Partial Aggregate  (cost=5.24..5.25 rows=1 width=32) (actual time=0.310..0.310 rows=1 loops=1)

                    Buffers: shared read=4

                    ->  Parallel Seq Scan on _hyper_1_387_chunk  (cost=0.00..4.99 rows=99 width=8) (actual time=0.235..0.285 rows=168 loops=1)

                          Buffers: shared read=4

              ->  Partial Aggregate  (cost=5.24..5.25 rows=1 width=32) (actual time=0.312..0.313 rows=1 loops=1)

                    Buffers: shared read=4

                    ->  Parallel Seq Scan on _hyper_1_388_chunk  (cost=0.00..4.99 rows=99 width=8) (actual time=0.238..0.287 rows=168 loops=1)

                          Buffers: shared read=4

              ->  Partial Aggregate  (cost=5.24..5.25 rows=1 width=32) (actual time=0.328..0.328 rows=1 loops=1)

                    Buffers: shared read=4

                    ->  Parallel Seq Scan on _hyper_1_389_chunk  (cost=0.00..4.99 rows=99 width=8) (actual time=0.239..0.298 rows=168 loops=1)

                          Buffers: shared read=4

              ->  Partial Aggregate  (cost=5.24..5.25 rows=1 width=32) (actual time=0.227..0.228 rows=1 loops=1)

                    Buffers: shared read=4

                    ->  Parallel Seq Scan on _hyper_1_390_chunk  (cost=0.00..4.99 rows=99 width=8) (actual time=0.146..0.200 rows=168 loops=1)

                          Buffers: shared read=4

              ->  Partial Aggregate  (cost=5.24..5.25 rows=1 width=32) (actual time=0.259..0.260 rows=1 loops=1)

                    Buffers: shared read=4

                    ->  Parallel Seq Scan on _hyper_1_391_chunk  (cost=0.00..4.99 rows=99 width=8) (actual time=0.187..0.235 rows=168 loops=1)

                          Buffers: shared read=4

              ->  Partial Aggregate  (cost=5.24..5.25 rows=1 width=32) (actual time=0.334..0.335 rows=1 loops=1)

                    Buffers: shared read=4

                    ->  Parallel Seq Scan on _hyper_1_392_chunk  (cost=0.00..4.99 rows=99 width=8) (actual time=0.254..0.308 rows=168 loops=1)

                          Buffers: shared read=4

              ->  Partial Aggregate  (cost=5.24..5.25 rows=1 width=32) (actual time=0.281..0.282 rows=1 loops=1)

                    Buffers: shared read=4

                    ->  Parallel Seq Scan on _hyper_1_393_chunk  (cost=0.00..4.99 rows=99 width=8) (actual time=0.193..0.252 rows=168 loops=1)

                          Buffers: shared read=4

              ->  Partial Aggregate  (cost=5.24..5.25 rows=1 width=32) (actual time=0.276..0.277 rows=1 loops=1)

                    Buffers: shared read=4

                    ->  Parallel Seq Scan on _hyper_1_394_chunk  (cost=0.00..4.99 rows=99 width=8) (actual time=0.186..0.250 rows=168 loops=1)

                          Buffers: shared read=4

              ->  Partial Aggregate  (cost=5.24..5.25 rows=1 width=32) (actual time=0.246..0.246 rows=1 loops=1)

                    Buffers: shared read=4

                    ->  Parallel Seq Scan on _hyper_1_395_chunk  (cost=0.00..4.99 rows=99 width=8) (actual time=0.145..0.217 rows=168 loops=1)

                          Buffers: shared read=4

              ->  Partial Aggregate  (cost=5.24..5.25 rows=1 width=32) (actual time=0.260..0.261 rows=1 loops=1)

                    Buffers: shared read=4

                    ->  Parallel Seq Scan on _hyper_1_396_chunk  (cost=0.00..4.99 rows=99 width=8) (actual time=0.189..0.237 rows=168 loops=1)

                          Buffers: shared read=4

              ->  Partial Aggregate  (cost=5.24..5.25 rows=1 width=32) (actual time=0.297..0.298 rows=1 loops=1)

                    Buffers: shared read=4

                    ->  Parallel Seq Scan on _hyper_1_397_chunk  (cost=0.00..4.99 rows=99 width=8) (actual time=0.228..0.275 rows=168 loops=1)

                          Buffers: shared read=4

              ->  Partial Aggregate  (cost=5.24..5.25 rows=1 width=32) (actual time=0.291..0.292 rows=1 loops=1)

                    Buffers: shared read=4

                    ->  Parallel Seq Scan on _hyper_1_398_chunk  (cost=0.00..4.99 rows=99 width=8) (actual time=0.192..0.261 rows=168 loops=1)

                          Buffers: shared read=4

              ->  Partial Aggregate  (cost=5.24..5.25 rows=1 width=32) (actual time=0.236..0.237 rows=1 loops=1)

                    Buffers: shared read=4

                    ->  Parallel Seq Scan on _hyper_1_399_chunk  (cost=0.00..4.99 rows=99 width=8) (actual time=0.119..0.194 rows=168 loops=1)

                          Buffers: shared read=4

              ->  Partial Aggregate  (cost=5.24..5.25 rows=1 width=32) (actual time=0.325..0.325 rows=1 loops=1)

                    Buffers: shared read=4

                    ->  Parallel Seq Scan on _hyper_1_400_chunk  (cost=0.00..4.99 rows=99 width=8) (actual time=0.256..0.303 rows=168 loops=1)

                          Buffers: shared read=4

              ->  Partial Aggregate  (cost=5.24..5.25 rows=1 width=32) (actual time=0.272..0.272 rows=1 loops=1)

                    Buffers: shared read=4

                    ->  Parallel Seq Scan on _hyper_1_401_chunk  (cost=0.00..4.99 rows=99 width=8) (actual time=0.201..0.249 rows=168 loops=1)

                          Buffers: shared read=4

              ->  Partial Aggregate  (cost=5.24..5.25 rows=1 width=32) (actual time=0.244..0.245 rows=1 loops=1)

                    Buffers: shared read=4

                    ->  Parallel Seq Scan on _hyper_1_402_chunk  (cost=0.00..4.99 rows=99 width=8) (actual time=0.175..0.222 rows=168 loops=1)

                          Buffers: shared read=4

              ->  Partial Aggregate  (cost=5.24..5.25 rows=1 width=32) (actual time=0.228..0.229 rows=1 loops=1)

                    Buffers: shared read=4

                    ->  Parallel Seq Scan on _hyper_1_403_chunk  (cost=0.00..4.99 rows=99 width=8) (actual time=0.159..0.206 rows=168 loops=1)

                          Buffers: shared read=4

              ->  Partial Aggregate  (cost=5.24..5.25 rows=1 width=32) (actual time=0.173..0.174 rows=1 loops=1)

                    Buffers: shared read=4

                    ->  Parallel Seq Scan on _hyper_1_404_chunk  (cost=0.00..4.99 rows=99 width=8) (actual time=0.104..0.151 rows=168 loops=1)

                          Buffers: shared read=4

              ->  Partial Aggregate  (cost=5.24..5.25 rows=1 width=32) (actual time=0.326..0.327 rows=1 loops=1)

                    Buffers: shared read=4

                    ->  Parallel Seq Scan on _hyper_1_405_chunk  (cost=0.00..4.99 rows=99 width=8) (actual time=0.256..0.304 rows=168 loops=1)

                          Buffers: shared read=4

              ->  Partial Aggregate  (cost=5.24..5.25 rows=1 width=32) (actual time=0.277..0.278 rows=1 loops=1)

                    Buffers: shared read=4

                    ->  Parallel Seq Scan on _hyper_1_406_chunk  (cost=0.00..4.99 rows=99 width=8) (actual time=0.208..0.254 rows=168 loops=1)

                          Buffers: shared read=4

              ->  Partial Aggregate  (cost=5.24..5.25 rows=1 width=32) (actual time=0.216..0.217 rows=1 loops=1)

                    Buffers: shared read=4

                    ->  Parallel Seq Scan on _hyper_1_407_chunk  (cost=0.00..4.99 rows=99 width=8) (actual time=0.146..0.194 rows=168 loops=1)

                          Buffers: shared read=4

              ->  Partial Aggregate  (cost=5.24..5.25 rows=1 width=32) (actual time=0.185..0.186 rows=1 loops=1)

                    Buffers: shared read=4

                    ->  Parallel Seq Scan on _hyper_1_408_chunk  (cost=0.00..4.99 rows=99 width=8) (actual time=0.116..0.163 rows=168 loops=1)

                          Buffers: shared read=4

              ->  Partial Aggregate  (cost=5.24..5.25 rows=1 width=32) (actual time=0.242..0.243 rows=1 loops=1)

                    Buffers: shared read=4

                    ->  Parallel Seq Scan on _hyper_1_409_chunk  (cost=0.00..4.99 rows=99 width=8) (actual time=0.178..0.221 rows=168 loops=1)

                          Buffers: shared read=4

              ->  Partial Aggregate  (cost=5.24..5.25 rows=1 width=32) (actual time=0.243..0.244 rows=1 loops=1)

                    Buffers: shared read=4

                    ->  Parallel Seq Scan on _hyper_1_411_chunk  (cost=0.00..4.99 rows=99 width=8) (actual time=0.179..0.222 rows=168 loops=1)

                          Buffers: shared read=4

              ->  Partial Aggregate  (cost=5.24..5.25 rows=1 width=32) (actual time=0.166..0.166 rows=1 loops=1)

                    Buffers: shared read=4

                    ->  Parallel Seq Scan on _hyper_1_412_chunk  (cost=0.00..4.99 rows=99 width=8) (actual time=0.102..0.145 rows=168 loops=1)

                          Buffers: shared read=4

              ->  Partial Aggregate  (cost=5.24..5.25 rows=1 width=32) (actual time=0.312..0.313 rows=1 loops=1)

                    Buffers: shared read=4

                    ->  Parallel Seq Scan on _hyper_1_413_chunk  (cost=0.00..4.99 rows=99 width=8) (actual time=0.248..0.291 rows=168 loops=1)

                          Buffers: shared read=4

              ->  Partial Aggregate  (cost=5.24..5.25 rows=1 width=32) (actual time=0.250..0.251 rows=1 loops=1)

                    Buffers: shared read=4

                    ->  Parallel Seq Scan on _hyper_1_414_chunk  (cost=0.00..4.99 rows=99 width=8) (actual time=0.186..0.229 rows=168 loops=1)

                          Buffers: shared read=4

              ->  Partial Aggregate  (cost=5.24..5.25 rows=1 width=32) (actual time=0.220..0.221 rows=1 loops=1)

                    Buffers: shared read=4

                    ->  Parallel Seq Scan on _hyper_1_415_chunk  (cost=0.00..4.99 rows=99 width=8) (actual time=0.155..0.199 rows=168 loops=1)

                          Buffers: shared read=4

              ->  Partial Aggregate  (cost=5.24..5.25 rows=1 width=32) (actual time=0.228..0.229 rows=1 loops=1)

                    Buffers: shared read=4

                    ->  Parallel Seq Scan on _hyper_1_416_chunk  (cost=0.00..4.99 rows=99 width=8) (actual time=0.164..0.207 rows=168 loops=1)

                          Buffers: shared read=4

              ->  Partial Aggregate  (cost=5.24..5.25 rows=1 width=32) (actual time=0.286..0.286 rows=1 loops=1)

                    Buffers: shared read=4

                    ->  Parallel Seq Scan on _hyper_1_417_chunk  (cost=0.00..4.99 rows=99 width=8) (actual time=0.221..0.265 rows=168 loops=1)

                          Buffers: shared read=4

              ->  Partial Aggregate  (cost=5.24..5.25 rows=1 width=32) (actual time=0.280..0.280 rows=1 loops=1)

                    Buffers: shared read=4

                    ->  Parallel Seq Scan on _hyper_1_418_chunk  (cost=0.00..4.99 rows=99 width=8) (actual time=0.216..0.259 rows=168 loops=1)

                          Buffers: shared read=4

              ->  Partial Aggregate  (cost=5.24..5.25 rows=1 width=32) (actual time=0.228..0.229 rows=1 loops=1)

                    Buffers: shared read=4

                    ->  Parallel Seq Scan on _hyper_1_419_chunk  (cost=0.00..4.99 rows=99 width=8) (actual time=0.167..0.208 rows=168 loops=1)

                          Buffers: shared read=4

              ->  Partial Aggregate  (cost=5.24..5.25 rows=1 width=32) (actual time=0.294..0.295 rows=1 loops=1)

                    Buffers: shared read=4

                    ->  Parallel Seq Scan on _hyper_1_420_chunk  (cost=0.00..4.99 rows=99 width=8) (actual time=0.233..0.275 rows=168 loops=1)

                          Buffers: shared read=4

              ->  Partial Aggregate  (cost=5.24..5.25 rows=1 width=32) (actual time=0.158..0.159 rows=1 loops=1)

                    Buffers: shared read=4

                    ->  Parallel Seq Scan on _hyper_1_421_chunk  (cost=0.00..4.99 rows=99 width=8) (actual time=0.099..0.139 rows=168 loops=1)

                          Buffers: shared read=4

              ->  Partial Aggregate  (cost=5.24..5.25 rows=1 width=32) (actual time=0.285..0.285 rows=1 loops=1)

                    Buffers: shared read=4

                    ->  Parallel Seq Scan on _hyper_1_422_chunk  (cost=0.00..4.99 rows=99 width=8) (actual time=0.168..0.262 rows=168 loops=1)

                          Buffers: shared read=4

              ->  Partial Aggregate  (cost=5.24..5.25 rows=1 width=32) (actual time=0.248..0.249 rows=1 loops=1)

                    Buffers: shared read=4

                    ->  Parallel Seq Scan on _hyper_1_423_chunk  (cost=0.00..4.99 rows=99 width=8) (actual time=0.188..0.229 rows=168 loops=1)

                          Buffers: shared read=4

              ->  Partial Aggregate  (cost=5.24..5.25 rows=1 width=32) (actual time=0.382..0.383 rows=1 loops=1)

                    Buffers: shared read=4

                    ->  Parallel Seq Scan on _hyper_1_424_chunk  (cost=0.00..4.99 rows=99 width=8) (actual time=0.282..0.352 rows=168 loops=1)

                          Buffers: shared read=4

              ->  Partial Aggregate  (cost=5.24..5.25 rows=1 width=32) (actual time=0.398..0.399 rows=1 loops=1)

                    Buffers: shared read=4

                    ->  Parallel Seq Scan on _hyper_1_425_chunk  (cost=0.00..4.99 rows=99 width=8) (actual time=0.338..0.379 rows=168 loops=1)

                          Buffers: shared read=4

              ->  Partial Aggregate  (cost=5.24..5.25 rows=1 width=32) (actual time=0.215..0.216 rows=1 loops=1)

                    Buffers: shared read=4

                    ->  Parallel Seq Scan on _hyper_1_426_chunk  (cost=0.00..4.99 rows=99 width=8) (actual time=0.148..0.190 rows=168 loops=1)

                          Buffers: shared read=4

              ->  Partial Aggregate  (cost=5.24..5.25 rows=1 width=32) (actual time=0.182..0.183 rows=1 loops=1)

                    Buffers: shared read=4

                    ->  Parallel Seq Scan on _hyper_1_427_chunk  (cost=0.00..4.99 rows=99 width=8) (actual time=0.118..0.161 rows=168 loops=1)

                          Buffers: shared read=4

              ->  Partial Aggregate  (cost=5.24..5.25 rows=1 width=32) (actual time=0.243..0.244 rows=1 loops=1)

                    Buffers: shared read=4

                    ->  Parallel Seq Scan on _hyper_1_428_chunk  (cost=0.00..4.99 rows=99 width=8) (actual time=0.179..0.222 rows=168 loops=1)

                          Buffers: shared read=4

              ->  Partial Aggregate  (cost=5.24..5.25 rows=1 width=32) (actual time=0.332..0.333 rows=1 loops=1)

                    Buffers: shared read=4

                    ->  Parallel Seq Scan on _hyper_1_429_chunk  (cost=0.00..4.99 rows=99 width=8) (actual time=0.268..0.311 rows=168 loops=1)

                          Buffers: shared read=4

              ->  Partial Aggregate  (cost=5.24..5.25 rows=1 width=32) (actual time=0.202..0.203 rows=1 loops=1)

                    Buffers: shared read=4

                    ->  Parallel Seq Scan on _hyper_1_430_chunk  (cost=0.00..4.99 rows=99 width=8) (actual time=0.138..0.182 rows=168 loops=1)

                          Buffers: shared read=4

              ->  Partial Aggregate  (cost=5.24..5.25 rows=1 width=32) (actual time=0.165..0.166 rows=1 loops=1)

                    Buffers: shared read=4

                    ->  Parallel Seq Scan on _hyper_1_431_chunk  (cost=0.00..4.99 rows=99 width=8) (actual time=0.100..0.144 rows=168 loops=1)

                          Buffers: shared read=4

              ->  Partial Aggregate  (cost=5.24..5.25 rows=1 width=32) (actual time=0.291..0.291 rows=1 loops=1)

                    Buffers: shared read=4

                    ->  Parallel Seq Scan on _hyper_1_432_chunk  (cost=0.00..4.99 rows=99 width=8) (actual time=0.173..0.270 rows=168 loops=1)

                          Buffers: shared read=4

              ->  Partial Aggregate  (cost=5.24..5.25 rows=1 width=32) (actual time=0.265..0.266 rows=1 loops=1)

                    Buffers: shared read=4

                    ->  Parallel Seq Scan on _hyper_1_433_chunk  (cost=0.00..4.99 rows=99 width=8) (actual time=0.144..0.244 rows=168 loops=1)

                          Buffers: shared read=4

              ->  Partial Aggregate  (cost=5.24..5.25 rows=1 width=32) (actual time=0.235..0.236 rows=1 loops=1)

                    Buffers: shared read=4

                    ->  Parallel Seq Scan on _hyper_1_434_chunk  (cost=0.00..4.99 rows=99 width=8) (actual time=0.164..0.213 rows=168 loops=1)

                          Buffers: shared read=4

              ->  Partial Aggregate  (cost=5.24..5.25 rows=1 width=32) (actual time=0.274..0.275 rows=1 loops=1)

                    Buffers: shared read=4

                    ->  Parallel Seq Scan on _hyper_1_435_chunk  (cost=0.00..4.99 rows=99 width=8) (actual time=0.204..0.252 rows=168 loops=1)

                          Buffers: shared read=4

              ->  Partial Aggregate  (cost=5.24..5.25 rows=1 width=32) (actual time=0.245..0.246 rows=1 loops=1)

                    Buffers: shared read=4

                    ->  Parallel Seq Scan on _hyper_1_436_chunk  (cost=0.00..4.99 rows=99 width=8) (actual time=0.173..0.222 rows=168 loops=1)

                          Buffers: shared read=4

              ->  Partial Aggregate  (cost=5.24..5.25 rows=1 width=32) (actual time=0.210..0.211 rows=1 loops=1)

                    Buffers: shared read=4

                    ->  Parallel Seq Scan on _hyper_1_437_chunk  (cost=0.00..4.99 rows=99 width=8) (actual time=0.139..0.187 rows=168 loops=1)

                          Buffers: shared read=4

              ->  Partial Aggregate  (cost=5.24..5.25 rows=1 width=32) (actual time=0.296..0.297 rows=1 loops=1)

                    Buffers: shared read=4

                    ->  Parallel Seq Scan on _hyper_1_439_chunk  (cost=0.00..4.99 rows=99 width=8) (actual time=0.227..0.274 rows=168 loops=1)

                          Buffers: shared read=4

              ->  Partial Aggregate  (cost=5.24..5.25 rows=1 width=32) (actual time=0.270..0.271 rows=1 loops=1)

                    Buffers: shared read=4

                    ->  Parallel Seq Scan on _hyper_1_440_chunk  (cost=0.00..4.99 rows=99 width=8) (actual time=0.200..0.247 rows=168 loops=1)

                          Buffers: shared read=4

              ->  Partial Aggregate  (cost=5.24..5.25 rows=1 width=32) (actual time=0.235..0.236 rows=1 loops=1)

                    Buffers: shared read=4

                    ->  Parallel Seq Scan on _hyper_1_441_chunk  (cost=0.00..4.99 rows=99 width=8) (actual time=0.166..0.213 rows=168 loops=1)

                          Buffers: shared read=4

              ->  Partial Aggregate  (cost=5.24..5.25 rows=1 width=32) (actual time=0.477..0.479 rows=1 loops=1)

                    Buffers: shared read=4

                    ->  Parallel Seq Scan on _hyper_1_442_chunk  (cost=0.00..4.99 rows=99 width=8) (actual time=0.405..0.455 rows=168 loops=1)

                          Buffers: shared read=4

              ->  Partial Aggregate  (cost=5.24..5.25 rows=1 width=32) (actual time=0.238..0.239 rows=1 loops=1)

                    Buffers: shared read=4

                    ->  Parallel Seq Scan on _hyper_1_443_chunk  (cost=0.00..4.99 rows=99 width=8) (actual time=0.164..0.216 rows=168 loops=1)

                          Buffers: shared read=4

              ->  Partial Aggregate  (cost=5.24..5.25 rows=1 width=32) (actual time=0.286..0.287 rows=1 loops=1)

                    Buffers: shared read=4

                    ->  Parallel Seq Scan on _hyper_1_444_chunk  (cost=0.00..4.99 rows=99 width=8) (actual time=0.218..0.264 rows=168 loops=1)

                          Buffers: shared read=4

              ->  Partial Aggregate  (cost=5.24..5.25 rows=1 width=32) (actual time=0.361..0.361 rows=1 loops=1)

                    Buffers: shared read=4

                    ->  Parallel Seq Scan on _hyper_1_445_chunk  (cost=0.00..4.99 rows=99 width=8) (actual time=0.291..0.338 rows=168 loops=1)

                          Buffers: shared read=4

              ->  Partial Aggregate  (cost=5.24..5.25 rows=1 width=32) (actual time=0.216..0.217 rows=1 loops=1)

                    Buffers: shared read=4

                    ->  Parallel Seq Scan on _hyper_1_446_chunk  (cost=0.00..4.99 rows=99 width=8) (actual time=0.147..0.194 rows=168 loops=1)

                          Buffers: shared read=4

              ->  Partial Aggregate  (cost=5.24..5.25 rows=1 width=32) (actual time=0.157..0.158 rows=1 loops=1)

                    Buffers: shared read=4

                    ->  Parallel Seq Scan on _hyper_1_447_chunk  (cost=0.00..4.99 rows=99 width=8) (actual time=0.088..0.135 rows=168 loops=1)

                          Buffers: shared read=4

              ->  Partial Aggregate  (cost=5.24..5.25 rows=1 width=32) (actual time=0.254..0.255 rows=1 loops=1)

                    Buffers: shared read=4

                    ->  Parallel Seq Scan on _hyper_1_448_chunk  (cost=0.00..4.99 rows=99 width=8) (actual time=0.185..0.231 rows=168 loops=1)

                          Buffers: shared read=4

              ->  Partial Aggregate  (cost=5.24..5.25 rows=1 width=32) (actual time=0.298..0.299 rows=1 loops=1)

                    Buffers: shared read=4

                    ->  Parallel Seq Scan on _hyper_1_449_chunk  (cost=0.00..4.99 rows=99 width=8) (actual time=0.229..0.276 rows=168 loops=1)

                          Buffers: shared read=4

              ->  Partial Aggregate  (cost=5.24..5.25 rows=1 width=32) (actual time=0.302..0.303 rows=1 loops=1)

                    Buffers: shared read=4

                    ->  Parallel Seq Scan on _hyper_1_450_chunk  (cost=0.00..4.99 rows=99 width=8) (actual time=0.233..0.280 rows=168 loops=1)

                          Buffers: shared read=4

              ->  Partial Aggregate  (cost=5.24..5.25 rows=1 width=32) (actual time=0.237..0.237 rows=1 loops=1)

                    Buffers: shared read=4

                    ->  Parallel Seq Scan on _hyper_1_451_chunk  (cost=0.00..4.99 rows=99 width=8) (actual time=0.167..0.213 rows=168 loops=1)

                          Buffers: shared read=4

              ->  Partial Aggregate  (cost=5.24..5.25 rows=1 width=32) (actual time=0.241..0.242 rows=1 loops=1)

                    Buffers: shared read=4

                    ->  Parallel Seq Scan on _hyper_1_452_chunk  (cost=0.00..4.99 rows=99 width=8) (actual time=0.173..0.219 rows=168 loops=1)

                          Buffers: shared read=4

              ->  Partial Aggregate  (cost=5.24..5.25 rows=1 width=32) (actual time=0.254..0.255 rows=1 loops=1)

                    Buffers: shared read=4

                    ->  Parallel Seq Scan on _hyper_1_453_chunk  (cost=0.00..4.99 rows=99 width=8) (actual time=0.185..0.232 rows=168 loops=1)

                          Buffers: shared read=4

              ->  Partial Aggregate  (cost=5.24..5.25 rows=1 width=32) (actual time=0.239..0.240 rows=1 loops=1)

                    Buffers: shared read=4

                    ->  Parallel Seq Scan on _hyper_1_454_chunk  (cost=0.00..4.99 rows=99 width=8) (actual time=0.170..0.217 rows=168 loops=1)

                          Buffers: shared read=4

              ->  Partial Aggregate  (cost=5.24..5.25 rows=1 width=32) (actual time=0.318..0.318 rows=1 loops=1)

                    Buffers: shared read=4

                    ->  Parallel Seq Scan on _hyper_1_455_chunk  (cost=0.00..4.99 rows=99 width=8) (actual time=0.249..0.295 rows=168 loops=1)

                          Buffers: shared read=4

              ->  Partial Aggregate  (cost=5.24..5.25 rows=1 width=32) (actual time=0.280..0.280 rows=1 loops=1)

                    Buffers: shared read=4

                    ->  Parallel Seq Scan on _hyper_1_456_chunk  (cost=0.00..4.99 rows=99 width=8) (actual time=0.210..0.257 rows=168 loops=1)

                          Buffers: shared read=4

              ->  Partial Aggregate  (cost=5.24..5.25 rows=1 width=32) (actual time=0.221..0.222 rows=1 loops=1)

                    Buffers: shared read=4

                    ->  Parallel Seq Scan on _hyper_1_457_chunk  (cost=0.00..4.99 rows=99 width=8) (actual time=0.153..0.199 rows=168 loops=1)

                          Buffers: shared read=4

              ->  Partial Aggregate  (cost=5.24..5.25 rows=1 width=32) (actual time=0.182..0.183 rows=1 loops=1)

                    Buffers: shared read=4

                    ->  Parallel Seq Scan on _hyper_1_458_chunk  (cost=0.00..4.99 rows=99 width=8) (actual time=0.107..0.157 rows=168 loops=1)

                          Buffers: shared read=4

              ->  Partial Aggregate  (cost=5.24..5.25 rows=1 width=32) (actual time=0.309..0.310 rows=1 loops=1)

                    Buffers: shared read=4

                    ->  Parallel Seq Scan on _hyper_1_459_chunk  (cost=0.00..4.99 rows=99 width=8) (actual time=0.233..0.285 rows=168 loops=1)

                          Buffers: shared read=4

              ->  Partial Aggregate  (cost=5.24..5.25 rows=1 width=32) (actual time=0.251..0.253 rows=1 loops=1)

                    Buffers: shared read=4

                    ->  Parallel Seq Scan on _hyper_1_460_chunk  (cost=0.00..4.99 rows=99 width=8) (actual time=0.177..0.227 rows=168 loops=1)

                          Buffers: shared read=4

              ->  Partial Aggregate  (cost=5.24..5.25 rows=1 width=32) (actual time=0.328..0.329 rows=1 loops=1)

                    Buffers: shared read=4

                    ->  Parallel Seq Scan on _hyper_1_461_chunk  (cost=0.00..4.99 rows=99 width=8) (actual time=0.249..0.301 rows=168 loops=1)

                          Buffers: shared read=4

              ->  Partial Aggregate  (cost=5.24..5.25 rows=1 width=32) (actual time=0.258..0.259 rows=1 loops=1)

                    Buffers: shared read=4

                    ->  Parallel Seq Scan on _hyper_1_462_chunk  (cost=0.00..4.99 rows=99 width=8) (actual time=0.180..0.234 rows=168 loops=1)

                          Buffers: shared read=4

              ->  Partial Aggregate  (cost=5.24..5.25 rows=1 width=32) (actual time=0.319..0.320 rows=1 loops=1)

                    Buffers: shared read=4

                    ->  Parallel Seq Scan on _hyper_1_463_chunk  (cost=0.00..4.99 rows=99 width=8) (actual time=0.243..0.295 rows=168 loops=1)

                          Buffers: shared read=4

              ->  Partial Aggregate  (cost=5.24..5.25 rows=1 width=32) (actual time=0.338..0.339 rows=1 loops=1)

                    Buffers: shared read=4

                    ->  Parallel Seq Scan on _hyper_1_465_chunk  (cost=0.00..4.99 rows=99 width=8) (actual time=0.263..0.314 rows=168 loops=1)

                          Buffers: shared read=4

              ->  Partial Aggregate  (cost=5.24..5.25 rows=1 width=32) (actual time=0.233..0.234 rows=1 loops=1)

                    Buffers: shared read=4

                    ->  Parallel Seq Scan on _hyper_1_466_chunk  (cost=0.00..4.99 rows=99 width=8) (actual time=0.157..0.209 rows=168 loops=1)

                          Buffers: shared read=4

              ->  Partial Aggregate  (cost=5.24..5.25 rows=1 width=32) (actual time=0.238..0.239 rows=1 loops=1)

                    Buffers: shared read=4

                    ->  Parallel Seq Scan on _hyper_1_467_chunk  (cost=0.00..4.99 rows=99 width=8) (actual time=0.162..0.214 rows=168 loops=1)

                          Buffers: shared read=4

              ->  Partial Aggregate  (cost=5.24..5.25 rows=1 width=32) (actual time=0.306..0.307 rows=1 loops=1)

                    Buffers: shared read=4

                    ->  Parallel Seq Scan on _hyper_1_468_chunk  (cost=0.00..4.99 rows=99 width=8) (actual time=0.232..0.282 rows=168 loops=1)

                          Buffers: shared read=4

              ->  Partial Aggregate  (cost=5.24..5.25 rows=1 width=32) (actual time=0.312..0.313 rows=1 loops=1)

                    Buffers: shared read=4

                    ->  Parallel Seq Scan on _hyper_1_469_chunk  (cost=0.00..4.99 rows=99 width=8) (actual time=0.238..0.288 rows=168 loops=1)

                          Buffers: shared read=4

              ->  Partial Aggregate  (cost=5.24..5.25 rows=1 width=32) (actual time=0.260..0.261 rows=1 loops=1)

                    Buffers: shared read=4

                    ->  Parallel Seq Scan on _hyper_1_470_chunk  (cost=0.00..4.99 rows=99 width=8) (actual time=0.176..0.229 rows=168 loops=1)

                          Buffers: shared read=4

              ->  Partial Aggregate  (cost=5.24..5.25 rows=1 width=32) (actual time=0.281..0.282 rows=1 loops=1)

                    Buffers: shared read=4

                    ->  Parallel Seq Scan on _hyper_1_471_chunk  (cost=0.00..4.99 rows=99 width=8) (actual time=0.207..0.256 rows=168 loops=1)

                          Buffers: shared read=4

              ->  Partial Aggregate  (cost=5.24..5.25 rows=1 width=32) (actual time=0.267..0.268 rows=1 loops=1)

                    Buffers: shared read=4

                    ->  Parallel Seq Scan on _hyper_1_472_chunk  (cost=0.00..4.99 rows=99 width=8) (actual time=0.193..0.243 rows=168 loops=1)

                          Buffers: shared read=4

              ->  Partial Aggregate  (cost=5.24..5.25 rows=1 width=32) (actual time=0.287..0.288 rows=1 loops=1)

                    Buffers: shared read=4

                    ->  Parallel Seq Scan on _hyper_1_473_chunk  (cost=0.00..4.99 rows=99 width=8) (actual time=0.213..0.263 rows=168 loops=1)

                          Buffers: shared read=4

              ->  Partial Aggregate  (cost=5.24..5.25 rows=1 width=32) (actual time=0.238..0.239 rows=1 loops=1)

                    Buffers: shared read=4

                    ->  Parallel Seq Scan on _hyper_1_474_chunk  (cost=0.00..4.99 rows=99 width=8) (actual time=0.163..0.214 rows=168 loops=1)

                          Buffers: shared read=4

              ->  Partial Aggregate  (cost=5.24..5.25 rows=1 width=32) (actual time=0.263..0.263 rows=1 loops=1)

                    Buffers: shared read=4

                    ->  Parallel Seq Scan on _hyper_1_475_chunk  (cost=0.00..4.99 rows=99 width=8) (actual time=0.189..0.238 rows=168 loops=1)

                          Buffers: shared read=4

              ->  Partial Aggregate  (cost=5.24..5.25 rows=1 width=32) (actual time=0.234..0.235 rows=1 loops=1)

                    Buffers: shared read=4

                    ->  Parallel Seq Scan on _hyper_1_476_chunk  (cost=0.00..4.99 rows=99 width=8) (actual time=0.157..0.210 rows=168 loops=1)

                          Buffers: shared read=4

              ->  Partial Aggregate  (cost=5.24..5.25 rows=1 width=32) (actual time=0.228..0.229 rows=1 loops=1)

                    Buffers: shared read=4

                    ->  Parallel Seq Scan on _hyper_1_477_chunk  (cost=0.00..4.99 rows=99 width=8) (actual time=0.152..0.204 rows=168 loops=1)

                          Buffers: shared read=4

              ->  Partial Aggregate  (cost=5.24..5.25 rows=1 width=32) (actual time=0.266..0.267 rows=1 loops=1)

                    Buffers: shared read=4

                    ->  Parallel Seq Scan on _hyper_1_478_chunk  (cost=0.00..4.99 rows=99 width=8) (actual time=0.192..0.242 rows=168 loops=1)

                          Buffers: shared read=4

              ->  Partial Aggregate  (cost=5.24..5.25 rows=1 width=32) (actual time=0.373..0.374 rows=1 loops=1)

                    Buffers: shared read=4

                    ->  Parallel Seq Scan on _hyper_1_479_chunk  (cost=0.00..4.99 rows=99 width=8) (actual time=0.298..0.349 rows=168 loops=1)

                          Buffers: shared read=4

              ->  Partial Aggregate  (cost=5.24..5.25 rows=1 width=32) (actual time=0.287..0.288 rows=1 loops=1)

                    Buffers: shared read=4

                    ->  Parallel Seq Scan on _hyper_1_480_chunk  (cost=0.00..4.99 rows=99 width=8) (actual time=0.211..0.263 rows=168 loops=1)

                          Buffers: shared read=4

              ->  Partial Aggregate  (cost=5.24..5.25 rows=1 width=32) (actual time=0.314..0.315 rows=1 loops=1)

                    Buffers: shared read=4

                    ->  Parallel Seq Scan on _hyper_1_481_chunk  (cost=0.00..4.99 rows=99 width=8) (actual time=0.235..0.290 rows=168 loops=1)

                          Buffers: shared read=4

              ->  Partial Aggregate  (cost=5.24..5.25 rows=1 width=32) (actual time=0.318..0.319 rows=1 loops=1)

                    Buffers: shared read=4

                    ->  Parallel Seq Scan on _hyper_1_482_chunk  (cost=0.00..4.99 rows=99 width=8) (actual time=0.244..0.295 rows=168 loops=1)

                          Buffers: shared read=4

              ->  Partial Aggregate  (cost=5.24..5.25 rows=1 width=32) (actual time=0.229..0.230 rows=1 loops=1)

                    Buffers: shared read=4

                    ->  Parallel Seq Scan on _hyper_1_483_chunk  (cost=0.00..4.99 rows=99 width=8) (actual time=0.155..0.205 rows=168 loops=1)

                          Buffers: shared read=4

              ->  Partial Aggregate  (cost=5.24..5.25 rows=1 width=32) (actual time=0.246..0.246 rows=1 loops=1)

                    Buffers: shared read=4

                    ->  Parallel Seq Scan on _hyper_1_484_chunk  (cost=0.00..4.99 rows=99 width=8) (actual time=0.172..0.221 rows=168 loops=1)

                          Buffers: shared read=4

              ->  Partial Aggregate  (cost=5.24..5.25 rows=1 width=32) (actual time=0.321..0.322 rows=1 loops=1)

                    Buffers: shared read=4

                    ->  Parallel Seq Scan on _hyper_1_485_chunk  (cost=0.00..4.99 rows=99 width=8) (actual time=0.246..0.297 rows=168 loops=1)

                          Buffers: shared read=4

              ->  Partial Aggregate  (cost=5.24..5.25 rows=1 width=32) (actual time=0.280..0.280 rows=1 loops=1)

                    Buffers: shared read=4

                    ->  Parallel Seq Scan on _hyper_1_486_chunk  (cost=0.00..4.99 rows=99 width=8) (actual time=0.206..0.255 rows=168 loops=1)

                          Buffers: shared read=4

              ->  Partial Aggregate  (cost=5.24..5.25 rows=1 width=32) (actual time=0.172..0.173 rows=1 loops=1)

                    Buffers: shared read=4

                    ->  Parallel Seq Scan on _hyper_1_487_chunk  (cost=0.00..4.99 rows=99 width=8) (actual time=0.098..0.148 rows=168 loops=1)

                          Buffers: shared read=4

              ->  Partial Aggregate  (cost=5.24..5.25 rows=1 width=32) (actual time=0.265..0.266 rows=1 loops=1)

                    Buffers: shared read=4

                    ->  Parallel Seq Scan on _hyper_1_488_chunk  (cost=0.00..4.99 rows=99 width=8) (actual time=0.186..0.239 rows=168 loops=1)

                          Buffers: shared read=4

              ->  Partial Aggregate  (cost=5.24..5.25 rows=1 width=32) (actual time=0.266..0.267 rows=1 loops=1)

                    Buffers: shared read=4

                    ->  Parallel Seq Scan on _hyper_1_489_chunk  (cost=0.00..4.99 rows=99 width=8) (actual time=0.184..0.239 rows=168 loops=1)

                          Buffers: shared read=4

              ->  Partial Aggregate  (cost=5.24..5.25 rows=1 width=32) (actual time=0.249..0.250 rows=1 loops=1)

                    Buffers: shared read=4

                    ->  Parallel Seq Scan on _hyper_1_490_chunk  (cost=0.00..4.99 rows=99 width=8) (actual time=0.165..0.222 rows=168 loops=1)

                          Buffers: shared read=4

              ->  Partial Aggregate  (cost=5.24..5.25 rows=1 width=32) (actual time=0.187..0.188 rows=1 loops=1)

                    Buffers: shared read=4

                    ->  Parallel Seq Scan on _hyper_1_491_chunk  (cost=0.00..4.99 rows=99 width=8) (actual time=0.105..0.160 rows=168 loops=1)

                          Buffers: shared read=4

              ->  Partial Aggregate  (cost=5.24..5.25 rows=1 width=32) (actual time=0.273..0.274 rows=1 loops=1)

                    Buffers: shared read=4

                    ->  Parallel Seq Scan on _hyper_1_492_chunk  (cost=0.00..4.99 rows=99 width=8) (actual time=0.182..0.246 rows=168 loops=1)

                          Buffers: shared read=4

              ->  Partial Aggregate  (cost=5.24..5.25 rows=1 width=32) (actual time=0.249..0.250 rows=1 loops=1)

                    Buffers: shared read=4

                    ->  Parallel Seq Scan on _hyper_1_493_chunk  (cost=0.00..4.99 rows=99 width=8) (actual time=0.157..0.222 rows=168 loops=1)

                          Buffers: shared read=4

              ->  Partial Aggregate  (cost=5.24..5.25 rows=1 width=32) (actual time=0.262..0.262 rows=1 loops=1)

                    Buffers: shared read=4

                    ->  Parallel Seq Scan on _hyper_1_494_chunk  (cost=0.00..4.99 rows=99 width=8) (actual time=0.180..0.235 rows=168 loops=1)

                          Buffers: shared read=4

              ->  Partial Aggregate  (cost=5.24..5.25 rows=1 width=32) (actual time=0.248..0.249 rows=1 loops=1)

                    Buffers: shared read=4

                    ->  Parallel Seq Scan on _hyper_1_495_chunk  (cost=0.00..4.99 rows=99 width=8) (actual time=0.166..0.222 rows=168 loops=1)

                          Buffers: shared read=4

              ->  Partial Aggregate  (cost=5.24..5.25 rows=1 width=32) (actual time=0.261..0.262 rows=1 loops=1)

                    Buffers: shared read=4

                    ->  Parallel Seq Scan on _hyper_1_496_chunk  (cost=0.00..4.99 rows=99 width=8) (actual time=0.186..0.236 rows=168 loops=1)

                          Buffers: shared read=4

              ->  Partial Aggregate  (cost=5.24..5.25 rows=1 width=32) (actual time=0.317..0.317 rows=1 loops=1)

                    Buffers: shared read=4

                    ->  Parallel Seq Scan on _hyper_1_498_chunk  (cost=0.00..4.99 rows=99 width=8) (actual time=0.241..0.292 rows=168 loops=1)

                          Buffers: shared read=4

              ->  Partial Aggregate  (cost=5.24..5.25 rows=1 width=32) (actual time=0.260..0.261 rows=1 loops=1)

                    Buffers: shared read=4

                    ->  Parallel Seq Scan on _hyper_1_499_chunk  (cost=0.00..4.99 rows=99 width=8) (actual time=0.185..0.237 rows=168 loops=1)

                          Buffers: shared read=4

              ->  Partial Aggregate  (cost=5.24..5.25 rows=1 width=32) (actual time=0.279..0.279 rows=1 loops=1)

                    Buffers: shared read=4

                    ->  Parallel Seq Scan on _hyper_1_500_chunk  (cost=0.00..4.99 rows=99 width=8) (actual time=0.203..0.254 rows=168 loops=1)

                          Buffers: shared read=4

              ->  Partial Aggregate  (cost=5.24..5.25 rows=1 width=32) (actual time=0.255..0.256 rows=1 loops=1)

                    Buffers: shared read=4

                    ->  Parallel Seq Scan on _hyper_1_501_chunk  (cost=0.00..4.99 rows=99 width=8) (actual time=0.169..0.230 rows=168 loops=1)

                          Buffers: shared read=4

              ->  Partial Aggregate  (cost=5.24..5.25 rows=1 width=32) (actual time=0.238..0.239 rows=1 loops=1)

                    Buffers: shared read=4

                    ->  Parallel Seq Scan on _hyper_1_503_chunk  (cost=0.00..4.99 rows=99 width=8) (actual time=0.162..0.214 rows=168 loops=1)

                          Buffers: shared read=4

              ->  Partial Aggregate  (cost=5.24..5.25 rows=1 width=32) (actual time=0.260..0.260 rows=1 loops=1)

                    Buffers: shared read=4

                    ->  Parallel Seq Scan on _hyper_1_504_chunk  (cost=0.00..4.99 rows=99 width=8) (actual time=0.185..0.236 rows=168 loops=1)

                          Buffers: shared read=4

              ->  Partial Aggregate  (cost=5.24..5.25 rows=1 width=32) (actual time=0.284..0.284 rows=1 loops=1)

                    Buffers: shared read=4

                    ->  Parallel Seq Scan on _hyper_1_505_chunk  (cost=0.00..4.99 rows=99 width=8) (actual time=0.209..0.259 rows=168 loops=1)

                          Buffers: shared read=4

              ->  Partial Aggregate  (cost=5.24..5.25 rows=1 width=32) (actual time=0.267..0.268 rows=1 loops=1)

                    Buffers: shared read=4

                    ->  Parallel Seq Scan on _hyper_1_506_chunk  (cost=0.00..4.99 rows=99 width=8) (actual time=0.194..0.243 rows=168 loops=1)

                          Buffers: shared read=4

              ->  Partial Aggregate  (cost=5.24..5.25 rows=1 width=32) (actual time=0.298..0.299 rows=1 loops=1)

                    Buffers: shared read=4

                    ->  Parallel Seq Scan on _hyper_1_508_chunk  (cost=0.00..4.99 rows=99 width=8) (actual time=0.222..0.273 rows=168 loops=1)

                          Buffers: shared read=4

              ->  Partial Aggregate  (cost=5.24..5.25 rows=1 width=32) (actual time=0.185..0.186 rows=1 loops=1)

                    Buffers: shared read=4

                    ->  Parallel Seq Scan on _hyper_1_509_chunk  (cost=0.00..4.99 rows=99 width=8) (actual time=0.110..0.160 rows=168 loops=1)

                          Buffers: shared read=4

              ->  Partial Aggregate  (cost=5.24..5.25 rows=1 width=32) (actual time=0.252..0.253 rows=1 loops=1)

                    Buffers: shared read=4

                    ->  Parallel Seq Scan on _hyper_1_510_chunk  (cost=0.00..4.99 rows=99 width=8) (actual time=0.178..0.227 rows=168 loops=1)

                          Buffers: shared read=4

              ->  Partial Aggregate  (cost=5.24..5.25 rows=1 width=32) (actual time=0.236..0.238 rows=1 loops=1)

                    Buffers: shared read=4

                    ->  Parallel Seq Scan on _hyper_1_511_chunk  (cost=0.00..4.99 rows=99 width=8) (actual time=0.153..0.212 rows=168 loops=1)

                          Buffers: shared read=4

              ->  Partial Aggregate  (cost=5.24..5.25 rows=1 width=32) (actual time=0.254..0.255 rows=1 loops=1)

                    Buffers: shared read=4

                    ->  Parallel Seq Scan on _hyper_1_512_chunk  (cost=0.00..4.99 rows=99 width=8) (actual time=0.179..0.229 rows=168 loops=1)

                          Buffers: shared read=4

              ->  Partial Aggregate  (cost=5.24..5.25 rows=1 width=32) (actual time=0.247..0.247 rows=1 loops=1)

                    Buffers: shared read=4

                    ->  Parallel Seq Scan on _hyper_1_513_chunk  (cost=0.00..4.99 rows=99 width=8) (actual time=0.171..0.221 rows=168 loops=1)

                          Buffers: shared read=4

              ->  Partial Aggregate  (cost=5.24..5.25 rows=1 width=32) (actual time=0.326..0.327 rows=1 loops=1)

                    Buffers: shared read=4

                    ->  Parallel Seq Scan on _hyper_1_514_chunk  (cost=0.00..4.99 rows=99 width=8) (actual time=0.257..0.303 rows=168 loops=1)

                          Buffers: shared read=4

              ->  Partial Aggregate  (cost=5.24..5.25 rows=1 width=32) (actual time=0.318..0.319 rows=1 loops=1)

                    Buffers: shared read=4

                    ->  Parallel Seq Scan on _hyper_1_515_chunk  (cost=0.00..4.99 rows=99 width=8) (actual time=0.249..0.296 rows=168 loops=1)

                          Buffers: shared read=4

              ->  Partial Aggregate  (cost=5.24..5.25 rows=1 width=32) (actual time=0.303..0.304 rows=1 loops=1)

                    Buffers: shared read=4

                    ->  Parallel Seq Scan on _hyper_1_516_chunk  (cost=0.00..4.99 rows=99 width=8) (actual time=0.235..0.280 rows=168 loops=1)

                          Buffers: shared read=4

              ->  Partial Aggregate  (cost=5.24..5.25 rows=1 width=32) (actual time=0.302..0.302 rows=1 loops=1)

                    Buffers: shared read=4

                    ->  Parallel Seq Scan on _hyper_1_517_chunk  (cost=0.00..4.99 rows=99 width=8) (actual time=0.232..0.279 rows=168 loops=1)

                          Buffers: shared read=4

              ->  Partial Aggregate  (cost=5.24..5.25 rows=1 width=32) (actual time=0.248..0.249 rows=1 loops=1)

                    Buffers: shared read=4

                    ->  Parallel Seq Scan on _hyper_1_518_chunk  (cost=0.00..4.99 rows=99 width=8) (actual time=0.178..0.225 rows=168 loops=1)

                          Buffers: shared read=4

              ->  Partial Aggregate  (cost=5.24..5.25 rows=1 width=32) (actual time=0.251..0.252 rows=1 loops=1)

                    Buffers: shared read=4

                    ->  Parallel Seq Scan on _hyper_1_519_chunk  (cost=0.00..4.99 rows=99 width=8) (actual time=0.180..0.228 rows=168 loops=1)

                          Buffers: shared read=4

              ->  Partial Aggregate  (cost=5.24..5.25 rows=1 width=32) (actual time=0.297..0.298 rows=1 loops=1)

                    Buffers: shared read=4

                    ->  Parallel Seq Scan on _hyper_1_520_chunk  (cost=0.00..4.99 rows=99 width=8) (actual time=0.227..0.273 rows=168 loops=1)

                          Buffers: shared read=4

              ->  Partial Aggregate  (cost=5.24..5.25 rows=1 width=32) (actual time=0.285..0.285 rows=1 loops=1)

                    Buffers: shared read=4

                    ->  Parallel Seq Scan on _hyper_1_521_chunk  (cost=0.00..4.99 rows=99 width=8) (actual time=0.213..0.261 rows=168 loops=1)

                          Buffers: shared read=4

              ->  Partial Aggregate  (cost=5.24..5.25 rows=1 width=32) (actual time=0.231..0.232 rows=1 loops=1)

                    Buffers: shared read=4

                    ->  Parallel Seq Scan on _hyper_1_522_chunk  (cost=0.00..4.99 rows=99 width=8) (actual time=0.161..0.208 rows=168 loops=1)

                          Buffers: shared read=4

              ->  Partial Aggregate  (cost=5.24..5.25 rows=1 width=32) (actual time=0.238..0.239 rows=1 loops=1)

                    Buffers: shared read=4

                    ->  Parallel Seq Scan on _hyper_1_523_chunk  (cost=0.00..4.99 rows=99 width=8) (actual time=0.167..0.215 rows=168 loops=1)

                          Buffers: shared read=4

              ->  Partial Aggregate  (cost=5.24..5.25 rows=1 width=32) (actual time=0.213..0.214 rows=1 loops=1)

                    Buffers: shared read=4

                    ->  Parallel Seq Scan on _hyper_1_524_chunk  (cost=0.00..4.99 rows=99 width=8) (actual time=0.142..0.190 rows=168 loops=1)

                          Buffers: shared read=4

              ->  Partial Aggregate  (cost=5.24..5.25 rows=1 width=32) (actual time=0.174..0.175 rows=1 loops=1)

                    Buffers: shared read=4

                    ->  Parallel Seq Scan on _hyper_1_525_chunk  (cost=0.00..4.99 rows=99 width=8) (actual time=0.104..0.151 rows=168 loops=1)

                          Buffers: shared read=4

              ->  Partial Aggregate  (cost=5.24..5.25 rows=1 width=32) (actual time=0.237..0.238 rows=1 loops=1)

                    Buffers: shared read=4

                    ->  Parallel Seq Scan on _hyper_1_526_chunk  (cost=0.00..4.99 rows=99 width=8) (actual time=0.155..0.207 rows=168 loops=1)

                          Buffers: shared read=4

              ->  Partial Aggregate  (cost=5.24..5.25 rows=1 width=32) (actual time=0.296..0.297 rows=1 loops=1)

                    Buffers: shared read=4

                    ->  Parallel Seq Scan on _hyper_1_527_chunk  (cost=0.00..4.99 rows=99 width=8) (actual time=0.225..0.272 rows=168 loops=1)

                          Buffers: shared read=4

              ->  Partial Aggregate  (cost=5.24..5.25 rows=1 width=32) (actual time=0.243..0.244 rows=1 loops=1)

                    Buffers: shared read=4

                    ->  Parallel Seq Scan on _hyper_1_528_chunk  (cost=0.00..4.99 rows=99 width=8) (actual time=0.161..0.219 rows=168 loops=1)

                          Buffers: shared read=4

              ->  Partial Aggregate  (cost=5.24..5.25 rows=1 width=32) (actual time=0.330..0.331 rows=1 loops=1)

                    Buffers: shared read=4

                    ->  Parallel Seq Scan on _hyper_1_530_chunk  (cost=0.00..4.99 rows=99 width=8) (actual time=0.251..0.304 rows=168 loops=1)

                          Buffers: shared read=4

              ->  Partial Aggregate  (cost=5.24..5.25 rows=1 width=32) (actual time=0.235..0.236 rows=1 loops=1)

                    Buffers: shared read=4

                    ->  Parallel Seq Scan on _hyper_1_531_chunk  (cost=0.00..4.99 rows=99 width=8) (actual time=0.160..0.210 rows=168 loops=1)

                          Buffers: shared read=4

              ->  Partial Aggregate  (cost=5.24..5.25 rows=1 width=32) (actual time=0.260..0.261 rows=1 loops=1)

                    Buffers: shared read=4

                    ->  Parallel Seq Scan on _hyper_1_532_chunk  (cost=0.00..4.99 rows=99 width=8) (actual time=0.183..0.235 rows=168 loops=1)

                          Buffers: shared read=4

              ->  Partial Aggregate  (cost=5.24..5.25 rows=1 width=32) (actual time=0.212..0.213 rows=1 loops=1)

                    Buffers: shared read=4

                    ->  Parallel Seq Scan on _hyper_1_533_chunk  (cost=0.00..4.99 rows=99 width=8) (actual time=0.135..0.187 rows=168 loops=1)

                          Buffers: shared read=4

              ->  Partial Aggregate  (cost=5.24..5.25 rows=1 width=32) (actual time=0.432..0.433 rows=1 loops=1)

                    Buffers: shared read=4

                    ->  Parallel Seq Scan on _hyper_1_534_chunk  (cost=0.00..4.99 rows=99 width=8) (actual time=0.354..0.407 rows=168 loops=1)

                          Buffers: shared read=4

              ->  Partial Aggregate  (cost=5.24..5.25 rows=1 width=32) (actual time=0.242..0.242 rows=1 loops=1)

                    Buffers: shared read=4

                    ->  Parallel Seq Scan on _hyper_1_535_chunk  (cost=0.00..4.99 rows=99 width=8) (actual time=0.157..0.216 rows=168 loops=1)

                          Buffers: shared read=4

              ->  Partial Aggregate  (cost=5.24..5.25 rows=1 width=32) (actual time=0.257..0.257 rows=1 loops=1)

                    Buffers: shared read=4

                    ->  Parallel Seq Scan on _hyper_1_536_chunk  (cost=0.00..4.99 rows=99 width=8) (actual time=0.178..0.232 rows=168 loops=1)

                          Buffers: shared read=4

              ->  Partial Aggregate  (cost=5.24..5.25 rows=1 width=32) (actual time=0.243..0.244 rows=1 loops=1)

                    Buffers: shared read=4

                    ->  Parallel Seq Scan on _hyper_1_537_chunk  (cost=0.00..4.99 rows=99 width=8) (actual time=0.174..0.220 rows=168 loops=1)

                          Buffers: shared read=4

              ->  Partial Aggregate  (cost=5.24..5.25 rows=1 width=32) (actual time=0.164..0.165 rows=1 loops=1)

                    Buffers: shared read=4

                    ->  Parallel Seq Scan on _hyper_1_538_chunk  (cost=0.00..4.99 rows=99 width=8) (actual time=0.095..0.141 rows=168 loops=1)

                          Buffers: shared read=4

              ->  Partial Aggregate  (cost=5.24..5.25 rows=1 width=32) (actual time=0.179..0.180 rows=1 loops=1)

                    Buffers: shared read=4

                    ->  Parallel Seq Scan on _hyper_1_539_chunk  (cost=0.00..4.99 rows=99 width=8) (actual time=0.111..0.157 rows=168 loops=1)

                          Buffers: shared read=4

              ->  Partial Aggregate  (cost=5.24..5.25 rows=1 width=32) (actual time=0.223..0.223 rows=1 loops=1)

                    Buffers: shared read=4

                    ->  Parallel Seq Scan on _hyper_1_540_chunk  (cost=0.00..4.99 rows=99 width=8) (actual time=0.153..0.200 rows=168 loops=1)

                          Buffers: shared read=4

              ->  Partial Aggregate  (cost=5.24..5.25 rows=1 width=32) (actual time=0.257..0.258 rows=1 loops=1)

                    Buffers: shared read=4

                    ->  Parallel Seq Scan on _hyper_1_541_chunk  (cost=0.00..4.99 rows=99 width=8) (actual time=0.183..0.228 rows=168 loops=1)

                          Buffers: shared read=4

              ->  Partial Aggregate  (cost=5.24..5.25 rows=1 width=32) (actual time=0.277..0.278 rows=1 loops=1)

                    Buffers: shared read=4

                    ->  Parallel Seq Scan on _hyper_1_542_chunk  (cost=0.00..4.99 rows=99 width=8) (actual time=0.207..0.254 rows=168 loops=1)

                          Buffers: shared read=4

              ->  Partial Aggregate  (cost=5.24..5.25 rows=1 width=32) (actual time=0.242..0.242 rows=1 loops=1)

                    Buffers: shared read=4

                    ->  Parallel Seq Scan on _hyper_1_543_chunk  (cost=0.00..4.99 rows=99 width=8) (actual time=0.174..0.219 rows=168 loops=1)

                          Buffers: shared read=4

              ->  Partial Aggregate  (cost=5.24..5.25 rows=1 width=32) (actual time=0.251..0.252 rows=1 loops=1)

                    Buffers: shared read=4

                    ->  Parallel Seq Scan on _hyper_1_544_chunk  (cost=0.00..4.99 rows=99 width=8) (actual time=0.183..0.228 rows=168 loops=1)

                          Buffers: shared read=4

              ->  Partial Aggregate  (cost=5.24..5.25 rows=1 width=32) (actual time=0.232..0.232 rows=1 loops=1)

                    Buffers: shared read=4

                    ->  Parallel Seq Scan on _hyper_1_545_chunk  (cost=0.00..4.99 rows=99 width=8) (actual time=0.163..0.209 rows=168 loops=1)

                          Buffers: shared read=4

              ->  Partial Aggregate  (cost=5.24..5.25 rows=1 width=32) (actual time=0.233..0.234 rows=1 loops=1)

                    Buffers: shared read=4

                    ->  Parallel Seq Scan on _hyper_1_546_chunk  (cost=0.00..4.99 rows=99 width=8) (actual time=0.164..0.210 rows=168 loops=1)

                          Buffers: shared read=4

              ->  Partial Aggregate  (cost=5.24..5.25 rows=1 width=32) (actual time=0.189..0.191 rows=1 loops=1)

                    Buffers: shared read=4

                    ->  Parallel Seq Scan on _hyper_1_547_chunk  (cost=0.00..4.99 rows=99 width=8) (actual time=0.120..0.167 rows=168 loops=1)

                          Buffers: shared read=4

              ->  Partial Aggregate  (cost=5.24..5.25 rows=1 width=32) (actual time=0.242..0.243 rows=1 loops=1)

                    Buffers: shared read=4

                    ->  Parallel Seq Scan on _hyper_1_548_chunk  (cost=0.00..4.99 rows=99 width=8) (actual time=0.174..0.219 rows=168 loops=1)

                          Buffers: shared read=4

              ->  Partial Aggregate  (cost=5.24..5.25 rows=1 width=32) (actual time=0.248..0.248 rows=1 loops=1)

                    Buffers: shared read=4

                    ->  Parallel Seq Scan on _hyper_1_549_chunk  (cost=0.00..4.99 rows=99 width=8) (actual time=0.178..0.224 rows=168 loops=1)

                          Buffers: shared read=4

              ->  Partial Aggregate  (cost=5.24..5.25 rows=1 width=32) (actual time=0.231..0.232 rows=1 loops=1)

                    Buffers: shared read=4

                    ->  Parallel Seq Scan on _hyper_1_550_chunk  (cost=0.00..4.99 rows=99 width=8) (actual time=0.161..0.208 rows=168 loops=1)

                          Buffers: shared read=4

              ->  Partial Aggregate  (cost=5.24..5.25 rows=1 width=32) (actual time=0.177..0.178 rows=1 loops=1)

                    Buffers: shared read=4

                    ->  Parallel Seq Scan on _hyper_1_551_chunk  (cost=0.00..4.99 rows=99 width=8) (actual time=0.107..0.155 rows=168 loops=1)

                          Buffers: shared read=4

              ->  Partial Aggregate  (cost=5.24..5.25 rows=1 width=32) (actual time=0.253..0.254 rows=1 loops=1)

                    Buffers: shared read=4

                    ->  Parallel Seq Scan on _hyper_1_552_chunk  (cost=0.00..4.99 rows=99 width=8) (actual time=0.183..0.230 rows=168 loops=1)

                          Buffers: shared read=4

              ->  Partial Aggregate  (cost=5.24..5.25 rows=1 width=32) (actual time=0.239..0.239 rows=1 loops=1)

                    Buffers: shared read=4

                    ->  Parallel Seq Scan on _hyper_1_553_chunk  (cost=0.00..4.99 rows=99 width=8) (actual time=0.167..0.215 rows=168 loops=1)

                          Buffers: shared read=4

              ->  Partial Aggregate  (cost=5.24..5.25 rows=1 width=32) (actual time=0.253..0.254 rows=1 loops=1)

                    Buffers: shared read=4

                    ->  Parallel Seq Scan on _hyper_1_554_chunk  (cost=0.00..4.99 rows=99 width=8) (actual time=0.182..0.230 rows=168 loops=1)

                          Buffers: shared read=4

              ->  Partial Aggregate  (cost=5.24..5.25 rows=1 width=32) (actual time=0.239..0.239 rows=1 loops=1)

                    Buffers: shared read=4

                    ->  Parallel Seq Scan on _hyper_1_555_chunk  (cost=0.00..4.99 rows=99 width=8) (actual time=0.167..0.215 rows=168 loops=1)

                          Buffers: shared read=4

              ->  Partial Aggregate  (cost=5.24..5.25 rows=1 width=32) (actual time=0.181..0.182 rows=1 loops=1)

                    Buffers: shared read=4

                    ->  Parallel Seq Scan on _hyper_1_556_chunk  (cost=0.00..4.99 rows=99 width=8) (actual time=0.113..0.158 rows=168 loops=1)

                          Buffers: shared read=4

              ->  Partial Aggregate  (cost=5.24..5.25 rows=1 width=32) (actual time=0.268..0.268 rows=1 loops=1)

                    Buffers: shared read=4

                    ->  Parallel Seq Scan on _hyper_1_557_chunk  (cost=0.00..4.99 rows=99 width=8) (actual time=0.196..0.244 rows=168 loops=1)

                          Buffers: shared read=4

              ->  Partial Aggregate  (cost=5.24..5.25 rows=1 width=32) (actual time=0.367..0.368 rows=1 loops=1)

                    Buffers: shared read=4

                    ->  Parallel Seq Scan on _hyper_1_558_chunk  (cost=0.00..4.99 rows=99 width=8) (actual time=0.297..0.343 rows=168 loops=1)

                          Buffers: shared read=4

              ->  Partial Aggregate  (cost=5.24..5.25 rows=1 width=32) (actual time=0.359..0.360 rows=1 loops=1)

                    Buffers: shared read=4

                    ->  Parallel Seq Scan on _hyper_1_559_chunk  (cost=0.00..4.99 rows=99 width=8) (actual time=0.282..0.336 rows=168 loops=1)

                          Buffers: shared read=4

              ->  Partial Aggregate  (cost=5.24..5.25 rows=1 width=32) (actual time=0.223..0.224 rows=1 loops=1)

                    Buffers: shared read=4

                    ->  Parallel Seq Scan on _hyper_1_560_chunk  (cost=0.00..4.99 rows=99 width=8) (actual time=0.152..0.199 rows=168 loops=1)

                          Buffers: shared read=4

              ->  Partial Aggregate  (cost=5.24..5.25 rows=1 width=32) (actual time=0.225..0.226 rows=1 loops=1)

                    Buffers: shared read=4

                    ->  Parallel Seq Scan on _hyper_1_561_chunk  (cost=0.00..4.99 rows=99 width=8) (actual time=0.156..0.202 rows=168 loops=1)

                          Buffers: shared read=4

              ->  Partial Aggregate  (cost=5.24..5.25 rows=1 width=32) (actual time=0.185..0.187 rows=1 loops=1)

                    Buffers: shared read=4

                    ->  Parallel Seq Scan on _hyper_1_562_chunk  (cost=0.00..4.99 rows=99 width=8) (actual time=0.117..0.163 rows=168 loops=1)

                          Buffers: shared read=4

              ->  Partial Aggregate  (cost=5.24..5.25 rows=1 width=32) (actual time=0.191..0.192 rows=1 loops=1)

                    Buffers: shared read=4

                    ->  Parallel Seq Scan on _hyper_1_563_chunk  (cost=0.00..4.99 rows=99 width=8) (actual time=0.121..0.168 rows=168 loops=1)

                          Buffers: shared read=4

              ->  Partial Aggregate  (cost=5.24..5.25 rows=1 width=32) (actual time=0.158..0.159 rows=1 loops=1)

                    Buffers: shared read=4

                    ->  Parallel Seq Scan on _hyper_1_564_chunk  (cost=0.00..4.99 rows=99 width=8) (actual time=0.088..0.135 rows=168 loops=1)

                          Buffers: shared read=4

              ->  Partial Aggregate  (cost=5.24..5.25 rows=1 width=32) (actual time=0.179..0.180 rows=1 loops=1)

                    Buffers: shared read=4

                    ->  Parallel Seq Scan on _hyper_1_565_chunk  (cost=0.00..4.99 rows=99 width=8) (actual time=0.111..0.156 rows=168 loops=1)

                          Buffers: shared read=4

              ->  Partial Aggregate  (cost=5.24..5.25 rows=1 width=32) (actual time=0.263..0.264 rows=1 loops=1)

                    Buffers: shared read=4

                    ->  Parallel Seq Scan on _hyper_1_566_chunk  (cost=0.00..4.99 rows=99 width=8) (actual time=0.192..0.240 rows=168 loops=1)

                          Buffers: shared read=4

              ->  Partial Aggregate  (cost=5.24..5.25 rows=1 width=32) (actual time=0.243..0.244 rows=1 loops=1)

                    Buffers: shared read=4

                    ->  Parallel Seq Scan on _hyper_1_567_chunk  (cost=0.00..4.99 rows=99 width=8) (actual time=0.174..0.220 rows=168 loops=1)

                          Buffers: shared read=4

              ->  Partial Aggregate  (cost=5.24..5.25 rows=1 width=32) (actual time=0.310..0.311 rows=1 loops=1)

                    Buffers: shared read=4

                    ->  Parallel Seq Scan on _hyper_1_568_chunk  (cost=0.00..4.99 rows=99 width=8) (actual time=0.240..0.287 rows=168 loops=1)

                          Buffers: shared read=4

              ->  Partial Aggregate  (cost=5.24..5.25 rows=1 width=32) (actual time=0.229..0.230 rows=1 loops=1)

                    Buffers: shared read=4

                    ->  Parallel Seq Scan on _hyper_1_569_chunk  (cost=0.00..4.99 rows=99 width=8) (actual time=0.159..0.207 rows=168 loops=1)

                          Buffers: shared read=4

              ->  Partial Aggregate  (cost=5.24..5.25 rows=1 width=32) (actual time=0.235..0.236 rows=1 loops=1)

                    Buffers: shared read=4

                    ->  Parallel Seq Scan on _hyper_1_570_chunk  (cost=0.00..4.99 rows=99 width=8) (actual time=0.163..0.211 rows=168 loops=1)

                          Buffers: shared read=4

              ->  Partial Aggregate  (cost=5.24..5.25 rows=1 width=32) (actual time=0.307..0.308 rows=1 loops=1)

                    Buffers: shared read=4

                    ->  Parallel Seq Scan on _hyper_1_572_chunk  (cost=0.00..4.99 rows=99 width=8) (actual time=0.235..0.284 rows=168 loops=1)

                          Buffers: shared read=4

              ->  Partial Aggregate  (cost=5.24..5.25 rows=1 width=32) (actual time=0.171..0.172 rows=1 loops=1)

                    Buffers: shared read=4

                    ->  Parallel Seq Scan on _hyper_1_573_chunk  (cost=0.00..4.99 rows=99 width=8) (actual time=0.101..0.149 rows=168 loops=1)

                          Buffers: shared read=4

              ->  Partial Aggregate  (cost=5.24..5.25 rows=1 width=32) (actual time=0.243..0.244 rows=1 loops=1)

                    Buffers: shared read=4

                    ->  Parallel Seq Scan on _hyper_1_574_chunk  (cost=0.00..4.99 rows=99 width=8) (actual time=0.175..0.220 rows=168 loops=1)

                          Buffers: shared read=4

              ->  Partial Aggregate  (cost=5.24..5.25 rows=1 width=32) (actual time=0.224..0.225 rows=1 loops=1)

                    Buffers: shared read=4

                    ->  Parallel Seq Scan on _hyper_1_575_chunk  (cost=0.00..4.99 rows=99 width=8) (actual time=0.154..0.200 rows=168 loops=1)

                          Buffers: shared read=4

              ->  Partial Aggregate  (cost=5.24..5.25 rows=1 width=32) (actual time=0.178..0.178 rows=1 loops=1)

                    Buffers: shared read=4

                    ->  Parallel Seq Scan on _hyper_1_576_chunk  (cost=0.00..4.99 rows=99 width=8) (actual time=0.108..0.154 rows=168 loops=1)

                          Buffers: shared read=4

              ->  Partial Aggregate  (cost=5.24..5.25 rows=1 width=32) (actual time=0.308..0.309 rows=1 loops=1)

                    Buffers: shared read=4

                    ->  Parallel Seq Scan on _hyper_1_577_chunk  (cost=0.00..4.99 rows=99 width=8) (actual time=0.229..0.285 rows=168 loops=1)

                          Buffers: shared read=4

              ->  Partial Aggregate  (cost=5.24..5.25 rows=1 width=32) (actual time=0.293..0.294 rows=1 loops=1)

                    Buffers: shared read=4

                    ->  Parallel Seq Scan on _hyper_1_578_chunk  (cost=0.00..4.99 rows=99 width=8) (actual time=0.222..0.268 rows=168 loops=1)

                          Buffers: shared read=4

              ->  Partial Aggregate  (cost=5.24..5.25 rows=1 width=32) (actual time=0.215..0.216 rows=1 loops=1)

                    Buffers: shared read=4

                    ->  Parallel Seq Scan on _hyper_1_579_chunk  (cost=0.00..4.99 rows=99 width=8) (actual time=0.144..0.192 rows=168 loops=1)

                          Buffers: shared read=4

              ->  Partial Aggregate  (cost=5.24..5.25 rows=1 width=32) (actual time=0.192..0.192 rows=1 loops=1)

                    Buffers: shared read=4

                    ->  Parallel Seq Scan on _hyper_1_580_chunk  (cost=0.00..4.99 rows=99 width=8) (actual time=0.124..0.168 rows=168 loops=1)

                          Buffers: shared read=4

              ->  Partial Aggregate  (cost=5.24..5.25 rows=1 width=32) (actual time=0.229..0.230 rows=1 loops=1)

                    Buffers: shared read=4

                    ->  Parallel Seq Scan on _hyper_1_581_chunk  (cost=0.00..4.99 rows=99 width=8) (actual time=0.164..0.208 rows=168 loops=1)

                          Buffers: shared read=4

              ->  Partial Aggregate  (cost=5.24..5.25 rows=1 width=32) (actual time=0.166..0.167 rows=1 loops=1)

                    Buffers: shared read=4

                    ->  Parallel Seq Scan on _hyper_1_582_chunk  (cost=0.00..4.99 rows=99 width=8) (actual time=0.102..0.144 rows=168 loops=1)

                          Buffers: shared read=4

              ->  Partial Aggregate  (cost=5.24..5.25 rows=1 width=32) (actual time=0.222..0.223 rows=1 loops=1)

                    Buffers: shared read=4

                    ->  Parallel Seq Scan on _hyper_1_583_chunk  (cost=0.00..4.99 rows=99 width=8) (actual time=0.158..0.201 rows=168 loops=1)

                          Buffers: shared read=4

              ->  Partial Aggregate  (cost=5.24..5.25 rows=1 width=32) (actual time=0.227..0.228 rows=1 loops=1)

                    Buffers: shared read=4

                    ->  Parallel Seq Scan on _hyper_1_584_chunk  (cost=0.00..4.99 rows=99 width=8) (actual time=0.163..0.206 rows=168 loops=1)

                          Buffers: shared read=4

              ->  Partial Aggregate  (cost=5.24..5.25 rows=1 width=32) (actual time=0.147..0.148 rows=1 loops=1)

                    Buffers: shared read=4

                    ->  Parallel Seq Scan on _hyper_1_585_chunk  (cost=0.00..4.99 rows=99 width=8) (actual time=0.083..0.125 rows=168 loops=1)

                          Buffers: shared read=4

              ->  Partial Aggregate  (cost=5.24..5.25 rows=1 width=32) (actual time=0.203..0.204 rows=1 loops=1)

                    Buffers: shared read=4

                    ->  Parallel Seq Scan on _hyper_1_586_chunk  (cost=0.00..4.99 rows=99 width=8) (actual time=0.140..0.183 rows=168 loops=1)

                          Buffers: shared read=4

              ->  Partial Aggregate  (cost=5.24..5.25 rows=1 width=32) (actual time=0.238..0.238 rows=1 loops=1)

                    Buffers: shared read=4

                    ->  Parallel Seq Scan on _hyper_1_587_chunk  (cost=0.00..4.99 rows=99 width=8) (actual time=0.174..0.216 rows=168 loops=1)

                          Buffers: shared read=4

              ->  Partial Aggregate  (cost=5.24..5.25 rows=1 width=32) (actual time=0.238..0.239 rows=1 loops=1)

                    Buffers: shared read=4

                    ->  Parallel Seq Scan on _hyper_1_589_chunk  (cost=0.00..4.99 rows=99 width=8) (actual time=0.174..0.216 rows=168 loops=1)

                          Buffers: shared read=4

              ->  Partial Aggregate  (cost=5.24..5.25 rows=1 width=32) (actual time=0.238..0.239 rows=1 loops=1)

                    Buffers: shared read=4

                    ->  Parallel Seq Scan on _hyper_1_590_chunk  (cost=0.00..4.99 rows=99 width=8) (actual time=0.174..0.217 rows=168 loops=1)

                          Buffers: shared read=4

              ->  Partial Aggregate  (cost=5.24..5.25 rows=1 width=32) (actual time=0.426..0.427 rows=1 loops=1)

                    Buffers: shared read=4

                    ->  Parallel Seq Scan on _hyper_1_591_chunk  (cost=0.00..4.99 rows=99 width=8) (actual time=0.356..0.403 rows=168 loops=1)

                          Buffers: shared read=4

              ->  Partial Aggregate  (cost=5.24..5.25 rows=1 width=32) (actual time=0.278..0.279 rows=1 loops=1)

                    Buffers: shared read=4

                    ->  Parallel Seq Scan on _hyper_1_592_chunk  (cost=0.00..4.99 rows=99 width=8) (actual time=0.210..0.255 rows=168 loops=1)

                          Buffers: shared read=4

              ->  Partial Aggregate  (cost=5.24..5.25 rows=1 width=32) (actual time=0.217..0.218 rows=1 loops=1)

                    Buffers: shared read=4

                    ->  Parallel Seq Scan on _hyper_1_593_chunk  (cost=0.00..4.99 rows=99 width=8) (actual time=0.150..0.194 rows=168 loops=1)

                          Buffers: shared read=4

              ->  Partial Aggregate  (cost=5.24..5.25 rows=1 width=32) (actual time=0.236..0.237 rows=1 loops=1)

                    Buffers: shared read=4

                    ->  Parallel Seq Scan on _hyper_1_594_chunk  (cost=0.00..4.99 rows=99 width=8) (actual time=0.168..0.213 rows=168 loops=1)

                          Buffers: shared read=4

              ->  Partial Aggregate  (cost=5.24..5.25 rows=1 width=32) (actual time=0.245..0.254 rows=1 loops=1)

                    Buffers: shared read=4

                    ->  Parallel Seq Scan on _hyper_1_595_chunk  (cost=0.00..4.99 rows=99 width=8) (actual time=0.176..0.222 rows=168 loops=1)

                          Buffers: shared read=4

              ->  Partial Aggregate  (cost=5.24..5.25 rows=1 width=32) (actual time=0.233..0.234 rows=1 loops=1)

                    Buffers: shared read=4

                    ->  Parallel Seq Scan on _hyper_1_596_chunk  (cost=0.00..4.99 rows=99 width=8) (actual time=0.162..0.210 rows=168 loops=1)

                          Buffers: shared read=4

              ->  Partial Aggregate  (cost=5.24..5.25 rows=1 width=32) (actual time=0.159..0.159 rows=1 loops=1)

                    Buffers: shared read=4

                    ->  Parallel Seq Scan on _hyper_1_597_chunk  (cost=0.00..4.99 rows=99 width=8) (actual time=0.089..0.136 rows=168 loops=1)

                          Buffers: shared read=4

              ->  Partial Aggregate  (cost=5.24..5.25 rows=1 width=32) (actual time=0.181..0.182 rows=1 loops=1)

                    Buffers: shared read=4

                    ->  Parallel Seq Scan on _hyper_1_598_chunk  (cost=0.00..4.99 rows=99 width=8) (actual time=0.112..0.158 rows=168 loops=1)

                          Buffers: shared read=4

              ->  Partial Aggregate  (cost=5.24..5.25 rows=1 width=32) (actual time=0.227..0.228 rows=1 loops=1)

                    Buffers: shared read=4

                    ->  Parallel Seq Scan on _hyper_1_599_chunk  (cost=0.00..4.99 rows=99 width=8) (actual time=0.163..0.205 rows=168 loops=1)

                          Buffers: shared read=4

              ->  Partial Aggregate  (cost=5.24..5.25 rows=1 width=32) (actual time=0.226..0.227 rows=1 loops=1)

                    Buffers: shared read=4

                    ->  Parallel Seq Scan on _hyper_1_600_chunk  (cost=0.00..4.99 rows=99 width=8) (actual time=0.158..0.204 rows=168 loops=1)

                          Buffers: shared read=4

              ->  Partial Aggregate  (cost=5.24..5.25 rows=1 width=32) (actual time=0.233..0.234 rows=1 loops=1)

                    Buffers: shared read=4

                    ->  Parallel Seq Scan on _hyper_1_601_chunk  (cost=0.00..4.99 rows=99 width=8) (actual time=0.167..0.212 rows=168 loops=1)

                          Buffers: shared read=4

              ->  Partial Aggregate  (cost=5.24..5.25 rows=1 width=32) (actual time=0.294..0.294 rows=1 loops=1)

                    Buffers: shared read=4

                    ->  Parallel Seq Scan on _hyper_1_602_chunk  (cost=0.00..4.99 rows=99 width=8) (actual time=0.230..0.272 rows=168 loops=1)

                          Buffers: shared read=4

              ->  Partial Aggregate  (cost=5.24..5.25 rows=1 width=32) (actual time=0.240..0.241 rows=1 loops=1)

                    Buffers: shared read=4

                    ->  Parallel Seq Scan on _hyper_1_603_chunk  (cost=0.00..4.99 rows=99 width=8) (actual time=0.173..0.216 rows=168 loops=1)

                          Buffers: shared read=4

              ->  Partial Aggregate  (cost=5.24..5.25 rows=1 width=32) (actual time=0.226..0.226 rows=1 loops=1)

                    Buffers: shared read=4

                    ->  Parallel Seq Scan on _hyper_1_604_chunk  (cost=0.00..4.99 rows=99 width=8) (actual time=0.153..0.204 rows=168 loops=1)

                          Buffers: shared read=4

              ->  Partial Aggregate  (cost=5.24..5.25 rows=1 width=32) (actual time=0.230..0.231 rows=1 loops=1)

                    Buffers: shared read=4

                    ->  Parallel Seq Scan on _hyper_1_605_chunk  (cost=0.00..4.99 rows=99 width=8) (actual time=0.167..0.209 rows=168 loops=1)

                          Buffers: shared read=4

              ->  Partial Aggregate  (cost=5.24..5.25 rows=1 width=32) (actual time=0.233..0.233 rows=1 loops=1)

                    Buffers: shared read=4

                    ->  Parallel Seq Scan on _hyper_1_606_chunk  (cost=0.00..4.99 rows=99 width=8) (actual time=0.165..0.210 rows=168 loops=1)

                          Buffers: shared read=4

              ->  Partial Aggregate  (cost=5.24..5.25 rows=1 width=32) (actual time=0.186..0.186 rows=1 loops=1)

                    Buffers: shared read=4

                    ->  Parallel Seq Scan on _hyper_1_607_chunk  (cost=0.00..4.99 rows=99 width=8) (actual time=0.112..0.157 rows=168 loops=1)

                          Buffers: shared read=4

              ->  Partial Aggregate  (cost=5.24..5.25 rows=1 width=32) (actual time=0.302..0.303 rows=1 loops=1)

                    Buffers: shared read=4

                    ->  Parallel Seq Scan on _hyper_1_608_chunk  (cost=0.00..4.99 rows=99 width=8) (actual time=0.234..0.279 rows=168 loops=1)

                          Buffers: shared read=4

              ->  Partial Aggregate  (cost=5.24..5.25 rows=1 width=32) (actual time=0.226..0.226 rows=1 loops=1)

                    Buffers: shared read=4

                    ->  Parallel Seq Scan on _hyper_1_609_chunk  (cost=0.00..4.99 rows=99 width=8) (actual time=0.157..0.203 rows=168 loops=1)

                          Buffers: shared read=4

              ->  Partial Aggregate  (cost=5.24..5.25 rows=1 width=32) (actual time=0.235..0.236 rows=1 loops=1)

                    Buffers: shared read=4

                    ->  Parallel Seq Scan on _hyper_1_610_chunk  (cost=0.00..4.99 rows=99 width=8) (actual time=0.165..0.212 rows=168 loops=1)

                          Buffers: shared read=4

              ->  Partial Aggregate  (cost=5.24..5.25 rows=1 width=32) (actual time=0.221..0.222 rows=1 loops=1)

                    Buffers: shared read=4

                    ->  Parallel Seq Scan on _hyper_1_611_chunk  (cost=0.00..4.99 rows=99 width=8) (actual time=0.152..0.198 rows=168 loops=1)

                          Buffers: shared read=4

              ->  Partial Aggregate  (cost=5.24..5.25 rows=1 width=32) (actual time=0.156..0.157 rows=1 loops=1)

                    Buffers: shared read=4

                    ->  Parallel Seq Scan on _hyper_1_612_chunk  (cost=0.00..4.99 rows=99 width=8) (actual time=0.088..0.133 rows=168 loops=1)

                          Buffers: shared read=4

              ->  Partial Aggregate  (cost=5.24..5.25 rows=1 width=32) (actual time=0.191..0.192 rows=1 loops=1)

                    Buffers: shared read=4

                    ->  Parallel Seq Scan on _hyper_1_613_chunk  (cost=0.00..4.99 rows=99 width=8) (actual time=0.114..0.168 rows=168 loops=1)

                          Buffers: shared read=4

              ->  Partial Aggregate  (cost=5.24..5.25 rows=1 width=32) (actual time=0.285..0.286 rows=1 loops=1)

                    Buffers: shared read=4

                    ->  Parallel Seq Scan on _hyper_1_615_chunk  (cost=0.00..4.99 rows=99 width=8) (actual time=0.215..0.262 rows=168 loops=1)

                          Buffers: shared read=4

              ->  Partial Aggregate  (cost=5.24..5.25 rows=1 width=32) (actual time=0.274..0.274 rows=1 loops=1)

                    Buffers: shared read=4

                    ->  Parallel Seq Scan on _hyper_1_616_chunk  (cost=0.00..4.99 rows=99 width=8) (actual time=0.201..0.251 rows=168 loops=1)

                          Buffers: shared read=4

              ->  Partial Aggregate  (cost=5.24..5.25 rows=1 width=32) (actual time=0.231..0.232 rows=1 loops=1)

                    Buffers: shared read=4

                    ->  Parallel Seq Scan on _hyper_1_617_chunk  (cost=0.00..4.99 rows=99 width=8) (actual time=0.162..0.207 rows=168 loops=1)

                          Buffers: shared read=4

              ->  Partial Aggregate  (cost=5.24..5.25 rows=1 width=32) (actual time=0.289..0.290 rows=1 loops=1)

                    Buffers: shared read=4

                    ->  Parallel Seq Scan on _hyper_1_618_chunk  (cost=0.00..4.99 rows=99 width=8) (actual time=0.222..0.266 rows=168 loops=1)

                          Buffers: shared read=4

              ->  Partial Aggregate  (cost=5.24..5.25 rows=1 width=32) (actual time=0.243..0.244 rows=1 loops=1)

                    Buffers: shared read=4

                    ->  Parallel Seq Scan on _hyper_1_619_chunk  (cost=0.00..4.99 rows=99 width=8) (actual time=0.173..0.220 rows=168 loops=1)

                          Buffers: shared read=4

              ->  Partial Aggregate  (cost=5.24..5.25 rows=1 width=32) (actual time=0.177..0.178 rows=1 loops=1)

                    Buffers: shared read=4

                    ->  Parallel Seq Scan on _hyper_1_620_chunk  (cost=0.00..4.99 rows=99 width=8) (actual time=0.110..0.155 rows=168 loops=1)

                          Buffers: shared read=4

              ->  Partial Aggregate  (cost=5.24..5.25 rows=1 width=32) (actual time=0.306..0.307 rows=1 loops=1)

                    Buffers: shared read=4

                    ->  Parallel Seq Scan on _hyper_1_621_chunk  (cost=0.00..4.99 rows=99 width=8) (actual time=0.231..0.283 rows=168 loops=1)

                          Buffers: shared read=4

              ->  Partial Aggregate  (cost=5.24..5.25 rows=1 width=32) (actual time=0.306..0.307 rows=1 loops=1)

                    Buffers: shared read=4

                    ->  Parallel Seq Scan on _hyper_1_622_chunk  (cost=0.00..4.99 rows=99 width=8) (actual time=0.230..0.283 rows=168 loops=1)

                          Buffers: shared read=4

              ->  Partial Aggregate  (cost=5.24..5.25 rows=1 width=32) (actual time=0.234..0.235 rows=1 loops=1)

                    Buffers: shared read=4

                    ->  Parallel Seq Scan on _hyper_1_623_chunk  (cost=0.00..4.99 rows=99 width=8) (actual time=0.162..0.211 rows=168 loops=1)

                          Buffers: shared read=4

              ->  Partial Aggregate  (cost=5.24..5.25 rows=1 width=32) (actual time=0.240..0.242 rows=1 loops=1)

                    Buffers: shared read=4

                    ->  Parallel Seq Scan on _hyper_1_624_chunk  (cost=0.00..4.99 rows=99 width=8) (actual time=0.169..0.217 rows=168 loops=1)

                          Buffers: shared read=4

              ->  Partial Aggregate  (cost=5.24..5.25 rows=1 width=32) (actual time=0.306..0.307 rows=1 loops=1)

                    Buffers: shared read=4

                    ->  Parallel Seq Scan on _hyper_1_626_chunk  (cost=0.00..4.99 rows=99 width=8) (actual time=0.234..0.282 rows=168 loops=1)

                          Buffers: shared read=4

              ->  Partial Aggregate  (cost=5.24..5.25 rows=1 width=32) (actual time=0.282..0.283 rows=1 loops=1)

                    Buffers: shared read=4

                    ->  Parallel Seq Scan on _hyper_1_627_chunk  (cost=0.00..4.99 rows=99 width=8) (actual time=0.212..0.259 rows=168 loops=1)

                          Buffers: shared read=4

              ->  Partial Aggregate  (cost=5.24..5.25 rows=1 width=32) (actual time=0.187..0.188 rows=1 loops=1)

                    Buffers: shared read=4

                    ->  Parallel Seq Scan on _hyper_1_628_chunk  (cost=0.00..4.99 rows=99 width=8) (actual time=0.116..0.164 rows=168 loops=1)

                          Buffers: shared read=4

              ->  Partial Aggregate  (cost=5.24..5.25 rows=1 width=32) (actual time=0.235..0.236 rows=1 loops=1)

                    Buffers: shared read=4

                    ->  Parallel Seq Scan on _hyper_1_629_chunk  (cost=0.00..4.99 rows=99 width=8) (actual time=0.166..0.212 rows=168 loops=1)

                          Buffers: shared read=4

              ->  Partial Aggregate  (cost=5.24..5.25 rows=1 width=32) (actual time=0.316..0.317 rows=1 loops=1)

                    Buffers: shared read=4

                    ->  Parallel Seq Scan on _hyper_1_630_chunk  (cost=0.00..4.99 rows=99 width=8) (actual time=0.244..0.292 rows=168 loops=1)

                          Buffers: shared read=4

              ->  Partial Aggregate  (cost=5.24..5.25 rows=1 width=32) (actual time=0.260..0.262 rows=1 loops=1)

                    Buffers: shared read=4

                    ->  Parallel Seq Scan on _hyper_1_631_chunk  (cost=0.00..4.99 rows=99 width=8) (actual time=0.191..0.238 rows=168 loops=1)

                          Buffers: shared read=4

              ->  Partial Aggregate  (cost=5.24..5.25 rows=1 width=32) (actual time=0.240..0.241 rows=1 loops=1)

                    Buffers: shared read=4

                    ->  Parallel Seq Scan on _hyper_1_632_chunk  (cost=0.00..4.99 rows=99 width=8) (actual time=0.172..0.217 rows=168 loops=1)

                          Buffers: shared read=4

              ->  Partial Aggregate  (cost=5.24..5.25 rows=1 width=32) (actual time=0.251..0.252 rows=1 loops=1)

                    Buffers: shared read=4

                    ->  Parallel Seq Scan on _hyper_1_633_chunk  (cost=0.00..4.99 rows=99 width=8) (actual time=0.179..0.225 rows=168 loops=1)

                          Buffers: shared read=4

              ->  Partial Aggregate  (cost=5.24..5.25 rows=1 width=32) (actual time=0.240..0.241 rows=1 loops=1)

                    Buffers: shared read=4

                    ->  Parallel Seq Scan on _hyper_1_634_chunk  (cost=0.00..4.99 rows=99 width=8) (actual time=0.170..0.217 rows=168 loops=1)

                          Buffers: shared read=4

              ->  Partial Aggregate  (cost=5.24..5.25 rows=1 width=32) (actual time=0.259..0.260 rows=1 loops=1)

                    Buffers: shared read=4

                    ->  Parallel Seq Scan on _hyper_1_635_chunk  (cost=0.00..4.99 rows=99 width=8) (actual time=0.186..0.235 rows=168 loops=1)

                          Buffers: shared read=4

              ->  Partial Aggregate  (cost=5.24..5.25 rows=1 width=32) (actual time=0.179..0.180 rows=1 loops=1)

                    Buffers: shared read=4

                    ->  Parallel Seq Scan on _hyper_1_636_chunk  (cost=0.00..4.99 rows=99 width=8) (actual time=0.108..0.156 rows=168 loops=1)

                          Buffers: shared read=4

              ->  Partial Aggregate  (cost=5.24..5.25 rows=1 width=32) (actual time=0.382..0.383 rows=1 loops=1)

                    Buffers: shared read=4

                    ->  Parallel Seq Scan on _hyper_1_637_chunk  (cost=0.00..4.99 rows=99 width=8) (actual time=0.312..0.359 rows=168 loops=1)

                          Buffers: shared read=4

              ->  Partial Aggregate  (cost=5.24..5.25 rows=1 width=32) (actual time=0.260..0.261 rows=1 loops=1)

                    Buffers: shared read=4

                    ->  Parallel Seq Scan on _hyper_1_638_chunk  (cost=0.00..4.99 rows=99 width=8) (actual time=0.182..0.230 rows=168 loops=1)

                          Buffers: shared read=4

              ->  Partial Aggregate  (cost=5.24..5.25 rows=1 width=32) (actual time=0.234..0.235 rows=1 loops=1)

                    Buffers: shared read=4

                    ->  Parallel Seq Scan on _hyper_1_639_chunk  (cost=0.00..4.99 rows=99 width=8) (actual time=0.165..0.211 rows=168 loops=1)

                          Buffers: shared read=4

              ->  Partial Aggregate  (cost=5.24..5.25 rows=1 width=32) (actual time=0.307..0.308 rows=1 loops=1)

                    Buffers: shared read=4

                    ->  Parallel Seq Scan on _hyper_1_640_chunk  (cost=0.00..4.99 rows=99 width=8) (actual time=0.238..0.284 rows=168 loops=1)

                          Buffers: shared read=4

              ->  Partial Aggregate  (cost=5.24..5.25 rows=1 width=32) (actual time=0.242..0.242 rows=1 loops=1)

                    Buffers: shared read=4

                    ->  Parallel Seq Scan on _hyper_1_641_chunk  (cost=0.00..4.99 rows=99 width=8) (actual time=0.168..0.217 rows=168 loops=1)

                          Buffers: shared read=4

              ->  Partial Aggregate  (cost=5.24..5.25 rows=1 width=32) (actual time=0.216..0.216 rows=1 loops=1)

                    Buffers: shared read=4

                    ->  Parallel Seq Scan on _hyper_1_643_chunk  (cost=0.00..4.99 rows=99 width=8) (actual time=0.142..0.191 rows=168 loops=1)

                          Buffers: shared read=4

              ->  Partial Aggregate  (cost=5.24..5.25 rows=1 width=32) (actual time=0.251..0.252 rows=1 loops=1)

                    Buffers: shared read=4

                    ->  Parallel Seq Scan on _hyper_1_644_chunk  (cost=0.00..4.99 rows=99 width=8) (actual time=0.177..0.226 rows=168 loops=1)

                          Buffers: shared read=4

              ->  Partial Aggregate  (cost=5.24..5.25 rows=1 width=32) (actual time=0.268..0.270 rows=1 loops=1)

                    Buffers: shared read=4

                    ->  Parallel Seq Scan on _hyper_1_645_chunk  (cost=0.00..4.99 rows=99 width=8) (actual time=0.193..0.243 rows=168 loops=1)

                          Buffers: shared read=4

              ->  Partial Aggregate  (cost=5.24..5.25 rows=1 width=32) (actual time=0.254..0.255 rows=1 loops=1)

                    Buffers: shared read=4

                    ->  Parallel Seq Scan on _hyper_1_646_chunk  (cost=0.00..4.99 rows=99 width=8) (actual time=0.180..0.230 rows=168 loops=1)

                          Buffers: shared read=4

              ->  Partial Aggregate  (cost=5.24..5.25 rows=1 width=32) (actual time=0.261..0.262 rows=1 loops=1)

                    Buffers: shared read=4

                    ->  Parallel Seq Scan on _hyper_1_647_chunk  (cost=0.00..4.99 rows=99 width=8) (actual time=0.176..0.236 rows=168 loops=1)

                          Buffers: shared read=4

              ->  Partial Aggregate  (cost=5.24..5.25 rows=1 width=32) (actual time=0.255..0.256 rows=1 loops=1)

                    Buffers: shared read=4

                    ->  Parallel Seq Scan on _hyper_1_648_chunk  (cost=0.00..4.99 rows=99 width=8) (actual time=0.180..0.230 rows=168 loops=1)

                          Buffers: shared read=4

              ->  Partial Aggregate  (cost=5.24..5.25 rows=1 width=32) (actual time=0.239..0.240 rows=1 loops=1)

                    Buffers: shared read=4

                    ->  Parallel Seq Scan on _hyper_1_649_chunk  (cost=0.00..4.99 rows=99 width=8) (actual time=0.166..0.214 rows=168 loops=1)

                          Buffers: shared read=4

              ->  Partial Aggregate  (cost=5.24..5.25 rows=1 width=32) (actual time=0.238..0.239 rows=1 loops=1)

                    Buffers: shared read=4

                    ->  Parallel Seq Scan on _hyper_1_650_chunk  (cost=0.00..4.99 rows=99 width=8) (actual time=0.170..0.215 rows=168 loops=1)

                          Buffers: shared read=4

              ->  Partial Aggregate  (cost=5.24..5.25 rows=1 width=32) (actual time=0.263..0.264 rows=1 loops=1)

                    Buffers: shared read=4

                    ->  Parallel Seq Scan on _hyper_1_651_chunk  (cost=0.00..4.99 rows=99 width=8) (actual time=0.195..0.240 rows=168 loops=1)

                          Buffers: shared read=4

              ->  Partial Aggregate  (cost=5.24..5.25 rows=1 width=32) (actual time=0.232..0.233 rows=1 loops=1)

                    Buffers: shared read=4

                    ->  Parallel Seq Scan on _hyper_1_652_chunk  (cost=0.00..4.99 rows=99 width=8) (actual time=0.164..0.210 rows=168 loops=1)

                          Buffers: shared read=4

              ->  Partial Aggregate  (cost=5.24..5.25 rows=1 width=32) (actual time=0.189..0.190 rows=1 loops=1)

                    Buffers: shared read=4

                    ->  Parallel Seq Scan on _hyper_1_653_chunk  (cost=0.00..4.99 rows=99 width=8) (actual time=0.120..0.166 rows=168 loops=1)

                          Buffers: shared read=4

              ->  Partial Aggregate  (cost=5.24..5.25 rows=1 width=32) (actual time=0.236..0.237 rows=1 loops=1)

                    Buffers: shared read=4

                    ->  Parallel Seq Scan on _hyper_1_654_chunk  (cost=0.00..4.99 rows=99 width=8) (actual time=0.166..0.213 rows=168 loops=1)

                          Buffers: shared read=4

              ->  Partial Aggregate  (cost=5.24..5.25 rows=1 width=32) (actual time=0.218..0.219 rows=1 loops=1)

                    Buffers: shared read=4

                    ->  Parallel Seq Scan on _hyper_1_655_chunk  (cost=0.00..4.99 rows=99 width=8) (actual time=0.148..0.195 rows=168 loops=1)

                          Buffers: shared read=4

              ->  Partial Aggregate  (cost=5.24..5.25 rows=1 width=32) (actual time=0.246..0.246 rows=1 loops=1)

                    Buffers: shared read=4

                    ->  Parallel Seq Scan on _hyper_1_656_chunk  (cost=0.00..4.99 rows=99 width=8) (actual time=0.178..0.223 rows=168 loops=1)

                          Buffers: shared read=4

              ->  Partial Aggregate  (cost=5.24..5.25 rows=1 width=32) (actual time=0.298..0.299 rows=1 loops=1)

                    Buffers: shared read=4

                    ->  Parallel Seq Scan on _hyper_1_657_chunk  (cost=0.00..4.99 rows=99 width=8) (actual time=0.229..0.275 rows=168 loops=1)

                          Buffers: shared read=4

              ->  Partial Aggregate  (cost=5.24..5.25 rows=1 width=32) (actual time=0.179..0.180 rows=1 loops=1)

                    Buffers: shared read=4

                    ->  Parallel Seq Scan on _hyper_1_658_chunk  (cost=0.00..4.99 rows=99 width=8) (actual time=0.109..0.156 rows=168 loops=1)

                          Buffers: shared read=4

              ->  Partial Aggregate  (cost=5.24..5.25 rows=1 width=32) (actual time=0.225..0.226 rows=1 loops=1)

                    Buffers: shared read=4

                    ->  Parallel Seq Scan on _hyper_1_659_chunk  (cost=0.00..4.99 rows=99 width=8) (actual time=0.157..0.202 rows=168 loops=1)

                          Buffers: shared read=4

              ->  Partial Aggregate  (cost=5.24..5.25 rows=1 width=32) (actual time=0.244..0.244 rows=1 loops=1)

                    Buffers: shared read=4

                    ->  Parallel Seq Scan on _hyper_1_660_chunk  (cost=0.00..4.99 rows=99 width=8) (actual time=0.174..0.221 rows=168 loops=1)

                          Buffers: shared read=4

              ->  Partial Aggregate  (cost=5.24..5.25 rows=1 width=32) (actual time=0.238..0.239 rows=1 loops=1)

                    Buffers: shared read=4

                    ->  Parallel Seq Scan on _hyper_1_661_chunk  (cost=0.00..4.99 rows=99 width=8) (actual time=0.169..0.215 rows=168 loops=1)

                          Buffers: shared read=4

              ->  Partial Aggregate  (cost=5.24..5.25 rows=1 width=32) (actual time=0.178..0.179 rows=1 loops=1)

                    Buffers: shared read=4

                    ->  Parallel Seq Scan on _hyper_1_662_chunk  (cost=0.00..4.99 rows=99 width=8) (actual time=0.111..0.156 rows=168 loops=1)

                          Buffers: shared read=4

              ->  Partial Aggregate  (cost=5.24..5.25 rows=1 width=32) (actual time=0.188..0.189 rows=1 loops=1)

                    Buffers: shared read=4

                    ->  Parallel Seq Scan on _hyper_1_663_chunk  (cost=0.00..4.99 rows=99 width=8) (actual time=0.117..0.165 rows=168 loops=1)

                          Buffers: shared read=4

              ->  Partial Aggregate  (cost=5.24..5.25 rows=1 width=32) (actual time=0.173..0.174 rows=1 loops=1)

                    Buffers: shared read=4

                    ->  Parallel Seq Scan on _hyper_1_664_chunk  (cost=0.00..4.99 rows=99 width=8) (actual time=0.105..0.151 rows=168 loops=1)

                          Buffers: shared read=4

              ->  Partial Aggregate  (cost=5.24..5.25 rows=1 width=32) (actual time=0.234..0.235 rows=1 loops=1)

                    Buffers: shared read=4

                    ->  Parallel Seq Scan on _hyper_1_665_chunk  (cost=0.00..4.99 rows=99 width=8) (actual time=0.166..0.211 rows=168 loops=1)

                          Buffers: shared read=4

              ->  Partial Aggregate  (cost=5.24..5.25 rows=1 width=32) (actual time=0.297..0.298 rows=1 loops=1)

                    Buffers: shared read=4

                    ->  Parallel Seq Scan on _hyper_1_666_chunk  (cost=0.00..4.99 rows=99 width=8) (actual time=0.230..0.274 rows=168 loops=1)

                          Buffers: shared read=4

              ->  Partial Aggregate  (cost=5.24..5.25 rows=1 width=32) (actual time=0.228..0.229 rows=1 loops=1)

                    Buffers: shared read=4

                    ->  Parallel Seq Scan on _hyper_1_667_chunk  (cost=0.00..4.99 rows=99 width=8) (actual time=0.160..0.205 rows=168 loops=1)

                          Buffers: shared read=4

              ->  Partial Aggregate  (cost=5.24..5.25 rows=1 width=32) (actual time=0.311..0.312 rows=1 loops=1)

                    Buffers: shared read=4

                    ->  Parallel Seq Scan on _hyper_1_669_chunk  (cost=0.00..4.99 rows=99 width=8) (actual time=0.243..0.288 rows=168 loops=1)

                          Buffers: shared read=4

              ->  Partial Aggregate  (cost=5.24..5.25 rows=1 width=32) (actual time=0.263..0.264 rows=1 loops=1)

                    Buffers: shared read=4

                    ->  Parallel Seq Scan on _hyper_1_670_chunk  (cost=0.00..4.99 rows=99 width=8) (actual time=0.196..0.240 rows=168 loops=1)

                          Buffers: shared read=4

              ->  Partial Aggregate  (cost=5.24..5.25 rows=1 width=32) (actual time=0.189..0.190 rows=1 loops=1)

                    Buffers: shared read=4

                    ->  Parallel Seq Scan on _hyper_1_671_chunk  (cost=0.00..4.99 rows=99 width=8) (actual time=0.121..0.167 rows=168 loops=1)

                          Buffers: shared read=4

              ->  Partial Aggregate  (cost=5.24..5.25 rows=1 width=32) (actual time=0.181..0.182 rows=1 loops=1)

                    Buffers: shared read=4

                    ->  Parallel Seq Scan on _hyper_1_672_chunk  (cost=0.00..4.99 rows=99 width=8) (actual time=0.110..0.158 rows=168 loops=1)

                          Buffers: shared read=4

              ->  Partial Aggregate  (cost=5.24..5.25 rows=1 width=32) (actual time=0.251..0.252 rows=1 loops=1)

                    Buffers: shared read=4

                    ->  Parallel Seq Scan on _hyper_1_673_chunk  (cost=0.00..4.99 rows=99 width=8) (actual time=0.174..0.228 rows=168 loops=1)

                          Buffers: shared read=4

              ->  Partial Aggregate  (cost=5.24..5.25 rows=1 width=32) (actual time=0.254..0.254 rows=1 loops=1)

                    Buffers: shared read=4

                    ->  Parallel Seq Scan on _hyper_1_674_chunk  (cost=0.00..4.99 rows=99 width=8) (actual time=0.184..0.230 rows=168 loops=1)

                          Buffers: shared read=4

              ->  Partial Aggregate  (cost=5.24..5.25 rows=1 width=32) (actual time=0.212..0.213 rows=1 loops=1)

                    Buffers: shared read=4

                    ->  Parallel Seq Scan on _hyper_1_675_chunk  (cost=0.00..4.99 rows=99 width=8) (actual time=0.143..0.189 rows=168 loops=1)

                          Buffers: shared read=4

              ->  Partial Aggregate  (cost=5.24..5.25 rows=1 width=32) (actual time=0.443..0.444 rows=1 loops=1)

                    Buffers: shared read=4

                    ->  Parallel Seq Scan on _hyper_1_676_chunk  (cost=0.00..4.99 rows=99 width=8) (actual time=0.380..0.421 rows=168 loops=1)

                          Buffers: shared read=4

              ->  Partial Aggregate  (cost=5.24..5.25 rows=1 width=32) (actual time=0.463..0.464 rows=1 loops=1)

                    Buffers: shared read=4

                    ->  Parallel Seq Scan on _hyper_1_677_chunk  (cost=0.00..4.99 rows=99 width=8) (actual time=0.400..0.442 rows=168 loops=1)

                          Buffers: shared read=4

              ->  Partial Aggregate  (cost=5.24..5.25 rows=1 width=32) (actual time=0.389..0.389 rows=1 loops=1)

                    Buffers: shared read=4

                    ->  Parallel Seq Scan on _hyper_1_678_chunk  (cost=0.00..4.99 rows=99 width=8) (actual time=0.306..0.357 rows=168 loops=1)

                          Buffers: shared read=4

              ->  Partial Aggregate  (cost=5.24..5.25 rows=1 width=32) (actual time=0.219..0.220 rows=1 loops=1)

                    Buffers: shared read=4

                    ->  Parallel Seq Scan on _hyper_1_679_chunk  (cost=0.00..4.99 rows=99 width=8) (actual time=0.155..0.198 rows=168 loops=1)

                          Buffers: shared read=4

              ->  Partial Aggregate  (cost=5.24..5.25 rows=1 width=32) (actual time=0.232..0.232 rows=1 loops=1)

                    Buffers: shared read=4

                    ->  Parallel Seq Scan on _hyper_1_680_chunk  (cost=0.00..4.99 rows=99 width=8) (actual time=0.169..0.211 rows=168 loops=1)

                          Buffers: shared read=4

              ->  Partial Aggregate  (cost=5.24..5.25 rows=1 width=32) (actual time=0.312..0.313 rows=1 loops=1)

                    Buffers: shared read=4

                    ->  Parallel Seq Scan on _hyper_1_681_chunk  (cost=0.00..4.99 rows=99 width=8) (actual time=0.247..0.291 rows=168 loops=1)

                          Buffers: shared read=4

              ->  Partial Aggregate  (cost=5.24..5.25 rows=1 width=32) (actual time=0.229..0.230 rows=1 loops=1)

                    Buffers: shared read=4

                    ->  Parallel Seq Scan on _hyper_1_682_chunk  (cost=0.00..4.99 rows=99 width=8) (actual time=0.164..0.207 rows=168 loops=1)

                          Buffers: shared read=4

              ->  Partial Aggregate  (cost=5.24..5.25 rows=1 width=32) (actual time=0.173..0.173 rows=1 loops=1)

                    Buffers: shared read=4

                    ->  Parallel Seq Scan on _hyper_1_683_chunk  (cost=0.00..4.99 rows=99 width=8) (actual time=0.108..0.151 rows=168 loops=1)

                          Buffers: shared read=4

              ->  Partial Aggregate  (cost=5.24..5.25 rows=1 width=32) (actual time=0.231..0.232 rows=1 loops=1)

                    Buffers: shared read=4

                    ->  Parallel Seq Scan on _hyper_1_684_chunk  (cost=0.00..4.99 rows=99 width=8) (actual time=0.166..0.210 rows=168 loops=1)

                          Buffers: shared read=4

              ->  Partial Aggregate  (cost=5.24..5.25 rows=1 width=32) (actual time=0.293..0.294 rows=1 loops=1)

                    Buffers: shared read=4

                    ->  Parallel Seq Scan on _hyper_1_686_chunk  (cost=0.00..4.99 rows=99 width=8) (actual time=0.229..0.272 rows=168 loops=1)

                          Buffers: shared read=4

              ->  Partial Aggregate  (cost=5.24..5.25 rows=1 width=32) (actual time=0.242..0.243 rows=1 loops=1)

                    Buffers: shared read=4

                    ->  Parallel Seq Scan on _hyper_1_687_chunk  (cost=0.00..4.99 rows=99 width=8) (actual time=0.178..0.221 rows=168 loops=1)

                          Buffers: shared read=4

              ->  Partial Aggregate  (cost=5.24..5.25 rows=1 width=32) (actual time=0.213..0.214 rows=1 loops=1)

                    Buffers: shared read=4

                    ->  Parallel Seq Scan on _hyper_1_688_chunk  (cost=0.00..4.99 rows=99 width=8) (actual time=0.149..0.192 rows=168 loops=1)

                          Buffers: shared read=4

              ->  Partial Aggregate  (cost=5.24..5.25 rows=1 width=32) (actual time=0.174..0.175 rows=1 loops=1)

                    Buffers: shared read=4

                    ->  Parallel Seq Scan on _hyper_1_689_chunk  (cost=0.00..4.99 rows=99 width=8) (actual time=0.104..0.153 rows=168 loops=1)

                          Buffers: shared read=4

              ->  Partial Aggregate  (cost=5.24..5.25 rows=1 width=32) (actual time=0.153..0.154 rows=1 loops=1)

                    Buffers: shared read=4

                    ->  Parallel Seq Scan on _hyper_1_690_chunk  (cost=0.00..4.99 rows=99 width=8) (actual time=0.090..0.132 rows=168 loops=1)

                          Buffers: shared read=4

              ->  Partial Aggregate  (cost=5.24..5.25 rows=1 width=32) (actual time=0.238..0.239 rows=1 loops=1)

                    Buffers: shared read=4

                    ->  Parallel Seq Scan on _hyper_1_691_chunk  (cost=0.00..4.99 rows=99 width=8) (actual time=0.174..0.217 rows=168 loops=1)

                          Buffers: shared read=4

              ->  Partial Aggregate  (cost=5.24..5.25 rows=1 width=32) (actual time=0.217..0.218 rows=1 loops=1)

                    Buffers: shared read=4

                    ->  Parallel Seq Scan on _hyper_1_692_chunk  (cost=0.00..4.99 rows=99 width=8) (actual time=0.152..0.195 rows=168 loops=1)

                          Buffers: shared read=4

              ->  Partial Aggregate  (cost=5.24..5.25 rows=1 width=32) (actual time=0.217..0.218 rows=1 loops=1)

                    Buffers: shared read=4

                    ->  Parallel Seq Scan on _hyper_1_693_chunk  (cost=0.00..4.99 rows=99 width=8) (actual time=0.148..0.195 rows=168 loops=1)

                          Buffers: shared read=4

              ->  Partial Aggregate  (cost=5.24..5.25 rows=1 width=32) (actual time=0.287..0.288 rows=1 loops=1)

                    Buffers: shared read=4

                    ->  Parallel Seq Scan on _hyper_1_694_chunk  (cost=0.00..4.99 rows=99 width=8) (actual time=0.218..0.264 rows=168 loops=1)

                          Buffers: shared read=4

              ->  Partial Aggregate  (cost=5.24..5.25 rows=1 width=32) (actual time=0.248..0.249 rows=1 loops=1)

                    Buffers: shared read=4

                    ->  Parallel Seq Scan on _hyper_1_695_chunk  (cost=0.00..4.99 rows=99 width=8) (actual time=0.178..0.224 rows=168 loops=1)

                          Buffers: shared read=4

              ->  Partial Aggregate  (cost=5.24..5.25 rows=1 width=32) (actual time=0.213..0.214 rows=1 loops=1)

                    Buffers: shared read=4

                    ->  Parallel Seq Scan on _hyper_1_697_chunk  (cost=0.00..4.99 rows=99 width=8) (actual time=0.145..0.191 rows=168 loops=1)

                          Buffers: shared read=4

              ->  Partial Aggregate  (cost=5.24..5.25 rows=1 width=32) (actual time=0.177..0.177 rows=1 loops=1)

                    Buffers: shared read=4

                    ->  Parallel Seq Scan on _hyper_1_698_chunk  (cost=0.00..4.99 rows=99 width=8) (actual time=0.108..0.153 rows=168 loops=1)

                          Buffers: shared read=4

              ->  Partial Aggregate  (cost=5.24..5.25 rows=1 width=32) (actual time=0.293..0.294 rows=1 loops=1)

                    Buffers: shared read=4

                    ->  Parallel Seq Scan on _hyper_1_699_chunk  (cost=0.00..4.99 rows=99 width=8) (actual time=0.203..0.265 rows=168 loops=1)

                          Buffers: shared read=4

              ->  Partial Aggregate  (cost=5.24..5.25 rows=1 width=32) (actual time=0.249..0.250 rows=1 loops=1)

                    Buffers: shared read=4

                    ->  Parallel Seq Scan on _hyper_1_700_chunk  (cost=0.00..4.99 rows=99 width=8) (actual time=0.180..0.226 rows=168 loops=1)

                          Buffers: shared read=4

              ->  Partial Aggregate  (cost=5.24..5.25 rows=1 width=32) (actual time=0.292..0.292 rows=1 loops=1)

                    Buffers: shared read=4

                    ->  Parallel Seq Scan on _hyper_1_701_chunk  (cost=0.00..4.99 rows=99 width=8) (actual time=0.213..0.267 rows=168 loops=1)

                          Buffers: shared read=4

              ->  Partial Aggregate  (cost=5.24..5.25 rows=1 width=32) (actual time=0.236..0.237 rows=1 loops=1)

                    Buffers: shared read=4

                    ->  Parallel Seq Scan on _hyper_1_702_chunk  (cost=0.00..4.99 rows=99 width=8) (actual time=0.161..0.212 rows=168 loops=1)

                          Buffers: shared read=4

              ->  Partial Aggregate  (cost=5.24..5.25 rows=1 width=32) (actual time=0.359..0.360 rows=1 loops=1)

                    Buffers: shared read=4

                    ->  Parallel Seq Scan on _hyper_1_703_chunk  (cost=0.00..4.99 rows=99 width=8) (actual time=0.283..0.334 rows=168 loops=1)

                          Buffers: shared read=4

              ->  Partial Aggregate  (cost=5.24..5.25 rows=1 width=32) (actual time=0.454..0.455 rows=1 loops=1)

                    Buffers: shared read=4

                    ->  Parallel Seq Scan on _hyper_1_704_chunk  (cost=0.00..4.99 rows=99 width=8) (actual time=0.380..0.430 rows=168 loops=1)

                          Buffers: shared read=4

              ->  Partial Aggregate  (cost=5.24..5.25 rows=1 width=32) (actual time=0.438..0.439 rows=1 loops=1)

                    Buffers: shared read=4

                    ->  Parallel Seq Scan on _hyper_1_705_chunk  (cost=0.00..4.99 rows=99 width=8) (actual time=0.358..0.411 rows=168 loops=1)

                          Buffers: shared read=4

              ->  Partial Aggregate  (cost=5.24..5.25 rows=1 width=32) (actual time=0.245..0.245 rows=1 loops=1)

                    Buffers: shared read=4

                    ->  Parallel Seq Scan on _hyper_1_706_chunk  (cost=0.00..4.99 rows=99 width=8) (actual time=0.169..0.219 rows=168 loops=1)

                          Buffers: shared read=4

              ->  Partial Aggregate  (cost=5.24..5.25 rows=1 width=32) (actual time=0.189..0.189 rows=1 loops=1)

                    Buffers: shared read=4

                    ->  Parallel Seq Scan on _hyper_1_707_chunk  (cost=0.00..4.99 rows=99 width=8) (actual time=0.115..0.164 rows=168 loops=1)

                          Buffers: shared read=4

              ->  Partial Aggregate  (cost=5.24..5.25 rows=1 width=32) (actual time=0.315..0.315 rows=1 loops=1)

                    Buffers: shared read=4

                    ->  Parallel Seq Scan on _hyper_1_708_chunk  (cost=0.00..4.99 rows=99 width=8) (actual time=0.235..0.289 rows=168 loops=1)

                          Buffers: shared read=4

              ->  Partial Aggregate  (cost=5.24..5.25 rows=1 width=32) (actual time=0.241..0.242 rows=1 loops=1)

                    Buffers: shared read=4

                    ->  Parallel Seq Scan on _hyper_1_709_chunk  (cost=0.00..4.99 rows=99 width=8) (actual time=0.163..0.216 rows=168 loops=1)

                          Buffers: shared read=4

              ->  Partial Aggregate  (cost=5.24..5.25 rows=1 width=32) (actual time=0.244..0.245 rows=1 loops=1)

                    Buffers: shared read=4

                    ->  Parallel Seq Scan on _hyper_1_710_chunk  (cost=0.00..4.99 rows=99 width=8) (actual time=0.169..0.219 rows=168 loops=1)

                          Buffers: shared read=4

              ->  Partial Aggregate  (cost=5.24..5.25 rows=1 width=32) (actual time=0.190..0.190 rows=1 loops=1)

                    Buffers: shared read=4

                    ->  Parallel Seq Scan on _hyper_1_711_chunk  (cost=0.00..4.99 rows=99 width=8) (actual time=0.116..0.165 rows=168 loops=1)

                          Buffers: shared read=4

              ->  Partial Aggregate  (cost=5.24..5.25 rows=1 width=32) (actual time=0.194..0.195 rows=1 loops=1)

                    Buffers: shared read=4

                    ->  Parallel Seq Scan on _hyper_1_712_chunk  (cost=0.00..4.99 rows=99 width=8) (actual time=0.119..0.169 rows=168 loops=1)

                          Buffers: shared read=4

              ->  Partial Aggregate  (cost=5.24..5.25 rows=1 width=32) (actual time=0.226..0.227 rows=1 loops=1)

                    Buffers: shared read=4

                    ->  Parallel Seq Scan on _hyper_1_713_chunk  (cost=0.00..4.99 rows=99 width=8) (actual time=0.152..0.202 rows=168 loops=1)

                          Buffers: shared read=4

              ->  Partial Aggregate  (cost=5.24..5.25 rows=1 width=32) (actual time=0.254..0.254 rows=1 loops=1)

                    Buffers: shared read=4

                    ->  Parallel Seq Scan on _hyper_1_714_chunk  (cost=0.00..4.99 rows=99 width=8) (actual time=0.179..0.229 rows=168 loops=1)

                          Buffers: shared read=4

              ->  Partial Aggregate  (cost=5.24..5.25 rows=1 width=32) (actual time=0.286..0.287 rows=1 loops=1)

                    Buffers: shared read=4

                    ->  Parallel Seq Scan on _hyper_1_715_chunk  (cost=0.00..4.99 rows=99 width=8) (actual time=0.211..0.261 rows=168 loops=1)

                          Buffers: shared read=4

              ->  Partial Aggregate  (cost=5.24..5.25 rows=1 width=32) (actual time=0.316..0.317 rows=1 loops=1)

                    Buffers: shared read=4

                    ->  Parallel Seq Scan on _hyper_1_716_chunk  (cost=0.00..4.99 rows=99 width=8) (actual time=0.240..0.291 rows=168 loops=1)

                          Buffers: shared read=4

              ->  Partial Aggregate  (cost=5.24..5.25 rows=1 width=32) (actual time=0.235..0.236 rows=1 loops=1)

                    Buffers: shared read=4

                    ->  Parallel Seq Scan on _hyper_1_717_chunk  (cost=0.00..4.99 rows=99 width=8) (actual time=0.157..0.210 rows=168 loops=1)

                          Buffers: shared read=4

              ->  Partial Aggregate  (cost=5.24..5.25 rows=1 width=32) (actual time=0.168..0.169 rows=1 loops=1)

                    Buffers: shared read=4

                    ->  Parallel Seq Scan on _hyper_1_718_chunk  (cost=0.00..4.99 rows=99 width=8) (actual time=0.096..0.143 rows=168 loops=1)

                          Buffers: shared read=4

              ->  Partial Aggregate  (cost=5.24..5.25 rows=1 width=32) (actual time=0.254..0.255 rows=1 loops=1)

                    Buffers: shared read=4

                    ->  Parallel Seq Scan on _hyper_1_719_chunk  (cost=0.00..4.99 rows=99 width=8) (actual time=0.180..0.229 rows=168 loops=1)

                          Buffers: shared read=4

              ->  Partial Aggregate  (cost=5.24..5.25 rows=1 width=32) (actual time=0.245..0.246 rows=1 loops=1)

                    Buffers: shared read=4

                    ->  Parallel Seq Scan on _hyper_1_720_chunk  (cost=0.00..4.99 rows=99 width=8) (actual time=0.170..0.220 rows=168 loops=1)

                          Buffers: shared read=4

              ->  Partial Aggregate  (cost=5.24..5.25 rows=1 width=32) (actual time=0.222..0.222 rows=1 loops=1)

                    Buffers: shared read=4

                    ->  Parallel Seq Scan on _hyper_1_721_chunk  (cost=0.00..4.99 rows=99 width=8) (actual time=0.148..0.197 rows=168 loops=1)

                          Buffers: shared read=4

              ->  Partial Aggregate  (cost=5.24..5.25 rows=1 width=32) (actual time=0.166..0.166 rows=1 loops=1)

                    Buffers: shared read=4

                    ->  Parallel Seq Scan on _hyper_1_722_chunk  (cost=0.00..4.99 rows=99 width=8) (actual time=0.092..0.141 rows=168 loops=1)

                          Buffers: shared read=4

              ->  Partial Aggregate  (cost=5.24..5.25 rows=1 width=32) (actual time=0.308..0.309 rows=1 loops=1)

                    Buffers: shared read=4

                    ->  Parallel Seq Scan on _hyper_1_723_chunk  (cost=0.00..4.99 rows=99 width=8) (actual time=0.234..0.283 rows=168 loops=1)

                          Buffers: shared read=4

              ->  Partial Aggregate  (cost=5.24..5.25 rows=1 width=32) (actual time=0.311..0.312 rows=1 loops=1)

                    Buffers: shared read=4

                    ->  Parallel Seq Scan on _hyper_1_724_chunk  (cost=0.00..4.99 rows=99 width=8) (actual time=0.236..0.286 rows=168 loops=1)

                          Buffers: shared read=4

              ->  Partial Aggregate  (cost=5.24..5.25 rows=1 width=32) (actual time=0.226..0.227 rows=1 loops=1)

                    Buffers: shared read=4

                    ->  Parallel Seq Scan on _hyper_1_725_chunk  (cost=0.00..4.99 rows=99 width=8) (actual time=0.152..0.201 rows=168 loops=1)

                          Buffers: shared read=4

              ->  Partial Aggregate  (cost=5.24..5.25 rows=1 width=32) (actual time=0.248..0.249 rows=1 loops=1)

                    Buffers: shared read=4

                    ->  Parallel Seq Scan on _hyper_1_726_chunk  (cost=0.00..4.99 rows=99 width=8) (actual time=0.174..0.224 rows=168 loops=1)

                          Buffers: shared read=4

              ->  Partial Aggregate  (cost=5.24..5.25 rows=1 width=32) (actual time=0.240..0.240 rows=1 loops=1)

                    Buffers: shared read=4

                    ->  Parallel Seq Scan on _hyper_1_727_chunk  (cost=0.00..4.99 rows=99 width=8) (actual time=0.165..0.215 rows=168 loops=1)

                          Buffers: shared read=4

              ->  Partial Aggregate  (cost=5.24..5.25 rows=1 width=32) (actual time=0.170..0.171 rows=1 loops=1)

                    Buffers: shared read=4

                    ->  Parallel Seq Scan on _hyper_1_728_chunk  (cost=0.00..4.99 rows=99 width=8) (actual time=0.095..0.146 rows=168 loops=1)

                          Buffers: shared read=4

              ->  Partial Aggregate  (cost=5.24..5.25 rows=1 width=32) (actual time=0.192..0.193 rows=1 loops=1)

                    Buffers: shared read=4

                    ->  Parallel Seq Scan on _hyper_1_729_chunk  (cost=0.00..4.99 rows=99 width=8) (actual time=0.118..0.168 rows=168 loops=1)

                          Buffers: shared read=4

              ->  Partial Aggregate  (cost=5.24..5.25 rows=1 width=32) (actual time=0.193..0.194 rows=1 loops=1)

                    Buffers: shared read=4

                    ->  Parallel Seq Scan on _hyper_1_730_chunk  (cost=0.00..4.99 rows=99 width=8) (actual time=0.114..0.168 rows=168 loops=1)

                          Buffers: shared read=4

              ->  Partial Aggregate  (cost=5.24..5.25 rows=1 width=32) (actual time=0.238..0.239 rows=1 loops=1)

                    Buffers: shared read=4

                    ->  Parallel Seq Scan on _hyper_1_731_chunk  (cost=0.00..4.99 rows=99 width=8) (actual time=0.163..0.213 rows=168 loops=1)

                          Buffers: shared read=4

              ->  Partial Aggregate  (cost=5.24..5.25 rows=1 width=32) (actual time=0.278..0.279 rows=1 loops=1)

                    Buffers: shared read=4

                    ->  Parallel Seq Scan on _hyper_1_732_chunk  (cost=0.00..4.99 rows=99 width=8) (actual time=0.202..0.251 rows=168 loops=1)

                          Buffers: shared read=4

              ->  Partial Aggregate  (cost=5.24..5.25 rows=1 width=32) (actual time=0.316..0.316 rows=1 loops=1)

                    Buffers: shared read=4

                    ->  Parallel Seq Scan on _hyper_1_734_chunk  (cost=0.00..4.99 rows=99 width=8) (actual time=0.234..0.289 rows=168 loops=1)

                          Buffers: shared read=4

              ->  Partial Aggregate  (cost=5.24..5.25 rows=1 width=32) (actual time=0.264..0.265 rows=1 loops=1)

                    Buffers: shared read=4

                    ->  Parallel Seq Scan on _hyper_1_735_chunk  (cost=0.00..4.99 rows=99 width=8) (actual time=0.182..0.236 rows=168 loops=1)

                          Buffers: shared read=4

              ->  Partial Aggregate  (cost=5.24..5.25 rows=1 width=32) (actual time=0.252..0.253 rows=1 loops=1)

                    Buffers: shared read=4

                    ->  Parallel Seq Scan on _hyper_1_736_chunk  (cost=0.00..4.99 rows=99 width=8) (actual time=0.170..0.225 rows=168 loops=1)

                          Buffers: shared read=4

              ->  Partial Aggregate  (cost=5.24..5.25 rows=1 width=32) (actual time=0.273..0.274 rows=1 loops=1)

                    Buffers: shared read=4

                    ->  Parallel Seq Scan on _hyper_1_737_chunk  (cost=0.00..4.99 rows=99 width=8) (actual time=0.193..0.246 rows=168 loops=1)

                          Buffers: shared read=4

              ->  Partial Aggregate  (cost=5.24..5.25 rows=1 width=32) (actual time=0.370..0.371 rows=1 loops=1)

                    Buffers: shared read=4

                    ->  Parallel Seq Scan on _hyper_1_738_chunk  (cost=0.00..4.99 rows=99 width=8) (actual time=0.286..0.341 rows=168 loops=1)

                          Buffers: shared read=4

              ->  Partial Aggregate  (cost=5.24..5.25 rows=1 width=32) (actual time=0.345..0.345 rows=1 loops=1)

                    Buffers: shared read=4

                    ->  Parallel Seq Scan on _hyper_1_739_chunk  (cost=0.00..4.99 rows=99 width=8) (actual time=0.262..0.317 rows=168 loops=1)

                          Buffers: shared read=4

              ->  Partial Aggregate  (cost=5.24..5.25 rows=1 width=32) (actual time=0.252..0.253 rows=1 loops=1)

                    Buffers: shared read=4

                    ->  Parallel Seq Scan on _hyper_1_740_chunk  (cost=0.00..4.99 rows=99 width=8) (actual time=0.169..0.221 rows=168 loops=1)

                          Buffers: shared read=4

              ->  Partial Aggregate  (cost=5.24..5.25 rows=1 width=32) (actual time=0.311..0.312 rows=1 loops=1)

                    Buffers: shared read=4

                    ->  Parallel Seq Scan on _hyper_1_741_chunk  (cost=0.00..4.99 rows=99 width=8) (actual time=0.237..0.287 rows=168 loops=1)

                          Buffers: shared read=4

              ->  Partial Aggregate  (cost=5.24..5.25 rows=1 width=32) (actual time=0.233..0.234 rows=1 loops=1)

                    Buffers: shared read=4

                    ->  Parallel Seq Scan on _hyper_1_742_chunk  (cost=0.00..4.99 rows=99 width=8) (actual time=0.157..0.208 rows=168 loops=1)

                          Buffers: shared read=4

              ->  Partial Aggregate  (cost=5.24..5.25 rows=1 width=32) (actual time=0.184..0.185 rows=1 loops=1)

                    Buffers: shared read=4

                    ->  Parallel Seq Scan on _hyper_1_743_chunk  (cost=0.00..4.99 rows=99 width=8) (actual time=0.110..0.159 rows=168 loops=1)

                          Buffers: shared read=4

              ->  Partial Aggregate  (cost=5.24..5.25 rows=1 width=32) (actual time=0.169..0.170 rows=1 loops=1)

                    Buffers: shared read=4

                    ->  Parallel Seq Scan on _hyper_1_745_chunk  (cost=0.00..4.99 rows=99 width=8) (actual time=0.094..0.144 rows=168 loops=1)

                          Buffers: shared read=4

              ->  Partial Aggregate  (cost=5.24..5.25 rows=1 width=32) (actual time=0.248..0.249 rows=1 loops=1)

                    Buffers: shared read=4

                    ->  Parallel Seq Scan on _hyper_1_746_chunk  (cost=0.00..4.99 rows=99 width=8) (actual time=0.174..0.223 rows=168 loops=1)

                          Buffers: shared read=4

              ->  Partial Aggregate  (cost=5.24..5.25 rows=1 width=32) (actual time=0.575..0.576 rows=1 loops=1)

                    Buffers: shared read=4

                    ->  Parallel Seq Scan on _hyper_1_747_chunk  (cost=0.00..4.99 rows=99 width=8) (actual time=0.461..0.538 rows=168 loops=1)

                          Buffers: shared read=4

              ->  Partial Aggregate  (cost=5.24..5.25 rows=1 width=32) (actual time=0.252..0.253 rows=1 loops=1)

                    Buffers: shared read=4

                    ->  Parallel Seq Scan on _hyper_1_748_chunk  (cost=0.00..4.99 rows=99 width=8) (actual time=0.177..0.227 rows=168 loops=1)

                          Buffers: shared read=4

              ->  Partial Aggregate  (cost=5.24..5.25 rows=1 width=32) (actual time=0.162..0.162 rows=1 loops=1)

                    Buffers: shared read=4

                    ->  Parallel Seq Scan on _hyper_1_749_chunk  (cost=0.00..4.99 rows=99 width=8) (actual time=0.088..0.137 rows=168 loops=1)

                          Buffers: shared read=4

              ->  Partial Aggregate  (cost=5.24..5.25 rows=1 width=32) (actual time=0.242..0.243 rows=1 loops=1)

                    Buffers: shared read=4

                    ->  Parallel Seq Scan on _hyper_1_750_chunk  (cost=0.00..4.99 rows=99 width=8) (actual time=0.168..0.217 rows=168 loops=1)

                          Buffers: shared read=4

              ->  Partial Aggregate  (cost=5.24..5.25 rows=1 width=32) (actual time=0.413..0.414 rows=1 loops=1)

                    Buffers: shared read=4

                    ->  Parallel Seq Scan on _hyper_1_751_chunk  (cost=0.00..4.99 rows=99 width=8) (actual time=0.307..0.379 rows=168 loops=1)

                          Buffers: shared read=4

              ->  Partial Aggregate  (cost=5.24..5.25 rows=1 width=32) (actual time=0.266..0.267 rows=1 loops=1)

                    Buffers: shared read=4

                    ->  Parallel Seq Scan on _hyper_1_752_chunk  (cost=0.00..4.99 rows=99 width=8) (actual time=0.190..0.241 rows=168 loops=1)

                          Buffers: shared read=4

              ->  Partial Aggregate  (cost=5.24..5.25 rows=1 width=32) (actual time=0.608..0.609 rows=1 loops=1)

                    Buffers: shared read=4

                    ->  Parallel Seq Scan on _hyper_1_753_chunk  (cost=0.00..4.99 rows=99 width=8) (actual time=0.499..0.573 rows=168 loops=1)

                          Buffers: shared read=4

              ->  Partial Aggregate  (cost=5.24..5.25 rows=1 width=32) (actual time=0.249..0.250 rows=1 loops=1)

                    Buffers: shared read=4

                    ->  Parallel Seq Scan on _hyper_1_754_chunk  (cost=0.00..4.99 rows=99 width=8) (actual time=0.172..0.224 rows=168 loops=1)

                          Buffers: shared read=4

              ->  Partial Aggregate  (cost=5.24..5.25 rows=1 width=32) (actual time=0.234..0.234 rows=1 loops=1)

                    Buffers: shared read=4

                    ->  Parallel Seq Scan on _hyper_1_756_chunk  (cost=0.00..4.99 rows=99 width=8) (actual time=0.165..0.211 rows=168 loops=1)

                          Buffers: shared read=4

              ->  Partial Aggregate  (cost=5.24..5.25 rows=1 width=32) (actual time=0.227..0.228 rows=1 loops=1)

                    Buffers: shared read=4

                    ->  Parallel Seq Scan on _hyper_1_757_chunk  (cost=0.00..4.99 rows=99 width=8) (actual time=0.158..0.204 rows=168 loops=1)

                          Buffers: shared read=4

              ->  Partial Aggregate  (cost=5.24..5.25 rows=1 width=32) (actual time=0.470..0.471 rows=1 loops=1)

                    Buffers: shared read=4

                    ->  Parallel Seq Scan on _hyper_1_758_chunk  (cost=0.00..4.99 rows=99 width=8) (actual time=0.366..0.435 rows=168 loops=1)

                          Buffers: shared read=4

              ->  Partial Aggregate  (cost=5.24..5.25 rows=1 width=32) (actual time=0.226..0.227 rows=1 loops=1)

                    Buffers: shared read=4

                    ->  Parallel Seq Scan on _hyper_1_759_chunk  (cost=0.00..4.99 rows=99 width=8) (actual time=0.157..0.203 rows=168 loops=1)

                          Buffers: shared read=4

              ->  Partial Aggregate  (cost=5.24..5.25 rows=1 width=32) (actual time=0.296..0.296 rows=1 loops=1)

                    Buffers: shared read=4

                    ->  Parallel Seq Scan on _hyper_1_761_chunk  (cost=0.00..4.99 rows=99 width=8) (actual time=0.229..0.273 rows=168 loops=1)

                          Buffers: shared read=4

              ->  Partial Aggregate  (cost=5.24..5.25 rows=1 width=32) (actual time=0.377..0.378 rows=1 loops=1)

                    Buffers: shared read=4

                    ->  Parallel Seq Scan on _hyper_1_762_chunk  (cost=0.00..4.99 rows=99 width=8) (actual time=0.270..0.345 rows=168 loops=1)

                          Buffers: shared read=4

              ->  Partial Aggregate  (cost=5.24..5.25 rows=1 width=32) (actual time=0.246..0.247 rows=1 loops=1)

                    Buffers: shared read=4

                    ->  Parallel Seq Scan on _hyper_1_763_chunk  (cost=0.00..4.99 rows=99 width=8) (actual time=0.174..0.223 rows=168 loops=1)

                          Buffers: shared read=4

              ->  Partial Aggregate  (cost=5.24..5.25 rows=1 width=32) (actual time=0.318..0.318 rows=1 loops=1)

                    Buffers: shared read=4

                    ->  Parallel Seq Scan on _hyper_1_764_chunk  (cost=0.00..4.99 rows=99 width=8) (actual time=0.229..0.289 rows=168 loops=1)

                          Buffers: shared read=4

              ->  Partial Aggregate  (cost=5.24..5.25 rows=1 width=32) (actual time=0.277..0.277 rows=1 loops=1)

                    Buffers: shared read=4

                    ->  Parallel Seq Scan on _hyper_1_766_chunk  (cost=0.00..4.99 rows=99 width=8) (actual time=0.208..0.254 rows=168 loops=1)

                          Buffers: shared read=4

              ->  Partial Aggregate  (cost=5.24..5.25 rows=1 width=32) (actual time=0.277..0.278 rows=1 loops=1)

                    Buffers: shared read=4

                    ->  Parallel Seq Scan on _hyper_1_767_chunk  (cost=0.00..4.99 rows=99 width=8) (actual time=0.191..0.250 rows=168 loops=1)

                          Buffers: shared read=4

              ->  Partial Aggregate  (cost=5.24..5.25 rows=1 width=32) (actual time=0.323..0.324 rows=1 loops=1)

                    Buffers: shared read=4

                    ->  Parallel Seq Scan on _hyper_1_768_chunk  (cost=0.00..4.99 rows=99 width=8) (actual time=0.253..0.299 rows=168 loops=1)

                          Buffers: shared read=4

              ->  Partial Aggregate  (cost=5.24..5.25 rows=1 width=32) (actual time=0.281..0.281 rows=1 loops=1)

                    Buffers: shared read=4

                    ->  Parallel Seq Scan on _hyper_1_769_chunk  (cost=0.00..4.99 rows=99 width=8) (actual time=0.192..0.254 rows=168 loops=1)

                          Buffers: shared read=4

              ->  Partial Aggregate  (cost=5.24..5.25 rows=1 width=32) (actual time=0.245..0.246 rows=1 loops=1)

                    Buffers: shared read=4

                    ->  Parallel Seq Scan on _hyper_1_771_chunk  (cost=0.00..4.99 rows=99 width=8) (actual time=0.176..0.222 rows=168 loops=1)

                          Buffers: shared read=4

              ->  Partial Aggregate  (cost=5.24..5.25 rows=1 width=32) (actual time=0.273..0.274 rows=1 loops=1)

                    Buffers: shared read=4

                    ->  Parallel Seq Scan on _hyper_1_772_chunk  (cost=0.00..4.99 rows=99 width=8) (actual time=0.183..0.245 rows=168 loops=1)

                          Buffers: shared read=4

              ->  Partial Aggregate  (cost=5.24..5.25 rows=1 width=32) (actual time=0.326..0.326 rows=1 loops=1)

                    Buffers: shared read=4

                    ->  Parallel Seq Scan on _hyper_1_773_chunk  (cost=0.00..4.99 rows=99 width=8) (actual time=0.250..0.300 rows=168 loops=1)

                          Buffers: shared read=4

              ->  Partial Aggregate  (cost=5.24..5.25 rows=1 width=32) (actual time=0.303..0.303 rows=1 loops=1)

                    Buffers: shared read=4

                    ->  Parallel Seq Scan on _hyper_1_774_chunk  (cost=0.00..4.99 rows=99 width=8) (actual time=0.209..0.274 rows=168 loops=1)

                          Buffers: shared read=4

              ->  Partial Aggregate  (cost=5.24..5.25 rows=1 width=32) (actual time=0.241..0.241 rows=1 loops=1)

                    Buffers: shared read=4

                    ->  Parallel Seq Scan on _hyper_1_775_chunk  (cost=0.00..4.99 rows=99 width=8) (actual time=0.166..0.216 rows=168 loops=1)

                          Buffers: shared read=4

              ->  Partial Aggregate  (cost=5.24..5.25 rows=1 width=32) (actual time=0.314..0.315 rows=1 loops=1)

                    Buffers: shared read=4

                    ->  Parallel Seq Scan on _hyper_1_776_chunk  (cost=0.00..4.99 rows=99 width=8) (actual time=0.210..0.285 rows=168 loops=1)

                          Buffers: shared read=4

              ->  Partial Aggregate  (cost=5.24..5.25 rows=1 width=32) (actual time=0.287..0.288 rows=1 loops=1)

                    Buffers: shared read=4

                    ->  Parallel Seq Scan on _hyper_1_777_chunk  (cost=0.00..4.99 rows=99 width=8) (actual time=0.205..0.262 rows=168 loops=1)

                          Buffers: shared read=4

              ->  Partial Aggregate  (cost=5.24..5.25 rows=1 width=32) (actual time=0.344..0.345 rows=1 loops=1)

                    Buffers: shared read=4

                    ->  Parallel Seq Scan on _hyper_1_778_chunk  (cost=0.00..4.99 rows=99 width=8) (actual time=0.269..0.319 rows=168 loops=1)

                          Buffers: shared read=4

              ->  Partial Aggregate  (cost=5.24..5.25 rows=1 width=32) (actual time=0.395..0.395 rows=1 loops=1)

                    Buffers: shared read=4

                    ->  Parallel Seq Scan on _hyper_1_779_chunk  (cost=0.00..4.99 rows=99 width=8) (actual time=0.299..0.365 rows=168 loops=1)

                          Buffers: shared read=4

              ->  Partial Aggregate  (cost=5.24..5.25 rows=1 width=32) (actual time=0.222..0.223 rows=1 loops=1)

                    Buffers: shared read=4

                    ->  Parallel Seq Scan on _hyper_1_780_chunk  (cost=0.00..4.99 rows=99 width=8) (actual time=0.148..0.197 rows=168 loops=1)

                          Buffers: shared read=4

              ->  Partial Aggregate  (cost=5.24..5.25 rows=1 width=32) (actual time=0.300..0.301 rows=1 loops=1)

                    Buffers: shared read=4

                    ->  Parallel Seq Scan on _hyper_1_782_chunk  (cost=0.00..4.99 rows=99 width=8) (actual time=0.209..0.271 rows=168 loops=1)

                          Buffers: shared read=4

              ->  Partial Aggregate  (cost=5.24..5.25 rows=1 width=32) (actual time=0.249..0.250 rows=1 loops=1)

                    Buffers: shared read=4

                    ->  Parallel Seq Scan on _hyper_1_783_chunk  (cost=0.00..4.99 rows=99 width=8) (actual time=0.176..0.225 rows=168 loops=1)

                          Buffers: shared read=4

              ->  Partial Aggregate  (cost=5.24..5.25 rows=1 width=32) (actual time=0.223..0.224 rows=1 loops=1)

                    Buffers: shared read=4

                    ->  Parallel Seq Scan on _hyper_1_784_chunk  (cost=0.00..4.99 rows=99 width=8) (actual time=0.130..0.194 rows=168 loops=1)

                          Buffers: shared read=4

              ->  Partial Aggregate  (cost=5.24..5.25 rows=1 width=32) (actual time=0.242..0.243 rows=1 loops=1)

                    Buffers: shared read=4

                    ->  Parallel Seq Scan on _hyper_1_785_chunk  (cost=0.00..4.99 rows=99 width=8) (actual time=0.166..0.217 rows=168 loops=1)

                          Buffers: shared read=4

              ->  Partial Aggregate  (cost=5.24..5.25 rows=1 width=32) (actual time=0.307..0.308 rows=1 loops=1)

                    Buffers: shared read=4

                    ->  Parallel Seq Scan on _hyper_1_786_chunk  (cost=0.00..4.99 rows=99 width=8) (actual time=0.211..0.277 rows=168 loops=1)

                          Buffers: shared read=4

              ->  Partial Aggregate  (cost=5.24..5.25 rows=1 width=32) (actual time=0.243..0.244 rows=1 loops=1)

                    Buffers: shared read=4

                    ->  Parallel Seq Scan on _hyper_1_787_chunk  (cost=0.00..4.99 rows=99 width=8) (actual time=0.168..0.218 rows=168 loops=1)

                          Buffers: shared read=4

              ->  Partial Aggregate  (cost=5.24..5.25 rows=1 width=32) (actual time=0.241..0.242 rows=1 loops=1)

                    Buffers: shared read=4

                    ->  Parallel Seq Scan on _hyper_1_788_chunk  (cost=0.00..4.99 rows=99 width=8) (actual time=0.148..0.211 rows=168 loops=1)

                          Buffers: shared read=4

              ->  Partial Aggregate  (cost=5.24..5.25 rows=1 width=32) (actual time=0.265..0.266 rows=1 loops=1)

                    Buffers: shared read=4

                    ->  Parallel Seq Scan on _hyper_1_789_chunk  (cost=0.00..4.99 rows=99 width=8) (actual time=0.191..0.241 rows=168 loops=1)

                          Buffers: shared read=4

              ->  Partial Aggregate  (cost=5.24..5.25 rows=1 width=32) (actual time=0.275..0.276 rows=1 loops=1)

                    Buffers: shared read=4

                    ->  Parallel Seq Scan on _hyper_1_790_chunk  (cost=0.00..4.99 rows=99 width=8) (actual time=0.182..0.246 rows=168 loops=1)

                          Buffers: shared read=4

              ->  Partial Aggregate  (cost=5.24..5.25 rows=1 width=32) (actual time=0.300..0.300 rows=1 loops=1)

                    Buffers: shared read=4

                    ->  Parallel Seq Scan on _hyper_1_791_chunk  (cost=0.00..4.99 rows=99 width=8) (actual time=0.227..0.274 rows=168 loops=1)

                          Buffers: shared read=4

              ->  Partial Aggregate  (cost=5.24..5.25 rows=1 width=32) (actual time=0.337..0.338 rows=1 loops=1)

                    Buffers: shared read=4

                    ->  Parallel Seq Scan on _hyper_1_792_chunk  (cost=0.00..4.99 rows=99 width=8) (actual time=0.242..0.307 rows=168 loops=1)

                          Buffers: shared read=4

              ->  Partial Aggregate  (cost=5.24..5.25 rows=1 width=32) (actual time=0.251..0.252 rows=1 loops=1)

                    Buffers: shared read=4

                    ->  Parallel Seq Scan on _hyper_1_793_chunk  (cost=0.00..4.99 rows=99 width=8) (actual time=0.177..0.227 rows=168 loops=1)

                          Buffers: shared read=4

              ->  Partial Aggregate  (cost=5.24..5.25 rows=1 width=32) (actual time=0.296..0.297 rows=1 loops=1)

                    Buffers: shared read=4

                    ->  Parallel Seq Scan on _hyper_1_794_chunk  (cost=0.00..4.99 rows=99 width=8) (actual time=0.193..0.266 rows=168 loops=1)

                          Buffers: shared read=4

              ->  Partial Aggregate  (cost=5.24..5.25 rows=1 width=32) (actual time=0.273..0.274 rows=1 loops=1)

                    Buffers: shared read=4

                    ->  Parallel Seq Scan on _hyper_1_795_chunk  (cost=0.00..4.99 rows=99 width=8) (actual time=0.191..0.246 rows=168 loops=1)

                          Buffers: shared read=4

              ->  Partial Aggregate  (cost=5.24..5.25 rows=1 width=32) (actual time=0.307..0.308 rows=1 loops=1)

                    Buffers: shared read=4

                    ->  Parallel Seq Scan on _hyper_1_796_chunk  (cost=0.00..4.99 rows=99 width=8) (actual time=0.204..0.276 rows=168 loops=1)

                          Buffers: shared read=4

              ->  Partial Aggregate  (cost=5.24..5.25 rows=1 width=32) (actual time=0.233..0.234 rows=1 loops=1)

                    Buffers: shared read=4

                    ->  Parallel Seq Scan on _hyper_1_797_chunk  (cost=0.00..4.99 rows=99 width=8) (actual time=0.152..0.205 rows=168 loops=1)

                          Buffers: shared read=4

              ->  Partial Aggregate  (cost=5.24..5.25 rows=1 width=32) (actual time=0.266..0.267 rows=1 loops=1)

                    Buffers: shared read=4

                    ->  Parallel Seq Scan on _hyper_1_798_chunk  (cost=0.00..4.99 rows=99 width=8) (actual time=0.184..0.239 rows=168 loops=1)

                          Buffers: shared read=4

              ->  Partial Aggregate  (cost=5.24..5.25 rows=1 width=32) (actual time=0.375..0.376 rows=1 loops=1)

                    Buffers: shared read=4

                    ->  Parallel Seq Scan on _hyper_1_799_chunk  (cost=0.00..4.99 rows=99 width=8) (actual time=0.232..0.344 rows=168 loops=1)

                          Buffers: shared read=4

              ->  Partial Aggregate  (cost=5.24..5.25 rows=1 width=32) (actual time=0.340..0.340 rows=1 loops=1)

                    Buffers: shared read=4

                    ->  Parallel Seq Scan on _hyper_1_800_chunk  (cost=0.00..4.99 rows=99 width=8) (actual time=0.254..0.313 rows=168 loops=1)

                          Buffers: shared read=4

              ->  Partial Aggregate  (cost=5.24..5.25 rows=1 width=32) (actual time=0.344..0.345 rows=1 loops=1)

                    Buffers: shared read=4

                    ->  Parallel Seq Scan on _hyper_1_801_chunk  (cost=0.00..4.99 rows=99 width=8) (actual time=0.263..0.319 rows=168 loops=1)

                          Buffers: shared read=4

              ->  Partial Aggregate  (cost=5.24..5.25 rows=1 width=32) (actual time=0.236..0.237 rows=1 loops=1)

                    Buffers: shared read=4

                    ->  Parallel Seq Scan on _hyper_1_802_chunk  (cost=0.00..4.99 rows=99 width=8) (actual time=0.161..0.212 rows=168 loops=1)

                          Buffers: shared read=4

              ->  Partial Aggregate  (cost=5.24..5.25 rows=1 width=32) (actual time=0.245..0.246 rows=1 loops=1)

                    Buffers: shared read=4

                    ->  Parallel Seq Scan on _hyper_1_803_chunk  (cost=0.00..4.99 rows=99 width=8) (actual time=0.168..0.220 rows=168 loops=1)

                          Buffers: shared read=4

              ->  Partial Aggregate  (cost=5.24..5.25 rows=1 width=32) (actual time=0.191..0.192 rows=1 loops=1)

                    Buffers: shared read=4

                    ->  Parallel Seq Scan on _hyper_1_804_chunk  (cost=0.00..4.99 rows=99 width=8) (actual time=0.115..0.165 rows=168 loops=1)

                          Buffers: shared read=4

              ->  Partial Aggregate  (cost=5.24..5.25 rows=1 width=32) (actual time=0.253..0.253 rows=1 loops=1)

                    Buffers: shared read=4

                    ->  Parallel Seq Scan on _hyper_1_805_chunk  (cost=0.00..4.99 rows=99 width=8) (actual time=0.177..0.227 rows=168 loops=1)

                          Buffers: shared read=4

              ->  Partial Aggregate  (cost=5.24..5.25 rows=1 width=32) (actual time=0.353..0.354 rows=1 loops=1)

                    Buffers: shared read=4

                    ->  Parallel Seq Scan on _hyper_1_806_chunk  (cost=0.00..4.99 rows=99 width=8) (actual time=0.270..0.327 rows=168 loops=1)

                          Buffers: shared read=4

              ->  Partial Aggregate  (cost=5.24..5.25 rows=1 width=32) (actual time=0.253..0.253 rows=1 loops=1)

                    Buffers: shared read=4

                    ->  Parallel Seq Scan on _hyper_1_807_chunk  (cost=0.00..4.99 rows=99 width=8) (actual time=0.179..0.228 rows=168 loops=1)

                          Buffers: shared read=4

              ->  Partial Aggregate  (cost=5.24..5.25 rows=1 width=32) (actual time=0.247..0.248 rows=1 loops=1)

                    Buffers: shared read=4

                    ->  Parallel Seq Scan on _hyper_1_808_chunk  (cost=0.00..4.99 rows=99 width=8) (actual time=0.173..0.221 rows=168 loops=1)

                          Buffers: shared read=4

              ->  Partial Aggregate  (cost=5.24..5.25 rows=1 width=32) (actual time=0.229..0.230 rows=1 loops=1)

                    Buffers: shared read=4

                    ->  Parallel Seq Scan on _hyper_1_809_chunk  (cost=0.00..4.99 rows=99 width=8) (actual time=0.161..0.206 rows=168 loops=1)

                          Buffers: shared read=4

              ->  Partial Aggregate  (cost=5.24..5.25 rows=1 width=32) (actual time=0.248..0.249 rows=1 loops=1)

                    Buffers: shared read=4

                    ->  Parallel Seq Scan on _hyper_1_810_chunk  (cost=0.00..4.99 rows=99 width=8) (actual time=0.173..0.219 rows=168 loops=1)

                          Buffers: shared read=4

              ->  Partial Aggregate  (cost=5.24..5.25 rows=1 width=32) (actual time=0.174..0.174 rows=1 loops=1)

                    Buffers: shared read=4

                    ->  Parallel Seq Scan on _hyper_1_811_chunk  (cost=0.00..4.99 rows=99 width=8) (actual time=0.104..0.151 rows=168 loops=1)

                          Buffers: shared read=4

              ->  Partial Aggregate  (cost=5.24..5.25 rows=1 width=32) (actual time=0.219..0.220 rows=1 loops=1)

                    Buffers: shared read=4

                    ->  Parallel Seq Scan on _hyper_1_812_chunk  (cost=0.00..4.99 rows=99 width=8) (actual time=0.150..0.196 rows=168 loops=1)

                          Buffers: shared read=4

              ->  Partial Aggregate  (cost=5.24..5.25 rows=1 width=32) (actual time=0.203..0.203 rows=1 loops=1)

                    Buffers: shared read=4

                    ->  Parallel Seq Scan on _hyper_1_813_chunk  (cost=0.00..4.99 rows=99 width=8) (actual time=0.134..0.180 rows=168 loops=1)

                          Buffers: shared read=4

              ->  Partial Aggregate  (cost=5.24..5.25 rows=1 width=32) (actual time=0.246..0.246 rows=1 loops=1)

                    Buffers: shared read=4

                    ->  Parallel Seq Scan on _hyper_1_814_chunk  (cost=0.00..4.99 rows=99 width=8) (actual time=0.168..0.222 rows=168 loops=1)

                          Buffers: shared read=4

              ->  Partial Aggregate  (cost=5.24..5.25 rows=1 width=32) (actual time=0.229..0.230 rows=1 loops=1)

                    Buffers: shared read=4

                    ->  Parallel Seq Scan on _hyper_1_815_chunk  (cost=0.00..4.99 rows=99 width=8) (actual time=0.153..0.199 rows=168 loops=1)

                          Buffers: shared read=4

              ->  Partial Aggregate  (cost=5.24..5.25 rows=1 width=32) (actual time=0.281..0.282 rows=1 loops=1)

                    Buffers: shared read=4

                    ->  Parallel Seq Scan on _hyper_1_816_chunk  (cost=0.00..4.99 rows=99 width=8) (actual time=0.211..0.258 rows=168 loops=1)

                          Buffers: shared read=4

              ->  Partial Aggregate  (cost=5.24..5.25 rows=1 width=32) (actual time=0.403..0.403 rows=1 loops=1)

                    Buffers: shared read=4

                    ->  Parallel Seq Scan on _hyper_1_817_chunk  (cost=0.00..4.99 rows=99 width=8) (actual time=0.281..0.378 rows=168 loops=1)

                          Buffers: shared read=4

              ->  Partial Aggregate  (cost=5.24..5.25 rows=1 width=32) (actual time=0.213..0.214 rows=1 loops=1)

                    Buffers: shared read=4

                    ->  Parallel Seq Scan on _hyper_1_818_chunk  (cost=0.00..4.99 rows=99 width=8) (actual time=0.130..0.188 rows=168 loops=1)

                          Buffers: shared read=4

              ->  Partial Aggregate  (cost=5.24..5.25 rows=1 width=32) (actual time=0.240..0.241 rows=1 loops=1)

                    Buffers: shared read=4

                    ->  Parallel Seq Scan on _hyper_1_819_chunk  (cost=0.00..4.99 rows=99 width=8) (actual time=0.163..0.215 rows=168 loops=1)

                          Buffers: shared read=4

              ->  Partial Aggregate  (cost=5.24..5.25 rows=1 width=32) (actual time=0.261..0.262 rows=1 loops=1)

                    Buffers: shared read=4

                    ->  Parallel Seq Scan on _hyper_1_820_chunk  (cost=0.00..4.99 rows=99 width=8) (actual time=0.185..0.236 rows=168 loops=1)

                          Buffers: shared read=4

              ->  Partial Aggregate  (cost=5.24..5.25 rows=1 width=32) (actual time=0.256..0.257 rows=1 loops=1)

                    Buffers: shared read=4

                    ->  Parallel Seq Scan on _hyper_1_821_chunk  (cost=0.00..4.99 rows=99 width=8) (actual time=0.174..0.231 rows=168 loops=1)

                          Buffers: shared read=4

              ->  Partial Aggregate  (cost=5.24..5.25 rows=1 width=32) (actual time=0.249..0.249 rows=1 loops=1)

                    Buffers: shared read=4

                    ->  Parallel Seq Scan on _hyper_1_822_chunk  (cost=0.00..4.99 rows=99 width=8) (actual time=0.163..0.223 rows=168 loops=1)

                          Buffers: shared read=4

              ->  Partial Aggregate  (cost=5.24..5.25 rows=1 width=32) (actual time=0.284..0.284 rows=1 loops=1)

                    Buffers: shared read=4

                    ->  Parallel Seq Scan on _hyper_1_823_chunk  (cost=0.00..4.99 rows=99 width=8) (actual time=0.209..0.259 rows=168 loops=1)

                          Buffers: shared read=4

              ->  Partial Aggregate  (cost=5.24..5.25 rows=1 width=32) (actual time=0.341..0.341 rows=1 loops=1)

                    Buffers: shared read=4

                    ->  Parallel Seq Scan on _hyper_1_824_chunk  (cost=0.00..4.99 rows=99 width=8) (actual time=0.265..0.315 rows=168 loops=1)

                          Buffers: shared read=4

              ->  Partial Aggregate  (cost=5.24..5.25 rows=1 width=32) (actual time=0.337..0.338 rows=1 loops=1)

                    Buffers: shared read=4

                    ->  Parallel Seq Scan on _hyper_1_825_chunk  (cost=0.00..4.99 rows=99 width=8) (actual time=0.261..0.312 rows=168 loops=1)

                          Buffers: shared read=4

              ->  Partial Aggregate  (cost=5.24..5.25 rows=1 width=32) (actual time=0.305..0.305 rows=1 loops=1)

                    Buffers: shared read=4

                    ->  Parallel Seq Scan on _hyper_1_826_chunk  (cost=0.00..4.99 rows=99 width=8) (actual time=0.227..0.280 rows=168 loops=1)

                          Buffers: shared read=4

              ->  Partial Aggregate  (cost=5.24..5.25 rows=1 width=32) (actual time=0.346..0.347 rows=1 loops=1)

                    Buffers: shared read=4

                    ->  Parallel Seq Scan on _hyper_1_827_chunk  (cost=0.00..4.99 rows=99 width=8) (actual time=0.268..0.321 rows=168 loops=1)

                          Buffers: shared read=4

              ->  Partial Aggregate  (cost=5.24..5.25 rows=1 width=32) (actual time=0.345..0.346 rows=1 loops=1)

                    Buffers: shared read=4

                    ->  Parallel Seq Scan on _hyper_1_828_chunk  (cost=0.00..4.99 rows=99 width=8) (actual time=0.260..0.320 rows=168 loops=1)

                          Buffers: shared read=4

              ->  Partial Aggregate  (cost=5.24..5.25 rows=1 width=32) (actual time=0.298..0.299 rows=1 loops=1)

                    Buffers: shared read=4

                    ->  Parallel Seq Scan on _hyper_1_829_chunk  (cost=0.00..4.99 rows=99 width=8) (actual time=0.223..0.273 rows=168 loops=1)

                          Buffers: shared read=4

              ->  Partial Aggregate  (cost=5.24..5.25 rows=1 width=32) (actual time=0.222..0.223 rows=1 loops=1)

                    Buffers: shared read=4

                    ->  Parallel Seq Scan on _hyper_1_830_chunk  (cost=0.00..4.99 rows=99 width=8) (actual time=0.147..0.197 rows=168 loops=1)

                          Buffers: shared read=4

              ->  Partial Aggregate  (cost=5.24..5.25 rows=1 width=32) (actual time=0.321..0.322 rows=1 loops=1)

                    Buffers: shared read=4

                    ->  Parallel Seq Scan on _hyper_1_831_chunk  (cost=0.00..4.99 rows=99 width=8) (actual time=0.252..0.298 rows=168 loops=1)

                          Buffers: shared read=4

              ->  Partial Aggregate  (cost=5.24..5.25 rows=1 width=32) (actual time=0.298..0.299 rows=1 loops=1)

                    Buffers: shared read=4

                    ->  Parallel Seq Scan on _hyper_1_832_chunk  (cost=0.00..4.99 rows=99 width=8) (actual time=0.230..0.275 rows=168 loops=1)

                          Buffers: shared read=4

              ->  Partial Aggregate  (cost=5.24..5.25 rows=1 width=32) (actual time=0.264..0.265 rows=1 loops=1)

                    Buffers: shared read=4

                    ->  Parallel Seq Scan on _hyper_1_833_chunk  (cost=0.00..4.99 rows=99 width=8) (actual time=0.194..0.241 rows=168 loops=1)

                          Buffers: shared read=4

              ->  Partial Aggregate  (cost=5.24..5.25 rows=1 width=32) (actual time=0.312..0.314 rows=1 loops=1)

                    Buffers: shared read=4

                    ->  Parallel Seq Scan on _hyper_1_834_chunk  (cost=0.00..4.99 rows=99 width=8) (actual time=0.242..0.290 rows=168 loops=1)

                          Buffers: shared read=4

              ->  Partial Aggregate  (cost=5.24..5.25 rows=1 width=32) (actual time=0.241..0.241 rows=1 loops=1)

                    Buffers: shared read=4

                    ->  Parallel Seq Scan on _hyper_1_836_chunk  (cost=0.00..4.99 rows=99 width=8) (actual time=0.151..0.218 rows=168 loops=1)

                          Buffers: shared read=4

              ->  Partial Aggregate  (cost=5.24..5.25 rows=1 width=32) (actual time=0.241..0.242 rows=1 loops=1)

                    Buffers: shared read=4

                    ->  Parallel Seq Scan on _hyper_1_837_chunk  (cost=0.00..4.99 rows=99 width=8) (actual time=0.170..0.218 rows=168 loops=1)

                          Buffers: shared read=4

              ->  Partial Aggregate  (cost=5.24..5.25 rows=1 width=32) (actual time=0.238..0.239 rows=1 loops=1)

                    Buffers: shared read=4

                    ->  Parallel Seq Scan on _hyper_1_838_chunk  (cost=0.00..4.99 rows=99 width=8) (actual time=0.162..0.213 rows=168 loops=1)

                          Buffers: shared read=4

              ->  Partial Aggregate  (cost=5.24..5.25 rows=1 width=32) (actual time=0.266..0.267 rows=1 loops=1)

                    Buffers: shared read=4

                    ->  Parallel Seq Scan on _hyper_1_839_chunk  (cost=0.00..4.99 rows=99 width=8) (actual time=0.189..0.241 rows=168 loops=1)

                          Buffers: shared read=4

              ->  Partial Aggregate  (cost=5.24..5.25 rows=1 width=32) (actual time=0.257..0.258 rows=1 loops=1)

                    Buffers: shared read=4

                    ->  Parallel Seq Scan on _hyper_1_840_chunk  (cost=0.00..4.99 rows=99 width=8) (actual time=0.181..0.232 rows=168 loops=1)

                          Buffers: shared read=4

              ->  Partial Aggregate  (cost=5.24..5.25 rows=1 width=32) (actual time=0.276..0.277 rows=1 loops=1)

                    Buffers: shared read=4

                    ->  Parallel Seq Scan on _hyper_1_841_chunk  (cost=0.00..4.99 rows=99 width=8) (actual time=0.202..0.252 rows=168 loops=1)

                          Buffers: shared read=4

              ->  Partial Aggregate  (cost=5.24..5.25 rows=1 width=32) (actual time=0.279..0.280 rows=1 loops=1)

                    Buffers: shared read=4

                    ->  Parallel Seq Scan on _hyper_1_842_chunk  (cost=0.00..4.99 rows=99 width=8) (actual time=0.198..0.250 rows=168 loops=1)

                          Buffers: shared read=4

              ->  Partial Aggregate  (cost=5.24..5.25 rows=1 width=32) (actual time=0.309..0.310 rows=1 loops=1)

                    Buffers: shared read=4

                    ->  Parallel Seq Scan on _hyper_1_843_chunk  (cost=0.00..4.99 rows=99 width=8) (actual time=0.230..0.283 rows=168 loops=1)

                          Buffers: shared read=4

              ->  Partial Aggregate  (cost=5.24..5.25 rows=1 width=32) (actual time=0.252..0.253 rows=1 loops=1)

                    Buffers: shared read=4

                    ->  Parallel Seq Scan on _hyper_1_844_chunk  (cost=0.00..4.99 rows=99 width=8) (actual time=0.177..0.227 rows=168 loops=1)

                          Buffers: shared read=4

              ->  Partial Aggregate  (cost=5.24..5.25 rows=1 width=32) (actual time=0.277..0.278 rows=1 loops=1)

                    Buffers: shared read=4

                    ->  Parallel Seq Scan on _hyper_1_845_chunk  (cost=0.00..4.99 rows=99 width=8) (actual time=0.201..0.252 rows=168 loops=1)

                          Buffers: shared read=4

              ->  Partial Aggregate  (cost=5.24..5.25 rows=1 width=32) (actual time=0.232..0.233 rows=1 loops=1)

                    Buffers: shared read=4

                    ->  Parallel Seq Scan on _hyper_1_847_chunk  (cost=0.00..4.99 rows=99 width=8) (actual time=0.158..0.208 rows=168 loops=1)

                          Buffers: shared read=4

              ->  Partial Aggregate  (cost=5.24..5.25 rows=1 width=32) (actual time=0.286..0.287 rows=1 loops=1)

                    Buffers: shared read=4

                    ->  Parallel Seq Scan on _hyper_1_848_chunk  (cost=0.00..4.99 rows=99 width=8) (actual time=0.210..0.261 rows=168 loops=1)

                          Buffers: shared read=4

              ->  Partial Aggregate  (cost=5.24..5.25 rows=1 width=32) (actual time=0.417..0.419 rows=1 loops=1)

                    Buffers: shared read=4

                    ->  Parallel Seq Scan on _hyper_1_849_chunk  (cost=0.00..4.99 rows=99 width=8) (actual time=0.341..0.393 rows=168 loops=1)

                          Buffers: shared read=4

              ->  Partial Aggregate  (cost=5.24..5.25 rows=1 width=32) (actual time=0.312..0.313 rows=1 loops=1)

                    Buffers: shared read=4

                    ->  Parallel Seq Scan on _hyper_1_850_chunk  (cost=0.00..4.99 rows=99 width=8) (actual time=0.235..0.287 rows=168 loops=1)

                          Buffers: shared read=4

              ->  Partial Aggregate  (cost=5.24..5.25 rows=1 width=32) (actual time=0.235..0.235 rows=1 loops=1)

                    Buffers: shared read=4

                    ->  Parallel Seq Scan on _hyper_1_851_chunk  (cost=0.00..4.99 rows=99 width=8) (actual time=0.161..0.209 rows=168 loops=1)

                          Buffers: shared read=4

              ->  Partial Aggregate  (cost=5.24..5.25 rows=1 width=32) (actual time=0.190..0.191 rows=1 loops=1)

                    Buffers: shared read=4

                    ->  Parallel Seq Scan on _hyper_1_852_chunk  (cost=0.00..4.99 rows=99 width=8) (actual time=0.108..0.160 rows=168 loops=1)

                          Buffers: shared read=4

              ->  Partial Aggregate  (cost=5.24..5.25 rows=1 width=32) (actual time=0.198..0.199 rows=1 loops=1)

                    Buffers: shared read=4

                    ->  Parallel Seq Scan on _hyper_1_853_chunk  (cost=0.00..4.99 rows=99 width=8) (actual time=0.124..0.174 rows=168 loops=1)

                          Buffers: shared read=4

              ->  Partial Aggregate  (cost=5.24..5.25 rows=1 width=32) (actual time=0.185..0.185 rows=1 loops=1)

                    Buffers: shared read=4

                    ->  Parallel Seq Scan on _hyper_1_854_chunk  (cost=0.00..4.99 rows=99 width=8) (actual time=0.111..0.160 rows=168 loops=1)

                          Buffers: shared read=4

              ->  Partial Aggregate  (cost=5.24..5.25 rows=1 width=32) (actual time=0.199..0.200 rows=1 loops=1)

                    Buffers: shared read=4

                    ->  Parallel Seq Scan on _hyper_1_855_chunk  (cost=0.00..4.99 rows=99 width=8) (actual time=0.125..0.175 rows=168 loops=1)

                          Buffers: shared read=4

              ->  Partial Aggregate  (cost=5.24..5.25 rows=1 width=32) (actual time=0.290..0.291 rows=1 loops=1)

                    Buffers: shared read=4

                    ->  Parallel Seq Scan on _hyper_1_856_chunk  (cost=0.00..4.99 rows=99 width=8) (actual time=0.222..0.267 rows=168 loops=1)

                          Buffers: shared read=4

              ->  Partial Aggregate  (cost=5.24..5.25 rows=1 width=32) (actual time=0.218..0.219 rows=1 loops=1)

                    Buffers: shared read=4

                    ->  Parallel Seq Scan on _hyper_1_858_chunk  (cost=0.00..4.99 rows=99 width=8) (actual time=0.147..0.195 rows=168 loops=1)

                          Buffers: shared read=4

              ->  Partial Aggregate  (cost=5.24..5.25 rows=1 width=32) (actual time=0.252..0.253 rows=1 loops=1)

                    Buffers: shared read=4

                    ->  Parallel Seq Scan on _hyper_1_859_chunk  (cost=0.00..4.99 rows=99 width=8) (actual time=0.182..0.228 rows=168 loops=1)

                          Buffers: shared read=4

              ->  Partial Aggregate  (cost=5.24..5.25 rows=1 width=32) (actual time=0.318..0.318 rows=1 loops=1)

                    Buffers: shared read=4

                    ->  Parallel Seq Scan on _hyper_1_860_chunk  (cost=0.00..4.99 rows=99 width=8) (actual time=0.247..0.295 rows=168 loops=1)

                          Buffers: shared read=4

              ->  Partial Aggregate  (cost=5.24..5.25 rows=1 width=32) (actual time=0.217..0.217 rows=1 loops=1)

                    Buffers: shared read=4

                    ->  Parallel Seq Scan on _hyper_1_861_chunk  (cost=0.00..4.99 rows=99 width=8) (actual time=0.141..0.188 rows=168 loops=1)

                          Buffers: shared read=4

              ->  Partial Aggregate  (cost=5.24..5.25 rows=1 width=32) (actual time=0.228..0.229 rows=1 loops=1)

                    Buffers: shared read=4

                    ->  Parallel Seq Scan on _hyper_1_862_chunk  (cost=0.00..4.99 rows=99 width=8) (actual time=0.160..0.205 rows=168 loops=1)

                          Buffers: shared read=4

              ->  Partial Aggregate  (cost=5.24..5.25 rows=1 width=32) (actual time=0.217..0.218 rows=1 loops=1)

                    Buffers: shared read=4

                    ->  Parallel Seq Scan on _hyper_1_863_chunk  (cost=0.00..4.99 rows=99 width=8) (actual time=0.147..0.194 rows=168 loops=1)

                          Buffers: shared read=4

              ->  Partial Aggregate  (cost=5.24..5.25 rows=1 width=32) (actual time=0.184..0.185 rows=1 loops=1)

                    Buffers: shared read=4

                    ->  Parallel Seq Scan on _hyper_1_864_chunk  (cost=0.00..4.99 rows=99 width=8) (actual time=0.113..0.161 rows=168 loops=1)

                          Buffers: shared read=4

              ->  Partial Aggregate  (cost=5.24..5.25 rows=1 width=32) (actual time=0.250..0.251 rows=1 loops=1)

                    Buffers: shared read=4

                    ->  Parallel Seq Scan on _hyper_1_865_chunk  (cost=0.00..4.99 rows=99 width=8) (actual time=0.173..0.225 rows=168 loops=1)

                          Buffers: shared read=4

              ->  Partial Aggregate  (cost=5.24..5.25 rows=1 width=32) (actual time=0.243..0.244 rows=1 loops=1)

                    Buffers: shared read=4

                    ->  Parallel Seq Scan on _hyper_1_866_chunk  (cost=0.00..4.99 rows=99 width=8) (actual time=0.168..0.218 rows=168 loops=1)

                          Buffers: shared read=4

              ->  Partial Aggregate  (cost=5.24..5.25 rows=1 width=32) (actual time=0.235..0.235 rows=1 loops=1)

                    Buffers: shared read=4

                    ->  Parallel Seq Scan on _hyper_1_867_chunk  (cost=0.00..4.99 rows=99 width=8) (actual time=0.160..0.210 rows=168 loops=1)

                          Buffers: shared read=4

              ->  Partial Aggregate  (cost=5.24..5.25 rows=1 width=32) (actual time=0.342..0.342 rows=1 loops=1)

                    Buffers: shared read=4

                    ->  Parallel Seq Scan on _hyper_1_868_chunk  (cost=0.00..4.99 rows=99 width=8) (actual time=0.266..0.316 rows=168 loops=1)

                          Buffers: shared read=4

              ->  Partial Aggregate  (cost=5.24..5.25 rows=1 width=32) (actual time=0.404..0.405 rows=1 loops=1)

                    Buffers: shared read=4

                    ->  Parallel Seq Scan on _hyper_1_869_chunk  (cost=0.00..4.99 rows=99 width=8) (actual time=0.326..0.379 rows=168 loops=1)

                          Buffers: shared read=4

              ->  Partial Aggregate  (cost=5.24..5.25 rows=1 width=32) (actual time=0.369..0.370 rows=1 loops=1)

                    Buffers: shared read=4

                    ->  Parallel Seq Scan on _hyper_1_870_chunk  (cost=0.00..4.99 rows=99 width=8) (actual time=0.293..0.344 rows=168 loops=1)

                          Buffers: shared read=4

              ->  Partial Aggregate  (cost=5.24..5.25 rows=1 width=32) (actual time=0.318..0.319 rows=1 loops=1)

                    Buffers: shared read=4

                    ->  Parallel Seq Scan on _hyper_1_871_chunk  (cost=0.00..4.99 rows=99 width=8) (actual time=0.247..0.295 rows=168 loops=1)

                          Buffers: shared read=4

              ->  Partial Aggregate  (cost=5.24..5.25 rows=1 width=32) (actual time=0.315..0.315 rows=1 loops=1)

                    Buffers: shared read=4

                    ->  Parallel Seq Scan on _hyper_1_873_chunk  (cost=0.00..4.99 rows=99 width=8) (actual time=0.245..0.292 rows=168 loops=1)

                          Buffers: shared read=4

              ->  Partial Aggregate  (cost=5.24..5.25 rows=1 width=32) (actual time=0.271..0.272 rows=1 loops=1)

                    Buffers: shared read=4

                    ->  Parallel Seq Scan on _hyper_1_874_chunk  (cost=0.00..4.99 rows=99 width=8) (actual time=0.201..0.248 rows=168 loops=1)

                          Buffers: shared read=4

              ->  Partial Aggregate  (cost=5.24..5.25 rows=1 width=32) (actual time=0.271..0.272 rows=1 loops=1)

                    Buffers: shared read=4

                    ->  Parallel Seq Scan on _hyper_1_875_chunk  (cost=0.00..4.99 rows=99 width=8) (actual time=0.203..0.248 rows=168 loops=1)

                          Buffers: shared read=4

              ->  Partial Aggregate  (cost=5.24..5.25 rows=1 width=32) (actual time=0.339..0.339 rows=1 loops=1)

                    Buffers: shared read=4

                    ->  Parallel Seq Scan on _hyper_1_876_chunk  (cost=0.00..4.99 rows=99 width=8) (actual time=0.253..0.307 rows=168 loops=1)

                          Buffers: shared read=4

              ->  Partial Aggregate  (cost=5.24..5.25 rows=1 width=32) (actual time=0.284..0.285 rows=1 loops=1)

                    Buffers: shared read=4

                    ->  Parallel Seq Scan on _hyper_1_877_chunk  (cost=0.00..4.99 rows=99 width=8) (actual time=0.214..0.261 rows=168 loops=1)

                          Buffers: shared read=4

              ->  Partial Aggregate  (cost=5.24..5.25 rows=1 width=32) (actual time=0.260..0.261 rows=1 loops=1)

                    Buffers: shared read=4

                    ->  Parallel Seq Scan on _hyper_1_878_chunk  (cost=0.00..4.99 rows=99 width=8) (actual time=0.185..0.231 rows=168 loops=1)

                          Buffers: shared read=4

              ->  Partial Aggregate  (cost=5.24..5.25 rows=1 width=32) (actual time=0.295..0.296 rows=1 loops=1)

                    Buffers: shared read=4

                    ->  Parallel Seq Scan on _hyper_1_879_chunk  (cost=0.00..4.99 rows=99 width=8) (actual time=0.226..0.272 rows=168 loops=1)

                          Buffers: shared read=4

              ->  Partial Aggregate  (cost=5.24..5.25 rows=1 width=32) (actual time=0.237..0.238 rows=1 loops=1)

                    Buffers: shared read=4

                    ->  Parallel Seq Scan on _hyper_1_880_chunk  (cost=0.00..4.99 rows=99 width=8) (actual time=0.165..0.214 rows=168 loops=1)

                          Buffers: shared read=4

              ->  Partial Aggregate  (cost=5.24..5.25 rows=1 width=32) (actual time=0.164..0.165 rows=1 loops=1)

                    Buffers: shared read=4

                    ->  Parallel Seq Scan on _hyper_1_881_chunk  (cost=0.00..4.99 rows=99 width=8) (actual time=0.093..0.141 rows=168 loops=1)

                          Buffers: shared read=4

              ->  Partial Aggregate  (cost=5.24..5.25 rows=1 width=32) (actual time=0.214..0.215 rows=1 loops=1)

                    Buffers: shared read=4

                    ->  Parallel Seq Scan on _hyper_1_882_chunk  (cost=0.00..4.99 rows=99 width=8) (actual time=0.145..0.191 rows=168 loops=1)

                          Buffers: shared read=4

              ->  Partial Aggregate  (cost=5.24..5.25 rows=1 width=32) (actual time=0.228..0.229 rows=1 loops=1)

                    Buffers: shared read=4

                    ->  Parallel Seq Scan on _hyper_1_884_chunk  (cost=0.00..4.99 rows=99 width=8) (actual time=0.158..0.205 rows=168 loops=1)

                          Buffers: shared read=4

              ->  Partial Aggregate  (cost=5.24..5.25 rows=1 width=32) (actual time=0.226..0.227 rows=1 loops=1)

                    Buffers: shared read=4

                    ->  Parallel Seq Scan on _hyper_1_885_chunk  (cost=0.00..4.99 rows=99 width=8) (actual time=0.157..0.203 rows=168 loops=1)

                          Buffers: shared read=4

              ->  Partial Aggregate  (cost=5.24..5.25 rows=1 width=32) (actual time=0.285..0.285 rows=1 loops=1)

                    Buffers: shared read=4

                    ->  Parallel Seq Scan on _hyper_1_886_chunk  (cost=0.00..4.99 rows=99 width=8) (actual time=0.215..0.262 rows=168 loops=1)

                          Buffers: shared read=4

              ->  Partial Aggregate  (cost=5.24..5.25 rows=1 width=32) (actual time=0.258..0.259 rows=1 loops=1)

                    Buffers: shared read=4

                    ->  Parallel Seq Scan on _hyper_1_887_chunk  (cost=0.00..4.99 rows=99 width=8) (actual time=0.187..0.236 rows=168 loops=1)

                          Buffers: shared read=4

              ->  Partial Aggregate  (cost=5.24..5.25 rows=1 width=32) (actual time=0.193..0.194 rows=1 loops=1)

                    Buffers: shared read=4

                    ->  Parallel Seq Scan on _hyper_1_888_chunk  (cost=0.00..4.99 rows=99 width=8) (actual time=0.125..0.170 rows=168 loops=1)

                          Buffers: shared read=4

              ->  Partial Aggregate  (cost=5.24..5.25 rows=1 width=32) (actual time=0.237..0.238 rows=1 loops=1)

                    Buffers: shared read=4

                    ->  Parallel Seq Scan on _hyper_1_889_chunk  (cost=0.00..4.99 rows=99 width=8) (actual time=0.166..0.214 rows=168 loops=1)

                          Buffers: shared read=4

              ->  Partial Aggregate  (cost=5.24..5.25 rows=1 width=32) (actual time=0.231..0.232 rows=1 loops=1)

                    Buffers: shared read=4

                    ->  Parallel Seq Scan on _hyper_1_890_chunk  (cost=0.00..4.99 rows=99 width=8) (actual time=0.163..0.208 rows=168 loops=1)

                          Buffers: shared read=4

              ->  Partial Aggregate  (cost=5.24..5.25 rows=1 width=32) (actual time=0.251..0.252 rows=1 loops=1)

                    Buffers: shared read=4

                    ->  Parallel Seq Scan on _hyper_1_891_chunk  (cost=0.00..4.99 rows=99 width=8) (actual time=0.182..0.228 rows=168 loops=1)

                          Buffers: shared read=4

              ->  Partial Aggregate  (cost=5.24..5.25 rows=1 width=32) (actual time=0.246..0.247 rows=1 loops=1)

                    Buffers: shared read=4

                    ->  Parallel Seq Scan on _hyper_1_892_chunk  (cost=0.00..4.99 rows=99 width=8) (actual time=0.178..0.224 rows=168 loops=1)

                          Buffers: shared read=4

              ->  Partial Aggregate  (cost=5.24..5.25 rows=1 width=32) (actual time=0.219..0.220 rows=1 loops=1)

                    Buffers: shared read=4

                    ->  Parallel Seq Scan on _hyper_1_893_chunk  (cost=0.00..4.99 rows=99 width=8) (actual time=0.148..0.196 rows=168 loops=1)

                          Buffers: shared read=4

              ->  Partial Aggregate  (cost=5.24..5.25 rows=1 width=32) (actual time=0.266..0.267 rows=1 loops=1)

                    Buffers: shared read=4

                    ->  Parallel Seq Scan on _hyper_1_895_chunk  (cost=0.00..4.99 rows=99 width=8) (actual time=0.195..0.243 rows=168 loops=1)

                          Buffers: shared read=4

              ->  Partial Aggregate  (cost=5.24..5.25 rows=1 width=32) (actual time=0.215..0.215 rows=1 loops=1)

                    Buffers: shared read=4

                    ->  Parallel Seq Scan on _hyper_1_896_chunk  (cost=0.00..4.99 rows=99 width=8) (actual time=0.146..0.191 rows=168 loops=1)

                          Buffers: shared read=4

              ->  Partial Aggregate  (cost=5.24..5.25 rows=1 width=32) (actual time=0.261..0.262 rows=1 loops=1)

                    Buffers: shared read=4

                    ->  Parallel Seq Scan on _hyper_1_897_chunk  (cost=0.00..4.99 rows=99 width=8) (actual time=0.198..0.240 rows=168 loops=1)

                          Buffers: shared read=4

              ->  Partial Aggregate  (cost=5.24..5.25 rows=1 width=32) (actual time=0.269..0.270 rows=1 loops=1)

                    Buffers: shared read=4

                    ->  Parallel Seq Scan on _hyper_1_898_chunk  (cost=0.00..4.99 rows=99 width=8) (actual time=0.204..0.248 rows=168 loops=1)

                          Buffers: shared read=4

              ->  Partial Aggregate  (cost=5.24..5.25 rows=1 width=32) (actual time=0.283..0.284 rows=1 loops=1)

                    Buffers: shared read=4

                    ->  Parallel Seq Scan on _hyper_1_899_chunk  (cost=0.00..4.99 rows=99 width=8) (actual time=0.218..0.262 rows=168 loops=1)

                          Buffers: shared read=4

              ->  Partial Aggregate  (cost=5.24..5.25 rows=1 width=32) (actual time=0.291..0.291 rows=1 loops=1)

                    Buffers: shared read=4

                    ->  Parallel Seq Scan on _hyper_1_900_chunk  (cost=0.00..4.99 rows=99 width=8) (actual time=0.226..0.269 rows=168 loops=1)

                          Buffers: shared read=4

              ->  Partial Aggregate  (cost=5.24..5.25 rows=1 width=32) (actual time=0.238..0.239 rows=1 loops=1)

                    Buffers: shared read=4

                    ->  Parallel Seq Scan on _hyper_1_901_chunk  (cost=0.00..4.99 rows=99 width=8) (actual time=0.174..0.216 rows=168 loops=1)

                          Buffers: shared read=4

              ->  Partial Aggregate  (cost=5.24..5.25 rows=1 width=32) (actual time=0.352..0.352 rows=1 loops=1)

                    Buffers: shared read=4

                    ->  Parallel Seq Scan on _hyper_1_902_chunk  (cost=0.00..4.99 rows=99 width=8) (actual time=0.285..0.330 rows=168 loops=1)

                          Buffers: shared read=4

              ->  Partial Aggregate  (cost=5.24..5.25 rows=1 width=32) (actual time=0.317..0.317 rows=1 loops=1)

                    Buffers: shared read=4

                    ->  Parallel Seq Scan on _hyper_1_903_chunk  (cost=0.00..4.99 rows=99 width=8) (actual time=0.247..0.293 rows=168 loops=1)

                          Buffers: shared read=4

              ->  Partial Aggregate  (cost=5.24..5.25 rows=1 width=32) (actual time=0.217..0.218 rows=1 loops=1)

                    Buffers: shared read=4

                    ->  Parallel Seq Scan on _hyper_1_904_chunk  (cost=0.00..4.99 rows=99 width=8) (actual time=0.147..0.194 rows=168 loops=1)

                          Buffers: shared read=4

              ->  Partial Aggregate  (cost=5.24..5.25 rows=1 width=32) (actual time=0.226..0.227 rows=1 loops=1)

                    Buffers: shared read=4

                    ->  Parallel Seq Scan on _hyper_1_905_chunk  (cost=0.00..4.99 rows=99 width=8) (actual time=0.156..0.203 rows=168 loops=1)

                          Buffers: shared read=4

              ->  Partial Aggregate  (cost=5.24..5.25 rows=1 width=32) (actual time=0.292..0.293 rows=1 loops=1)

                    Buffers: shared read=4

                    ->  Parallel Seq Scan on _hyper_1_906_chunk  (cost=0.00..4.99 rows=99 width=8) (actual time=0.227..0.269 rows=168 loops=1)

                          Buffers: shared read=4

              ->  Partial Aggregate  (cost=5.24..5.25 rows=1 width=32) (actual time=0.252..0.252 rows=1 loops=1)

                    Buffers: shared read=4

                    ->  Parallel Seq Scan on _hyper_1_907_chunk  (cost=0.00..4.99 rows=99 width=8) (actual time=0.184..0.229 rows=168 loops=1)

                          Buffers: shared read=4

              ->  Partial Aggregate  (cost=5.24..5.25 rows=1 width=32) (actual time=0.218..0.219 rows=1 loops=1)

                    Buffers: shared read=4

                    ->  Parallel Seq Scan on _hyper_1_908_chunk  (cost=0.00..4.99 rows=99 width=8) (actual time=0.156..0.195 rows=168 loops=1)

                          Buffers: shared read=4

              ->  Partial Aggregate  (cost=5.24..5.25 rows=1 width=32) (actual time=0.206..0.206 rows=1 loops=1)

                    Buffers: shared read=4

                    ->  Parallel Seq Scan on _hyper_1_909_chunk  (cost=0.00..4.99 rows=99 width=8) (actual time=0.143..0.182 rows=168 loops=1)

                          Buffers: shared read=4

              ->  Partial Aggregate  (cost=5.24..5.25 rows=1 width=32) (actual time=0.231..0.232 rows=1 loops=1)

                    Buffers: shared read=4

                    ->  Parallel Seq Scan on _hyper_1_910_chunk  (cost=0.00..4.99 rows=99 width=8) (actual time=0.156..0.206 rows=168 loops=1)

                          Buffers: shared read=4

              ->  Partial Aggregate  (cost=5.24..5.25 rows=1 width=32) (actual time=0.264..0.265 rows=1 loops=1)

                    Buffers: shared read=4

                    ->  Parallel Seq Scan on _hyper_1_911_chunk  (cost=0.00..4.99 rows=99 width=8) (actual time=0.198..0.241 rows=168 loops=1)

                          Buffers: shared read=4

              ->  Partial Aggregate  (cost=5.24..5.25 rows=1 width=32) (actual time=0.221..0.222 rows=1 loops=1)

                    Buffers: shared read=4

                    ->  Parallel Seq Scan on _hyper_1_912_chunk  (cost=0.00..4.99 rows=99 width=8) (actual time=0.150..0.198 rows=168 loops=1)

                          Buffers: shared read=4

              ->  Partial Aggregate  (cost=5.24..5.25 rows=1 width=32) (actual time=0.232..0.233 rows=1 loops=1)

                    Buffers: shared read=4

                    ->  Parallel Seq Scan on _hyper_1_913_chunk  (cost=0.00..4.99 rows=99 width=8) (actual time=0.165..0.209 rows=168 loops=1)

                          Buffers: shared read=4

              ->  Partial Aggregate  (cost=5.24..5.25 rows=1 width=32) (actual time=0.192..0.193 rows=1 loops=1)

                    Buffers: shared read=4

                    ->  Parallel Seq Scan on _hyper_1_914_chunk  (cost=0.00..4.99 rows=99 width=8) (actual time=0.124..0.169 rows=168 loops=1)

                          Buffers: shared read=4

              ->  Partial Aggregate  (cost=5.24..5.25 rows=1 width=32) (actual time=0.230..0.231 rows=1 loops=1)

                    Buffers: shared read=4

                    ->  Parallel Seq Scan on _hyper_1_915_chunk  (cost=0.00..4.99 rows=99 width=8) (actual time=0.160..0.207 rows=168 loops=1)

                          Buffers: shared read=4

              ->  Partial Aggregate  (cost=5.24..5.25 rows=1 width=32) (actual time=0.234..0.234 rows=1 loops=1)

                    Buffers: shared read=4

                    ->  Parallel Seq Scan on _hyper_1_916_chunk  (cost=0.00..4.99 rows=99 width=8) (actual time=0.165..0.210 rows=168 loops=1)

                          Buffers: shared read=4

              ->  Partial Aggregate  (cost=5.24..5.25 rows=1 width=32) (actual time=0.250..0.251 rows=1 loops=1)

                    Buffers: shared read=4

                    ->  Parallel Seq Scan on _hyper_1_917_chunk  (cost=0.00..4.99 rows=99 width=8) (actual time=0.180..0.228 rows=168 loops=1)

                          Buffers: shared read=4

              ->  Partial Aggregate  (cost=5.24..5.25 rows=1 width=32) (actual time=0.238..0.239 rows=1 loops=1)

                    Buffers: shared read=4

                    ->  Parallel Seq Scan on _hyper_1_918_chunk  (cost=0.00..4.99 rows=99 width=8) (actual time=0.170..0.215 rows=168 loops=1)

                          Buffers: shared read=4

              ->  Partial Aggregate  (cost=5.24..5.25 rows=1 width=32) (actual time=0.237..0.238 rows=1 loops=1)

                    Buffers: shared read=4

                    ->  Parallel Seq Scan on _hyper_1_919_chunk  (cost=0.00..4.99 rows=99 width=8) (actual time=0.167..0.214 rows=168 loops=1)

                          Buffers: shared read=4

              ->  Partial Aggregate  (cost=5.24..5.25 rows=1 width=32) (actual time=0.279..0.280 rows=1 loops=1)

                    Buffers: shared read=4

                    ->  Parallel Seq Scan on _hyper_1_920_chunk  (cost=0.00..4.99 rows=99 width=8) (actual time=0.210..0.256 rows=168 loops=1)

                          Buffers: shared read=4

              ->  Partial Aggregate  (cost=5.24..5.25 rows=1 width=32) (actual time=0.245..0.246 rows=1 loops=1)

                    Buffers: shared read=4

                    ->  Parallel Seq Scan on _hyper_1_921_chunk  (cost=0.00..4.99 rows=99 width=8) (actual time=0.176..0.222 rows=168 loops=1)

                          Buffers: shared read=4

              ->  Partial Aggregate  (cost=5.24..5.25 rows=1 width=32) (actual time=0.199..0.200 rows=1 loops=1)

                    Buffers: shared read=4

                    ->  Parallel Seq Scan on _hyper_1_922_chunk  (cost=0.00..4.99 rows=99 width=8) (actual time=0.124..0.176 rows=168 loops=1)

                          Buffers: shared read=4

              ->  Partial Aggregate  (cost=5.24..5.25 rows=1 width=32) (actual time=0.243..0.244 rows=1 loops=1)

                    Buffers: shared read=4

                    ->  Parallel Seq Scan on _hyper_1_923_chunk  (cost=0.00..4.99 rows=99 width=8) (actual time=0.167..0.218 rows=168 loops=1)

                          Buffers: shared read=4

              ->  Partial Aggregate  (cost=5.24..5.25 rows=1 width=32) (actual time=0.260..0.261 rows=1 loops=1)

                    Buffers: shared read=4

                    ->  Parallel Seq Scan on _hyper_1_924_chunk  (cost=0.00..4.99 rows=99 width=8) (actual time=0.186..0.236 rows=168 loops=1)

                          Buffers: shared read=4

              ->  Partial Aggregate  (cost=5.24..5.25 rows=1 width=32) (actual time=0.436..0.437 rows=1 loops=1)

                    Buffers: shared read=4

                    ->  Parallel Seq Scan on _hyper_1_925_chunk  (cost=0.00..4.99 rows=99 width=8) (actual time=0.353..0.412 rows=168 loops=1)

                          Buffers: shared read=4

              ->  Partial Aggregate  (cost=5.24..5.25 rows=1 width=32) (actual time=0.455..0.456 rows=1 loops=1)

                    Buffers: shared read=4

                    ->  Parallel Seq Scan on _hyper_1_926_chunk  (cost=0.00..4.99 rows=99 width=8) (actual time=0.382..0.430 rows=168 loops=1)

                          Buffers: shared read=4

              ->  Partial Aggregate  (cost=5.24..5.25 rows=1 width=32) (actual time=0.324..0.325 rows=1 loops=1)

                    Buffers: shared read=4

                    ->  Parallel Seq Scan on _hyper_1_927_chunk  (cost=0.00..4.99 rows=99 width=8) (actual time=0.249..0.299 rows=168 loops=1)

                          Buffers: shared read=4

              ->  Partial Aggregate  (cost=5.24..5.25 rows=1 width=32) (actual time=0.246..0.247 rows=1 loops=1)

                    Buffers: shared read=4

                    ->  Parallel Seq Scan on _hyper_1_928_chunk  (cost=0.00..4.99 rows=99 width=8) (actual time=0.172..0.222 rows=168 loops=1)

                          Buffers: shared read=4

              ->  Partial Aggregate  (cost=5.24..5.25 rows=1 width=32) (actual time=0.344..0.345 rows=1 loops=1)

                    Buffers: shared read=4

                    ->  Parallel Seq Scan on _hyper_1_929_chunk  (cost=0.00..4.99 rows=99 width=8) (actual time=0.269..0.319 rows=168 loops=1)

                          Buffers: shared read=4

              ->  Partial Aggregate  (cost=5.24..5.25 rows=1 width=32) (actual time=0.434..0.435 rows=1 loops=1)

                    Buffers: shared read=4

                    ->  Parallel Seq Scan on _hyper_1_930_chunk  (cost=0.00..4.99 rows=99 width=8) (actual time=0.359..0.409 rows=168 loops=1)

                          Buffers: shared read=4

              ->  Partial Aggregate  (cost=5.24..5.25 rows=1 width=32) (actual time=0.365..0.366 rows=1 loops=1)

                    Buffers: shared read=4

                    ->  Parallel Seq Scan on _hyper_1_931_chunk  (cost=0.00..4.99 rows=99 width=8) (actual time=0.280..0.333 rows=168 loops=1)

                          Buffers: shared read=4

              ->  Partial Aggregate  (cost=5.24..5.25 rows=1 width=32) (actual time=0.350..0.351 rows=1 loops=1)

                    Buffers: shared read=4

                    ->  Parallel Seq Scan on _hyper_1_932_chunk  (cost=0.00..4.99 rows=99 width=8) (actual time=0.273..0.325 rows=168 loops=1)

                          Buffers: shared read=4

              ->  Partial Aggregate  (cost=5.24..5.25 rows=1 width=32) (actual time=0.298..0.299 rows=1 loops=1)

                    Buffers: shared read=4

                    ->  Parallel Seq Scan on _hyper_1_933_chunk  (cost=0.00..4.99 rows=99 width=8) (actual time=0.222..0.273 rows=168 loops=1)

                          Buffers: shared read=4

              ->  Partial Aggregate  (cost=5.24..5.25 rows=1 width=32) (actual time=0.221..0.222 rows=1 loops=1)

                    Buffers: shared read=4

                    ->  Parallel Seq Scan on _hyper_1_934_chunk  (cost=0.00..4.99 rows=99 width=8) (actual time=0.146..0.197 rows=168 loops=1)

                          Buffers: shared read=4

              ->  Partial Aggregate  (cost=5.24..5.25 rows=1 width=32) (actual time=0.296..0.297 rows=1 loops=1)

                    Buffers: shared read=4

                    ->  Parallel Seq Scan on _hyper_1_935_chunk  (cost=0.00..4.99 rows=99 width=8) (actual time=0.222..0.271 rows=168 loops=1)

                          Buffers: shared read=4

              ->  Partial Aggregate  (cost=5.24..5.25 rows=1 width=32) (actual time=0.440..0.441 rows=1 loops=1)

                    Buffers: shared read=4

                    ->  Parallel Seq Scan on _hyper_1_936_chunk  (cost=0.00..4.99 rows=99 width=8) (actual time=0.364..0.415 rows=168 loops=1)

                          Buffers: shared read=4

              ->  Partial Aggregate  (cost=5.24..5.25 rows=1 width=32) (actual time=0.237..0.238 rows=1 loops=1)

                    Buffers: shared read=4

                    ->  Parallel Seq Scan on _hyper_1_937_chunk  (cost=0.00..4.99 rows=99 width=8) (actual time=0.162..0.212 rows=168 loops=1)

                          Buffers: shared read=4

              ->  Partial Aggregate  (cost=5.24..5.25 rows=1 width=32) (actual time=0.237..0.238 rows=1 loops=1)

                    Buffers: shared read=4

                    ->  Parallel Seq Scan on _hyper_1_938_chunk  (cost=0.00..4.99 rows=99 width=8) (actual time=0.160..0.212 rows=168 loops=1)

                          Buffers: shared read=4

              ->  Partial Aggregate  (cost=5.24..5.25 rows=1 width=32) (actual time=0.297..0.298 rows=1 loops=1)

                    Buffers: shared read=4

                    ->  Parallel Seq Scan on _hyper_1_939_chunk  (cost=0.00..4.99 rows=99 width=8) (actual time=0.220..0.272 rows=168 loops=1)

                          Buffers: shared read=4

              ->  Partial Aggregate  (cost=5.24..5.25 rows=1 width=32) (actual time=0.242..0.243 rows=1 loops=1)

                    Buffers: shared read=4

                    ->  Parallel Seq Scan on _hyper_1_940_chunk  (cost=0.00..4.99 rows=99 width=8) (actual time=0.166..0.217 rows=168 loops=1)

                          Buffers: shared read=4

              ->  Partial Aggregate  (cost=5.24..5.25 rows=1 width=32) (actual time=0.236..0.236 rows=1 loops=1)

                    Buffers: shared read=4

                    ->  Parallel Seq Scan on _hyper_1_941_chunk  (cost=0.00..4.99 rows=99 width=8) (actual time=0.160..0.210 rows=168 loops=1)

                          Buffers: shared read=4

              ->  Partial Aggregate  (cost=5.24..5.25 rows=1 width=32) (actual time=0.217..0.218 rows=1 loops=1)

                    Buffers: shared read=4

                    ->  Parallel Seq Scan on _hyper_1_943_chunk  (cost=0.00..4.99 rows=99 width=8) (actual time=0.143..0.193 rows=168 loops=1)

                          Buffers: shared read=4

              ->  Partial Aggregate  (cost=5.24..5.25 rows=1 width=32) (actual time=0.200..0.201 rows=1 loops=1)

                    Buffers: shared read=4

                    ->  Parallel Seq Scan on _hyper_1_944_chunk  (cost=0.00..4.99 rows=99 width=8) (actual time=0.125..0.175 rows=168 loops=1)

                          Buffers: shared read=4

              ->  Partial Aggregate  (cost=5.24..5.25 rows=1 width=32) (actual time=0.243..0.244 rows=1 loops=1)

                    Buffers: shared read=4

                    ->  Parallel Seq Scan on _hyper_1_945_chunk  (cost=0.00..4.99 rows=99 width=8) (actual time=0.162..0.212 rows=168 loops=1)

                          Buffers: shared read=4

              ->  Partial Aggregate  (cost=5.24..5.25 rows=1 width=32) (actual time=0.251..0.251 rows=1 loops=1)

                    Buffers: shared read=4

                    ->  Parallel Seq Scan on _hyper_1_946_chunk  (cost=0.00..4.99 rows=99 width=8) (actual time=0.176..0.225 rows=168 loops=1)

                          Buffers: shared read=4

              ->  Partial Aggregate  (cost=5.24..5.25 rows=1 width=32) (actual time=0.241..0.242 rows=1 loops=1)

                    Buffers: shared read=4

                    ->  Parallel Seq Scan on _hyper_1_947_chunk  (cost=0.00..4.99 rows=99 width=8) (actual time=0.162..0.216 rows=168 loops=1)

                          Buffers: shared read=4

              ->  Partial Aggregate  (cost=5.24..5.25 rows=1 width=32) (actual time=0.355..0.356 rows=1 loops=1)

                    Buffers: shared read=4

                    ->  Parallel Seq Scan on _hyper_1_948_chunk  (cost=0.00..4.99 rows=99 width=8) (actual time=0.281..0.331 rows=168 loops=1)

                          Buffers: shared read=4

              ->  Partial Aggregate  (cost=5.24..5.25 rows=1 width=32) (actual time=0.299..0.300 rows=1 loops=1)

                    Buffers: shared read=4

                    ->  Parallel Seq Scan on _hyper_1_949_chunk  (cost=0.00..4.99 rows=99 width=8) (actual time=0.227..0.275 rows=168 loops=1)

                          Buffers: shared read=4

              ->  Partial Aggregate  (cost=5.24..5.25 rows=1 width=32) (actual time=0.287..0.288 rows=1 loops=1)

                    Buffers: shared read=4

                    ->  Parallel Seq Scan on _hyper_1_950_chunk  (cost=0.00..4.99 rows=99 width=8) (actual time=0.220..0.264 rows=168 loops=1)

                          Buffers: shared read=4

              ->  Partial Aggregate  (cost=5.24..5.25 rows=1 width=32) (actual time=0.297..0.297 rows=1 loops=1)

                    Buffers: shared read=4

                    ->  Parallel Seq Scan on _hyper_1_951_chunk  (cost=0.00..4.99 rows=99 width=8) (actual time=0.234..0.273 rows=168 loops=1)

                          Buffers: shared read=4

              ->  Partial Aggregate  (cost=5.24..5.25 rows=1 width=32) (actual time=0.217..0.218 rows=1 loops=1)

                    Buffers: shared read=4

                    ->  Parallel Seq Scan on _hyper_1_952_chunk  (cost=0.00..4.99 rows=99 width=8) (actual time=0.146..0.194 rows=168 loops=1)

                          Buffers: shared read=4

              ->  Partial Aggregate  (cost=5.24..5.25 rows=1 width=32) (actual time=0.170..0.171 rows=1 loops=1)

                    Buffers: shared read=4

                    ->  Parallel Seq Scan on _hyper_1_953_chunk  (cost=0.00..4.99 rows=99 width=8) (actual time=0.097..0.147 rows=168 loops=1)

                          Buffers: shared read=4

              ->  Partial Aggregate  (cost=5.24..5.25 rows=1 width=32) (actual time=0.236..0.237 rows=1 loops=1)

                    Buffers: shared read=4

                    ->  Parallel Seq Scan on _hyper_1_954_chunk  (cost=0.00..4.99 rows=99 width=8) (actual time=0.169..0.209 rows=168 loops=1)

                          Buffers: shared read=4

              ->  Partial Aggregate  (cost=5.24..5.25 rows=1 width=32) (actual time=0.281..0.282 rows=1 loops=1)

                    Buffers: shared read=4

                    ->  Parallel Seq Scan on _hyper_1_955_chunk  (cost=0.00..4.99 rows=99 width=8) (actual time=0.213..0.258 rows=168 loops=1)

                          Buffers: shared read=4

              ->  Partial Aggregate  (cost=5.24..5.25 rows=1 width=32) (actual time=0.316..0.317 rows=1 loops=1)

                    Buffers: shared read=4

                    ->  Parallel Seq Scan on _hyper_1_956_chunk  (cost=0.00..4.99 rows=99 width=8) (actual time=0.240..0.291 rows=168 loops=1)

                          Buffers: shared read=4

              ->  Partial Aggregate  (cost=5.24..5.25 rows=1 width=32) (actual time=0.300..0.301 rows=1 loops=1)

                    Buffers: shared read=4

                    ->  Parallel Seq Scan on _hyper_1_957_chunk  (cost=0.00..4.99 rows=99 width=8) (actual time=0.225..0.275 rows=168 loops=1)

                          Buffers: shared read=4

              ->  Partial Aggregate  (cost=5.24..5.25 rows=1 width=32) (actual time=0.260..0.261 rows=1 loops=1)

                    Buffers: shared read=4

                    ->  Parallel Seq Scan on _hyper_1_958_chunk  (cost=0.00..4.99 rows=99 width=8) (actual time=0.184..0.235 rows=168 loops=1)

                          Buffers: shared read=4

              ->  Partial Aggregate  (cost=5.24..5.25 rows=1 width=32) (actual time=0.261..0.262 rows=1 loops=1)

                    Buffers: shared read=4

                    ->  Parallel Seq Scan on _hyper_1_959_chunk  (cost=0.00..4.99 rows=99 width=8) (actual time=0.185..0.236 rows=168 loops=1)

                          Buffers: shared read=4

              ->  Partial Aggregate  (cost=5.24..5.25 rows=1 width=32) (actual time=0.240..0.241 rows=1 loops=1)

                    Buffers: shared read=4

                    ->  Parallel Seq Scan on _hyper_1_960_chunk  (cost=0.00..4.99 rows=99 width=8) (actual time=0.167..0.215 rows=168 loops=1)

                          Buffers: shared read=4

              ->  Partial Aggregate  (cost=5.24..5.25 rows=1 width=32) (actual time=0.237..0.237 rows=1 loops=1)

                    Buffers: shared read=4

                    ->  Parallel Seq Scan on _hyper_1_961_chunk  (cost=0.00..4.99 rows=99 width=8) (actual time=0.160..0.211 rows=168 loops=1)

                          Buffers: shared read=4

              ->  Partial Aggregate  (cost=5.24..5.25 rows=1 width=32) (actual time=0.246..0.247 rows=1 loops=1)

                    Buffers: shared read=4

                    ->  Parallel Seq Scan on _hyper_1_962_chunk  (cost=0.00..4.99 rows=99 width=8) (actual time=0.165..0.220 rows=168 loops=1)

                          Buffers: shared read=4

              ->  Partial Aggregate  (cost=5.24..5.25 rows=1 width=32) (actual time=0.269..0.270 rows=1 loops=1)

                    Buffers: shared read=4

                    ->  Parallel Seq Scan on _hyper_1_963_chunk  (cost=0.00..4.99 rows=99 width=8) (actual time=0.193..0.244 rows=168 loops=1)

                          Buffers: shared read=4

              ->  Partial Aggregate  (cost=5.24..5.25 rows=1 width=32) (actual time=0.293..0.294 rows=1 loops=1)

                    Buffers: shared read=4

                    ->  Parallel Seq Scan on _hyper_1_965_chunk  (cost=0.00..4.99 rows=99 width=8) (actual time=0.218..0.268 rows=168 loops=1)

                          Buffers: shared read=4

              ->  Partial Aggregate  (cost=5.24..5.25 rows=1 width=32) (actual time=0.309..0.310 rows=1 loops=1)

                    Buffers: shared read=4

                    ->  Parallel Seq Scan on _hyper_1_966_chunk  (cost=0.00..4.99 rows=99 width=8) (actual time=0.235..0.284 rows=168 loops=1)

                          Buffers: shared read=4

              ->  Partial Aggregate  (cost=5.24..5.25 rows=1 width=32) (actual time=0.190..0.190 rows=1 loops=1)

                    Buffers: shared read=4

                    ->  Parallel Seq Scan on _hyper_1_967_chunk  (cost=0.00..4.99 rows=99 width=8) (actual time=0.115..0.164 rows=168 loops=1)

                          Buffers: shared read=4

              ->  Partial Aggregate  (cost=5.24..5.25 rows=1 width=32) (actual time=0.189..0.190 rows=1 loops=1)

                    Buffers: shared read=4

                    ->  Parallel Seq Scan on _hyper_1_968_chunk  (cost=0.00..4.99 rows=99 width=8) (actual time=0.114..0.164 rows=168 loops=1)

                          Buffers: shared read=4

              ->  Partial Aggregate  (cost=5.24..5.25 rows=1 width=32) (actual time=0.325..0.326 rows=1 loops=1)

                    Buffers: shared read=4

                    ->  Parallel Seq Scan on _hyper_1_970_chunk  (cost=0.00..4.99 rows=99 width=8) (actual time=0.248..0.300 rows=168 loops=1)

                          Buffers: shared read=4

              ->  Partial Aggregate  (cost=5.24..5.25 rows=1 width=32) (actual time=0.436..0.437 rows=1 loops=1)

                    Buffers: shared read=4

                    ->  Parallel Seq Scan on _hyper_1_971_chunk  (cost=0.00..4.99 rows=99 width=8) (actual time=0.352..0.408 rows=168 loops=1)

                          Buffers: shared read=4

              ->  Partial Aggregate  (cost=5.24..5.25 rows=1 width=32) (actual time=0.325..0.325 rows=1 loops=1)

                    Buffers: shared read=4

                    ->  Parallel Seq Scan on _hyper_1_972_chunk  (cost=0.00..4.99 rows=99 width=8) (actual time=0.248..0.299 rows=168 loops=1)

                          Buffers: shared read=4

              ->  Partial Aggregate  (cost=5.24..5.25 rows=1 width=32) (actual time=0.364..0.364 rows=1 loops=1)

                    Buffers: shared read=4

                    ->  Parallel Seq Scan on _hyper_1_973_chunk  (cost=0.00..4.99 rows=99 width=8) (actual time=0.263..0.333 rows=168 loops=1)

                          Buffers: shared read=4

              ->  Partial Aggregate  (cost=5.24..5.25 rows=1 width=32) (actual time=0.237..0.238 rows=1 loops=1)

                    Buffers: shared read=4

                    ->  Parallel Seq Scan on _hyper_1_975_chunk  (cost=0.00..4.99 rows=99 width=8) (actual time=0.168..0.214 rows=168 loops=1)

                          Buffers: shared read=4

              ->  Partial Aggregate  (cost=5.24..5.25 rows=1 width=32) (actual time=0.250..0.251 rows=1 loops=1)

                    Buffers: shared read=4

                    ->  Parallel Seq Scan on _hyper_1_976_chunk  (cost=0.00..4.99 rows=99 width=8) (actual time=0.179..0.226 rows=168 loops=1)

                          Buffers: shared read=4

              ->  Partial Aggregate  (cost=5.24..5.25 rows=1 width=32) (actual time=0.259..0.260 rows=1 loops=1)

                    Buffers: shared read=4

                    ->  Parallel Seq Scan on _hyper_1_977_chunk  (cost=0.00..4.99 rows=99 width=8) (actual time=0.188..0.235 rows=168 loops=1)

                          Buffers: shared read=4

              ->  Partial Aggregate  (cost=5.24..5.25 rows=1 width=32) (actual time=0.242..0.242 rows=1 loops=1)

                    Buffers: shared read=4

                    ->  Parallel Seq Scan on _hyper_1_978_chunk  (cost=0.00..4.99 rows=99 width=8) (actual time=0.172..0.218 rows=168 loops=1)

                          Buffers: shared read=4

              ->  Partial Aggregate  (cost=5.24..5.25 rows=1 width=32) (actual time=0.247..0.248 rows=1 loops=1)

                    Buffers: shared read=4

                    ->  Parallel Seq Scan on _hyper_1_979_chunk  (cost=0.00..4.99 rows=99 width=8) (actual time=0.176..0.224 rows=168 loops=1)

                          Buffers: shared read=4

              ->  Partial Aggregate  (cost=5.24..5.25 rows=1 width=32) (actual time=0.240..0.241 rows=1 loops=1)

                    Buffers: shared read=4

                    ->  Parallel Seq Scan on _hyper_1_980_chunk  (cost=0.00..4.99 rows=99 width=8) (actual time=0.169..0.217 rows=168 loops=1)

                          Buffers: shared read=4

              ->  Partial Aggregate  (cost=5.24..5.25 rows=1 width=32) (actual time=0.191..0.192 rows=1 loops=1)

                    Buffers: shared read=4

                    ->  Parallel Seq Scan on _hyper_1_981_chunk  (cost=0.00..4.99 rows=99 width=8) (actual time=0.122..0.168 rows=168 loops=1)

                          Buffers: shared read=4

              ->  Partial Aggregate  (cost=5.24..5.25 rows=1 width=32) (actual time=0.254..0.255 rows=1 loops=1)

                    Buffers: shared read=4

                    ->  Parallel Seq Scan on _hyper_1_982_chunk  (cost=0.00..4.99 rows=99 width=8) (actual time=0.179..0.230 rows=168 loops=1)

                          Buffers: shared read=4

              ->  Partial Aggregate  (cost=5.24..5.25 rows=1 width=32) (actual time=0.145..0.145 rows=1 loops=2)

                    Buffers: shared read=4

                    ->  Parallel Seq Scan on _hyper_1_983_chunk  (cost=0.00..4.99 rows=99 width=8) (actual time=0.110..0.131 rows=84 loops=2)

                          Buffers: shared read=4

              ->  Partial Aggregate  (cost=5.24..5.25 rows=1 width=32) (actual time=0.121..0.122 rows=1 loops=2)

                    Buffers: shared read=4

                    ->  Parallel Seq Scan on _hyper_1_984_chunk  (cost=0.00..4.99 rows=99 width=8) (actual time=0.091..0.108 rows=84 loops=2)

                          Buffers: shared read=4

              ->  Partial Aggregate  (cost=5.24..5.25 rows=1 width=32) (actual time=0.260..0.261 rows=1 loops=1)

                    Buffers: shared read=4

                    ->  Parallel Seq Scan on _hyper_1_985_chunk  (cost=0.00..4.99 rows=99 width=8) (actual time=0.202..0.237 rows=168 loops=1)

                          Buffers: shared read=4

              ->  Partial Aggregate  (cost=5.24..5.25 rows=1 width=32) (actual time=0.282..0.283 rows=1 loops=1)

                    Buffers: shared read=4

                    ->  Parallel Seq Scan on _hyper_1_986_chunk  (cost=0.00..4.99 rows=99 width=8) (actual time=0.223..0.259 rows=168 loops=1)

                          Buffers: shared read=4

              ->  Partial Aggregate  (cost=5.24..5.25 rows=1 width=32) (actual time=0.295..0.296 rows=1 loops=1)

                    Buffers: shared read=4

                    ->  Parallel Seq Scan on _hyper_1_987_chunk  (cost=0.00..4.99 rows=99 width=8) (actual time=0.236..0.273 rows=168 loops=1)

                          Buffers: shared read=4

              ->  Partial Aggregate  (cost=5.24..5.25 rows=1 width=32) (actual time=0.221..0.222 rows=1 loops=1)

                    Buffers: shared read=4

                    ->  Parallel Seq Scan on _hyper_1_988_chunk  (cost=0.00..4.99 rows=99 width=8) (actual time=0.129..0.190 rows=168 loops=1)

                          Buffers: shared read=4

              ->  Partial Aggregate  (cost=5.24..5.25 rows=1 width=32) (actual time=0.288..0.289 rows=1 loops=1)

                    Buffers: shared read=4

                    ->  Parallel Seq Scan on _hyper_1_989_chunk  (cost=0.00..4.99 rows=99 width=8) (actual time=0.223..0.263 rows=168 loops=1)

                          Buffers: shared read=4

              ->  Partial Aggregate  (cost=5.24..5.25 rows=1 width=32) (actual time=0.183..0.184 rows=1 loops=1)

                    Buffers: shared read=4

                    ->  Parallel Seq Scan on _hyper_1_990_chunk  (cost=0.00..4.99 rows=99 width=8) (actual time=0.118..0.158 rows=168 loops=1)

                          Buffers: shared read=4

              ->  Partial Aggregate  (cost=5.24..5.25 rows=1 width=32) (actual time=0.225..0.225 rows=1 loops=1)

                    Buffers: shared read=4

                    ->  Parallel Seq Scan on _hyper_1_991_chunk  (cost=0.00..4.99 rows=99 width=8) (actual time=0.160..0.199 rows=168 loops=1)

                          Buffers: shared read=4

              ->  Partial Aggregate  (cost=5.24..5.25 rows=1 width=32) (actual time=0.237..0.238 rows=1 loops=1)

                    Buffers: shared read=4

                    ->  Parallel Seq Scan on _hyper_1_992_chunk  (cost=0.00..4.99 rows=99 width=8) (actual time=0.174..0.213 rows=168 loops=1)

                          Buffers: shared read=4

              ->  Partial Aggregate  (cost=5.24..5.25 rows=1 width=32) (actual time=0.233..0.234 rows=1 loops=1)

                    Buffers: shared read=4

                    ->  Parallel Seq Scan on _hyper_1_993_chunk  (cost=0.00..4.99 rows=99 width=8) (actual time=0.168..0.207 rows=168 loops=1)

                          Buffers: shared read=4

              ->  Partial Aggregate  (cost=5.24..5.25 rows=1 width=32) (actual time=0.239..0.240 rows=1 loops=1)

                    Buffers: shared read=4

                    ->  Parallel Seq Scan on _hyper_1_994_chunk  (cost=0.00..4.99 rows=99 width=8) (actual time=0.170..0.212 rows=168 loops=1)

                          Buffers: shared read=4

              ->  Partial Aggregate  (cost=5.24..5.25 rows=1 width=32) (actual time=0.227..0.228 rows=1 loops=1)

                    Buffers: shared read=4

                    ->  Parallel Seq Scan on _hyper_1_995_chunk  (cost=0.00..4.99 rows=99 width=8) (actual time=0.159..0.201 rows=168 loops=1)

                          Buffers: shared read=4

              ->  Partial Aggregate  (cost=5.24..5.25 rows=1 width=32) (actual time=0.251..0.251 rows=1 loops=1)

                    Buffers: shared read=4

                    ->  Parallel Seq Scan on _hyper_1_996_chunk  (cost=0.00..4.99 rows=99 width=8) (actual time=0.181..0.224 rows=168 loops=1)

                          Buffers: shared read=4

              ->  Partial Aggregate  (cost=5.24..5.25 rows=1 width=32) (actual time=0.298..0.299 rows=1 loops=1)

                    Buffers: shared read=4

                    ->  Parallel Seq Scan on _hyper_1_997_chunk  (cost=0.00..4.99 rows=99 width=8) (actual time=0.227..0.274 rows=168 loops=1)

                          Buffers: shared read=4

              ->  Partial Aggregate  (cost=5.24..5.25 rows=1 width=32) (actual time=0.222..0.223 rows=1 loops=1)

                    Buffers: shared read=4

                    ->  Parallel Seq Scan on _hyper_1_998_chunk  (cost=0.00..4.99 rows=99 width=8) (actual time=0.159..0.198 rows=168 loops=1)

                          Buffers: shared read=4

              ->  Partial Aggregate  (cost=5.24..5.25 rows=1 width=32) (actual time=0.170..0.171 rows=1 loops=1)

                    Buffers: shared read=4

                    ->  Parallel Seq Scan on _hyper_1_999_chunk  (cost=0.00..4.99 rows=99 width=8) (actual time=0.101..0.144 rows=168 loops=1)

                          Buffers: shared read=4

              ->  Partial Aggregate  (cost=5.24..5.25 rows=1 width=32) (actual time=0.225..0.226 rows=1 loops=1)

                    Buffers: shared read=4

                    ->  Parallel Seq Scan on _hyper_1_1000_chunk  (cost=0.00..4.99 rows=99 width=8) (actual time=0.161..0.201 rows=168 loops=1)

                          Buffers: shared read=4

              ->  Partial Aggregate  (cost=5.24..5.25 rows=1 width=32) (actual time=0.270..0.271 rows=1 loops=1)

                    Buffers: shared read=4

                    ->  Parallel Seq Scan on _hyper_1_1001_chunk  (cost=0.00..4.99 rows=99 width=8) (actual time=0.210..0.247 rows=168 loops=1)

                          Buffers: shared read=4

              ->  Partial Aggregate  (cost=5.24..5.25 rows=1 width=32) (actual time=0.178..0.179 rows=1 loops=1)

                    Buffers: shared read=4

                    ->  Parallel Seq Scan on _hyper_1_1002_chunk  (cost=0.00..4.99 rows=99 width=8) (actual time=0.115..0.153 rows=168 loops=1)

                          Buffers: shared read=4

              ->  Partial Aggregate  (cost=5.24..5.25 rows=1 width=32) (actual time=0.228..0.229 rows=1 loops=1)

                    Buffers: shared read=4

                    ->  Parallel Seq Scan on _hyper_1_1003_chunk  (cost=0.00..4.99 rows=99 width=8) (actual time=0.164..0.203 rows=168 loops=1)

                          Buffers: shared read=4

              ->  Partial Aggregate  (cost=5.24..5.25 rows=1 width=32) (actual time=0.295..0.296 rows=1 loops=1)

                    Buffers: shared read=4

                    ->  Parallel Seq Scan on _hyper_1_1004_chunk  (cost=0.00..4.99 rows=99 width=8) (actual time=0.230..0.271 rows=168 loops=1)

                          Buffers: shared read=4

              ->  Partial Aggregate  (cost=5.24..5.25 rows=1 width=32) (actual time=0.176..0.176 rows=1 loops=1)

                    Buffers: shared read=4

                    ->  Parallel Seq Scan on _hyper_1_1005_chunk  (cost=0.00..4.99 rows=99 width=8) (actual time=0.105..0.149 rows=168 loops=1)

                          Buffers: shared read=4

              ->  Partial Aggregate  (cost=5.24..5.25 rows=1 width=32) (actual time=0.215..0.217 rows=1 loops=1)

                    Buffers: shared read=4

                    ->  Parallel Seq Scan on _hyper_1_1006_chunk  (cost=0.00..4.99 rows=99 width=8) (actual time=0.152..0.190 rows=168 loops=1)

                          Buffers: shared read=4

              ->  Partial Aggregate  (cost=5.24..5.25 rows=1 width=32) (actual time=0.223..0.224 rows=1 loops=1)

                    Buffers: shared read=4

                    ->  Parallel Seq Scan on _hyper_1_1008_chunk  (cost=0.00..4.99 rows=99 width=8) (actual time=0.160..0.198 rows=168 loops=1)

                          Buffers: shared read=4

              ->  Partial Aggregate  (cost=5.24..5.25 rows=1 width=32) (actual time=0.240..0.240 rows=1 loops=1)

                    Buffers: shared read=4

                    ->  Parallel Seq Scan on _hyper_1_1009_chunk  (cost=0.00..4.99 rows=99 width=8) (actual time=0.176..0.215 rows=168 loops=1)

                          Buffers: shared read=4

              ->  Partial Aggregate  (cost=5.24..5.25 rows=1 width=32) (actual time=0.212..0.213 rows=1 loops=1)

                    Buffers: shared read=4

                    ->  Parallel Seq Scan on _hyper_1_1010_chunk  (cost=0.00..4.99 rows=99 width=8) (actual time=0.149..0.186 rows=168 loops=1)

                          Buffers: shared read=4

              ->  Partial Aggregate  (cost=5.24..5.25 rows=1 width=32) (actual time=0.174..0.175 rows=1 loops=1)

                    Buffers: shared read=4

                    ->  Parallel Seq Scan on _hyper_1_1011_chunk  (cost=0.00..4.99 rows=99 width=8) (actual time=0.109..0.149 rows=168 loops=1)

                          Buffers: shared read=4

              ->  Partial Aggregate  (cost=5.24..5.25 rows=1 width=32) (actual time=0.232..0.233 rows=1 loops=1)

                    Buffers: shared read=4

                    ->  Parallel Seq Scan on _hyper_1_1012_chunk  (cost=0.00..4.99 rows=99 width=8) (actual time=0.167..0.207 rows=168 loops=1)

                          Buffers: shared read=4

              ->  Partial Aggregate  (cost=5.24..5.25 rows=1 width=32) (actual time=0.177..0.179 rows=1 loops=1)

                    Buffers: shared read=4

                    ->  Parallel Seq Scan on _hyper_1_1013_chunk  (cost=0.00..4.99 rows=99 width=8) (actual time=0.114..0.152 rows=168 loops=1)

                          Buffers: shared read=4

              ->  Partial Aggregate  (cost=5.24..5.25 rows=1 width=32) (actual time=0.215..0.215 rows=1 loops=1)

                    Buffers: shared read=4

                    ->  Parallel Seq Scan on _hyper_1_1014_chunk  (cost=0.00..4.99 rows=99 width=8) (actual time=0.150..0.189 rows=168 loops=1)

                          Buffers: shared read=4

              ->  Partial Aggregate  (cost=5.24..5.25 rows=1 width=32) (actual time=0.220..0.221 rows=1 loops=1)

                    Buffers: shared read=4

                    ->  Parallel Seq Scan on _hyper_1_1015_chunk  (cost=0.00..4.99 rows=99 width=8) (actual time=0.158..0.195 rows=168 loops=1)

                          Buffers: shared read=4

              ->  Partial Aggregate  (cost=5.24..5.25 rows=1 width=32) (actual time=0.482..0.483 rows=1 loops=1)

                    Buffers: shared read=4

                    ->  Parallel Seq Scan on _hyper_1_1016_chunk  (cost=0.00..4.99 rows=99 width=8) (actual time=0.411..0.449 rows=168 loops=1)

                          Buffers: shared read=4

              ->  Partial Aggregate  (cost=5.24..5.25 rows=1 width=32) (actual time=0.229..0.230 rows=1 loops=1)

                    Buffers: shared read=4

                    ->  Parallel Seq Scan on _hyper_1_1017_chunk  (cost=0.00..4.99 rows=99 width=8) (actual time=0.167..0.203 rows=168 loops=1)

                          Buffers: shared read=4

              ->  Partial Aggregate  (cost=5.24..5.25 rows=1 width=32) (actual time=0.275..0.277 rows=1 loops=1)

                    Buffers: shared read=4

                    ->  Parallel Seq Scan on _hyper_1_1018_chunk  (cost=0.00..4.99 rows=99 width=8) (actual time=0.212..0.251 rows=168 loops=1)

                          Buffers: shared read=4

              ->  Partial Aggregate  (cost=5.24..5.25 rows=1 width=32) (actual time=0.228..0.229 rows=1 loops=1)

                    Buffers: shared read=4

                    ->  Parallel Seq Scan on _hyper_1_1019_chunk  (cost=0.00..4.99 rows=99 width=8) (actual time=0.169..0.205 rows=168 loops=1)

                          Buffers: shared read=4

              ->  Partial Aggregate  (cost=5.24..5.25 rows=1 width=32) (actual time=0.182..0.183 rows=1 loops=1)

                    Buffers: shared read=4

                    ->  Parallel Seq Scan on _hyper_1_1020_chunk  (cost=0.00..4.99 rows=99 width=8) (actual time=0.114..0.159 rows=168 loops=1)

                          Buffers: shared read=4

              ->  Partial Aggregate  (cost=5.24..5.25 rows=1 width=32) (actual time=0.231..0.231 rows=1 loops=1)

                    Buffers: shared read=4

                    ->  Parallel Seq Scan on _hyper_1_1021_chunk  (cost=0.00..4.99 rows=99 width=8) (actual time=0.171..0.208 rows=168 loops=1)

                          Buffers: shared read=4

              ->  Partial Aggregate  (cost=5.24..5.25 rows=1 width=32) (actual time=0.223..0.223 rows=1 loops=1)

                    Buffers: shared read=4

                    ->  Parallel Seq Scan on _hyper_1_1022_chunk  (cost=0.00..4.99 rows=99 width=8) (actual time=0.164..0.199 rows=168 loops=1)

                          Buffers: shared read=4

              ->  Partial Aggregate  (cost=5.24..5.25 rows=1 width=32) (actual time=0.219..0.220 rows=1 loops=1)

                    Buffers: shared read=4

                    ->  Parallel Seq Scan on _hyper_1_1023_chunk  (cost=0.00..4.99 rows=99 width=8) (actual time=0.159..0.196 rows=168 loops=1)

                          Buffers: shared read=4

              ->  Partial Aggregate  (cost=5.24..5.25 rows=1 width=32) (actual time=0.234..0.235 rows=1 loops=1)

                    Buffers: shared read=4

                    ->  Parallel Seq Scan on _hyper_1_1024_chunk  (cost=0.00..4.99 rows=99 width=8) (actual time=0.175..0.212 rows=168 loops=1)

                          Buffers: shared read=4

              ->  Partial Aggregate  (cost=5.24..5.25 rows=1 width=32) (actual time=0.277..0.278 rows=1 loops=1)

                    Buffers: shared read=4

                    ->  Parallel Seq Scan on _hyper_1_1025_chunk  (cost=0.00..4.99 rows=99 width=8) (actual time=0.219..0.254 rows=168 loops=1)

                          Buffers: shared read=4

              ->  Partial Aggregate  (cost=5.24..5.25 rows=1 width=32) (actual time=0.198..0.198 rows=1 loops=1)

                    Buffers: shared read=4

                    ->  Parallel Seq Scan on _hyper_1_1026_chunk  (cost=0.00..4.99 rows=99 width=8) (actual time=0.136..0.175 rows=168 loops=1)

                          Buffers: shared read=4

              ->  Partial Aggregate  (cost=5.24..5.25 rows=1 width=32) (actual time=0.214..0.215 rows=1 loops=1)

                    Buffers: shared read=4

                    ->  Parallel Seq Scan on _hyper_1_1027_chunk  (cost=0.00..4.99 rows=99 width=8) (actual time=0.156..0.191 rows=168 loops=1)

                          Buffers: shared read=4

              ->  Partial Aggregate  (cost=5.24..5.25 rows=1 width=32) (actual time=0.200..0.200 rows=1 loops=1)

                    Buffers: shared read=4

                    ->  Parallel Seq Scan on _hyper_1_1028_chunk  (cost=0.00..4.99 rows=99 width=8) (actual time=0.142..0.177 rows=168 loops=1)

                          Buffers: shared read=4

              ->  Partial Aggregate  (cost=5.24..5.25 rows=1 width=32) (actual time=0.230..0.230 rows=1 loops=1)

                    Buffers: shared read=4

                    ->  Parallel Seq Scan on _hyper_1_1029_chunk  (cost=0.00..4.99 rows=99 width=8) (actual time=0.174..0.208 rows=168 loops=1)

                          Buffers: shared read=4

              ->  Partial Aggregate  (cost=5.24..5.25 rows=1 width=32) (actual time=0.207..0.207 rows=1 loops=1)

                    Buffers: shared read=4

                    ->  Parallel Seq Scan on _hyper_1_1030_chunk  (cost=0.00..4.99 rows=99 width=8) (actual time=0.153..0.186 rows=168 loops=1)

                          Buffers: shared read=4

              ->  Partial Aggregate  (cost=5.24..5.25 rows=1 width=32) (actual time=0.222..0.222 rows=1 loops=1)

                    Buffers: shared read=4

                    ->  Parallel Seq Scan on _hyper_1_1031_chunk  (cost=0.00..4.99 rows=99 width=8) (actual time=0.167..0.200 rows=168 loops=1)

                          Buffers: shared read=4

              ->  Partial Aggregate  (cost=5.24..5.25 rows=1 width=32) (actual time=0.286..0.286 rows=1 loops=1)

                    Buffers: shared read=4

                    ->  Parallel Seq Scan on _hyper_1_1032_chunk  (cost=0.00..4.99 rows=99 width=8) (actual time=0.230..0.264 rows=168 loops=1)

                          Buffers: shared read=4

              ->  Partial Aggregate  (cost=5.24..5.25 rows=1 width=32) (actual time=0.220..0.221 rows=1 loops=1)

                    Buffers: shared read=4

                    ->  Parallel Seq Scan on _hyper_1_1033_chunk  (cost=0.00..4.99 rows=99 width=8) (actual time=0.159..0.197 rows=168 loops=1)

                          Buffers: shared read=4

              ->  Partial Aggregate  (cost=5.24..5.25 rows=1 width=32) (actual time=0.212..0.213 rows=1 loops=1)

                    Buffers: shared read=4

                    ->  Parallel Seq Scan on _hyper_1_1034_chunk  (cost=0.00..4.99 rows=99 width=8) (actual time=0.153..0.189 rows=168 loops=1)

                          Buffers: shared read=4

              ->  Partial Aggregate  (cost=5.24..5.25 rows=1 width=32) (actual time=0.212..0.212 rows=1 loops=1)

                    Buffers: shared read=4

                    ->  Parallel Seq Scan on _hyper_1_1035_chunk  (cost=0.00..4.99 rows=99 width=8) (actual time=0.153..0.188 rows=168 loops=1)

                          Buffers: shared read=4

              ->  Partial Aggregate  (cost=5.24..5.25 rows=1 width=32) (actual time=0.278..0.278 rows=1 loops=1)

                    Buffers: shared read=4

                    ->  Parallel Seq Scan on _hyper_1_1036_chunk  (cost=0.00..4.99 rows=99 width=8) (actual time=0.218..0.255 rows=168 loops=1)

                          Buffers: shared read=4

              ->  Partial Aggregate  (cost=5.24..5.25 rows=1 width=32) (actual time=0.275..0.276 rows=1 loops=1)

                    Buffers: shared read=4

                    ->  Parallel Seq Scan on _hyper_1_1037_chunk  (cost=0.00..4.99 rows=99 width=8) (actual time=0.217..0.253 rows=168 loops=1)

                          Buffers: shared read=4

              ->  Partial Aggregate  (cost=5.24..5.25 rows=1 width=32) (actual time=0.201..0.202 rows=1 loops=1)

                    Buffers: shared read=4

                    ->  Parallel Seq Scan on _hyper_1_1038_chunk  (cost=0.00..4.99 rows=99 width=8) (actual time=0.142..0.178 rows=168 loops=1)

                          Buffers: shared read=4

              ->  Partial Aggregate  (cost=5.24..5.25 rows=1 width=32) (actual time=0.219..0.219 rows=1 loops=1)

                    Buffers: shared read=4

                    ->  Parallel Seq Scan on _hyper_1_1039_chunk  (cost=0.00..4.99 rows=99 width=8) (actual time=0.159..0.195 rows=168 loops=1)

                          Buffers: shared read=4

              ->  Partial Aggregate  (cost=5.24..5.25 rows=1 width=32) (actual time=0.280..0.280 rows=1 loops=1)

                    Buffers: shared read=4

                    ->  Parallel Seq Scan on _hyper_1_1040_chunk  (cost=0.00..4.99 rows=99 width=8) (actual time=0.221..0.256 rows=168 loops=1)

                          Buffers: shared read=4

              ->  Partial Aggregate  (cost=5.24..5.25 rows=1 width=32) (actual time=0.209..0.210 rows=1 loops=1)

                    Buffers: shared read=4

                    ->  Parallel Seq Scan on _hyper_1_1041_chunk  (cost=0.00..4.99 rows=99 width=8) (actual time=0.141..0.177 rows=168 loops=1)

                          Buffers: shared read=4

              ->  Partial Aggregate  (cost=5.24..5.25 rows=1 width=32) (actual time=0.289..0.289 rows=1 loops=1)

                    Buffers: shared read=4

                    ->  Parallel Seq Scan on _hyper_1_1042_chunk  (cost=0.00..4.99 rows=99 width=8) (actual time=0.228..0.266 rows=168 loops=1)

                          Buffers: shared read=4

              ->  Partial Aggregate  (cost=5.24..5.25 rows=1 width=32) (actual time=0.215..0.215 rows=1 loops=1)

                    Buffers: shared read=4

                    ->  Parallel Seq Scan on _hyper_1_1043_chunk  (cost=0.00..4.99 rows=99 width=8) (actual time=0.157..0.192 rows=168 loops=1)

                          Buffers: shared read=4

              ->  Partial Aggregate  (cost=5.24..5.25 rows=1 width=32) (actual time=0.369..0.370 rows=1 loops=1)

                    Buffers: shared read=4

                    ->  Parallel Seq Scan on _hyper_1_1045_chunk  (cost=0.00..4.99 rows=99 width=8) (actual time=0.311..0.346 rows=168 loops=1)

                          Buffers: shared read=4

              ->  Partial Aggregate  (cost=5.24..5.25 rows=1 width=32) (actual time=0.291..0.292 rows=1 loops=1)

                    Buffers: shared read=4

                    ->  Parallel Seq Scan on _hyper_1_1046_chunk  (cost=0.00..4.99 rows=99 width=8) (actual time=0.226..0.266 rows=168 loops=1)

                          Buffers: shared read=4

              ->  Partial Aggregate  (cost=5.24..5.25 rows=1 width=32) (actual time=0.237..0.239 rows=1 loops=1)

                    Buffers: shared read=4

                    ->  Parallel Seq Scan on _hyper_1_1047_chunk  (cost=0.00..4.99 rows=99 width=8) (actual time=0.172..0.213 rows=168 loops=1)

                          Buffers: shared read=4

              ->  Partial Aggregate  (cost=5.24..5.25 rows=1 width=32) (actual time=0.283..0.284 rows=1 loops=1)

                    Buffers: shared read=4

                    ->  Parallel Seq Scan on _hyper_1_1048_chunk  (cost=0.00..4.99 rows=99 width=8) (actual time=0.220..0.258 rows=168 loops=1)

                          Buffers: shared read=4

              ->  Partial Aggregate  (cost=5.24..5.25 rows=1 width=32) (actual time=0.229..0.229 rows=1 loops=1)

                    Buffers: shared read=4

                    ->  Parallel Seq Scan on _hyper_1_1049_chunk  (cost=0.00..4.99 rows=99 width=8) (actual time=0.165..0.204 rows=168 loops=1)

                          Buffers: shared read=4

              ->  Partial Aggregate  (cost=5.24..5.25 rows=1 width=32) (actual time=0.200..0.201 rows=1 loops=1)

                    Buffers: shared read=4

                    ->  Parallel Seq Scan on _hyper_1_1050_chunk  (cost=0.00..4.99 rows=99 width=8) (actual time=0.142..0.177 rows=168 loops=1)

                          Buffers: shared read=4

              ->  Partial Aggregate  (cost=5.24..5.25 rows=1 width=32) (actual time=0.284..0.285 rows=1 loops=1)

                    Buffers: shared read=4

                    ->  Parallel Seq Scan on _hyper_1_1051_chunk  (cost=0.00..4.99 rows=99 width=8) (actual time=0.220..0.259 rows=168 loops=1)

                          Buffers: shared read=4

              ->  Partial Aggregate  (cost=5.24..5.25 rows=1 width=32) (actual time=0.264..0.265 rows=1 loops=1)

                    Buffers: shared read=4

                    ->  Parallel Seq Scan on _hyper_1_1052_chunk  (cost=0.00..4.99 rows=99 width=8) (actual time=0.200..0.239 rows=168 loops=1)

                          Buffers: shared read=4

              ->  Partial Aggregate  (cost=5.24..5.25 rows=1 width=32) (actual time=0.208..0.209 rows=1 loops=1)

                    Buffers: shared read=4

                    ->  Parallel Seq Scan on _hyper_1_1053_chunk  (cost=0.00..4.99 rows=99 width=8) (actual time=0.141..0.182 rows=168 loops=1)

                          Buffers: shared read=4

              ->  Partial Aggregate  (cost=5.24..5.25 rows=1 width=32) (actual time=0.244..0.245 rows=1 loops=1)

                    Buffers: shared read=4

                    ->  Parallel Seq Scan on _hyper_1_1054_chunk  (cost=0.00..4.99 rows=99 width=8) (actual time=0.175..0.217 rows=168 loops=1)

                          Buffers: shared read=4

              ->  Partial Aggregate  (cost=5.24..5.25 rows=1 width=32) (actual time=0.225..0.225 rows=1 loops=1)

                    Buffers: shared read=4

                    ->  Parallel Seq Scan on _hyper_1_1055_chunk  (cost=0.00..4.99 rows=99 width=8) (actual time=0.161..0.199 rows=168 loops=1)

                          Buffers: shared read=4

              ->  Partial Aggregate  (cost=5.24..5.25 rows=1 width=32) (actual time=0.242..0.242 rows=1 loops=1)

                    Buffers: shared read=4

                    ->  Parallel Seq Scan on _hyper_1_1056_chunk  (cost=0.00..4.99 rows=99 width=8) (actual time=0.180..0.218 rows=168 loops=1)

                          Buffers: shared read=4

              ->  Partial Aggregate  (cost=5.24..5.25 rows=1 width=32) (actual time=0.232..0.233 rows=1 loops=1)

                    Buffers: shared read=4

                    ->  Parallel Seq Scan on _hyper_1_1057_chunk  (cost=0.00..4.99 rows=99 width=8) (actual time=0.170..0.208 rows=168 loops=1)

                          Buffers: shared read=4

              ->  Partial Aggregate  (cost=5.24..5.25 rows=1 width=32) (actual time=0.280..0.281 rows=1 loops=1)

                    Buffers: shared read=4

                    ->  Parallel Seq Scan on _hyper_1_1058_chunk  (cost=0.00..4.99 rows=99 width=8) (actual time=0.216..0.254 rows=168 loops=1)

                          Buffers: shared read=4

              ->  Partial Aggregate  (cost=5.24..5.25 rows=1 width=32) (actual time=0.296..0.296 rows=1 loops=1)

                    Buffers: shared read=4

                    ->  Parallel Seq Scan on _hyper_1_1059_chunk  (cost=0.00..4.99 rows=99 width=8) (actual time=0.229..0.270 rows=168 loops=1)

                          Buffers: shared read=4

              ->  Partial Aggregate  (cost=5.24..5.25 rows=1 width=32) (actual time=0.290..0.290 rows=1 loops=1)

                    Buffers: shared read=4

                    ->  Parallel Seq Scan on _hyper_1_1060_chunk  (cost=0.00..4.99 rows=99 width=8) (actual time=0.220..0.262 rows=168 loops=1)

                          Buffers: shared read=4

              ->  Partial Aggregate  (cost=5.24..5.25 rows=1 width=32) (actual time=0.207..0.208 rows=1 loops=1)

                    Buffers: shared read=4

                    ->  Parallel Seq Scan on _hyper_1_1061_chunk  (cost=0.00..4.99 rows=99 width=8) (actual time=0.144..0.181 rows=168 loops=1)

                          Buffers: shared read=4

              ->  Partial Aggregate  (cost=5.24..5.25 rows=1 width=32) (actual time=0.229..0.229 rows=1 loops=1)

                    Buffers: shared read=4

                    ->  Parallel Seq Scan on _hyper_1_1062_chunk  (cost=0.00..4.99 rows=99 width=8) (actual time=0.159..0.203 rows=168 loops=1)

                          Buffers: shared read=4

              ->  Partial Aggregate  (cost=5.24..5.25 rows=1 width=32) (actual time=0.335..0.337 rows=1 loops=1)

                    Buffers: shared read=4

                    ->  Parallel Seq Scan on _hyper_1_1063_chunk  (cost=0.00..4.99 rows=99 width=8) (actual time=0.273..0.311 rows=168 loops=1)

                          Buffers: shared read=4

              ->  Partial Aggregate  (cost=5.24..5.25 rows=1 width=32) (actual time=0.416..0.416 rows=1 loops=1)

                    Buffers: shared read=4

                    ->  Parallel Seq Scan on _hyper_1_1064_chunk  (cost=0.00..4.99 rows=99 width=8) (actual time=0.341..0.377 rows=168 loops=1)

                          Buffers: shared read=4

              ->  Partial Aggregate  (cost=5.24..5.25 rows=1 width=32) (actual time=0.315..0.315 rows=1 loops=1)

                    Buffers: shared read=4

                    ->  Parallel Seq Scan on _hyper_1_1065_chunk  (cost=0.00..4.99 rows=99 width=8) (actual time=0.236..0.286 rows=168 loops=1)

                          Buffers: shared read=4

              ->  Partial Aggregate  (cost=5.24..5.25 rows=1 width=32) (actual time=0.212..0.213 rows=1 loops=1)

                    Buffers: shared read=4

                    ->  Parallel Seq Scan on _hyper_1_1067_chunk  (cost=0.00..4.99 rows=99 width=8) (actual time=0.134..0.184 rows=168 loops=1)

                          Buffers: shared read=4

              ->  Partial Aggregate  (cost=5.24..5.25 rows=1 width=32) (actual time=0.247..0.248 rows=1 loops=1)

                    Buffers: shared read=4

                    ->  Parallel Seq Scan on _hyper_1_1068_chunk  (cost=0.00..4.99 rows=99 width=8) (actual time=0.169..0.218 rows=168 loops=1)

                          Buffers: shared read=4

              ->  Partial Aggregate  (cost=5.24..5.25 rows=1 width=32) (actual time=0.323..0.324 rows=1 loops=1)

                    Buffers: shared read=4

                    ->  Parallel Seq Scan on _hyper_1_1069_chunk  (cost=0.00..4.99 rows=99 width=8) (actual time=0.245..0.294 rows=168 loops=1)

                          Buffers: shared read=4

              ->  Partial Aggregate  (cost=5.24..5.25 rows=1 width=32) (actual time=0.265..0.265 rows=1 loops=1)

                    Buffers: shared read=4

                    ->  Parallel Seq Scan on _hyper_1_1070_chunk  (cost=0.00..4.99 rows=99 width=8) (actual time=0.185..0.236 rows=168 loops=1)

                          Buffers: shared read=4

              ->  Partial Aggregate  (cost=5.24..5.25 rows=1 width=32) (actual time=0.266..0.266 rows=1 loops=1)

                    Buffers: shared read=4

                    ->  Parallel Seq Scan on _hyper_1_1071_chunk  (cost=0.00..4.99 rows=99 width=8) (actual time=0.183..0.236 rows=168 loops=1)

                          Buffers: shared read=4

              ->  Partial Aggregate  (cost=5.24..5.25 rows=1 width=32) (actual time=0.343..0.344 rows=1 loops=1)

                    Buffers: shared read=4

                    ->  Parallel Seq Scan on _hyper_1_1072_chunk  (cost=0.00..4.99 rows=99 width=8) (actual time=0.257..0.316 rows=168 loops=1)

                          Buffers: shared read=4

              ->  Partial Aggregate  (cost=5.24..5.25 rows=1 width=32) (actual time=0.312..0.313 rows=1 loops=1)

                    Buffers: shared read=4

                    ->  Parallel Seq Scan on _hyper_1_1073_chunk  (cost=0.00..4.99 rows=99 width=8) (actual time=0.226..0.285 rows=168 loops=1)

                          Buffers: shared read=4

              ->  Partial Aggregate  (cost=5.24..5.25 rows=1 width=32) (actual time=0.367..0.368 rows=1 loops=1)

                    Buffers: shared read=4

                    ->  Parallel Seq Scan on _hyper_1_1074_chunk  (cost=0.00..4.99 rows=99 width=8) (actual time=0.279..0.341 rows=168 loops=1)

                          Buffers: shared read=4

              ->  Partial Aggregate  (cost=5.24..5.25 rows=1 width=32) (actual time=0.288..0.289 rows=1 loops=1)

                    Buffers: shared read=4

                    ->  Parallel Seq Scan on _hyper_1_1075_chunk  (cost=0.00..4.99 rows=99 width=8) (actual time=0.191..0.259 rows=168 loops=1)

                          Buffers: shared read=4

              ->  Partial Aggregate  (cost=5.24..5.25 rows=1 width=32) (actual time=0.336..0.337 rows=1 loops=1)

                    Buffers: shared read=4

                    ->  Parallel Seq Scan on _hyper_1_1076_chunk  (cost=0.00..4.99 rows=99 width=8) (actual time=0.239..0.307 rows=168 loops=1)

                          Buffers: shared read=4

              ->  Partial Aggregate  (cost=5.24..5.25 rows=1 width=32) (actual time=0.313..0.314 rows=1 loops=1)

                    Buffers: shared read=4

                    ->  Parallel Seq Scan on _hyper_1_1077_chunk  (cost=0.00..4.99 rows=99 width=8) (actual time=0.205..0.281 rows=168 loops=1)

                          Buffers: shared read=4

              ->  Partial Aggregate  (cost=5.24..5.25 rows=1 width=32) (actual time=0.426..0.427 rows=1 loops=1)

                    Buffers: shared read=4

                    ->  Parallel Seq Scan on _hyper_1_1078_chunk  (cost=0.00..4.99 rows=99 width=8) (actual time=0.340..0.398 rows=168 loops=1)

                          Buffers: shared read=4

              ->  Partial Aggregate  (cost=5.24..5.25 rows=1 width=32) (actual time=0.307..0.307 rows=1 loops=1)

                    Buffers: shared read=4

                    ->  Parallel Seq Scan on _hyper_1_1079_chunk  (cost=0.00..4.99 rows=99 width=8) (actual time=0.228..0.280 rows=168 loops=1)

                          Buffers: shared read=4

              ->  Partial Aggregate  (cost=5.24..5.25 rows=1 width=32) (actual time=0.233..0.234 rows=1 loops=1)

                    Buffers: shared read=4

                    ->  Parallel Seq Scan on _hyper_1_1080_chunk  (cost=0.00..4.99 rows=99 width=8) (actual time=0.154..0.206 rows=168 loops=1)

                          Buffers: shared read=4

              ->  Partial Aggregate  (cost=5.24..5.25 rows=1 width=32) (actual time=0.273..0.273 rows=1 loops=1)

                    Buffers: shared read=4

                    ->  Parallel Seq Scan on _hyper_1_1081_chunk  (cost=0.00..4.99 rows=99 width=8) (actual time=0.193..0.247 rows=168 loops=1)

                          Buffers: shared read=4

              ->  Partial Aggregate  (cost=5.24..5.25 rows=1 width=32) (actual time=0.241..0.242 rows=1 loops=1)

                    Buffers: shared read=4

                    ->  Parallel Seq Scan on _hyper_1_1082_chunk  (cost=0.00..4.99 rows=99 width=8) (actual time=0.150..0.200 rows=168 loops=1)

                          Buffers: shared read=4

              ->  Partial Aggregate  (cost=5.24..5.25 rows=1 width=32) (actual time=0.225..0.226 rows=1 loops=1)

                    Buffers: shared read=4

                    ->  Parallel Seq Scan on _hyper_1_1083_chunk  (cost=0.00..4.99 rows=99 width=8) (actual time=0.151..0.201 rows=168 loops=1)

                          Buffers: shared read=4

              ->  Partial Aggregate  (cost=5.24..5.25 rows=1 width=32) (actual time=0.288..0.289 rows=1 loops=1)

                    Buffers: shared read=4

                    ->  Parallel Seq Scan on _hyper_1_1084_chunk  (cost=0.00..4.99 rows=99 width=8) (actual time=0.214..0.263 rows=168 loops=1)

                          Buffers: shared read=4

              ->  Partial Aggregate  (cost=5.24..5.25 rows=1 width=32) (actual time=0.254..0.255 rows=1 loops=1)

                    Buffers: shared read=4

                    ->  Parallel Seq Scan on _hyper_1_1085_chunk  (cost=0.00..4.99 rows=99 width=8) (actual time=0.179..0.229 rows=168 loops=1)

                          Buffers: shared read=4

              ->  Partial Aggregate  (cost=5.24..5.25 rows=1 width=32) (actual time=0.305..0.305 rows=1 loops=1)

                    Buffers: shared read=4

                    ->  Parallel Seq Scan on _hyper_1_1086_chunk  (cost=0.00..4.99 rows=99 width=8) (actual time=0.217..0.279 rows=168 loops=1)

                          Buffers: shared read=4

              ->  Partial Aggregate  (cost=5.24..5.25 rows=1 width=32) (actual time=0.216..0.217 rows=1 loops=1)

                    Buffers: shared read=4

                    ->  Parallel Seq Scan on _hyper_1_1087_chunk  (cost=0.00..4.99 rows=99 width=8) (actual time=0.140..0.191 rows=168 loops=1)

                          Buffers: shared read=4

              ->  Partial Aggregate  (cost=5.24..5.25 rows=1 width=32) (actual time=0.272..0.273 rows=1 loops=1)

                    Buffers: shared read=4

                    ->  Parallel Seq Scan on _hyper_1_1088_chunk  (cost=0.00..4.99 rows=99 width=8) (actual time=0.199..0.247 rows=168 loops=1)

                          Buffers: shared read=4

              ->  Partial Aggregate  (cost=5.24..5.25 rows=1 width=32) (actual time=0.442..0.443 rows=1 loops=1)

                    Buffers: shared read=4

                    ->  Parallel Seq Scan on _hyper_1_1089_chunk  (cost=0.00..4.99 rows=99 width=8) (actual time=0.369..0.417 rows=168 loops=1)

                          Buffers: shared read=4

              ->  Partial Aggregate  (cost=5.24..5.25 rows=1 width=32) (actual time=0.294..0.295 rows=1 loops=1)

                    Buffers: shared read=4

                    ->  Parallel Seq Scan on _hyper_1_1090_chunk  (cost=0.00..4.99 rows=99 width=8) (actual time=0.215..0.269 rows=168 loops=1)

                          Buffers: shared read=4

              ->  Partial Aggregate  (cost=5.24..5.25 rows=1 width=32) (actual time=0.284..0.285 rows=1 loops=1)

                    Buffers: shared read=4

                    ->  Parallel Seq Scan on _hyper_1_1091_chunk  (cost=0.00..4.99 rows=99 width=8) (actual time=0.209..0.259 rows=168 loops=1)

                          Buffers: shared read=4

              ->  Partial Aggregate  (cost=5.24..5.25 rows=1 width=32) (actual time=0.223..0.224 rows=1 loops=1)

                    Buffers: shared read=4

                    ->  Parallel Seq Scan on _hyper_1_1092_chunk  (cost=0.00..4.99 rows=99 width=8) (actual time=0.154..0.200 rows=168 loops=1)

                          Buffers: shared read=4

              ->  Partial Aggregate  (cost=5.24..5.25 rows=1 width=32) (actual time=0.288..0.289 rows=1 loops=1)

                    Buffers: shared read=4

                    ->  Parallel Seq Scan on _hyper_1_1093_chunk  (cost=0.00..4.99 rows=99 width=8) (actual time=0.220..0.265 rows=168 loops=1)

                          Buffers: shared read=4

              ->  Partial Aggregate  (cost=5.24..5.25 rows=1 width=32) (actual time=0.272..0.273 rows=1 loops=1)

                    Buffers: shared read=4

                    ->  Parallel Seq Scan on _hyper_1_1094_chunk  (cost=0.00..4.99 rows=99 width=8) (actual time=0.205..0.249 rows=168 loops=1)

                          Buffers: shared read=4

              ->  Partial Aggregate  (cost=5.24..5.25 rows=1 width=32) (actual time=0.215..0.216 rows=1 loops=1)

                    Buffers: shared read=4

                    ->  Parallel Seq Scan on _hyper_1_1095_chunk  (cost=0.00..4.99 rows=99 width=8) (actual time=0.145..0.192 rows=168 loops=1)

                          Buffers: shared read=4

              ->  Partial Aggregate  (cost=5.24..5.25 rows=1 width=32) (actual time=0.299..0.299 rows=1 loops=1)

                    Buffers: shared read=4

                    ->  Parallel Seq Scan on _hyper_1_1096_chunk  (cost=0.00..4.99 rows=99 width=8) (actual time=0.230..0.276 rows=168 loops=1)

                          Buffers: shared read=4

              ->  Partial Aggregate  (cost=5.24..5.25 rows=1 width=32) (actual time=0.241..0.242 rows=1 loops=1)

                    Buffers: shared read=4

                    ->  Parallel Seq Scan on _hyper_1_1097_chunk  (cost=0.00..4.99 rows=99 width=8) (actual time=0.173..0.218 rows=168 loops=1)

                          Buffers: shared read=4

              ->  Partial Aggregate  (cost=5.24..5.25 rows=1 width=32) (actual time=0.225..0.226 rows=1 loops=1)

                    Buffers: shared read=4

                    ->  Parallel Seq Scan on _hyper_1_1098_chunk  (cost=0.00..4.99 rows=99 width=8) (actual time=0.156..0.202 rows=168 loops=1)

                          Buffers: shared read=4

              ->  Partial Aggregate  (cost=5.24..5.25 rows=1 width=32) (actual time=0.302..0.303 rows=1 loops=1)

                    Buffers: shared read=4

                    ->  Parallel Seq Scan on _hyper_1_1099_chunk  (cost=0.00..4.99 rows=99 width=8) (actual time=0.233..0.279 rows=168 loops=1)

                          Buffers: shared read=4

              ->  Partial Aggregate  (cost=5.24..5.25 rows=1 width=32) (actual time=0.255..0.256 rows=1 loops=1)

                    Buffers: shared read=4

                    ->  Parallel Seq Scan on _hyper_1_1100_chunk  (cost=0.00..4.99 rows=99 width=8) (actual time=0.177..0.230 rows=168 loops=1)

                          Buffers: shared read=4

              ->  Partial Aggregate  (cost=5.24..5.25 rows=1 width=32) (actual time=0.230..0.230 rows=1 loops=1)

                    Buffers: shared read=4

                    ->  Parallel Seq Scan on _hyper_1_1101_chunk  (cost=0.00..4.99 rows=99 width=8) (actual time=0.155..0.205 rows=168 loops=1)

                          Buffers: shared read=4

              ->  Partial Aggregate  (cost=5.24..5.25 rows=1 width=32) (actual time=0.310..0.311 rows=1 loops=1)

                    Buffers: shared read=4

                    ->  Parallel Seq Scan on _hyper_1_1102_chunk  (cost=0.00..4.99 rows=99 width=8) (actual time=0.236..0.286 rows=168 loops=1)

                          Buffers: shared read=4

              ->  Partial Aggregate  (cost=5.24..5.25 rows=1 width=32) (actual time=0.243..0.243 rows=1 loops=1)

                    Buffers: shared read=4

                    ->  Parallel Seq Scan on _hyper_1_1103_chunk  (cost=0.00..4.99 rows=99 width=8) (actual time=0.168..0.218 rows=168 loops=1)

                          Buffers: shared read=4

              ->  Partial Aggregate  (cost=5.24..5.25 rows=1 width=32) (actual time=0.307..0.308 rows=1 loops=1)

                    Buffers: shared read=4

                    ->  Parallel Seq Scan on _hyper_1_1104_chunk  (cost=0.00..4.99 rows=99 width=8) (actual time=0.232..0.282 rows=168 loops=1)

                          Buffers: shared read=4

              ->  Partial Aggregate  (cost=5.24..5.25 rows=1 width=32) (actual time=0.188..0.189 rows=1 loops=1)

                    Buffers: shared read=4

                    ->  Parallel Seq Scan on _hyper_1_1105_chunk  (cost=0.00..4.99 rows=99 width=8) (actual time=0.114..0.164 rows=168 loops=1)

                          Buffers: shared read=4

              ->  Partial Aggregate  (cost=5.24..5.25 rows=1 width=32) (actual time=0.229..0.229 rows=1 loops=1)

                    Buffers: shared read=4

                    ->  Parallel Seq Scan on _hyper_1_1106_chunk  (cost=0.00..4.99 rows=99 width=8) (actual time=0.153..0.204 rows=168 loops=1)

                          Buffers: shared read=4

              ->  Partial Aggregate  (cost=5.24..5.25 rows=1 width=32) (actual time=0.292..0.293 rows=1 loops=1)

                    Buffers: shared read=4

                    ->  Parallel Seq Scan on _hyper_1_1107_chunk  (cost=0.00..4.99 rows=99 width=8) (actual time=0.215..0.265 rows=168 loops=1)

                          Buffers: shared read=4

              ->  Partial Aggregate  (cost=5.24..5.25 rows=1 width=32) (actual time=0.325..0.325 rows=1 loops=1)

                    Buffers: shared read=4

                    ->  Parallel Seq Scan on _hyper_1_1108_chunk  (cost=0.00..4.99 rows=99 width=8) (actual time=0.232..0.297 rows=168 loops=1)

                          Buffers: shared read=4

              ->  Partial Aggregate  (cost=5.24..5.25 rows=1 width=32) (actual time=0.310..0.310 rows=1 loops=1)

                    Buffers: shared read=4

                    ->  Parallel Seq Scan on _hyper_1_1110_chunk  (cost=0.00..4.99 rows=99 width=8) (actual time=0.228..0.283 rows=168 loops=1)

                          Buffers: shared read=4

              ->  Partial Aggregate  (cost=5.24..5.25 rows=1 width=32) (actual time=0.292..0.293 rows=1 loops=1)

                    Buffers: shared read=4

                    ->  Parallel Seq Scan on _hyper_1_1111_chunk  (cost=0.00..4.99 rows=99 width=8) (actual time=0.212..0.266 rows=168 loops=1)

                          Buffers: shared read=4

              ->  Partial Aggregate  (cost=5.24..5.25 rows=1 width=32) (actual time=0.256..0.258 rows=1 loops=1)

                    Buffers: shared read=4

                    ->  Parallel Seq Scan on _hyper_1_1112_chunk  (cost=0.00..4.99 rows=99 width=8) (actual time=0.182..0.231 rows=168 loops=1)

                          Buffers: shared read=4

              ->  Partial Aggregate  (cost=5.24..5.25 rows=1 width=32) (actual time=0.246..0.247 rows=1 loops=1)

                    Buffers: shared read=4

                    ->  Parallel Seq Scan on _hyper_1_1113_chunk  (cost=0.00..4.99 rows=99 width=8) (actual time=0.170..0.221 rows=168 loops=1)

                          Buffers: shared read=4

              ->  Partial Aggregate  (cost=5.24..5.25 rows=1 width=32) (actual time=0.244..0.245 rows=1 loops=1)

                    Buffers: shared read=4

                    ->  Parallel Seq Scan on _hyper_1_1114_chunk  (cost=0.00..4.99 rows=99 width=8) (actual time=0.168..0.219 rows=168 loops=1)

                          Buffers: shared read=4

              ->  Partial Aggregate  (cost=5.24..5.25 rows=1 width=32) (actual time=0.261..0.262 rows=1 loops=1)

                    Buffers: shared read=4

                    ->  Parallel Seq Scan on _hyper_1_1115_chunk  (cost=0.00..4.99 rows=99 width=8) (actual time=0.182..0.232 rows=168 loops=1)

                          Buffers: shared read=4

              ->  Partial Aggregate  (cost=5.24..5.25 rows=1 width=32) (actual time=0.284..0.285 rows=1 loops=1)

                    Buffers: shared read=4

                    ->  Parallel Seq Scan on _hyper_1_1116_chunk  (cost=0.00..4.99 rows=99 width=8) (actual time=0.210..0.259 rows=168 loops=1)

                          Buffers: shared read=4

              ->  Partial Aggregate  (cost=5.24..5.25 rows=1 width=32) (actual time=0.243..0.244 rows=1 loops=1)

                    Buffers: shared read=4

                    ->  Parallel Seq Scan on _hyper_1_1117_chunk  (cost=0.00..4.99 rows=99 width=8) (actual time=0.169..0.218 rows=168 loops=1)

                          Buffers: shared read=4

              ->  Partial Aggregate  (cost=5.24..5.25 rows=1 width=32) (actual time=0.310..0.311 rows=1 loops=1)

                    Buffers: shared read=4

                    ->  Parallel Seq Scan on _hyper_1_1118_chunk  (cost=0.00..4.99 rows=99 width=8) (actual time=0.232..0.285 rows=168 loops=1)

                          Buffers: shared read=4

              ->  Partial Aggregate  (cost=5.24..5.25 rows=1 width=32) (actual time=0.313..0.313 rows=1 loops=1)

                    Buffers: shared read=4

                    ->  Parallel Seq Scan on _hyper_1_1119_chunk  (cost=0.00..4.99 rows=99 width=8) (actual time=0.237..0.287 rows=168 loops=1)

                          Buffers: shared read=4

              ->  Partial Aggregate  (cost=5.24..5.25 rows=1 width=32) (actual time=0.247..0.248 rows=1 loops=1)

                    Buffers: shared read=4

                    ->  Parallel Seq Scan on _hyper_1_1121_chunk  (cost=0.00..4.99 rows=99 width=8) (actual time=0.172..0.223 rows=168 loops=1)

                          Buffers: shared read=4

              ->  Partial Aggregate  (cost=5.24..5.25 rows=1 width=32) (actual time=0.218..0.218 rows=1 loops=1)

                    Buffers: shared read=4

                    ->  Parallel Seq Scan on _hyper_1_1122_chunk  (cost=0.00..4.99 rows=99 width=8) (actual time=0.143..0.193 rows=168 loops=1)

                          Buffers: shared read=4

              ->  Partial Aggregate  (cost=5.24..5.25 rows=1 width=32) (actual time=0.319..0.319 rows=1 loops=1)

                    Buffers: shared read=4

                    ->  Parallel Seq Scan on _hyper_1_1123_chunk  (cost=0.00..4.99 rows=99 width=8) (actual time=0.241..0.292 rows=168 loops=1)

                          Buffers: shared read=4

              ->  Partial Aggregate  (cost=5.24..5.25 rows=1 width=32) (actual time=0.470..0.470 rows=1 loops=1)

                    Buffers: shared read=4

                    ->  Parallel Seq Scan on _hyper_1_1124_chunk  (cost=0.00..4.99 rows=99 width=8) (actual time=0.359..0.436 rows=168 loops=1)

                          Buffers: shared read=4

              ->  Partial Aggregate  (cost=5.24..5.25 rows=1 width=32) (actual time=0.353..0.354 rows=1 loops=1)

                    Buffers: shared read=4

                    ->  Parallel Seq Scan on _hyper_1_1125_chunk  (cost=0.00..4.99 rows=99 width=8) (actual time=0.261..0.325 rows=168 loops=1)

                          Buffers: shared read=4

              ->  Partial Aggregate  (cost=5.24..5.25 rows=1 width=32) (actual time=0.275..0.275 rows=1 loops=1)

                    Buffers: shared read=4

                    ->  Parallel Seq Scan on _hyper_1_1126_chunk  (cost=0.00..4.99 rows=99 width=8) (actual time=0.190..0.248 rows=168 loops=1)

                          Buffers: shared read=4

              ->  Partial Aggregate  (cost=5.24..5.25 rows=1 width=32) (actual time=0.235..0.236 rows=1 loops=1)

                    Buffers: shared read=4

                    ->  Parallel Seq Scan on _hyper_1_1127_chunk  (cost=0.00..4.99 rows=99 width=8) (actual time=0.140..0.202 rows=168 loops=1)

                          Buffers: shared read=4

              ->  Partial Aggregate  (cost=5.24..5.25 rows=1 width=32) (actual time=0.306..0.307 rows=1 loops=1)

                    Buffers: shared read=4

                    ->  Parallel Seq Scan on _hyper_1_1128_chunk  (cost=0.00..4.99 rows=99 width=8) (actual time=0.220..0.280 rows=168 loops=1)

                          Buffers: shared read=4

              ->  Partial Aggregate  (cost=5.24..5.25 rows=1 width=32) (actual time=0.336..0.337 rows=1 loops=1)

                    Buffers: shared read=4

                    ->  Parallel Seq Scan on _hyper_1_1129_chunk  (cost=0.00..4.99 rows=99 width=8) (actual time=0.246..0.308 rows=168 loops=1)

                          Buffers: shared read=4

              ->  Partial Aggregate  (cost=5.24..5.25 rows=1 width=32) (actual time=0.314..0.315 rows=1 loops=1)

                    Buffers: shared read=4

                    ->  Parallel Seq Scan on _hyper_1_1130_chunk  (cost=0.00..4.99 rows=99 width=8) (actual time=0.235..0.289 rows=168 loops=1)

                          Buffers: shared read=4

              ->  Partial Aggregate  (cost=5.24..5.25 rows=1 width=32) (actual time=0.201..0.217 rows=1 loops=1)

                    Buffers: shared read=4

                    ->  Parallel Seq Scan on _hyper_1_1131_chunk  (cost=0.00..4.99 rows=99 width=8) (actual time=0.121..0.176 rows=168 loops=1)

                          Buffers: shared read=4

              ->  Partial Aggregate  (cost=5.24..5.25 rows=1 width=32) (actual time=0.259..0.260 rows=1 loops=1)

                    Buffers: shared read=4

                    ->  Parallel Seq Scan on _hyper_1_1132_chunk  (cost=0.00..4.99 rows=99 width=8) (actual time=0.177..0.234 rows=168 loops=1)

                          Buffers: shared read=4

              ->  Partial Aggregate  (cost=5.24..5.25 rows=1 width=32) (actual time=0.314..0.315 rows=1 loops=1)

                    Buffers: shared read=4

                    ->  Parallel Seq Scan on _hyper_1_1133_chunk  (cost=0.00..4.99 rows=99 width=8) (actual time=0.233..0.289 rows=168 loops=1)

                          Buffers: shared read=4

              ->  Partial Aggregate  (cost=5.24..5.25 rows=1 width=32) (actual time=0.287..0.288 rows=1 loops=1)

                    Buffers: shared read=4

                    ->  Parallel Seq Scan on _hyper_1_1134_chunk  (cost=0.00..4.99 rows=99 width=8) (actual time=0.198..0.263 rows=168 loops=1)

                          Buffers: shared read=4

              ->  Partial Aggregate  (cost=5.24..5.25 rows=1 width=32) (actual time=0.383..0.384 rows=1 loops=1)

                    Buffers: shared read=4

                    ->  Parallel Seq Scan on _hyper_1_1136_chunk  (cost=0.00..4.99 rows=99 width=8) (actual time=0.303..0.357 rows=168 loops=1)

                          Buffers: shared read=4

              ->  Partial Aggregate  (cost=5.24..5.25 rows=1 width=32) (actual time=0.388..0.389 rows=1 loops=1)

                    Buffers: shared read=4

                    ->  Parallel Seq Scan on _hyper_1_1137_chunk  (cost=0.00..4.99 rows=99 width=8) (actual time=0.305..0.362 rows=168 loops=1)

                          Buffers: shared read=4

              ->  Partial Aggregate  (cost=5.24..5.25 rows=1 width=32) (actual time=0.380..0.380 rows=1 loops=1)

                    Buffers: shared read=4

                    ->  Parallel Seq Scan on _hyper_1_1138_chunk  (cost=0.00..4.99 rows=99 width=8) (actual time=0.261..0.334 rows=168 loops=1)

                          Buffers: shared read=4

              ->  Partial Aggregate  (cost=5.24..5.25 rows=1 width=32) (actual time=0.499..0.500 rows=1 loops=1)

                    Buffers: shared read=4

                    ->  Parallel Seq Scan on _hyper_1_1139_chunk  (cost=0.00..4.99 rows=99 width=8) (actual time=0.395..0.464 rows=168 loops=1)

                          Buffers: shared read=4

              ->  Partial Aggregate  (cost=5.24..5.25 rows=1 width=32) (actual time=0.512..0.513 rows=1 loops=1)

                    Buffers: shared read=4

                    ->  Parallel Seq Scan on _hyper_1_1140_chunk  (cost=0.00..4.99 rows=99 width=8) (actual time=0.403..0.477 rows=168 loops=1)

                          Buffers: shared read=4

              ->  Partial Aggregate  (cost=5.24..5.25 rows=1 width=32) (actual time=0.549..0.550 rows=1 loops=1)

                    Buffers: shared read=4

                    ->  Parallel Seq Scan on _hyper_1_1141_chunk  (cost=0.00..4.99 rows=99 width=8) (actual time=0.447..0.515 rows=168 loops=1)

                          Buffers: shared read=4

              ->  Partial Aggregate  (cost=5.24..5.25 rows=1 width=32) (actual time=0.343..0.343 rows=1 loops=1)

                    Buffers: shared read=4

                    ->  Parallel Seq Scan on _hyper_1_1142_chunk  (cost=0.00..4.99 rows=99 width=8) (actual time=0.242..0.314 rows=168 loops=1)

                          Buffers: shared read=4

              ->  Partial Aggregate  (cost=5.24..5.25 rows=1 width=32) (actual time=0.318..0.319 rows=1 loops=1)

                    Buffers: shared read=4

                    ->  Parallel Seq Scan on _hyper_1_1143_chunk  (cost=0.00..4.99 rows=99 width=8) (actual time=0.250..0.295 rows=168 loops=1)

                          Buffers: shared read=4

              ->  Partial Aggregate  (cost=5.24..5.25 rows=1 width=32) (actual time=0.247..0.248 rows=1 loops=1)

                    Buffers: shared read=4

                    ->  Parallel Seq Scan on _hyper_1_1144_chunk  (cost=0.00..4.99 rows=99 width=8) (actual time=0.170..0.219 rows=168 loops=1)

                          Buffers: shared read=4

              ->  Partial Aggregate  (cost=5.24..5.25 rows=1 width=32) (actual time=0.237..0.238 rows=1 loops=1)

                    Buffers: shared read=4

                    ->  Parallel Seq Scan on _hyper_1_1145_chunk  (cost=0.00..4.99 rows=99 width=8) (actual time=0.163..0.212 rows=168 loops=1)

                          Buffers: shared read=4

              ->  Partial Aggregate  (cost=5.24..5.25 rows=1 width=32) (actual time=0.232..0.233 rows=1 loops=1)

                    Buffers: shared read=4

                    ->  Parallel Seq Scan on _hyper_1_1147_chunk  (cost=0.00..4.99 rows=99 width=8) (actual time=0.157..0.207 rows=168 loops=1)

                          Buffers: shared read=4

              ->  Partial Aggregate  (cost=5.24..5.25 rows=1 width=32) (actual time=0.306..0.306 rows=1 loops=1)

                    Buffers: shared read=4

                    ->  Parallel Seq Scan on _hyper_1_1148_chunk  (cost=0.00..4.99 rows=99 width=8) (actual time=0.231..0.280 rows=168 loops=1)

                          Buffers: shared read=4

              ->  Partial Aggregate  (cost=5.24..5.25 rows=1 width=32) (actual time=0.238..0.239 rows=1 loops=1)

                    Buffers: shared read=4

                    ->  Parallel Seq Scan on _hyper_1_1149_chunk  (cost=0.00..4.99 rows=99 width=8) (actual time=0.169..0.215 rows=168 loops=1)

                          Buffers: shared read=4

              ->  Partial Aggregate  (cost=5.24..5.25 rows=1 width=32) (actual time=0.295..0.295 rows=1 loops=1)

                    Buffers: shared read=4

                    ->  Parallel Seq Scan on _hyper_1_1150_chunk  (cost=0.00..4.99 rows=99 width=8) (actual time=0.218..0.265 rows=168 loops=1)

                          Buffers: shared read=4

              ->  Partial Aggregate  (cost=5.24..5.25 rows=1 width=32) (actual time=0.234..0.235 rows=1 loops=1)

                    Buffers: shared read=4

                    ->  Parallel Seq Scan on _hyper_1_1151_chunk  (cost=0.00..4.99 rows=99 width=8) (actual time=0.166..0.211 rows=168 loops=1)

                          Buffers: shared read=4

              ->  Partial Aggregate  (cost=5.24..5.25 rows=1 width=32) (actual time=0.354..0.355 rows=1 loops=1)

                    Buffers: shared read=4

                    ->  Parallel Seq Scan on _hyper_1_1152_chunk  (cost=0.00..4.99 rows=99 width=8) (actual time=0.280..0.329 rows=168 loops=1)

                          Buffers: shared read=4

              ->  Partial Aggregate  (cost=5.24..5.25 rows=1 width=32) (actual time=0.251..0.252 rows=1 loops=1)

                    Buffers: shared read=4

                    ->  Parallel Seq Scan on _hyper_1_1153_chunk  (cost=0.00..4.99 rows=99 width=8) (actual time=0.182..0.227 rows=168 loops=1)

                          Buffers: shared read=4

              ->  Partial Aggregate  (cost=5.24..5.25 rows=1 width=32) (actual time=0.314..0.315 rows=1 loops=1)

                    Buffers: shared read=4

                    ->  Parallel Seq Scan on _hyper_1_1154_chunk  (cost=0.00..4.99 rows=99 width=8) (actual time=0.246..0.292 rows=168 loops=1)

                          Buffers: shared read=4

              ->  Partial Aggregate  (cost=5.24..5.25 rows=1 width=32) (actual time=0.206..0.206 rows=1 loops=1)

                    Buffers: shared read=4

                    ->  Parallel Seq Scan on _hyper_1_1155_chunk  (cost=0.00..4.99 rows=99 width=8) (actual time=0.137..0.182 rows=168 loops=1)

                          Buffers: shared read=4

              ->  Partial Aggregate  (cost=5.24..5.25 rows=1 width=32) (actual time=0.294..0.295 rows=1 loops=1)

                    Buffers: shared read=4

                    ->  Parallel Seq Scan on _hyper_1_1156_chunk  (cost=0.00..4.99 rows=99 width=8) (actual time=0.224..0.270 rows=168 loops=1)

                          Buffers: shared read=4

              ->  Partial Aggregate  (cost=5.24..5.25 rows=1 width=32) (actual time=0.229..0.230 rows=1 loops=1)

                    Buffers: shared read=4

                    ->  Parallel Seq Scan on _hyper_1_1158_chunk  (cost=0.00..4.99 rows=99 width=8) (actual time=0.159..0.206 rows=168 loops=1)

                          Buffers: shared read=4

              ->  Partial Aggregate  (cost=5.24..5.25 rows=1 width=32) (actual time=0.233..0.233 rows=1 loops=1)

                    Buffers: shared read=4

                    ->  Parallel Seq Scan on _hyper_1_1159_chunk  (cost=0.00..4.99 rows=99 width=8) (actual time=0.163..0.209 rows=168 loops=1)

                          Buffers: shared read=4

              ->  Partial Aggregate  (cost=5.24..5.25 rows=1 width=32) (actual time=0.292..0.292 rows=1 loops=1)

                    Buffers: shared read=4

                    ->  Parallel Seq Scan on _hyper_1_1160_chunk  (cost=0.00..4.99 rows=99 width=8) (actual time=0.222..0.269 rows=168 loops=1)

                          Buffers: shared read=4

              ->  Partial Aggregate  (cost=5.24..5.25 rows=1 width=32) (actual time=0.243..0.243 rows=1 loops=1)

                    Buffers: shared read=4

                    ->  Parallel Seq Scan on _hyper_1_1161_chunk  (cost=0.00..4.99 rows=99 width=8) (actual time=0.171..0.219 rows=168 loops=1)

                          Buffers: shared read=4

              ->  Partial Aggregate  (cost=5.24..5.25 rows=1 width=32) (actual time=0.303..0.304 rows=1 loops=1)

                    Buffers: shared read=4

                    ->  Parallel Seq Scan on _hyper_1_1162_chunk  (cost=0.00..4.99 rows=99 width=8) (actual time=0.234..0.280 rows=168 loops=1)

                          Buffers: shared read=4

              ->  Partial Aggregate  (cost=5.24..5.25 rows=1 width=32) (actual time=0.181..0.182 rows=1 loops=1)

                    Buffers: shared read=4

                    ->  Parallel Seq Scan on _hyper_1_1163_chunk  (cost=0.00..4.99 rows=99 width=8) (actual time=0.113..0.158 rows=168 loops=1)

                          Buffers: shared read=4

              ->  Partial Aggregate  (cost=5.24..5.25 rows=1 width=32) (actual time=0.272..0.272 rows=1 loops=1)

                    Buffers: shared read=4

                    ->  Parallel Seq Scan on _hyper_1_1164_chunk  (cost=0.00..4.99 rows=99 width=8) (actual time=0.203..0.249 rows=168 loops=1)

                          Buffers: shared read=4

              ->  Partial Aggregate  (cost=5.24..5.25 rows=1 width=32) (actual time=0.244..0.245 rows=1 loops=1)

                    Buffers: shared read=4

                    ->  Parallel Seq Scan on _hyper_1_1165_chunk  (cost=0.00..4.99 rows=99 width=8) (actual time=0.176..0.221 rows=168 loops=1)

                          Buffers: shared read=4

              ->  Partial Aggregate  (cost=5.24..5.25 rows=1 width=32) (actual time=0.173..0.173 rows=1 loops=1)

                    Buffers: shared read=4

                    ->  Parallel Seq Scan on _hyper_1_1166_chunk  (cost=0.00..4.99 rows=99 width=8) (actual time=0.109..0.151 rows=168 loops=1)

                          Buffers: shared read=4

              ->  Partial Aggregate  (cost=5.24..5.25 rows=1 width=32) (actual time=0.442..0.443 rows=1 loops=1)

                    Buffers: shared read=4

                    ->  Parallel Seq Scan on _hyper_1_1167_chunk  (cost=0.00..4.99 rows=99 width=8) (actual time=0.376..0.421 rows=168 loops=1)

                          Buffers: shared read=4

              ->  Partial Aggregate  (cost=5.24..5.25 rows=1 width=32) (actual time=0.214..0.215 rows=1 loops=1)

                    Buffers: shared read=4

                    ->  Parallel Seq Scan on _hyper_1_1168_chunk  (cost=0.00..4.99 rows=99 width=8) (actual time=0.149..0.192 rows=168 loops=1)

                          Buffers: shared read=4

              ->  Partial Aggregate  (cost=5.24..5.25 rows=1 width=32) (actual time=0.242..0.243 rows=1 loops=1)

                    Buffers: shared read=4

                    ->  Parallel Seq Scan on _hyper_1_1169_chunk  (cost=0.00..4.99 rows=99 width=8) (actual time=0.172..0.219 rows=168 loops=1)

                          Buffers: shared read=4

              ->  Partial Aggregate  (cost=5.24..5.25 rows=1 width=32) (actual time=0.312..0.312 rows=1 loops=1)

                    Buffers: shared read=4

                    ->  Parallel Seq Scan on _hyper_1_1170_chunk  (cost=0.00..4.99 rows=99 width=8) (actual time=0.176..0.284 rows=168 loops=1)

                          Buffers: shared read=4

              ->  Partial Aggregate  (cost=5.24..5.25 rows=1 width=32) (actual time=0.279..0.280 rows=1 loops=1)

                    Buffers: shared read=4

                    ->  Parallel Seq Scan on _hyper_1_1171_chunk  (cost=0.00..4.99 rows=99 width=8) (actual time=0.200..0.252 rows=168 loops=1)

                          Buffers: shared read=4

              ->  Partial Aggregate  (cost=5.24..5.25 rows=1 width=32) (actual time=0.252..0.252 rows=1 loops=1)

                    Buffers: shared read=4

                    ->  Parallel Seq Scan on _hyper_1_1172_chunk  (cost=0.00..4.99 rows=99 width=8) (actual time=0.168..0.225 rows=168 loops=1)

                          Buffers: shared read=4

              ->  Partial Aggregate  (cost=5.24..5.25 rows=1 width=32) (actual time=0.265..0.266 rows=1 loops=1)

                    Buffers: shared read=4

                    ->  Parallel Seq Scan on _hyper_1_1173_chunk  (cost=0.00..4.99 rows=99 width=8) (actual time=0.185..0.240 rows=168 loops=1)

                          Buffers: shared read=4

              ->  Partial Aggregate  (cost=5.24..5.25 rows=1 width=32) (actual time=0.280..0.281 rows=1 loops=1)

                    Buffers: shared read=4

                    ->  Parallel Seq Scan on _hyper_1_1174_chunk  (cost=0.00..4.99 rows=99 width=8) (actual time=0.199..0.255 rows=168 loops=1)

                          Buffers: shared read=4

              ->  Partial Aggregate  (cost=5.24..5.25 rows=1 width=32) (actual time=0.249..0.250 rows=1 loops=1)

                    Buffers: shared read=4

                    ->  Parallel Seq Scan on _hyper_1_1175_chunk  (cost=0.00..4.99 rows=99 width=8) (actual time=0.169..0.224 rows=168 loops=1)

                          Buffers: shared read=4

              ->  Partial Aggregate  (cost=5.24..5.25 rows=1 width=32) (actual time=0.278..0.279 rows=1 loops=1)

                    Buffers: shared read=4

                    ->  Parallel Seq Scan on _hyper_1_1176_chunk  (cost=0.00..4.99 rows=99 width=8) (actual time=0.191..0.251 rows=168 loops=1)

                          Buffers: shared read=4

              ->  Partial Aggregate  (cost=5.24..5.25 rows=1 width=32) (actual time=0.321..0.322 rows=1 loops=1)

                    Buffers: shared read=4

                    ->  Parallel Seq Scan on _hyper_1_1177_chunk  (cost=0.00..4.99 rows=99 width=8) (actual time=0.234..0.294 rows=168 loops=1)

                          Buffers: shared read=4

              ->  Partial Aggregate  (cost=5.24..5.25 rows=1 width=32) (actual time=0.285..0.286 rows=1 loops=1)

                    Buffers: shared read=4

                    ->  Parallel Seq Scan on _hyper_1_1178_chunk  (cost=0.00..4.99 rows=99 width=8) (actual time=0.200..0.259 rows=168 loops=1)

                          Buffers: shared read=4

              ->  Partial Aggregate  (cost=5.24..5.25 rows=1 width=32) (actual time=0.275..0.276 rows=1 loops=1)

                    Buffers: shared read=4

                    ->  Parallel Seq Scan on _hyper_1_1179_chunk  (cost=0.00..4.99 rows=99 width=8) (actual time=0.188..0.248 rows=168 loops=1)

                          Buffers: shared read=4

              ->  Partial Aggregate  (cost=5.24..5.25 rows=1 width=32) (actual time=0.288..0.289 rows=1 loops=1)

                    Buffers: shared read=4

                    ->  Parallel Seq Scan on _hyper_1_1180_chunk  (cost=0.00..4.99 rows=99 width=8) (actual time=0.202..0.261 rows=168 loops=1)

                          Buffers: shared read=4

              ->  Partial Aggregate  (cost=5.24..5.25 rows=1 width=32) (actual time=0.259..0.259 rows=1 loops=1)

                    Buffers: shared read=4

                    ->  Parallel Seq Scan on _hyper_1_1181_chunk  (cost=0.00..4.99 rows=99 width=8) (actual time=0.173..0.232 rows=168 loops=1)

                          Buffers: shared read=4

              ->  Partial Aggregate  (cost=5.24..5.25 rows=1 width=32) (actual time=0.249..0.250 rows=1 loops=1)

                    Buffers: shared read=4

                    ->  Parallel Seq Scan on _hyper_1_1182_chunk  (cost=0.00..4.99 rows=99 width=8) (actual time=0.163..0.222 rows=168 loops=1)

                          Buffers: shared read=4

              ->  Partial Aggregate  (cost=5.24..5.25 rows=1 width=32) (actual time=0.296..0.296 rows=1 loops=1)

                    Buffers: shared read=4

                    ->  Parallel Seq Scan on _hyper_1_1183_chunk  (cost=0.00..4.99 rows=99 width=8) (actual time=0.208..0.268 rows=168 loops=1)

                          Buffers: shared read=4

              ->  Partial Aggregate  (cost=5.24..5.25 rows=1 width=32) (actual time=0.282..0.282 rows=1 loops=1)

                    Buffers: shared read=4

                    ->  Parallel Seq Scan on _hyper_1_1184_chunk  (cost=0.00..4.99 rows=99 width=8) (actual time=0.194..0.255 rows=168 loops=1)

                          Buffers: shared read=4

              ->  Partial Aggregate  (cost=5.24..5.25 rows=1 width=32) (actual time=0.433..0.433 rows=1 loops=1)

                    Buffers: shared read=4

                    ->  Parallel Seq Scan on _hyper_1_1185_chunk  (cost=0.00..4.99 rows=99 width=8) (actual time=0.344..0.405 rows=168 loops=1)

                          Buffers: shared read=4

              ->  Partial Aggregate  (cost=5.24..5.25 rows=1 width=32) (actual time=0.313..0.314 rows=1 loops=1)

                    Buffers: shared read=4

                    ->  Parallel Seq Scan on _hyper_1_1186_chunk  (cost=0.00..4.99 rows=99 width=8) (actual time=0.227..0.286 rows=168 loops=1)

                          Buffers: shared read=4

              ->  Partial Aggregate  (cost=5.24..5.25 rows=1 width=32) (actual time=0.264..0.265 rows=1 loops=1)

                    Buffers: shared read=4

                    ->  Parallel Seq Scan on _hyper_1_1187_chunk  (cost=0.00..4.99 rows=99 width=8) (actual time=0.178..0.237 rows=168 loops=1)

                          Buffers: shared read=4

              ->  Partial Aggregate  (cost=5.24..5.25 rows=1 width=32) (actual time=0.270..0.270 rows=1 loops=1)

                    Buffers: shared read=4

                    ->  Parallel Seq Scan on _hyper_1_1188_chunk  (cost=0.00..4.99 rows=99 width=8) (actual time=0.184..0.243 rows=168 loops=1)

                          Buffers: shared read=4

              ->  Partial Aggregate  (cost=5.24..5.25 rows=1 width=32) (actual time=0.337..0.338 rows=1 loops=1)

                    Buffers: shared read=4

                    ->  Parallel Seq Scan on _hyper_1_1189_chunk  (cost=0.00..4.99 rows=99 width=8) (actual time=0.250..0.310 rows=168 loops=1)

                          Buffers: shared read=4

              ->  Partial Aggregate  (cost=5.24..5.25 rows=1 width=32) (actual time=0.282..0.283 rows=1 loops=1)

                    Buffers: shared read=4

                    ->  Parallel Seq Scan on _hyper_1_1190_chunk  (cost=0.00..4.99 rows=99 width=8) (actual time=0.196..0.255 rows=168 loops=1)

                          Buffers: shared read=4

              ->  Partial Aggregate  (cost=5.24..5.25 rows=1 width=32) (actual time=0.288..0.288 rows=1 loops=1)

                    Buffers: shared read=4

                    ->  Parallel Seq Scan on _hyper_1_1191_chunk  (cost=0.00..4.99 rows=99 width=8) (actual time=0.201..0.261 rows=168 loops=1)

                          Buffers: shared read=4

              ->  Partial Aggregate  (cost=5.24..5.25 rows=1 width=32) (actual time=0.350..0.351 rows=1 loops=1)

                    Buffers: shared read=4

                    ->  Parallel Seq Scan on _hyper_1_1192_chunk  (cost=0.00..4.99 rows=99 width=8) (actual time=0.264..0.323 rows=168 loops=1)

                          Buffers: shared read=4

              ->  Partial Aggregate  (cost=5.24..5.25 rows=1 width=32) (actual time=0.281..0.281 rows=1 loops=1)

                    Buffers: shared read=4

                    ->  Parallel Seq Scan on _hyper_1_1193_chunk  (cost=0.00..4.99 rows=99 width=8) (actual time=0.194..0.254 rows=168 loops=1)

                          Buffers: shared read=4

              ->  Partial Aggregate  (cost=5.24..5.25 rows=1 width=32) (actual time=0.358..0.359 rows=1 loops=1)

                    Buffers: shared read=4

                    ->  Parallel Seq Scan on _hyper_1_1195_chunk  (cost=0.00..4.99 rows=99 width=8) (actual time=0.252..0.329 rows=168 loops=1)

                          Buffers: shared read=4

              ->  Partial Aggregate  (cost=5.24..5.25 rows=1 width=32) (actual time=0.422..0.423 rows=1 loops=1)

                    Buffers: shared read=4

                    ->  Parallel Seq Scan on _hyper_1_1196_chunk  (cost=0.00..4.99 rows=99 width=8) (actual time=0.328..0.392 rows=168 loops=1)

                          Buffers: shared read=4

              ->  Partial Aggregate  (cost=5.24..5.25 rows=1 width=32) (actual time=0.346..0.347 rows=1 loops=1)

                    Buffers: shared read=4

                    ->  Parallel Seq Scan on _hyper_1_1197_chunk  (cost=0.00..4.99 rows=99 width=8) (actual time=0.256..0.319 rows=168 loops=1)

                          Buffers: shared read=4

              ->  Partial Aggregate  (cost=5.24..5.25 rows=1 width=32) (actual time=0.290..0.291 rows=1 loops=1)

                    Buffers: shared read=4

                    ->  Parallel Seq Scan on _hyper_1_1198_chunk  (cost=0.00..4.99 rows=99 width=8) (actual time=0.200..0.262 rows=168 loops=1)

                          Buffers: shared read=4

              ->  Partial Aggregate  (cost=5.24..5.25 rows=1 width=32) (actual time=0.277..0.277 rows=1 loops=1)

                    Buffers: shared read=4

                    ->  Parallel Seq Scan on _hyper_1_1199_chunk  (cost=0.00..4.99 rows=99 width=8) (actual time=0.190..0.249 rows=168 loops=1)

                          Buffers: shared read=4

              ->  Partial Aggregate  (cost=5.24..5.25 rows=1 width=32) (actual time=0.285..0.286 rows=1 loops=1)

                    Buffers: shared read=4

                    ->  Parallel Seq Scan on _hyper_1_1200_chunk  (cost=0.00..4.99 rows=99 width=8) (actual time=0.198..0.257 rows=168 loops=1)

                          Buffers: shared read=4

              ->  Partial Aggregate  (cost=5.24..5.25 rows=1 width=32) (actual time=0.365..0.365 rows=1 loops=1)

                    Buffers: shared read=4

                    ->  Parallel Seq Scan on _hyper_1_1201_chunk  (cost=0.00..4.99 rows=99 width=8) (actual time=0.267..0.328 rows=168 loops=1)

                          Buffers: shared read=4

              ->  Partial Aggregate  (cost=5.24..5.25 rows=1 width=32) (actual time=0.323..0.324 rows=1 loops=1)

                    Buffers: shared read=4

                    ->  Parallel Seq Scan on _hyper_1_1202_chunk  (cost=0.00..4.99 rows=99 width=8) (actual time=0.238..0.296 rows=168 loops=1)

                          Buffers: shared read=4

              ->  Partial Aggregate  (cost=5.24..5.25 rows=1 width=32) (actual time=0.287..0.288 rows=1 loops=1)

                    Buffers: shared read=4

                    ->  Parallel Seq Scan on _hyper_1_1203_chunk  (cost=0.00..4.99 rows=99 width=8) (actual time=0.201..0.260 rows=168 loops=1)

                          Buffers: shared read=4

              ->  Partial Aggregate  (cost=5.24..5.25 rows=1 width=32) (actual time=0.318..0.319 rows=1 loops=1)

                    Buffers: shared read=4

                    ->  Parallel Seq Scan on _hyper_1_1204_chunk  (cost=0.00..4.99 rows=99 width=8) (actual time=0.215..0.289 rows=168 loops=1)

                          Buffers: shared read=4

              ->  Partial Aggregate  (cost=5.24..5.25 rows=1 width=32) (actual time=0.305..0.306 rows=1 loops=1)

                    Buffers: shared read=4

                    ->  Parallel Seq Scan on _hyper_1_1205_chunk  (cost=0.00..4.99 rows=99 width=8) (actual time=0.209..0.274 rows=168 loops=1)

                          Buffers: shared read=4

              ->  Partial Aggregate  (cost=5.24..5.25 rows=1 width=32) (actual time=0.287..0.288 rows=1 loops=1)

                    Buffers: shared read=4

                    ->  Parallel Seq Scan on _hyper_1_1206_chunk  (cost=0.00..4.99 rows=99 width=8) (actual time=0.193..0.258 rows=168 loops=1)

                          Buffers: shared read=4

              ->  Partial Aggregate  (cost=5.24..5.25 rows=1 width=32) (actual time=0.503..0.504 rows=1 loops=1)

                    Buffers: shared read=4

                    ->  Parallel Seq Scan on _hyper_1_1207_chunk  (cost=0.00..4.99 rows=99 width=8) (actual time=0.407..0.473 rows=168 loops=1)

                          Buffers: shared read=4

              ->  Partial Aggregate  (cost=5.24..5.25 rows=1 width=32) (actual time=0.397..0.398 rows=1 loops=1)

                    Buffers: shared read=4

                    ->  Parallel Seq Scan on _hyper_1_1208_chunk  (cost=0.00..4.99 rows=99 width=8) (actual time=0.304..0.367 rows=168 loops=1)

                          Buffers: shared read=4

              ->  Partial Aggregate  (cost=5.24..5.25 rows=1 width=32) (actual time=0.325..0.326 rows=1 loops=1)

                    Buffers: shared read=4

                    ->  Parallel Seq Scan on _hyper_1_1209_chunk  (cost=0.00..4.99 rows=99 width=8) (actual time=0.223..0.294 rows=168 loops=1)

                          Buffers: shared read=4

              ->  Partial Aggregate  (cost=5.24..5.25 rows=1 width=32) (actual time=0.358..0.358 rows=1 loops=1)

                    Buffers: shared read=4

                    ->  Parallel Seq Scan on _hyper_1_1210_chunk  (cost=0.00..4.99 rows=99 width=8) (actual time=0.253..0.325 rows=168 loops=1)

                          Buffers: shared read=4

              ->  Partial Aggregate  (cost=5.24..5.25 rows=1 width=32) (actual time=0.306..0.307 rows=1 loops=1)

                    Buffers: shared read=4

                    ->  Parallel Seq Scan on _hyper_1_1212_chunk  (cost=0.00..4.99 rows=99 width=8) (actual time=0.203..0.274 rows=168 loops=1)

                          Buffers: shared read=4

              ->  Partial Aggregate  (cost=5.24..5.25 rows=1 width=32) (actual time=0.290..0.291 rows=1 loops=1)

                    Buffers: shared read=4

                    ->  Parallel Seq Scan on _hyper_1_1213_chunk  (cost=0.00..4.99 rows=99 width=8) (actual time=0.195..0.261 rows=168 loops=1)

                          Buffers: shared read=4

              ->  Partial Aggregate  (cost=5.24..5.25 rows=1 width=32) (actual time=0.361..0.362 rows=1 loops=1)

                    Buffers: shared read=4

                    ->  Parallel Seq Scan on _hyper_1_1214_chunk  (cost=0.00..4.99 rows=99 width=8) (actual time=0.267..0.332 rows=168 loops=1)

                          Buffers: shared read=4

              ->  Partial Aggregate  (cost=5.24..5.25 rows=1 width=32) (actual time=0.317..0.318 rows=1 loops=1)

                    Buffers: shared read=4

                    ->  Parallel Seq Scan on _hyper_1_1215_chunk  (cost=0.00..4.99 rows=99 width=8) (actual time=0.216..0.287 rows=168 loops=1)

                          Buffers: shared read=4

              ->  Partial Aggregate  (cost=5.24..5.25 rows=1 width=32) (actual time=0.409..0.410 rows=1 loops=1)

                    Buffers: shared read=4

                    ->  Parallel Seq Scan on _hyper_1_1216_chunk  (cost=0.00..4.99 rows=99 width=8) (actual time=0.313..0.379 rows=168 loops=1)

                          Buffers: shared read=4

              ->  Partial Aggregate  (cost=5.24..5.25 rows=1 width=32) (actual time=0.310..0.310 rows=1 loops=1)

                    Buffers: shared read=4

                    ->  Parallel Seq Scan on _hyper_1_1217_chunk  (cost=0.00..4.99 rows=99 width=8) (actual time=0.198..0.266 rows=168 loops=1)

                          Buffers: shared read=4

              ->  Partial Aggregate  (cost=5.24..5.25 rows=1 width=32) (actual time=0.348..0.349 rows=1 loops=1)

                    Buffers: shared read=4

                    ->  Parallel Seq Scan on _hyper_1_1218_chunk  (cost=0.00..4.99 rows=99 width=8) (actual time=0.254..0.319 rows=168 loops=1)

                          Buffers: shared read=4

              ->  Partial Aggregate  (cost=5.24..5.25 rows=1 width=32) (actual time=0.365..0.366 rows=1 loops=1)

                    Buffers: shared read=4

                    ->  Parallel Seq Scan on _hyper_1_1219_chunk  (cost=0.00..4.99 rows=99 width=8) (actual time=0.270..0.336 rows=168 loops=1)

                          Buffers: shared read=4

              ->  Partial Aggregate  (cost=5.24..5.25 rows=1 width=32) (actual time=0.350..0.351 rows=1 loops=1)

                    Buffers: shared read=4

                    ->  Parallel Seq Scan on _hyper_1_1220_chunk  (cost=0.00..4.99 rows=99 width=8) (actual time=0.256..0.321 rows=168 loops=1)

                          Buffers: shared read=4

              ->  Partial Aggregate  (cost=5.24..5.25 rows=1 width=32) (actual time=0.318..0.319 rows=1 loops=1)

                    Buffers: shared read=4

                    ->  Parallel Seq Scan on _hyper_1_1221_chunk  (cost=0.00..4.99 rows=99 width=8) (actual time=0.224..0.289 rows=168 loops=1)

                          Buffers: shared read=4

              ->  Partial Aggregate  (cost=5.24..5.25 rows=1 width=32) (actual time=0.292..0.292 rows=1 loops=1)

                    Buffers: shared read=4

                    ->  Parallel Seq Scan on _hyper_1_1223_chunk  (cost=0.00..4.99 rows=99 width=8) (actual time=0.196..0.262 rows=168 loops=1)

                          Buffers: shared read=4

              ->  Partial Aggregate  (cost=5.24..5.25 rows=1 width=32) (actual time=0.313..0.314 rows=1 loops=1)

                    Buffers: shared read=4

                    ->  Parallel Seq Scan on _hyper_1_1224_chunk  (cost=0.00..4.99 rows=99 width=8) (actual time=0.217..0.284 rows=168 loops=1)

                          Buffers: shared read=4

              ->  Partial Aggregate  (cost=5.24..5.25 rows=1 width=32) (actual time=0.290..0.290 rows=1 loops=1)

                    Buffers: shared read=4

                    ->  Parallel Seq Scan on _hyper_1_1225_chunk  (cost=0.00..4.99 rows=99 width=8) (actual time=0.196..0.260 rows=168 loops=1)

                          Buffers: shared read=4

              ->  Partial Aggregate  (cost=5.24..5.25 rows=1 width=32) (actual time=0.272..0.272 rows=1 loops=1)

                    Buffers: shared read=4

                    ->  Parallel Seq Scan on _hyper_1_1226_chunk  (cost=0.00..4.99 rows=99 width=8) (actual time=0.183..0.244 rows=168 loops=1)

                          Buffers: shared read=4

              ->  Partial Aggregate  (cost=5.24..5.25 rows=1 width=32) (actual time=0.357..0.358 rows=1 loops=1)

                    Buffers: shared read=4

                    ->  Parallel Seq Scan on _hyper_1_1228_chunk  (cost=0.00..4.99 rows=99 width=8) (actual time=0.269..0.330 rows=168 loops=1)

                          Buffers: shared read=4

              ->  Partial Aggregate  (cost=5.24..5.25 rows=1 width=32) (actual time=0.279..0.280 rows=1 loops=1)

                    Buffers: shared read=4

                    ->  Parallel Seq Scan on _hyper_1_1229_chunk  (cost=0.00..4.99 rows=99 width=8) (actual time=0.191..0.251 rows=168 loops=1)

                          Buffers: shared read=4

              ->  Partial Aggregate  (cost=5.24..5.25 rows=1 width=32) (actual time=0.323..0.324 rows=1 loops=1)

                    Buffers: shared read=4

                    ->  Parallel Seq Scan on _hyper_1_1230_chunk  (cost=0.00..4.99 rows=99 width=8) (actual time=0.236..0.295 rows=168 loops=1)

                          Buffers: shared read=4

              ->  Partial Aggregate  (cost=5.24..5.25 rows=1 width=32) (actual time=0.298..0.298 rows=1 loops=1)

                    Buffers: shared read=4

                    ->  Parallel Seq Scan on _hyper_1_1231_chunk  (cost=0.00..4.99 rows=99 width=8) (actual time=0.199..0.261 rows=168 loops=1)

                          Buffers: shared read=4

              ->  Partial Aggregate  (cost=5.24..5.25 rows=1 width=32) (actual time=0.354..0.354 rows=1 loops=1)

                    Buffers: shared read=4

                    ->  Parallel Seq Scan on _hyper_1_1233_chunk  (cost=0.00..4.99 rows=99 width=8) (actual time=0.266..0.325 rows=168 loops=1)

                          Buffers: shared read=4

              ->  Partial Aggregate  (cost=5.24..5.25 rows=1 width=32) (actual time=0.422..0.423 rows=1 loops=1)

                    Buffers: shared read=4

                    ->  Parallel Seq Scan on _hyper_1_1234_chunk  (cost=0.00..4.99 rows=99 width=8) (actual time=0.331..0.394 rows=168 loops=1)

                          Buffers: shared read=4

              ->  Partial Aggregate  (cost=5.24..5.25 rows=1 width=32) (actual time=0.378..0.379 rows=1 loops=1)

                    Buffers: shared read=4

                    ->  Parallel Seq Scan on _hyper_1_1235_chunk  (cost=0.00..4.99 rows=99 width=8) (actual time=0.290..0.351 rows=168 loops=1)

                          Buffers: shared read=4

              ->  Partial Aggregate  (cost=5.24..5.25 rows=1 width=32) (actual time=0.285..0.286 rows=1 loops=1)

                    Buffers: shared read=4

                    ->  Parallel Seq Scan on _hyper_1_1236_chunk  (cost=0.00..4.99 rows=99 width=8) (actual time=0.200..0.258 rows=168 loops=1)

                          Buffers: shared read=4

              ->  Partial Aggregate  (cost=5.24..5.25 rows=1 width=32) (actual time=0.266..0.267 rows=1 loops=1)

                    Buffers: shared read=4

                    ->  Parallel Seq Scan on _hyper_1_1238_chunk  (cost=0.00..4.99 rows=99 width=8) (actual time=0.181..0.240 rows=168 loops=1)

                          Buffers: shared read=4

              ->  Partial Aggregate  (cost=5.24..5.25 rows=1 width=32) (actual time=0.337..0.337 rows=1 loops=1)

                    Buffers: shared read=4

                    ->  Parallel Seq Scan on _hyper_1_1239_chunk  (cost=0.00..4.99 rows=99 width=8) (actual time=0.245..0.311 rows=168 loops=1)

                          Buffers: shared read=4

              ->  Partial Aggregate  (cost=5.24..5.25 rows=1 width=32) (actual time=0.330..0.331 rows=1 loops=1)

                    Buffers: shared read=4

                    ->  Parallel Seq Scan on _hyper_1_1240_chunk  (cost=0.00..4.99 rows=99 width=8) (actual time=0.250..0.305 rows=168 loops=1)

                          Buffers: shared read=4

              ->  Partial Aggregate  (cost=5.24..5.25 rows=1 width=32) (actual time=0.313..0.314 rows=1 loops=1)

                    Buffers: shared read=4

                    ->  Parallel Seq Scan on _hyper_1_1241_chunk  (cost=0.00..4.99 rows=99 width=8) (actual time=0.239..0.290 rows=168 loops=1)

                          Buffers: shared read=4

              ->  Partial Aggregate  (cost=5.24..5.25 rows=1 width=32) (actual time=0.315..0.315 rows=1 loops=1)

                    Buffers: shared read=4

                    ->  Parallel Seq Scan on _hyper_1_1242_chunk  (cost=0.00..4.99 rows=99 width=8) (actual time=0.231..0.291 rows=168 loops=1)

                          Buffers: shared read=4

              ->  Partial Aggregate  (cost=5.24..5.25 rows=1 width=32) (actual time=0.254..0.255 rows=1 loops=1)

                    Buffers: shared read=4

                    ->  Parallel Seq Scan on _hyper_1_1243_chunk  (cost=0.00..4.99 rows=99 width=8) (actual time=0.181..0.231 rows=168 loops=1)

                          Buffers: shared read=4

              ->  Partial Aggregate  (cost=5.24..5.25 rows=1 width=32) (actual time=0.334..0.334 rows=1 loops=1)

                    Buffers: shared read=4

                    ->  Parallel Seq Scan on _hyper_1_1244_chunk  (cost=0.00..4.99 rows=99 width=8) (actual time=0.257..0.310 rows=168 loops=1)

                          Buffers: shared read=4

              ->  Partial Aggregate  (cost=5.24..5.25 rows=1 width=32) (actual time=0.267..0.267 rows=1 loops=1)

                    Buffers: shared read=4

                    ->  Parallel Seq Scan on _hyper_1_1245_chunk  (cost=0.00..4.99 rows=99 width=8) (actual time=0.185..0.241 rows=168 loops=1)

                          Buffers: shared read=4

              ->  Partial Aggregate  (cost=5.24..5.25 rows=1 width=32) (actual time=0.272..0.273 rows=1 loops=1)

                    Buffers: shared read=4

                    ->  Parallel Seq Scan on _hyper_1_1246_chunk  (cost=0.00..4.99 rows=99 width=8) (actual time=0.191..0.247 rows=168 loops=1)

                          Buffers: shared read=4

              ->  Partial Aggregate  (cost=5.24..5.25 rows=1 width=32) (actual time=0.414..0.415 rows=1 loops=1)

                    Buffers: shared read=4

                    ->  Parallel Seq Scan on _hyper_1_1247_chunk  (cost=0.00..4.99 rows=99 width=8) (actual time=0.332..0.388 rows=168 loops=1)

                          Buffers: shared read=4

              ->  Partial Aggregate  (cost=5.24..5.25 rows=1 width=32) (actual time=0.425..0.426 rows=1 loops=1)

                    Buffers: shared read=4

                    ->  Parallel Seq Scan on _hyper_1_1248_chunk  (cost=0.00..4.99 rows=99 width=8) (actual time=0.329..0.395 rows=168 loops=1)

                          Buffers: shared read=4

              ->  Partial Aggregate  (cost=5.24..5.25 rows=1 width=32) (actual time=0.418..0.419 rows=1 loops=1)

                    Buffers: shared read=4

                    ->  Parallel Seq Scan on _hyper_1_1249_chunk  (cost=0.00..4.99 rows=99 width=8) (actual time=0.321..0.387 rows=168 loops=1)

                          Buffers: shared read=4

              ->  Partial Aggregate  (cost=5.24..5.25 rows=1 width=32) (actual time=0.424..0.425 rows=1 loops=1)

                    Buffers: shared read=4

                    ->  Parallel Seq Scan on _hyper_1_1250_chunk  (cost=0.00..4.99 rows=99 width=8) (actual time=0.318..0.389 rows=168 loops=1)

                          Buffers: shared read=4

              ->  Partial Aggregate  (cost=5.24..5.25 rows=1 width=32) (actual time=0.279..0.280 rows=1 loops=1)

                    Buffers: shared read=4

                    ->  Parallel Seq Scan on _hyper_1_1251_chunk  (cost=0.00..4.99 rows=99 width=8) (actual time=0.210..0.256 rows=168 loops=1)

                          Buffers: shared read=4

              ->  Partial Aggregate  (cost=5.24..5.25 rows=1 width=32) (actual time=0.247..0.248 rows=1 loops=1)

                    Buffers: shared read=4

                    ->  Parallel Seq Scan on _hyper_1_1252_chunk  (cost=0.00..4.99 rows=99 width=8) (actual time=0.178..0.224 rows=168 loops=1)

                          Buffers: shared read=4

              ->  Partial Aggregate  (cost=5.24..5.25 rows=1 width=32) (actual time=0.315..0.315 rows=1 loops=1)

                    Buffers: shared read=4

                    ->  Parallel Seq Scan on _hyper_1_1253_chunk  (cost=0.00..4.99 rows=99 width=8) (actual time=0.243..0.292 rows=168 loops=1)

                          Buffers: shared read=4

              ->  Partial Aggregate  (cost=5.24..5.25 rows=1 width=32) (actual time=0.329..0.329 rows=1 loops=1)

                    Buffers: shared read=4

                    ->  Parallel Seq Scan on _hyper_1_1254_chunk  (cost=0.00..4.99 rows=99 width=8) (actual time=0.247..0.297 rows=168 loops=1)

                          Buffers: shared read=4

              ->  Partial Aggregate  (cost=5.24..5.25 rows=1 width=32) (actual time=0.240..0.240 rows=1 loops=1)

                    Buffers: shared read=4

                    ->  Parallel Seq Scan on _hyper_1_1255_chunk  (cost=0.00..4.99 rows=99 width=8) (actual time=0.164..0.215 rows=168 loops=1)

                          Buffers: shared read=4

              ->  Partial Aggregate  (cost=5.24..5.25 rows=1 width=32) (actual time=0.340..0.341 rows=1 loops=1)

                    Buffers: shared read=4

                    ->  Parallel Seq Scan on _hyper_1_1256_chunk  (cost=0.00..4.99 rows=99 width=8) (actual time=0.263..0.316 rows=168 loops=1)

                          Buffers: shared read=4

              ->  Partial Aggregate  (cost=5.24..5.25 rows=1 width=32) (actual time=0.241..0.242 rows=1 loops=1)

                    Buffers: shared read=4

                    ->  Parallel Seq Scan on _hyper_1_1257_chunk  (cost=0.00..4.99 rows=99 width=8) (actual time=0.172..0.218 rows=168 loops=1)

                          Buffers: shared read=4

              ->  Partial Aggregate  (cost=5.24..5.25 rows=1 width=32) (actual time=0.289..0.290 rows=1 loops=1)

                    Buffers: shared read=4

                    ->  Parallel Seq Scan on _hyper_1_1258_chunk  (cost=0.00..4.99 rows=99 width=8) (actual time=0.220..0.266 rows=168 loops=1)

                          Buffers: shared read=4

              ->  Partial Aggregate  (cost=5.24..5.25 rows=1 width=32) (actual time=0.226..0.226 rows=1 loops=1)

                    Buffers: shared read=4

                    ->  Parallel Seq Scan on _hyper_1_1260_chunk  (cost=0.00..4.99 rows=99 width=8) (actual time=0.158..0.203 rows=168 loops=1)

                          Buffers: shared read=4

              ->  Partial Aggregate  (cost=5.24..5.25 rows=1 width=32) (actual time=0.256..0.257 rows=1 loops=1)

                    Buffers: shared read=4

                    ->  Parallel Seq Scan on _hyper_1_1261_chunk  (cost=0.00..4.99 rows=99 width=8) (actual time=0.182..0.231 rows=168 loops=1)

                          Buffers: shared read=4

              ->  Partial Aggregate  (cost=5.24..5.25 rows=1 width=32) (actual time=0.240..0.240 rows=1 loops=1)

                    Buffers: shared read=4

                    ->  Parallel Seq Scan on _hyper_1_1262_chunk  (cost=0.00..4.99 rows=99 width=8) (actual time=0.164..0.215 rows=168 loops=1)

                          Buffers: shared read=4

              ->  Partial Aggregate  (cost=5.24..5.25 rows=1 width=32) (actual time=0.240..0.241 rows=1 loops=1)

                    Buffers: shared read=4

                    ->  Parallel Seq Scan on _hyper_1_1263_chunk  (cost=0.00..4.99 rows=99 width=8) (actual time=0.165..0.216 rows=168 loops=1)

                          Buffers: shared read=4

              ->  Partial Aggregate  (cost=5.24..5.25 rows=1 width=32) (actual time=0.303..0.304 rows=1 loops=1)

                    Buffers: shared read=4

                    ->  Parallel Seq Scan on _hyper_1_1264_chunk  (cost=0.00..4.99 rows=99 width=8) (actual time=0.227..0.278 rows=168 loops=1)

                          Buffers: shared read=4

              ->  Partial Aggregate  (cost=5.24..5.25 rows=1 width=32) (actual time=0.224..0.224 rows=1 loops=1)

                    Buffers: shared read=4

                    ->  Parallel Seq Scan on _hyper_1_1265_chunk  (cost=0.00..4.99 rows=99 width=8) (actual time=0.149..0.199 rows=168 loops=1)

                          Buffers: shared read=4

              ->  Partial Aggregate  (cost=5.24..5.25 rows=1 width=32) (actual time=0.249..0.250 rows=1 loops=1)

                    Buffers: shared read=4

                    ->  Parallel Seq Scan on _hyper_1_1266_chunk  (cost=0.00..4.99 rows=99 width=8) (actual time=0.174..0.224 rows=168 loops=1)

                          Buffers: shared read=4

              ->  Partial Aggregate  (cost=5.24..5.25 rows=1 width=32) (actual time=0.233..0.234 rows=1 loops=1)

                    Buffers: shared read=4

                    ->  Parallel Seq Scan on _hyper_1_1267_chunk  (cost=0.00..4.99 rows=99 width=8) (actual time=0.159..0.208 rows=168 loops=1)

                          Buffers: shared read=4

              ->  Partial Aggregate  (cost=5.24..5.25 rows=1 width=32) (actual time=0.263..0.264 rows=1 loops=1)

                    Buffers: shared read=4

                    ->  Parallel Seq Scan on _hyper_1_1268_chunk  (cost=0.00..4.99 rows=99 width=8) (actual time=0.188..0.238 rows=168 loops=1)

                          Buffers: shared read=4

              ->  Partial Aggregate  (cost=5.24..5.25 rows=1 width=32) (actual time=0.300..0.301 rows=1 loops=1)

                    Buffers: shared read=4

                    ->  Parallel Seq Scan on _hyper_1_1269_chunk  (cost=0.00..4.99 rows=99 width=8) (actual time=0.225..0.276 rows=168 loops=1)

                          Buffers: shared read=4

              ->  Partial Aggregate  (cost=5.24..5.25 rows=1 width=32) (actual time=0.235..0.236 rows=1 loops=1)

                    Buffers: shared read=4

                    ->  Parallel Seq Scan on _hyper_1_1270_chunk  (cost=0.00..4.99 rows=99 width=8) (actual time=0.157..0.207 rows=168 loops=1)

                          Buffers: shared read=4

              ->  Partial Aggregate  (cost=5.24..5.25 rows=1 width=32) (actual time=0.227..0.228 rows=1 loops=1)

                    Buffers: shared read=4

                    ->  Parallel Seq Scan on _hyper_1_1271_chunk  (cost=0.00..4.99 rows=99 width=8) (actual time=0.153..0.202 rows=168 loops=1)

                          Buffers: shared read=4

              ->  Partial Aggregate  (cost=5.24..5.25 rows=1 width=32) (actual time=0.296..0.296 rows=1 loops=1)

                    Buffers: shared read=4

                    ->  Parallel Seq Scan on _hyper_1_1272_chunk  (cost=0.00..4.99 rows=99 width=8) (actual time=0.220..0.271 rows=168 loops=1)

                          Buffers: shared read=4

              ->  Partial Aggregate  (cost=5.24..5.25 rows=1 width=32) (actual time=0.309..0.309 rows=1 loops=1)

                    Buffers: shared read=4

                    ->  Parallel Seq Scan on _hyper_1_1273_chunk  (cost=0.00..4.99 rows=99 width=8) (actual time=0.238..0.286 rows=168 loops=1)

                          Buffers: shared read=4

              ->  Partial Aggregate  (cost=5.24..5.25 rows=1 width=32) (actual time=0.291..0.291 rows=1 loops=1)

                    Buffers: shared read=4

                    ->  Parallel Seq Scan on _hyper_1_1274_chunk  (cost=0.00..4.99 rows=99 width=8) (actual time=0.221..0.268 rows=168 loops=1)

                          Buffers: shared read=4

              ->  Partial Aggregate  (cost=5.24..5.25 rows=1 width=32) (actual time=0.218..0.219 rows=1 loops=1)

                    Buffers: shared read=4

                    ->  Parallel Seq Scan on _hyper_1_1275_chunk  (cost=0.00..4.99 rows=99 width=8) (actual time=0.149..0.195 rows=168 loops=1)

                          Buffers: shared read=4

              ->  Partial Aggregate  (cost=5.24..5.25 rows=1 width=32) (actual time=0.248..0.249 rows=1 loops=1)

                    Buffers: shared read=4

                    ->  Parallel Seq Scan on _hyper_1_1276_chunk  (cost=0.00..4.99 rows=99 width=8) (actual time=0.178..0.225 rows=168 loops=1)

                          Buffers: shared read=4

              ->  Partial Aggregate  (cost=5.24..5.25 rows=1 width=32) (actual time=0.228..0.229 rows=1 loops=1)

                    Buffers: shared read=4

                    ->  Parallel Seq Scan on _hyper_1_1277_chunk  (cost=0.00..4.99 rows=99 width=8) (actual time=0.159..0.205 rows=168 loops=1)

                          Buffers: shared read=4

              ->  Partial Aggregate  (cost=5.24..5.25 rows=1 width=32) (actual time=0.296..0.296 rows=1 loops=1)

                    Buffers: shared read=4

                    ->  Parallel Seq Scan on _hyper_1_1278_chunk  (cost=0.00..4.99 rows=99 width=8) (actual time=0.227..0.273 rows=168 loops=1)

                          Buffers: shared read=4

              ->  Partial Aggregate  (cost=5.24..5.25 rows=1 width=32) (actual time=0.256..0.256 rows=1 loops=1)

                    Buffers: shared read=4

                    ->  Parallel Seq Scan on _hyper_1_1279_chunk  (cost=0.00..4.99 rows=99 width=8) (actual time=0.187..0.233 rows=168 loops=1)

                          Buffers: shared read=4

              ->  Partial Aggregate  (cost=5.24..5.25 rows=1 width=32) (actual time=0.254..0.255 rows=1 loops=1)

                    Buffers: shared read=4

                    ->  Parallel Seq Scan on _hyper_1_1280_chunk  (cost=0.00..4.99 rows=99 width=8) (actual time=0.180..0.229 rows=168 loops=1)

                          Buffers: shared read=4

              ->  Partial Aggregate  (cost=5.24..5.25 rows=1 width=32) (actual time=0.252..0.253 rows=1 loops=1)

                    Buffers: shared read=4

                    ->  Parallel Seq Scan on _hyper_1_1281_chunk  (cost=0.00..4.99 rows=99 width=8) (actual time=0.175..0.227 rows=168 loops=1)

                          Buffers: shared read=4

              ->  Partial Aggregate  (cost=5.24..5.25 rows=1 width=32) (actual time=0.305..0.306 rows=1 loops=1)

                    Buffers: shared read=4

                    ->  Parallel Seq Scan on _hyper_1_1282_chunk  (cost=0.00..4.99 rows=99 width=8) (actual time=0.229..0.280 rows=168 loops=1)

                          Buffers: shared read=4

              ->  Partial Aggregate  (cost=5.24..5.25 rows=1 width=32) (actual time=0.230..0.231 rows=1 loops=1)

                    Buffers: shared read=4

                    ->  Parallel Seq Scan on _hyper_1_1283_chunk  (cost=0.00..4.99 rows=99 width=8) (actual time=0.155..0.205 rows=168 loops=1)

                          Buffers: shared read=4

              ->  Partial Aggregate  (cost=5.24..5.25 rows=1 width=32) (actual time=0.311..0.312 rows=1 loops=1)

                    Buffers: shared read=4

                    ->  Parallel Seq Scan on _hyper_1_1284_chunk  (cost=0.00..4.99 rows=99 width=8) (actual time=0.236..0.286 rows=168 loops=1)

                          Buffers: shared read=4

              ->  Partial Aggregate  (cost=5.24..5.25 rows=1 width=32) (actual time=0.238..0.239 rows=1 loops=1)

                    Buffers: shared read=4

                    ->  Parallel Seq Scan on _hyper_1_1285_chunk  (cost=0.00..4.99 rows=99 width=8) (actual time=0.163..0.213 rows=168 loops=1)

                          Buffers: shared read=4

              ->  Partial Aggregate  (cost=5.24..5.25 rows=1 width=32) (actual time=0.309..0.310 rows=1 loops=1)

                    Buffers: shared read=4

                    ->  Parallel Seq Scan on _hyper_1_1286_chunk  (cost=0.00..4.99 rows=99 width=8) (actual time=0.228..0.278 rows=168 loops=1)

                          Buffers: shared read=4

              ->  Partial Aggregate  (cost=5.24..5.25 rows=1 width=32) (actual time=0.262..0.263 rows=1 loops=1)

                    Buffers: shared read=4

                    ->  Parallel Seq Scan on _hyper_1_1287_chunk  (cost=0.00..4.99 rows=99 width=8) (actual time=0.177..0.235 rows=168 loops=1)

                          Buffers: shared read=4

              ->  Partial Aggregate  (cost=5.24..5.25 rows=1 width=32) (actual time=0.273..0.274 rows=1 loops=1)

                    Buffers: shared read=4

                    ->  Parallel Seq Scan on _hyper_1_1288_chunk  (cost=0.00..4.99 rows=99 width=8) (actual time=0.191..0.246 rows=168 loops=1)

                          Buffers: shared read=4

              ->  Partial Aggregate  (cost=5.24..5.25 rows=1 width=32) (actual time=0.295..0.296 rows=1 loops=1)

                    Buffers: shared read=4

                    ->  Parallel Seq Scan on _hyper_1_1289_chunk  (cost=0.00..4.99 rows=99 width=8) (actual time=0.214..0.268 rows=168 loops=1)

                          Buffers: shared read=4

              ->  Partial Aggregate  (cost=5.24..5.25 rows=1 width=32) (actual time=0.242..0.243 rows=1 loops=1)

                    Buffers: shared read=4

                    ->  Parallel Seq Scan on _hyper_1_1290_chunk  (cost=0.00..4.99 rows=99 width=8) (actual time=0.162..0.215 rows=168 loops=1)

                          Buffers: shared read=4

              ->  Partial Aggregate  (cost=5.24..5.25 rows=1 width=32) (actual time=0.332..0.333 rows=1 loops=1)

                    Buffers: shared read=4

                    ->  Parallel Seq Scan on _hyper_1_1291_chunk  (cost=0.00..4.99 rows=99 width=8) (actual time=0.241..0.302 rows=168 loops=1)

                          Buffers: shared read=4

              ->  Partial Aggregate  (cost=5.24..5.25 rows=1 width=32) (actual time=0.277..0.278 rows=1 loops=1)

                    Buffers: shared read=4

                    ->  Parallel Seq Scan on _hyper_1_1292_chunk  (cost=0.00..4.99 rows=99 width=8) (actual time=0.188..0.246 rows=168 loops=1)

                          Buffers: shared read=4

              ->  Partial Aggregate  (cost=5.24..5.25 rows=1 width=32) (actual time=0.330..0.330 rows=1 loops=1)

                    Buffers: shared read=4

                    ->  Parallel Seq Scan on _hyper_1_1293_chunk  (cost=0.00..4.99 rows=99 width=8) (actual time=0.241..0.300 rows=168 loops=1)

                          Buffers: shared read=4

              ->  Partial Aggregate  (cost=5.24..5.25 rows=1 width=32) (actual time=0.245..0.246 rows=1 loops=1)

                    Buffers: shared read=4

                    ->  Parallel Seq Scan on _hyper_1_1294_chunk  (cost=0.00..4.99 rows=99 width=8) (actual time=0.164..0.218 rows=168 loops=1)

                          Buffers: shared read=4

              ->  Partial Aggregate  (cost=5.24..5.25 rows=1 width=32) (actual time=0.260..0.261 rows=1 loops=1)

                    Buffers: shared read=4

                    ->  Parallel Seq Scan on _hyper_1_1295_chunk  (cost=0.00..4.99 rows=99 width=8) (actual time=0.173..0.230 rows=168 loops=1)

                          Buffers: shared read=4

              ->  Partial Aggregate  (cost=5.24..5.25 rows=1 width=32) (actual time=0.305..0.311 rows=1 loops=1)

                    Buffers: shared read=4

                    ->  Parallel Seq Scan on _hyper_1_1297_chunk  (cost=0.00..4.99 rows=99 width=8) (actual time=0.224..0.278 rows=168 loops=1)

                          Buffers: shared read=4

              ->  Partial Aggregate  (cost=5.24..5.25 rows=1 width=32) (actual time=0.311..0.312 rows=1 loops=1)

                    Buffers: shared read=4

                    ->  Parallel Seq Scan on _hyper_1_1298_chunk  (cost=0.00..4.99 rows=99 width=8) (actual time=0.228..0.284 rows=168 loops=1)

                          Buffers: shared read=4

              ->  Partial Aggregate  (cost=5.24..5.25 rows=1 width=32) (actual time=0.303..0.305 rows=1 loops=1)

                    Buffers: shared read=4

                    ->  Parallel Seq Scan on _hyper_1_1299_chunk  (cost=0.00..4.99 rows=99 width=8) (actual time=0.226..0.278 rows=168 loops=1)

                          Buffers: shared read=4

              ->  Partial Aggregate  (cost=5.24..5.25 rows=1 width=32) (actual time=0.323..0.324 rows=1 loops=1)

                    Buffers: shared read=4

                    ->  Parallel Seq Scan on _hyper_1_1300_chunk  (cost=0.00..4.99 rows=99 width=8) (actual time=0.247..0.298 rows=168 loops=1)

                          Buffers: shared read=4

              ->  Partial Aggregate  (cost=5.24..5.25 rows=1 width=32) (actual time=0.239..0.239 rows=1 loops=1)

                    Buffers: shared read=4

                    ->  Parallel Seq Scan on _hyper_1_1301_chunk  (cost=0.00..4.99 rows=99 width=8) (actual time=0.164..0.214 rows=168 loops=1)

                          Buffers: shared read=4

              ->  Partial Aggregate  (cost=5.24..5.25 rows=1 width=32) (actual time=0.280..0.281 rows=1 loops=1)

                    Buffers: shared read=4

                    ->  Parallel Seq Scan on _hyper_1_1302_chunk  (cost=0.00..4.99 rows=99 width=8) (actual time=0.205..0.255 rows=168 loops=1)

                          Buffers: shared read=4

              ->  Partial Aggregate  (cost=5.24..5.25 rows=1 width=32) (actual time=0.259..0.260 rows=1 loops=1)

                    Buffers: shared read=4

                    ->  Parallel Seq Scan on _hyper_1_1303_chunk  (cost=0.00..4.99 rows=99 width=8) (actual time=0.178..0.231 rows=168 loops=1)

                          Buffers: shared read=4

              ->  Partial Aggregate  (cost=5.24..5.25 rows=1 width=32) (actual time=0.240..0.241 rows=1 loops=1)

                    Buffers: shared read=4

                    ->  Parallel Seq Scan on _hyper_1_1304_chunk  (cost=0.00..4.99 rows=99 width=8) (actual time=0.165..0.215 rows=168 loops=1)

                          Buffers: shared read=4

              ->  Partial Aggregate  (cost=5.24..5.25 rows=1 width=32) (actual time=0.236..0.237 rows=1 loops=1)

                    Buffers: shared read=4

                    ->  Parallel Seq Scan on _hyper_1_1305_chunk  (cost=0.00..4.99 rows=99 width=8) (actual time=0.161..0.210 rows=168 loops=1)

                          Buffers: shared read=4

              ->  Partial Aggregate  (cost=5.24..5.25 rows=1 width=32) (actual time=0.300..0.300 rows=1 loops=1)

                    Buffers: shared read=4

                    ->  Parallel Seq Scan on _hyper_1_1306_chunk  (cost=0.00..4.99 rows=99 width=8) (actual time=0.224..0.275 rows=168 loops=1)

                          Buffers: shared read=4

              ->  Partial Aggregate  (cost=5.24..5.25 rows=1 width=32) (actual time=0.241..0.241 rows=1 loops=1)

                    Buffers: shared read=4

                    ->  Parallel Seq Scan on _hyper_1_1307_chunk  (cost=0.00..4.99 rows=99 width=8) (actual time=0.162..0.216 rows=168 loops=1)

                          Buffers: shared read=4

              ->  Partial Aggregate  (cost=5.24..5.25 rows=1 width=32) (actual time=0.245..0.246 rows=1 loops=1)

                    Buffers: shared read=4

                    ->  Parallel Seq Scan on _hyper_1_1308_chunk  (cost=0.00..4.99 rows=99 width=8) (actual time=0.171..0.220 rows=168 loops=1)

                          Buffers: shared read=4

              ->  Partial Aggregate  (cost=5.24..5.25 rows=1 width=32) (actual time=0.296..0.296 rows=1 loops=1)

                    Buffers: shared read=4

                    ->  Parallel Seq Scan on _hyper_1_1309_chunk  (cost=0.00..4.99 rows=99 width=8) (actual time=0.220..0.270 rows=168 loops=1)

                          Buffers: shared read=4

              ->  Partial Aggregate  (cost=5.24..5.25 rows=1 width=32) (actual time=0.297..0.298 rows=1 loops=1)

                    Buffers: shared read=4

                    ->  Parallel Seq Scan on _hyper_1_1310_chunk  (cost=0.00..4.99 rows=99 width=8) (actual time=0.222..0.272 rows=168 loops=1)

                          Buffers: shared read=4

              ->  Partial Aggregate  (cost=5.24..5.25 rows=1 width=32) (actual time=0.349..0.349 rows=1 loops=1)

                    Buffers: shared read=4

                    ->  Parallel Seq Scan on _hyper_1_1311_chunk  (cost=0.00..4.99 rows=99 width=8) (actual time=0.274..0.324 rows=168 loops=1)

                          Buffers: shared read=4

              ->  Partial Aggregate  (cost=5.24..5.25 rows=1 width=32) (actual time=0.299..0.300 rows=1 loops=1)

                    Buffers: shared read=4

                    ->  Parallel Seq Scan on _hyper_1_1312_chunk  (cost=0.00..4.99 rows=99 width=8) (actual time=0.225..0.274 rows=168 loops=1)

                          Buffers: shared read=4

              ->  Partial Aggregate  (cost=5.24..5.25 rows=1 width=32) (actual time=0.224..0.224 rows=1 loops=1)

                    Buffers: shared read=4

                    ->  Parallel Seq Scan on _hyper_1_1313_chunk  (cost=0.00..4.99 rows=99 width=8) (actual time=0.157..0.201 rows=168 loops=1)

                          Buffers: shared read=4

              ->  Partial Aggregate  (cost=5.24..5.25 rows=1 width=32) (actual time=0.231..0.232 rows=1 loops=1)

                    Buffers: shared read=4

                    ->  Parallel Seq Scan on _hyper_1_1314_chunk  (cost=0.00..4.99 rows=99 width=8) (actual time=0.155..0.202 rows=168 loops=1)

                          Buffers: shared read=4

              ->  Partial Aggregate  (cost=5.24..5.25 rows=1 width=32) (actual time=0.231..0.231 rows=1 loops=1)

                    Buffers: shared read=4

                    ->  Parallel Seq Scan on _hyper_1_1315_chunk  (cost=0.00..4.99 rows=99 width=8) (actual time=0.161..0.208 rows=168 loops=1)

                          Buffers: shared read=4

              ->  Partial Aggregate  (cost=5.24..5.25 rows=1 width=32) (actual time=0.243..0.244 rows=1 loops=1)

                    Buffers: shared read=4

                    ->  Parallel Seq Scan on _hyper_1_1316_chunk  (cost=0.00..4.99 rows=99 width=8) (actual time=0.175..0.220 rows=168 loops=1)

                          Buffers: shared read=4

              ->  Partial Aggregate  (cost=5.24..5.25 rows=1 width=32) (actual time=0.223..0.224 rows=1 loops=1)

                    Buffers: shared read=4

                    ->  Parallel Seq Scan on _hyper_1_1317_chunk  (cost=0.00..4.99 rows=99 width=8) (actual time=0.152..0.199 rows=168 loops=1)

                          Buffers: shared read=4

              ->  Partial Aggregate  (cost=5.24..5.25 rows=1 width=32) (actual time=0.256..0.257 rows=1 loops=1)

                    Buffers: shared read=4

                    ->  Parallel Seq Scan on _hyper_1_1318_chunk  (cost=0.00..4.99 rows=99 width=8) (actual time=0.187..0.233 rows=168 loops=1)

                          Buffers: shared read=4

              ->  Partial Aggregate  (cost=5.24..5.25 rows=1 width=32) (actual time=0.339..0.339 rows=1 loops=1)

                    Buffers: shared read=4

                    ->  Parallel Seq Scan on _hyper_1_1319_chunk  (cost=0.00..4.99 rows=99 width=8) (actual time=0.268..0.315 rows=168 loops=1)

                          Buffers: shared read=4

              ->  Partial Aggregate  (cost=5.24..5.25 rows=1 width=32) (actual time=0.228..0.229 rows=1 loops=1)

                    Buffers: shared read=4

                    ->  Parallel Seq Scan on _hyper_1_1320_chunk  (cost=0.00..4.99 rows=99 width=8) (actual time=0.159..0.206 rows=168 loops=1)

                          Buffers: shared read=4

              ->  Partial Aggregate  (cost=5.24..5.25 rows=1 width=32) (actual time=0.229..0.230 rows=1 loops=1)

                    Buffers: shared read=4

                    ->  Parallel Seq Scan on _hyper_1_1321_chunk  (cost=0.00..4.99 rows=99 width=8) (actual time=0.164..0.208 rows=168 loops=1)

                          Buffers: shared read=4

              ->  Partial Aggregate  (cost=5.24..5.25 rows=1 width=32) (actual time=0.208..0.208 rows=1 loops=1)

                    Buffers: shared read=4

                    ->  Parallel Seq Scan on _hyper_1_1322_chunk  (cost=0.00..4.99 rows=99 width=8) (actual time=0.136..0.181 rows=168 loops=1)

                          Buffers: shared read=4

              ->  Partial Aggregate  (cost=5.24..5.25 rows=1 width=32) (actual time=0.278..0.279 rows=1 loops=1)

                    Buffers: shared read=4

                    ->  Parallel Seq Scan on _hyper_1_1323_chunk  (cost=0.00..4.99 rows=99 width=8) (actual time=0.215..0.257 rows=168 loops=1)

                          Buffers: shared read=4

              ->  Partial Aggregate  (cost=5.24..5.25 rows=1 width=32) (actual time=0.223..0.224 rows=1 loops=1)

                    Buffers: shared read=4

                    ->  Parallel Seq Scan on _hyper_1_1325_chunk  (cost=0.00..4.99 rows=99 width=8) (actual time=0.159..0.202 rows=168 loops=1)

                          Buffers: shared read=4

              ->  Partial Aggregate  (cost=5.24..5.25 rows=1 width=32) (actual time=0.283..0.284 rows=1 loops=1)

                    Buffers: shared read=4

                    ->  Parallel Seq Scan on _hyper_1_1326_chunk  (cost=0.00..4.99 rows=99 width=8) (actual time=0.219..0.262 rows=168 loops=1)

                          Buffers: shared read=4

              ->  Partial Aggregate  (cost=5.24..5.25 rows=1 width=32) (actual time=0.227..0.227 rows=1 loops=1)

                    Buffers: shared read=4

                    ->  Parallel Seq Scan on _hyper_1_1327_chunk  (cost=0.00..4.99 rows=99 width=8) (actual time=0.153..0.201 rows=168 loops=1)

                          Buffers: shared read=4

              ->  Partial Aggregate  (cost=5.24..5.25 rows=1 width=32) (actual time=0.232..0.233 rows=1 loops=1)

                    Buffers: shared read=4

                    ->  Parallel Seq Scan on _hyper_1_1328_chunk  (cost=0.00..4.99 rows=99 width=8) (actual time=0.160..0.209 rows=168 loops=1)

                          Buffers: shared read=4

              ->  Partial Aggregate  (cost=5.24..5.25 rows=1 width=32) (actual time=0.236..0.236 rows=1 loops=1)

                    Buffers: shared read=4

                    ->  Parallel Seq Scan on _hyper_1_1329_chunk  (cost=0.00..4.99 rows=99 width=8) (actual time=0.167..0.213 rows=168 loops=1)

                          Buffers: shared read=4

              ->  Partial Aggregate  (cost=5.24..5.25 rows=1 width=32) (actual time=0.226..0.226 rows=1 loops=1)

                    Buffers: shared read=4

                    ->  Parallel Seq Scan on _hyper_1_1330_chunk  (cost=0.00..4.99 rows=99 width=8) (actual time=0.157..0.203 rows=168 loops=1)

                          Buffers: shared read=4

              ->  Partial Aggregate  (cost=5.24..5.25 rows=1 width=32) (actual time=0.285..0.286 rows=1 loops=1)

                    Buffers: shared read=4

                    ->  Parallel Seq Scan on _hyper_1_1331_chunk  (cost=0.00..4.99 rows=99 width=8) (actual time=0.217..0.262 rows=168 loops=1)

                          Buffers: shared read=4

              ->  Partial Aggregate  (cost=5.24..5.25 rows=1 width=32) (actual time=0.278..0.279 rows=1 loops=1)

                    Buffers: shared read=4

                    ->  Parallel Seq Scan on _hyper_1_1332_chunk  (cost=0.00..4.99 rows=99 width=8) (actual time=0.208..0.255 rows=168 loops=1)

                          Buffers: shared read=4

              ->  Partial Aggregate  (cost=5.24..5.25 rows=1 width=32) (actual time=0.246..0.247 rows=1 loops=1)

                    Buffers: shared read=4

                    ->  Parallel Seq Scan on _hyper_1_1333_chunk  (cost=0.00..4.99 rows=99 width=8) (actual time=0.177..0.223 rows=168 loops=1)

                          Buffers: shared read=4

              ->  Partial Aggregate  (cost=5.24..5.25 rows=1 width=32) (actual time=0.290..0.290 rows=1 loops=1)

                    Buffers: shared read=4

                    ->  Parallel Seq Scan on _hyper_1_1334_chunk  (cost=0.00..4.99 rows=99 width=8) (actual time=0.220..0.267 rows=168 loops=1)

                          Buffers: shared read=4

              ->  Partial Aggregate  (cost=5.24..5.25 rows=1 width=32) (actual time=0.295..0.295 rows=1 loops=1)

                    Buffers: shared read=4

                    ->  Parallel Seq Scan on _hyper_1_1335_chunk  (cost=0.00..4.99 rows=99 width=8) (actual time=0.218..0.271 rows=168 loops=1)

                          Buffers: shared read=4

              ->  Partial Aggregate  (cost=5.24..5.25 rows=1 width=32) (actual time=0.296..0.296 rows=1 loops=1)

                    Buffers: shared read=4

                    ->  Parallel Seq Scan on _hyper_1_1336_chunk  (cost=0.00..4.99 rows=99 width=8) (actual time=0.227..0.273 rows=168 loops=1)

                          Buffers: shared read=4

              ->  Partial Aggregate  (cost=5.24..5.25 rows=1 width=32) (actual time=0.280..0.280 rows=1 loops=1)

                    Buffers: shared read=4

                    ->  Parallel Seq Scan on _hyper_1_1337_chunk  (cost=0.00..4.99 rows=99 width=8) (actual time=0.211..0.257 rows=168 loops=1)

                          Buffers: shared read=4

              ->  Partial Aggregate  (cost=5.24..5.25 rows=1 width=32) (actual time=0.240..0.241 rows=1 loops=1)

                    Buffers: shared read=4

                    ->  Parallel Seq Scan on _hyper_1_1338_chunk  (cost=0.00..4.99 rows=99 width=8) (actual time=0.166..0.215 rows=168 loops=1)

                          Buffers: shared read=4

              ->  Partial Aggregate  (cost=5.24..5.25 rows=1 width=32) (actual time=0.239..0.240 rows=1 loops=1)

                    Buffers: shared read=4

                    ->  Parallel Seq Scan on _hyper_1_1339_chunk  (cost=0.00..4.99 rows=99 width=8) (actual time=0.160..0.213 rows=168 loops=1)

                          Buffers: shared read=4

              ->  Partial Aggregate  (cost=5.24..5.25 rows=1 width=32) (actual time=0.238..0.238 rows=1 loops=1)

                    Buffers: shared read=4

                    ->  Parallel Seq Scan on _hyper_1_1340_chunk  (cost=0.00..4.99 rows=99 width=8) (actual time=0.162..0.212 rows=168 loops=1)

                          Buffers: shared read=4

              ->  Partial Aggregate  (cost=5.24..5.25 rows=1 width=32) (actual time=0.332..0.333 rows=1 loops=1)

                    Buffers: shared read=4

                    ->  Parallel Seq Scan on _hyper_1_1341_chunk  (cost=0.00..4.99 rows=99 width=8) (actual time=0.257..0.307 rows=168 loops=1)

                          Buffers: shared read=4

              ->  Partial Aggregate  (cost=5.24..5.25 rows=1 width=32) (actual time=0.278..0.279 rows=1 loops=1)

                    Buffers: shared read=4

                    ->  Parallel Seq Scan on _hyper_1_1342_chunk  (cost=0.00..4.99 rows=99 width=8) (actual time=0.204..0.253 rows=168 loops=1)

                          Buffers: shared read=4

              ->  Partial Aggregate  (cost=5.24..5.25 rows=1 width=32) (actual time=0.250..0.250 rows=1 loops=1)

                    Buffers: shared read=4

                    ->  Parallel Seq Scan on _hyper_1_1343_chunk  (cost=0.00..4.99 rows=99 width=8) (actual time=0.172..0.225 rows=168 loops=1)

                          Buffers: shared read=4

              ->  Partial Aggregate  (cost=5.24..5.25 rows=1 width=32) (actual time=0.303..0.304 rows=1 loops=1)

                    Buffers: shared read=4

                    ->  Parallel Seq Scan on _hyper_1_1344_chunk  (cost=0.00..4.99 rows=99 width=8) (actual time=0.227..0.277 rows=168 loops=1)

                          Buffers: shared read=4

              ->  Partial Aggregate  (cost=5.24..5.25 rows=1 width=32) (actual time=0.273..0.273 rows=1 loops=1)

                    Buffers: shared read=4

                    ->  Parallel Seq Scan on _hyper_1_1345_chunk  (cost=0.00..4.99 rows=99 width=8) (actual time=0.205..0.250 rows=168 loops=1)

                          Buffers: shared read=4

              ->  Partial Aggregate  (cost=5.24..5.25 rows=1 width=32) (actual time=0.226..0.227 rows=1 loops=1)

                    Buffers: shared read=4

                    ->  Parallel Seq Scan on _hyper_1_1346_chunk  (cost=0.00..4.99 rows=99 width=8) (actual time=0.157..0.204 rows=168 loops=1)

                          Buffers: shared read=4

              ->  Partial Aggregate  (cost=5.24..5.25 rows=1 width=32) (actual time=0.232..0.232 rows=1 loops=1)

                    Buffers: shared read=4

                    ->  Parallel Seq Scan on _hyper_1_1347_chunk  (cost=0.00..4.99 rows=99 width=8) (actual time=0.160..0.208 rows=168 loops=1)

                          Buffers: shared read=4

              ->  Partial Aggregate  (cost=5.24..5.25 rows=1 width=32) (actual time=0.231..0.231 rows=1 loops=1)

                    Buffers: shared read=4

                    ->  Parallel Seq Scan on _hyper_1_1348_chunk  (cost=0.00..4.99 rows=99 width=8) (actual time=0.160..0.207 rows=168 loops=1)

                          Buffers: shared read=4

              ->  Partial Aggregate  (cost=5.24..5.25 rows=1 width=32) (actual time=0.430..0.430 rows=1 loops=1)

                    Buffers: shared read=4

                    ->  Parallel Seq Scan on _hyper_1_1349_chunk  (cost=0.00..4.99 rows=99 width=8) (actual time=0.361..0.407 rows=168 loops=1)

                          Buffers: shared read=4

              ->  Partial Aggregate  (cost=5.24..5.25 rows=1 width=32) (actual time=0.343..0.344 rows=1 loops=1)

                    Buffers: shared read=4

                    ->  Parallel Seq Scan on _hyper_1_1351_chunk  (cost=0.00..4.99 rows=99 width=8) (actual time=0.273..0.320 rows=168 loops=1)

                          Buffers: shared read=4

              ->  Partial Aggregate  (cost=5.24..5.25 rows=1 width=32) (actual time=0.234..0.235 rows=1 loops=1)

                    Buffers: shared read=4

                    ->  Parallel Seq Scan on _hyper_1_1352_chunk  (cost=0.00..4.99 rows=99 width=8) (actual time=0.164..0.210 rows=168 loops=1)

                          Buffers: shared read=4

              ->  Partial Aggregate  (cost=5.24..5.25 rows=1 width=32) (actual time=0.316..0.316 rows=1 loops=1)

                    Buffers: shared read=4

                    ->  Parallel Seq Scan on _hyper_1_1353_chunk  (cost=0.00..4.99 rows=99 width=8) (actual time=0.234..0.284 rows=168 loops=1)

                          Buffers: shared read=4

              ->  Partial Aggregate  (cost=5.24..5.25 rows=1 width=32) (actual time=0.223..0.224 rows=1 loops=1)

                    Buffers: shared read=4

                    ->  Parallel Seq Scan on _hyper_1_1354_chunk  (cost=0.00..4.99 rows=99 width=8) (actual time=0.149..0.199 rows=168 loops=1)

                          Buffers: shared read=4

              ->  Partial Aggregate  (cost=5.24..5.25 rows=1 width=32) (actual time=0.333..0.334 rows=1 loops=1)

                    Buffers: shared read=4

                    ->  Parallel Seq Scan on _hyper_1_1355_chunk  (cost=0.00..4.99 rows=99 width=8) (actual time=0.259..0.309 rows=168 loops=1)

                          Buffers: shared read=4

              ->  Partial Aggregate  (cost=5.24..5.25 rows=1 width=32) (actual time=0.252..0.253 rows=1 loops=1)

                    Buffers: shared read=4

                    ->  Parallel Seq Scan on _hyper_1_1356_chunk  (cost=0.00..4.99 rows=99 width=8) (actual time=0.177..0.227 rows=168 loops=1)

                          Buffers: shared read=4

              ->  Partial Aggregate  (cost=5.24..5.25 rows=1 width=32) (actual time=0.202..0.203 rows=1 loops=1)

                    Buffers: shared read=4

                    ->  Parallel Seq Scan on _hyper_1_1357_chunk  (cost=0.00..4.99 rows=99 width=8) (actual time=0.133..0.179 rows=168 loops=1)

                          Buffers: shared read=4

              ->  Partial Aggregate  (cost=5.24..5.25 rows=1 width=32) (actual time=0.290..0.291 rows=1 loops=1)

                    Buffers: shared read=4

                    ->  Parallel Seq Scan on _hyper_1_1358_chunk  (cost=0.00..4.99 rows=99 width=8) (actual time=0.221..0.267 rows=168 loops=1)

                          Buffers: shared read=4

              ->  Partial Aggregate  (cost=5.24..5.25 rows=1 width=32) (actual time=0.234..0.234 rows=1 loops=1)

                    Buffers: shared read=4

                    ->  Parallel Seq Scan on _hyper_1_1359_chunk  (cost=0.00..4.99 rows=99 width=8) (actual time=0.165..0.211 rows=168 loops=1)

                          Buffers: shared read=4

              ->  Partial Aggregate  (cost=5.24..5.25 rows=1 width=32) (actual time=0.305..0.307 rows=1 loops=1)

                    Buffers: shared read=4

                    ->  Parallel Seq Scan on _hyper_1_1360_chunk  (cost=0.00..4.99 rows=99 width=8) (actual time=0.234..0.282 rows=168 loops=1)

                          Buffers: shared read=4

              ->  Partial Aggregate  (cost=5.24..5.25 rows=1 width=32) (actual time=0.230..0.231 rows=1 loops=1)

                    Buffers: shared read=4

                    ->  Parallel Seq Scan on _hyper_1_1361_chunk  (cost=0.00..4.99 rows=99 width=8) (actual time=0.160..0.207 rows=168 loops=1)

                          Buffers: shared read=4

              ->  Partial Aggregate  (cost=5.24..5.25 rows=1 width=32) (actual time=0.219..0.220 rows=1 loops=1)

                    Buffers: shared read=4

                    ->  Parallel Seq Scan on _hyper_1_1362_chunk  (cost=0.00..4.99 rows=99 width=8) (actual time=0.149..0.196 rows=168 loops=1)

                          Buffers: shared read=4

              ->  Partial Aggregate  (cost=5.24..5.25 rows=1 width=32) (actual time=0.561..0.562 rows=1 loops=1)

                    Buffers: shared read=4

                    ->  Parallel Seq Scan on _hyper_1_1363_chunk  (cost=0.00..4.99 rows=99 width=8) (actual time=0.492..0.538 rows=168 loops=1)

                          Buffers: shared read=4

              ->  Partial Aggregate  (cost=5.24..5.25 rows=1 width=32) (actual time=0.232..0.232 rows=1 loops=1)

                    Buffers: shared read=4

                    ->  Parallel Seq Scan on _hyper_1_1364_chunk  (cost=0.00..4.99 rows=99 width=8) (actual time=0.158..0.207 rows=168 loops=1)

                          Buffers: shared read=4

              ->  Partial Aggregate  (cost=5.24..5.25 rows=1 width=32) (actual time=0.330..0.330 rows=1 loops=1)

                    Buffers: shared read=4

                    ->  Parallel Seq Scan on _hyper_1_1365_chunk  (cost=0.00..4.99 rows=99 width=8) (actual time=0.253..0.305 rows=168 loops=1)

                          Buffers: shared read=4

              ->  Partial Aggregate  (cost=5.24..5.25 rows=1 width=32) (actual time=0.299..0.300 rows=1 loops=1)

                    Buffers: shared read=4

                    ->  Parallel Seq Scan on _hyper_1_1366_chunk  (cost=0.00..4.99 rows=99 width=8) (actual time=0.225..0.274 rows=168 loops=1)

                          Buffers: shared read=4

              ->  Partial Aggregate  (cost=5.24..5.25 rows=1 width=32) (actual time=0.297..0.298 rows=1 loops=1)

                    Buffers: shared read=4

                    ->  Parallel Seq Scan on _hyper_1_1368_chunk  (cost=0.00..4.99 rows=99 width=8) (actual time=0.217..0.270 rows=168 loops=1)

                          Buffers: shared read=4

              ->  Partial Aggregate  (cost=5.24..5.25 rows=1 width=32) (actual time=0.250..0.251 rows=1 loops=1)

                    Buffers: shared read=4

                    ->  Parallel Seq Scan on _hyper_1_1369_chunk  (cost=0.00..4.99 rows=99 width=8) (actual time=0.171..0.223 rows=168 loops=1)

                          Buffers: shared read=4

              ->  Partial Aggregate  (cost=5.24..5.25 rows=1 width=32) (actual time=0.243..0.243 rows=1 loops=1)

                    Buffers: shared read=4

                    ->  Parallel Seq Scan on _hyper_1_1370_chunk  (cost=0.00..4.99 rows=99 width=8) (actual time=0.160..0.216 rows=168 loops=1)

                          Buffers: shared read=4

              ->  Partial Aggregate  (cost=5.24..5.25 rows=1 width=32) (actual time=0.352..0.353 rows=1 loops=1)

                    Buffers: shared read=4

                    ->  Parallel Seq Scan on _hyper_1_1371_chunk  (cost=0.00..4.99 rows=99 width=8) (actual time=0.268..0.325 rows=168 loops=1)

                          Buffers: shared read=4

              ->  Partial Aggregate  (cost=5.24..5.25 rows=1 width=32) (actual time=0.316..0.318 rows=1 loops=1)

                    Buffers: shared read=4

                    ->  Parallel Seq Scan on _hyper_1_1372_chunk  (cost=0.00..4.99 rows=99 width=8) (actual time=0.227..0.287 rows=168 loops=1)

                          Buffers: shared read=4

              ->  Partial Aggregate  (cost=5.24..5.25 rows=1 width=32) (actual time=0.277..0.278 rows=1 loops=1)

                    Buffers: shared read=4

                    ->  Parallel Seq Scan on _hyper_1_1373_chunk  (cost=0.00..4.99 rows=99 width=8) (actual time=0.188..0.247 rows=168 loops=1)

                          Buffers: shared read=4

              ->  Partial Aggregate  (cost=5.24..5.25 rows=1 width=32) (actual time=0.267..0.268 rows=1 loops=1)

                    Buffers: shared read=4

                    ->  Parallel Seq Scan on _hyper_1_1374_chunk  (cost=0.00..4.99 rows=99 width=8) (actual time=0.179..0.238 rows=168 loops=1)

                          Buffers: shared read=4

              ->  Partial Aggregate  (cost=5.24..5.25 rows=1 width=32) (actual time=0.250..0.251 rows=1 loops=1)

                    Buffers: shared read=4

                    ->  Parallel Seq Scan on _hyper_1_1375_chunk  (cost=0.00..4.99 rows=99 width=8) (actual time=0.166..0.223 rows=168 loops=1)

                          Buffers: shared read=4

              ->  Partial Aggregate  (cost=5.24..5.25 rows=1 width=32) (actual time=0.440..0.441 rows=1 loops=1)

                    Buffers: shared read=4

                    ->  Parallel Seq Scan on _hyper_1_1376_chunk  (cost=0.00..4.99 rows=99 width=8) (actual time=0.357..0.413 rows=168 loops=1)

                          Buffers: shared read=4

              ->  Partial Aggregate  (cost=5.24..5.25 rows=1 width=32) (actual time=0.251..0.251 rows=1 loops=1)

                    Buffers: shared read=4

                    ->  Parallel Seq Scan on _hyper_1_1377_chunk  (cost=0.00..4.99 rows=99 width=8) (actual time=0.168..0.224 rows=168 loops=1)

                          Buffers: shared read=4

              ->  Partial Aggregate  (cost=5.24..5.25 rows=1 width=32) (actual time=0.393..0.394 rows=1 loops=1)

                    Buffers: shared read=4

                    ->  Parallel Seq Scan on _hyper_1_1379_chunk  (cost=0.00..4.99 rows=99 width=8) (actual time=0.311..0.366 rows=168 loops=1)

                          Buffers: shared read=4

              ->  Partial Aggregate  (cost=5.24..5.25 rows=1 width=32) (actual time=0.239..0.240 rows=1 loops=1)

                    Buffers: shared read=4

                    ->  Parallel Seq Scan on _hyper_1_1380_chunk  (cost=0.00..4.99 rows=99 width=8) (actual time=0.165..0.215 rows=168 loops=1)

                          Buffers: shared read=4

              ->  Partial Aggregate  (cost=5.24..5.25 rows=1 width=32) (actual time=0.241..0.242 rows=1 loops=1)

                    Buffers: shared read=4

                    ->  Parallel Seq Scan on _hyper_1_1381_chunk  (cost=0.00..4.99 rows=99 width=8) (actual time=0.165..0.216 rows=168 loops=1)

                          Buffers: shared read=4

              ->  Partial Aggregate  (cost=5.24..5.25 rows=1 width=32) (actual time=0.289..0.290 rows=1 loops=1)

                    Buffers: shared read=4

                    ->  Parallel Seq Scan on _hyper_1_1382_chunk  (cost=0.00..4.99 rows=99 width=8) (actual time=0.215..0.265 rows=168 loops=1)

                          Buffers: shared read=4

              ->  Partial Aggregate  (cost=5.24..5.25 rows=1 width=32) (actual time=0.249..0.250 rows=1 loops=1)

                    Buffers: shared read=4

                    ->  Parallel Seq Scan on _hyper_1_1383_chunk  (cost=0.00..4.99 rows=99 width=8) (actual time=0.175..0.224 rows=168 loops=1)

                          Buffers: shared read=4

              ->  Partial Aggregate  (cost=5.24..5.25 rows=1 width=32) (actual time=0.255..0.255 rows=1 loops=1)

                    Buffers: shared read=4

                    ->  Parallel Seq Scan on _hyper_1_1384_chunk  (cost=0.00..4.99 rows=99 width=8) (actual time=0.181..0.230 rows=168 loops=1)

                          Buffers: shared read=4

              ->  Partial Aggregate  (cost=5.24..5.25 rows=1 width=32) (actual time=0.433..0.434 rows=1 loops=1)

                    Buffers: shared read=4

                    ->  Parallel Seq Scan on _hyper_1_1385_chunk  (cost=0.00..4.99 rows=99 width=8) (actual time=0.355..0.407 rows=168 loops=1)

                          Buffers: shared read=4

              ->  Partial Aggregate  (cost=5.24..5.25 rows=1 width=32) (actual time=0.258..0.259 rows=1 loops=1)

                    Buffers: shared read=4

                    ->  Parallel Seq Scan on _hyper_1_1386_chunk  (cost=0.00..4.99 rows=99 width=8) (actual time=0.178..0.231 rows=168 loops=1)

                          Buffers: shared read=4

              ->  Partial Aggregate  (cost=5.24..5.25 rows=1 width=32) (actual time=0.298..0.298 rows=1 loops=1)

                    Buffers: shared read=4

                    ->  Parallel Seq Scan on _hyper_1_1387_chunk  (cost=0.00..4.99 rows=99 width=8) (actual time=0.224..0.273 rows=168 loops=1)

                          Buffers: shared read=4

              ->  Partial Aggregate  (cost=5.24..5.25 rows=1 width=32) (actual time=0.263..0.264 rows=1 loops=1)

                    Buffers: shared read=4

                    ->  Parallel Seq Scan on _hyper_1_1389_chunk  (cost=0.00..4.99 rows=99 width=8) (actual time=0.188..0.238 rows=168 loops=1)

                          Buffers: shared read=4

              ->  Partial Aggregate  (cost=5.24..5.25 rows=1 width=32) (actual time=0.298..0.299 rows=1 loops=1)

                    Buffers: shared read=4

                    ->  Parallel Seq Scan on _hyper_1_1390_chunk  (cost=0.00..4.99 rows=99 width=8) (actual time=0.222..0.273 rows=168 loops=1)

                          Buffers: shared read=4

              ->  Partial Aggregate  (cost=5.24..5.25 rows=1 width=32) (actual time=0.363..0.364 rows=1 loops=1)

                    Buffers: shared read=4

                    ->  Parallel Seq Scan on _hyper_1_1391_chunk  (cost=0.00..4.99 rows=99 width=8) (actual time=0.273..0.329 rows=168 loops=1)

                          Buffers: shared read=4

              ->  Partial Aggregate  (cost=5.24..5.25 rows=1 width=32) (actual time=0.228..0.228 rows=1 loops=1)

                    Buffers: shared read=4

                    ->  Parallel Seq Scan on _hyper_1_1392_chunk  (cost=0.00..4.99 rows=99 width=8) (actual time=0.148..0.201 rows=168 loops=1)

                          Buffers: shared read=4

              ->  Partial Aggregate  (cost=5.24..5.25 rows=1 width=32) (actual time=0.343..0.344 rows=1 loops=1)

                    Buffers: shared read=4

                    ->  Parallel Seq Scan on _hyper_1_1394_chunk  (cost=0.00..4.99 rows=99 width=8) (actual time=0.262..0.316 rows=168 loops=1)

                          Buffers: shared read=4

              ->  Partial Aggregate  (cost=5.24..5.25 rows=1 width=32) (actual time=0.264..0.265 rows=1 loops=1)

                    Buffers: shared read=4

                    ->  Parallel Seq Scan on _hyper_1_1395_chunk  (cost=0.00..4.99 rows=99 width=8) (actual time=0.174..0.234 rows=168 loops=1)

                          Buffers: shared read=4

              ->  Partial Aggregate  (cost=5.24..5.25 rows=1 width=32) (actual time=0.274..0.275 rows=1 loops=1)

                    Buffers: shared read=4

                    ->  Parallel Seq Scan on _hyper_1_1396_chunk  (cost=0.00..4.99 rows=99 width=8) (actual time=0.186..0.244 rows=168 loops=1)

                          Buffers: shared read=4

              ->  Partial Aggregate  (cost=5.24..5.25 rows=1 width=32) (actual time=0.267..0.268 rows=1 loops=1)

                    Buffers: shared read=4

                    ->  Parallel Seq Scan on _hyper_1_1397_chunk  (cost=0.00..4.99 rows=99 width=8) (actual time=0.177..0.238 rows=168 loops=1)

                          Buffers: shared read=4

              ->  Partial Aggregate  (cost=5.24..5.25 rows=1 width=32) (actual time=0.259..0.259 rows=1 loops=1)

                    Buffers: shared read=4

                    ->  Parallel Seq Scan on _hyper_1_1398_chunk  (cost=0.00..4.99 rows=99 width=8) (actual time=0.173..0.230 rows=168 loops=1)

                          Buffers: shared read=4

              ->  Partial Aggregate  (cost=5.24..5.25 rows=1 width=32) (actual time=0.269..0.269 rows=1 loops=1)

                    Buffers: shared read=4

                    ->  Parallel Seq Scan on _hyper_1_1399_chunk  (cost=0.00..4.99 rows=99 width=8) (actual time=0.181..0.241 rows=168 loops=1)

                          Buffers: shared read=4

              ->  Partial Aggregate  (cost=5.24..5.25 rows=1 width=32) (actual time=0.306..0.306 rows=1 loops=1)

                    Buffers: shared read=4

                    ->  Parallel Seq Scan on _hyper_1_1400_chunk  (cost=0.00..4.99 rows=99 width=8) (actual time=0.225..0.279 rows=168 loops=1)

                          Buffers: shared read=4

              ->  Partial Aggregate  (cost=5.24..5.25 rows=1 width=32) (actual time=0.248..0.248 rows=1 loops=1)

                    Buffers: shared read=4

                    ->  Parallel Seq Scan on _hyper_1_1401_chunk  (cost=0.00..4.99 rows=99 width=8) (actual time=0.166..0.221 rows=168 loops=1)

                          Buffers: shared read=4

              ->  Partial Aggregate  (cost=5.24..5.25 rows=1 width=32) (actual time=0.253..0.254 rows=1 loops=1)

                    Buffers: shared read=4

                    ->  Parallel Seq Scan on _hyper_1_1402_chunk  (cost=0.00..4.99 rows=99 width=8) (actual time=0.169..0.226 rows=168 loops=1)

                          Buffers: shared read=4

              ->  Partial Aggregate  (cost=5.24..5.25 rows=1 width=32) (actual time=0.238..0.238 rows=1 loops=1)

                    Buffers: shared read=4

                    ->  Parallel Seq Scan on _hyper_1_1403_chunk  (cost=0.00..4.99 rows=99 width=8) (actual time=0.155..0.211 rows=168 loops=1)

                          Buffers: shared read=4

              ->  Partial Aggregate  (cost=5.24..5.25 rows=1 width=32) (actual time=0.312..0.313 rows=1 loops=1)

                    Buffers: shared read=4

                    ->  Parallel Seq Scan on _hyper_1_1404_chunk  (cost=0.00..4.99 rows=99 width=8) (actual time=0.232..0.285 rows=168 loops=1)

                          Buffers: shared read=4

              ->  Partial Aggregate  (cost=5.24..5.25 rows=1 width=32) (actual time=0.246..0.247 rows=1 loops=1)

                    Buffers: shared read=4

                    ->  Parallel Seq Scan on _hyper_1_1405_chunk  (cost=0.00..4.99 rows=99 width=8) (actual time=0.165..0.219 rows=168 loops=1)

                          Buffers: shared read=4

              ->  Partial Aggregate  (cost=5.24..5.25 rows=1 width=32) (actual time=0.245..0.246 rows=1 loops=1)

                    Buffers: shared read=4

                    ->  Parallel Seq Scan on _hyper_1_1406_chunk  (cost=0.00..4.99 rows=99 width=8) (actual time=0.170..0.220 rows=168 loops=1)

                          Buffers: shared read=4

              ->  Partial Aggregate  (cost=5.24..5.25 rows=1 width=32) (actual time=0.302..0.303 rows=1 loops=1)

                    Buffers: shared read=4

                    ->  Parallel Seq Scan on _hyper_1_1407_chunk  (cost=0.00..4.99 rows=99 width=8) (actual time=0.227..0.277 rows=168 loops=1)

                          Buffers: shared read=4

              ->  Partial Aggregate  (cost=5.24..5.25 rows=1 width=32) (actual time=0.231..0.231 rows=1 loops=1)

                    Buffers: shared read=4

                    ->  Parallel Seq Scan on _hyper_1_1408_chunk  (cost=0.00..4.99 rows=99 width=8) (actual time=0.156..0.206 rows=168 loops=1)

                          Buffers: shared read=4

              ->  Partial Aggregate  (cost=5.24..5.25 rows=1 width=32) (actual time=0.297..0.298 rows=1 loops=1)

                    Buffers: shared read=4

                    ->  Parallel Seq Scan on _hyper_1_1409_chunk  (cost=0.00..4.99 rows=99 width=8) (actual time=0.223..0.272 rows=168 loops=1)

                          Buffers: shared read=4

              ->  Partial Aggregate  (cost=5.24..5.25 rows=1 width=32) (actual time=0.261..0.262 rows=1 loops=1)

                    Buffers: shared read=4

                    ->  Parallel Seq Scan on _hyper_1_1410_chunk  (cost=0.00..4.99 rows=99 width=8) (actual time=0.179..0.236 rows=168 loops=1)

                          Buffers: shared read=4

              ->  Partial Aggregate  (cost=5.24..5.25 rows=1 width=32) (actual time=0.242..0.243 rows=1 loops=1)

                    Buffers: shared read=4

                    ->  Parallel Seq Scan on _hyper_1_1411_chunk  (cost=0.00..4.99 rows=99 width=8) (actual time=0.167..0.218 rows=168 loops=1)

                          Buffers: shared read=4

              ->  Partial Aggregate  (cost=5.24..5.25 rows=1 width=32) (actual time=0.235..0.236 rows=1 loops=1)

                    Buffers: shared read=4

                    ->  Parallel Seq Scan on _hyper_1_1412_chunk  (cost=0.00..4.99 rows=99 width=8) (actual time=0.162..0.211 rows=168 loops=1)

                          Buffers: shared read=4

              ->  Partial Aggregate  (cost=5.24..5.25 rows=1 width=32) (actual time=0.246..0.246 rows=1 loops=1)

                    Buffers: shared read=4

                    ->  Parallel Seq Scan on _hyper_1_1413_chunk  (cost=0.00..4.99 rows=99 width=8) (actual time=0.170..0.221 rows=168 loops=1)

                          Buffers: shared read=4

              ->  Partial Aggregate  (cost=5.24..5.25 rows=1 width=32) (actual time=0.296..0.297 rows=1 loops=1)

                    Buffers: shared read=4

                    ->  Parallel Seq Scan on _hyper_1_1414_chunk  (cost=0.00..4.99 rows=99 width=8) (actual time=0.222..0.271 rows=168 loops=1)

                          Buffers: shared read=4

              ->  Partial Aggregate  (cost=5.24..5.25 rows=1 width=32) (actual time=0.227..0.228 rows=1 loops=1)

                    Buffers: shared read=4

                    ->  Parallel Seq Scan on _hyper_1_1416_chunk  (cost=0.00..4.99 rows=99 width=8) (actual time=0.152..0.202 rows=168 loops=1)

                          Buffers: shared read=4

              ->  Partial Aggregate  (cost=5.24..5.25 rows=1 width=32) (actual time=0.252..0.253 rows=1 loops=1)

                    Buffers: shared read=4

                    ->  Parallel Seq Scan on _hyper_1_1417_chunk  (cost=0.00..4.99 rows=99 width=8) (actual time=0.177..0.227 rows=168 loops=1)

                          Buffers: shared read=4

              ->  Partial Aggregate  (cost=5.24..5.25 rows=1 width=32) (actual time=0.227..0.228 rows=1 loops=1)

                    Buffers: shared read=4

                    ->  Parallel Seq Scan on _hyper_1_1418_chunk  (cost=0.00..4.99 rows=99 width=8) (actual time=0.152..0.202 rows=168 loops=1)

                          Buffers: shared read=4

              ->  Partial Aggregate  (cost=5.24..5.25 rows=1 width=32) (actual time=0.305..0.305 rows=1 loops=1)

                    Buffers: shared read=4

                    ->  Parallel Seq Scan on _hyper_1_1419_chunk  (cost=0.00..4.99 rows=99 width=8) (actual time=0.230..0.280 rows=168 loops=1)

                          Buffers: shared read=4

              ->  Partial Aggregate  (cost=5.24..5.25 rows=1 width=32) (actual time=0.300..0.300 rows=1 loops=1)

                    Buffers: shared read=4

                    ->  Parallel Seq Scan on _hyper_1_1420_chunk  (cost=0.00..4.99 rows=99 width=8) (actual time=0.225..0.275 rows=168 loops=1)

                          Buffers: shared read=4

              ->  Partial Aggregate  (cost=5.24..5.25 rows=1 width=32) (actual time=0.293..0.294 rows=1 loops=1)

                    Buffers: shared read=4

                    ->  Parallel Seq Scan on _hyper_1_1421_chunk  (cost=0.00..4.99 rows=99 width=8) (actual time=0.216..0.267 rows=168 loops=1)

                          Buffers: shared read=4

              ->  Partial Aggregate  (cost=5.24..5.25 rows=1 width=32) (actual time=0.249..0.250 rows=1 loops=1)

                    Buffers: shared read=4

                    ->  Parallel Seq Scan on _hyper_1_1422_chunk  (cost=0.00..4.99 rows=99 width=8) (actual time=0.167..0.214 rows=168 loops=1)

                          Buffers: shared read=4

              ->  Partial Aggregate  (cost=5.24..5.25 rows=1 width=32) (actual time=0.215..0.216 rows=1 loops=1)

                    Buffers: shared read=4

                    ->  Parallel Seq Scan on _hyper_1_1423_chunk  (cost=0.00..4.99 rows=99 width=8) (actual time=0.147..0.192 rows=168 loops=1)

                          Buffers: shared read=4

              ->  Partial Aggregate  (cost=5.24..5.25 rows=1 width=32) (actual time=0.268..0.269 rows=1 loops=1)

                    Buffers: shared read=4

                    ->  Parallel Seq Scan on _hyper_1_1424_chunk  (cost=0.00..4.99 rows=99 width=8) (actual time=0.198..0.244 rows=168 loops=1)

                          Buffers: shared read=4

              ->  Partial Aggregate  (cost=5.24..5.25 rows=1 width=32) (actual time=0.237..0.238 rows=1 loops=1)

                    Buffers: shared read=4

                    ->  Parallel Seq Scan on _hyper_1_1425_chunk  (cost=0.00..4.99 rows=99 width=8) (actual time=0.166..0.214 rows=168 loops=1)

                          Buffers: shared read=4

              ->  Partial Aggregate  (cost=5.24..5.25 rows=1 width=32) (actual time=0.295..0.295 rows=1 loops=1)

                    Buffers: shared read=4

                    ->  Parallel Seq Scan on _hyper_1_1427_chunk  (cost=0.00..4.99 rows=99 width=8) (actual time=0.219..0.269 rows=168 loops=1)

                          Buffers: shared read=4

              ->  Partial Aggregate  (cost=5.24..5.25 rows=1 width=32) (actual time=0.240..0.240 rows=1 loops=1)

                    Buffers: shared read=4

                    ->  Parallel Seq Scan on _hyper_1_1428_chunk  (cost=0.00..4.99 rows=99 width=8) (actual time=0.164..0.215 rows=168 loops=1)

                          Buffers: shared read=4

              ->  Partial Aggregate  (cost=5.24..5.25 rows=1 width=32) (actual time=0.274..0.274 rows=1 loops=1)

                    Buffers: shared read=4

                    ->  Parallel Seq Scan on _hyper_1_1429_chunk  (cost=0.00..4.99 rows=99 width=8) (actual time=0.199..0.248 rows=168 loops=1)

                          Buffers: shared read=4

              ->  Partial Aggregate  (cost=5.24..5.25 rows=1 width=32) (actual time=0.239..0.240 rows=1 loops=1)

                    Buffers: shared read=4

                    ->  Parallel Seq Scan on _hyper_1_1430_chunk  (cost=0.00..4.99 rows=99 width=8) (actual time=0.165..0.214 rows=168 loops=1)

                          Buffers: shared read=4

              ->  Partial Aggregate  (cost=5.24..5.25 rows=1 width=32) (actual time=0.236..0.237 rows=1 loops=1)

                    Buffers: shared read=4

                    ->  Parallel Seq Scan on _hyper_1_1431_chunk  (cost=0.00..4.99 rows=99 width=8) (actual time=0.160..0.211 rows=168 loops=1)

                          Buffers: shared read=4

              ->  Partial Aggregate  (cost=5.24..5.25 rows=1 width=32) (actual time=0.295..0.296 rows=1 loops=1)

                    Buffers: shared read=4

                    ->  Parallel Seq Scan on _hyper_1_1432_chunk  (cost=0.00..4.99 rows=99 width=8) (actual time=0.222..0.271 rows=168 loops=1)

                          Buffers: shared read=4

              ->  Partial Aggregate  (cost=5.24..5.25 rows=1 width=32) (actual time=0.237..0.238 rows=1 loops=1)

                    Buffers: shared read=4

                    ->  Parallel Seq Scan on _hyper_1_1433_chunk  (cost=0.00..4.99 rows=99 width=8) (actual time=0.162..0.213 rows=168 loops=1)

                          Buffers: shared read=4

              ->  Partial Aggregate  (cost=5.24..5.25 rows=1 width=32) (actual time=0.287..0.288 rows=1 loops=1)

                    Buffers: shared read=4

                    ->  Parallel Seq Scan on _hyper_1_1434_chunk  (cost=0.00..4.99 rows=99 width=8) (actual time=0.211..0.263 rows=168 loops=1)

                          Buffers: shared read=4

              ->  Partial Aggregate  (cost=5.24..5.25 rows=1 width=32) (actual time=0.234..0.235 rows=1 loops=1)

                    Buffers: shared read=4

                    ->  Parallel Seq Scan on _hyper_1_1435_chunk  (cost=0.00..4.99 rows=99 width=8) (actual time=0.164..0.211 rows=168 loops=1)

                          Buffers: shared read=4

              ->  Partial Aggregate  (cost=5.24..5.25 rows=1 width=32) (actual time=0.280..0.281 rows=1 loops=1)

                    Buffers: shared read=4

                    ->  Parallel Seq Scan on _hyper_1_1436_chunk  (cost=0.00..4.99 rows=99 width=8) (actual time=0.210..0.257 rows=168 loops=1)

                          Buffers: shared read=4

              ->  Partial Aggregate  (cost=5.24..5.25 rows=1 width=32) (actual time=0.225..0.226 rows=1 loops=1)

                    Buffers: shared read=4

                    ->  Parallel Seq Scan on _hyper_1_1437_chunk  (cost=0.00..4.99 rows=99 width=8) (actual time=0.154..0.201 rows=168 loops=1)

                          Buffers: shared read=4

              ->  Partial Aggregate  (cost=5.24..5.25 rows=1 width=32) (actual time=0.276..0.277 rows=1 loops=1)

                    Buffers: shared read=4

                    ->  Parallel Seq Scan on _hyper_1_1438_chunk  (cost=0.00..4.99 rows=99 width=8) (actual time=0.207..0.253 rows=168 loops=1)

                          Buffers: shared read=4

              ->  Partial Aggregate  (cost=5.24..5.25 rows=1 width=32) (actual time=0.238..0.238 rows=1 loops=1)

                    Buffers: shared read=4

                    ->  Parallel Seq Scan on _hyper_1_1439_chunk  (cost=0.00..4.99 rows=99 width=8) (actual time=0.168..0.215 rows=168 loops=1)

                          Buffers: shared read=4

              ->  Partial Aggregate  (cost=5.24..5.25 rows=1 width=32) (actual time=0.283..0.283 rows=1 loops=1)

                    Buffers: shared read=4

                    ->  Parallel Seq Scan on _hyper_1_1440_chunk  (cost=0.00..4.99 rows=99 width=8) (actual time=0.214..0.260 rows=168 loops=1)

                          Buffers: shared read=4

              ->  Partial Aggregate  (cost=5.24..5.25 rows=1 width=32) (actual time=0.226..0.226 rows=1 loops=1)

                    Buffers: shared read=4

                    ->  Parallel Seq Scan on _hyper_1_1441_chunk  (cost=0.00..4.99 rows=99 width=8) (actual time=0.156..0.202 rows=168 loops=1)

                          Buffers: shared read=4

              ->  Partial Aggregate  (cost=5.24..5.25 rows=1 width=32) (actual time=0.299..0.300 rows=1 loops=1)

                    Buffers: shared read=4

                    ->  Parallel Seq Scan on _hyper_1_1442_chunk  (cost=0.00..4.99 rows=99 width=8) (actual time=0.231..0.276 rows=168 loops=1)

                          Buffers: shared read=4

              ->  Partial Aggregate  (cost=5.24..5.25 rows=1 width=32) (actual time=0.225..0.225 rows=1 loops=1)

                    Buffers: shared read=4

                    ->  Parallel Seq Scan on _hyper_1_1443_chunk  (cost=0.00..4.99 rows=99 width=8) (actual time=0.153..0.199 rows=168 loops=1)

                          Buffers: shared read=4

              ->  Partial Aggregate  (cost=5.24..5.25 rows=1 width=32) (actual time=0.225..0.226 rows=1 loops=1)

                    Buffers: shared read=4

                    ->  Parallel Seq Scan on _hyper_1_1444_chunk  (cost=0.00..4.99 rows=99 width=8) (actual time=0.155..0.203 rows=168 loops=1)

                          Buffers: shared read=4

              ->  Partial Aggregate  (cost=5.24..5.25 rows=1 width=32) (actual time=0.243..0.243 rows=1 loops=1)

                    Buffers: shared read=4

                    ->  Parallel Seq Scan on _hyper_1_1445_chunk  (cost=0.00..4.99 rows=99 width=8) (actual time=0.172..0.220 rows=168 loops=1)

                          Buffers: shared read=4

              ->  Partial Aggregate  (cost=5.24..5.25 rows=1 width=32) (actual time=0.225..0.226 rows=1 loops=1)

                    Buffers: shared read=4

                    ->  Parallel Seq Scan on _hyper_1_1446_chunk  (cost=0.00..4.99 rows=99 width=8) (actual time=0.155..0.202 rows=168 loops=1)

                          Buffers: shared read=4

              ->  Partial Aggregate  (cost=5.24..5.25 rows=1 width=32) (actual time=0.278..0.278 rows=1 loops=1)

                    Buffers: shared read=4

                    ->  Parallel Seq Scan on _hyper_1_1447_chunk  (cost=0.00..4.99 rows=99 width=8) (actual time=0.209..0.255 rows=168 loops=1)

                          Buffers: shared read=4

              ->  Partial Aggregate  (cost=5.24..5.25 rows=1 width=32) (actual time=0.223..0.224 rows=1 loops=1)

                    Buffers: shared read=4

                    ->  Parallel Seq Scan on _hyper_1_1448_chunk  (cost=0.00..4.99 rows=99 width=8) (actual time=0.154..0.200 rows=168 loops=1)

                          Buffers: shared read=4

              ->  Partial Aggregate  (cost=5.24..5.25 rows=1 width=32) (actual time=0.218..0.219 rows=1 loops=1)

                    Buffers: shared read=4

                    ->  Parallel Seq Scan on _hyper_1_1449_chunk  (cost=0.00..4.99 rows=99 width=8) (actual time=0.149..0.195 rows=168 loops=1)

                          Buffers: shared read=4

              ->  Partial Aggregate  (cost=5.24..5.25 rows=1 width=32) (actual time=0.298..0.298 rows=1 loops=1)

                    Buffers: shared read=4

                    ->  Parallel Seq Scan on _hyper_1_1450_chunk  (cost=0.00..4.99 rows=99 width=8) (actual time=0.228..0.274 rows=168 loops=1)

                          Buffers: shared read=4

              ->  Partial Aggregate  (cost=5.24..5.25 rows=1 width=32) (actual time=0.226..0.227 rows=1 loops=1)

                    Buffers: shared read=4

                    ->  Parallel Seq Scan on _hyper_1_1451_chunk  (cost=0.00..4.99 rows=99 width=8) (actual time=0.156..0.203 rows=168 loops=1)

                          Buffers: shared read=4

              ->  Partial Aggregate  (cost=5.24..5.25 rows=1 width=32) (actual time=0.282..0.282 rows=1 loops=1)

                    Buffers: shared read=4

                    ->  Parallel Seq Scan on _hyper_1_1453_chunk  (cost=0.00..4.99 rows=99 width=8) (actual time=0.212..0.258 rows=168 loops=1)

                          Buffers: shared read=4

              ->  Partial Aggregate  (cost=5.24..5.25 rows=1 width=32) (actual time=0.245..0.246 rows=1 loops=1)

                    Buffers: shared read=4

                    ->  Parallel Seq Scan on _hyper_1_1454_chunk  (cost=0.00..4.99 rows=99 width=8) (actual time=0.176..0.223 rows=168 loops=1)

                          Buffers: shared read=4

              ->  Partial Aggregate  (cost=5.24..5.25 rows=1 width=32) (actual time=0.300..0.300 rows=1 loops=1)

                    Buffers: shared read=4

                    ->  Parallel Seq Scan on _hyper_1_1455_chunk  (cost=0.00..4.99 rows=99 width=8) (actual time=0.223..0.275 rows=168 loops=1)

                          Buffers: shared read=4

              ->  Partial Aggregate  (cost=5.24..5.25 rows=1 width=32) (actual time=0.322..0.322 rows=1 loops=1)

                    Buffers: shared read=4

                    ->  Parallel Seq Scan on _hyper_1_1456_chunk  (cost=0.00..4.99 rows=99 width=8) (actual time=0.242..0.294 rows=168 loops=1)

                          Buffers: shared read=4

              ->  Partial Aggregate  (cost=5.24..5.25 rows=1 width=32) (actual time=0.290..0.291 rows=1 loops=1)

                    Buffers: shared read=4

                    ->  Parallel Seq Scan on _hyper_1_1457_chunk  (cost=0.00..4.99 rows=99 width=8) (actual time=0.215..0.265 rows=168 loops=1)

                          Buffers: shared read=4

              ->  Partial Aggregate  (cost=5.24..5.25 rows=1 width=32) (actual time=0.255..0.256 rows=1 loops=1)

                    Buffers: shared read=4

                    ->  Parallel Seq Scan on _hyper_1_1458_chunk  (cost=0.00..4.99 rows=99 width=8) (actual time=0.180..0.230 rows=168 loops=1)

                          Buffers: shared read=4

              ->  Partial Aggregate  (cost=5.24..5.25 rows=1 width=32) (actual time=0.265..0.265 rows=1 loops=1)

                    Buffers: shared read=4

                    ->  Parallel Seq Scan on _hyper_1_1459_chunk  (cost=0.00..4.99 rows=99 width=8) (actual time=0.184..0.238 rows=168 loops=1)

                          Buffers: shared read=4

              ->  Partial Aggregate  (cost=5.24..5.25 rows=1 width=32) (actual time=0.318..0.319 rows=1 loops=1)

                    Buffers: shared read=4

                    ->  Parallel Seq Scan on _hyper_1_1460_chunk  (cost=0.00..4.99 rows=99 width=8) (actual time=0.234..0.291 rows=168 loops=1)

                          Buffers: shared read=4

              ->  Partial Aggregate  (cost=5.24..5.25 rows=1 width=32) (actual time=0.269..0.270 rows=1 loops=1)

                    Buffers: shared read=4

                    ->  Parallel Seq Scan on _hyper_1_1461_chunk  (cost=0.00..4.99 rows=99 width=8) (actual time=0.185..0.242 rows=168 loops=1)

                          Buffers: shared read=4

              ->  Partial Aggregate  (cost=5.24..5.25 rows=1 width=32) (actual time=0.336..0.337 rows=1 loops=1)

                    Buffers: shared read=4

                    ->  Parallel Seq Scan on _hyper_1_1462_chunk  (cost=0.00..4.99 rows=99 width=8) (actual time=0.246..0.306 rows=168 loops=1)

                          Buffers: shared read=4

              ->  Partial Aggregate  (cost=5.24..5.25 rows=1 width=32) (actual time=0.314..0.315 rows=1 loops=1)

                    Buffers: shared read=4

                    ->  Parallel Seq Scan on _hyper_1_1464_chunk  (cost=0.00..4.99 rows=99 width=8) (actual time=0.224..0.284 rows=168 loops=1)

                          Buffers: shared read=4

              ->  Partial Aggregate  (cost=5.24..5.25 rows=1 width=32) (actual time=0.332..0.332 rows=1 loops=1)

                    Buffers: shared read=4

                    ->  Parallel Seq Scan on _hyper_1_1465_chunk  (cost=0.00..4.99 rows=99 width=8) (actual time=0.241..0.302 rows=168 loops=1)

                          Buffers: shared read=4

              ->  Partial Aggregate  (cost=5.24..5.25 rows=1 width=32) (actual time=0.264..0.265 rows=1 loops=1)

                    Buffers: shared read=4

                    ->  Parallel Seq Scan on _hyper_1_1466_chunk  (cost=0.00..4.99 rows=99 width=8) (actual time=0.179..0.236 rows=168 loops=1)

                          Buffers: shared read=4

              ->  Partial Aggregate  (cost=5.24..5.25 rows=1 width=32) (actual time=0.363..0.364 rows=1 loops=1)

                    Buffers: shared read=4

                    ->  Parallel Seq Scan on _hyper_1_1467_chunk  (cost=0.00..4.99 rows=99 width=8) (actual time=0.274..0.335 rows=168 loops=1)

                          Buffers: shared read=4

              ->  Partial Aggregate  (cost=5.24..5.25 rows=1 width=32) (actual time=0.319..0.320 rows=1 loops=1)

                    Buffers: shared read=4

                    ->  Parallel Seq Scan on _hyper_1_1468_chunk  (cost=0.00..4.99 rows=99 width=8) (actual time=0.237..0.292 rows=168 loops=1)

                          Buffers: shared read=4

              ->  Partial Aggregate  (cost=5.24..5.25 rows=1 width=32) (actual time=0.229..0.230 rows=1 loops=1)

                    Buffers: shared read=4

                    ->  Parallel Seq Scan on _hyper_1_1469_chunk  (cost=0.00..4.99 rows=99 width=8) (actual time=0.155..0.204 rows=168 loops=1)

                          Buffers: shared read=4

              ->  Partial Aggregate  (cost=5.24..5.25 rows=1 width=32) (actual time=0.241..0.242 rows=1 loops=1)

                    Buffers: shared read=4

                    ->  Parallel Seq Scan on _hyper_1_1470_chunk  (cost=0.00..4.99 rows=99 width=8) (actual time=0.163..0.215 rows=168 loops=1)

                          Buffers: shared read=4

              ->  Partial Aggregate  (cost=5.24..5.25 rows=1 width=32) (actual time=0.240..0.240 rows=1 loops=1)

                    Buffers: shared read=4

                    ->  Parallel Seq Scan on _hyper_1_1471_chunk  (cost=0.00..4.99 rows=99 width=8) (actual time=0.165..0.215 rows=168 loops=1)

                          Buffers: shared read=4

              ->  Partial Aggregate  (cost=5.24..5.25 rows=1 width=32) (actual time=0.286..0.287 rows=1 loops=1)

                    Buffers: shared read=4

                    ->  Parallel Seq Scan on _hyper_1_1472_chunk  (cost=0.00..4.99 rows=99 width=8) (actual time=0.213..0.262 rows=168 loops=1)

                          Buffers: shared read=4

              ->  Partial Aggregate  (cost=5.24..5.25 rows=1 width=32) (actual time=0.303..0.304 rows=1 loops=1)

                    Buffers: shared read=4

                    ->  Parallel Seq Scan on _hyper_1_1473_chunk  (cost=0.00..4.99 rows=99 width=8) (actual time=0.219..0.275 rows=168 loops=1)

                          Buffers: shared read=4

              ->  Partial Aggregate  (cost=5.24..5.25 rows=1 width=32) (actual time=0.247..0.247 rows=1 loops=1)

                    Buffers: shared read=4

                    ->  Parallel Seq Scan on _hyper_1_1474_chunk  (cost=0.00..4.99 rows=99 width=8) (actual time=0.159..0.214 rows=168 loops=1)

                          Buffers: shared read=4

              ->  Partial Aggregate  (cost=5.24..5.25 rows=1 width=32) (actual time=0.297..0.297 rows=1 loops=1)

                    Buffers: shared read=4

                    ->  Parallel Seq Scan on _hyper_1_1475_chunk  (cost=0.00..4.99 rows=99 width=8) (actual time=0.217..0.270 rows=168 loops=1)

                          Buffers: shared read=4

              ->  Partial Aggregate  (cost=5.24..5.25 rows=1 width=32) (actual time=0.308..0.309 rows=1 loops=1)

                    Buffers: shared read=4

                    ->  Parallel Seq Scan on _hyper_1_1476_chunk  (cost=0.00..4.99 rows=99 width=8) (actual time=0.226..0.280 rows=168 loops=1)

                          Buffers: shared read=4

              ->  Partial Aggregate  (cost=5.24..5.25 rows=1 width=32) (actual time=0.340..0.341 rows=1 loops=1)

                    Buffers: shared read=4

                    ->  Parallel Seq Scan on _hyper_1_1477_chunk  (cost=0.00..4.99 rows=99 width=8) (actual time=0.249..0.311 rows=168 loops=1)

                          Buffers: shared read=4

              ->  Partial Aggregate  (cost=5.24..5.25 rows=1 width=32) (actual time=0.327..0.328 rows=1 loops=1)

                    Buffers: shared read=4

                    ->  Parallel Seq Scan on _hyper_1_1478_chunk  (cost=0.00..4.99 rows=99 width=8) (actual time=0.236..0.298 rows=168 loops=1)

                          Buffers: shared read=4

              ->  Partial Aggregate  (cost=5.24..5.25 rows=1 width=32) (actual time=0.452..0.453 rows=1 loops=1)

                    Buffers: shared read=4

                    ->  Parallel Seq Scan on _hyper_1_1479_chunk  (cost=0.00..4.99 rows=99 width=8) (actual time=0.347..0.416 rows=168 loops=1)

                          Buffers: shared read=4

              ->  Partial Aggregate  (cost=5.24..5.25 rows=1 width=32) (actual time=0.299..0.299 rows=1 loops=1)

                    Buffers: shared read=4

                    ->  Parallel Seq Scan on _hyper_1_1480_chunk  (cost=0.00..4.99 rows=99 width=8) (actual time=0.190..0.259 rows=168 loops=1)

                          Buffers: shared read=4

              ->  Partial Aggregate  (cost=5.24..5.25 rows=1 width=32) (actual time=0.303..0.303 rows=1 loops=1)

                    Buffers: shared read=4

                    ->  Parallel Seq Scan on _hyper_1_1481_chunk  (cost=0.00..4.99 rows=99 width=8) (actual time=0.203..0.270 rows=168 loops=1)

                          Buffers: shared read=4

              ->  Partial Aggregate  (cost=5.24..5.25 rows=1 width=32) (actual time=0.273..0.273 rows=1 loops=1)

                    Buffers: shared read=4

                    ->  Parallel Seq Scan on _hyper_1_1482_chunk  (cost=0.00..4.99 rows=99 width=8) (actual time=0.173..0.240 rows=168 loops=1)

                          Buffers: shared read=4

              ->  Partial Aggregate  (cost=5.24..5.25 rows=1 width=32) (actual time=0.381..0.381 rows=1 loops=1)

                    Buffers: shared read=4

                    ->  Parallel Seq Scan on _hyper_1_1483_chunk  (cost=0.00..4.99 rows=99 width=8) (actual time=0.279..0.347 rows=168 loops=1)

                          Buffers: shared read=4

              ->  Partial Aggregate  (cost=5.24..5.25 rows=1 width=32) (actual time=0.346..0.347 rows=1 loops=1)

                    Buffers: shared read=4

                    ->  Parallel Seq Scan on _hyper_1_1484_chunk  (cost=0.00..4.99 rows=99 width=8) (actual time=0.243..0.313 rows=168 loops=1)

                          Buffers: shared read=4

              ->  Partial Aggregate  (cost=5.24..5.25 rows=1 width=32) (actual time=0.345..0.346 rows=1 loops=1)

                    Buffers: shared read=4

                    ->  Parallel Seq Scan on _hyper_1_1485_chunk  (cost=0.00..4.99 rows=99 width=8) (actual time=0.247..0.313 rows=168 loops=1)

                          Buffers: shared read=4

              ->  Partial Aggregate  (cost=5.24..5.25 rows=1 width=32) (actual time=0.359..0.359 rows=1 loops=1)

                    Buffers: shared read=4

                    ->  Parallel Seq Scan on _hyper_1_1486_chunk  (cost=0.00..4.99 rows=99 width=8) (actual time=0.249..0.318 rows=168 loops=1)

                          Buffers: shared read=4

              ->  Partial Aggregate  (cost=5.24..5.25 rows=1 width=32) (actual time=0.345..0.345 rows=1 loops=1)

                    Buffers: shared read=4

                    ->  Parallel Seq Scan on _hyper_1_1487_chunk  (cost=0.00..4.99 rows=99 width=8) (actual time=0.244..0.312 rows=168 loops=1)

                          Buffers: shared read=4

              ->  Partial Aggregate  (cost=5.24..5.25 rows=1 width=32) (actual time=0.261..0.261 rows=1 loops=1)

                    Buffers: shared read=4

                    ->  Parallel Seq Scan on _hyper_1_1488_chunk  (cost=0.00..4.99 rows=99 width=8) (actual time=0.170..0.231 rows=168 loops=1)

                          Buffers: shared read=4

              ->  Partial Aggregate  (cost=5.24..5.25 rows=1 width=32) (actual time=0.286..0.287 rows=1 loops=1)

                    Buffers: shared read=4

                    ->  Parallel Seq Scan on _hyper_1_1489_chunk  (cost=0.00..4.99 rows=99 width=8) (actual time=0.187..0.249 rows=168 loops=1)

                          Buffers: shared read=4

              ->  Partial Aggregate  (cost=5.24..5.25 rows=1 width=32) (actual time=0.273..0.274 rows=1 loops=1)

                    Buffers: shared read=4

                    ->  Parallel Seq Scan on _hyper_1_1490_chunk  (cost=0.00..4.99 rows=99 width=8) (actual time=0.179..0.244 rows=168 loops=1)

                          Buffers: shared read=4

              ->  Partial Aggregate  (cost=5.24..5.25 rows=1 width=32) (actual time=0.260..0.260 rows=1 loops=1)

                    Buffers: shared read=4

                    ->  Parallel Seq Scan on _hyper_1_1491_chunk  (cost=0.00..4.99 rows=99 width=8) (actual time=0.170..0.229 rows=168 loops=1)

                          Buffers: shared read=4

              ->  Partial Aggregate  (cost=5.24..5.25 rows=1 width=32) (actual time=0.302..0.302 rows=1 loops=1)

                    Buffers: shared read=4

                    ->  Parallel Seq Scan on _hyper_1_1492_chunk  (cost=0.00..4.99 rows=99 width=8) (actual time=0.212..0.272 rows=168 loops=1)

                          Buffers: shared read=4

              ->  Partial Aggregate  (cost=5.24..5.25 rows=1 width=32) (actual time=0.261..0.262 rows=1 loops=1)

                    Buffers: shared read=4

                    ->  Parallel Seq Scan on _hyper_1_1493_chunk  (cost=0.00..4.99 rows=99 width=8) (actual time=0.166..0.227 rows=168 loops=1)

                          Buffers: shared read=4

              ->  Partial Aggregate  (cost=5.24..5.25 rows=1 width=32) (actual time=0.270..0.270 rows=1 loops=1)

                    Buffers: shared read=4

                    ->  Parallel Seq Scan on _hyper_1_1494_chunk  (cost=0.00..4.99 rows=99 width=8) (actual time=0.180..0.240 rows=168 loops=1)

                          Buffers: shared read=4

              ->  Partial Aggregate  (cost=5.24..5.25 rows=1 width=32) (actual time=0.326..0.326 rows=1 loops=1)

                    Buffers: shared read=4

                    ->  Parallel Seq Scan on _hyper_1_1496_chunk  (cost=0.00..4.99 rows=99 width=8) (actual time=0.234..0.296 rows=168 loops=1)

                          Buffers: shared read=4

              ->  Partial Aggregate  (cost=5.24..5.25 rows=1 width=32) (actual time=0.448..0.449 rows=1 loops=1)

                    Buffers: shared read=4

                    ->  Parallel Seq Scan on _hyper_1_1497_chunk  (cost=0.00..4.99 rows=99 width=8) (actual time=0.366..0.421 rows=168 loops=1)

                          Buffers: shared read=4

              ->  Partial Aggregate  (cost=5.24..5.25 rows=1 width=32) (actual time=0.309..0.309 rows=1 loops=1)

                    Buffers: shared read=4

                    ->  Parallel Seq Scan on _hyper_1_1498_chunk  (cost=0.00..4.99 rows=99 width=8) (actual time=0.228..0.282 rows=168 loops=1)

                          Buffers: shared read=4

              ->  Partial Aggregate  (cost=5.24..5.25 rows=1 width=32) (actual time=0.303..0.303 rows=1 loops=1)

                    Buffers: shared read=4

                    ->  Parallel Seq Scan on _hyper_1_1499_chunk  (cost=0.00..4.99 rows=99 width=8) (actual time=0.227..0.278 rows=168 loops=1)

                          Buffers: shared read=4

              ->  Partial Aggregate  (cost=5.24..5.25 rows=1 width=32) (actual time=0.306..0.307 rows=1 loops=1)

                    Buffers: shared read=4

                    ->  Parallel Seq Scan on _hyper_1_1500_chunk  (cost=0.00..4.99 rows=99 width=8) (actual time=0.230..0.281 rows=168 loops=1)

                          Buffers: shared read=4

              ->  Partial Aggregate  (cost=5.24..5.25 rows=1 width=32) (actual time=0.303..0.304 rows=1 loops=1)

                    Buffers: shared read=4

                    ->  Parallel Seq Scan on _hyper_1_1501_chunk  (cost=0.00..4.99 rows=99 width=8) (actual time=0.229..0.279 rows=168 loops=1)

                          Buffers: shared read=4

              ->  Partial Aggregate  (cost=5.24..5.25 rows=1 width=32) (actual time=0.241..0.242 rows=1 loops=1)

                    Buffers: shared read=4

                    ->  Parallel Seq Scan on _hyper_1_1502_chunk  (cost=0.00..4.99 rows=99 width=8) (actual time=0.165..0.216 rows=168 loops=1)

                          Buffers: shared read=4

              ->  Partial Aggregate  (cost=5.24..5.25 rows=1 width=32) (actual time=0.308..0.309 rows=1 loops=1)

                    Buffers: shared read=4

                    ->  Parallel Seq Scan on _hyper_1_1503_chunk  (cost=0.00..4.99 rows=99 width=8) (actual time=0.234..0.284 rows=168 loops=1)

                          Buffers: shared read=4

              ->  Partial Aggregate  (cost=5.24..5.25 rows=1 width=32) (actual time=0.301..0.301 rows=1 loops=1)

                    Buffers: shared read=4

                    ->  Parallel Seq Scan on _hyper_1_1504_chunk  (cost=0.00..4.99 rows=99 width=8) (actual time=0.224..0.275 rows=168 loops=1)

                          Buffers: shared read=4

              ->  Partial Aggregate  (cost=5.24..5.25 rows=1 width=32) (actual time=0.251..0.252 rows=1 loops=1)

                    Buffers: shared read=4

                    ->  Parallel Seq Scan on _hyper_1_1505_chunk  (cost=0.00..4.99 rows=99 width=8) (actual time=0.176..0.227 rows=168 loops=1)

                          Buffers: shared read=4

              ->  Partial Aggregate  (cost=5.24..5.25 rows=1 width=32) (actual time=0.236..0.237 rows=1 loops=1)

                    Buffers: shared read=4

                    ->  Parallel Seq Scan on _hyper_1_1506_chunk  (cost=0.00..4.99 rows=99 width=8) (actual time=0.161..0.211 rows=168 loops=1)

                          Buffers: shared read=4

              ->  Partial Aggregate  (cost=5.24..5.25 rows=1 width=32) (actual time=0.329..0.329 rows=1 loops=1)

                    Buffers: shared read=4

                    ->  Parallel Seq Scan on _hyper_1_1507_chunk  (cost=0.00..4.99 rows=99 width=8) (actual time=0.251..0.304 rows=168 loops=1)

                          Buffers: shared read=4

              ->  Partial Aggregate  (cost=5.24..5.25 rows=1 width=32) (actual time=0.232..0.233 rows=1 loops=1)

                    Buffers: shared read=4

                    ->  Parallel Seq Scan on _hyper_1_1508_chunk  (cost=0.00..4.99 rows=99 width=8) (actual time=0.156..0.207 rows=168 loops=1)

                          Buffers: shared read=4

              ->  Partial Aggregate  (cost=5.24..5.25 rows=1 width=32) (actual time=0.283..0.284 rows=1 loops=1)

                    Buffers: shared read=4

                    ->  Parallel Seq Scan on _hyper_1_1509_chunk  (cost=0.00..4.99 rows=99 width=8) (actual time=0.207..0.257 rows=168 loops=1)

                          Buffers: shared read=4

              ->  Partial Aggregate  (cost=5.24..5.25 rows=1 width=32) (actual time=0.228..0.228 rows=1 loops=1)

                    Buffers: shared read=4

                    ->  Parallel Seq Scan on _hyper_1_1510_chunk  (cost=0.00..4.99 rows=99 width=8) (actual time=0.146..0.201 rows=168 loops=1)

                          Buffers: shared read=4

              ->  Partial Aggregate  (cost=5.24..5.25 rows=1 width=32) (actual time=0.261..0.262 rows=1 loops=1)

                    Buffers: shared read=4

                    ->  Parallel Seq Scan on _hyper_1_1511_chunk  (cost=0.00..4.99 rows=99 width=8) (actual time=0.174..0.229 rows=168 loops=1)

                          Buffers: shared read=4

              ->  Partial Aggregate  (cost=5.24..5.25 rows=1 width=32) (actual time=0.310..0.310 rows=1 loops=1)

                    Buffers: shared read=4

                    ->  Parallel Seq Scan on _hyper_1_1512_chunk  (cost=0.00..4.99 rows=99 width=8) (actual time=0.229..0.283 rows=168 loops=1)

                          Buffers: shared read=4

              ->  Partial Aggregate  (cost=5.24..5.25 rows=1 width=32) (actual time=0.260..0.261 rows=1 loops=1)

                    Buffers: shared read=4

                    ->  Parallel Seq Scan on _hyper_1_1513_chunk  (cost=0.00..4.99 rows=99 width=8) (actual time=0.180..0.233 rows=168 loops=1)

                          Buffers: shared read=4

              ->  Partial Aggregate  (cost=5.24..5.25 rows=1 width=32) (actual time=0.337..0.338 rows=1 loops=1)

                    Buffers: shared read=4

                    ->  Parallel Seq Scan on _hyper_1_1514_chunk  (cost=0.00..4.99 rows=99 width=8) (actual time=0.247..0.307 rows=168 loops=1)

                          Buffers: shared read=4

              ->  Partial Aggregate  (cost=5.24..5.25 rows=1 width=32) (actual time=0.262..0.263 rows=1 loops=1)

                    Buffers: shared read=4

                    ->  Parallel Seq Scan on _hyper_1_1515_chunk  (cost=0.00..4.99 rows=99 width=8) (actual time=0.173..0.232 rows=168 loops=1)

                          Buffers: shared read=4

              ->  Partial Aggregate  (cost=5.24..5.25 rows=1 width=32) (actual time=0.328..0.328 rows=1 loops=1)

                    Buffers: shared read=4

                    ->  Parallel Seq Scan on _hyper_1_1516_chunk  (cost=0.00..4.99 rows=99 width=8) (actual time=0.231..0.298 rows=168 loops=1)

                          Buffers: shared read=4

              ->  Partial Aggregate  (cost=5.24..5.25 rows=1 width=32) (actual time=0.257..0.258 rows=1 loops=1)

                    Buffers: shared read=4

                    ->  Parallel Seq Scan on _hyper_1_1517_chunk  (cost=0.00..4.99 rows=99 width=8) (actual time=0.167..0.227 rows=168 loops=1)

                          Buffers: shared read=4

              ->  Partial Aggregate  (cost=5.24..5.25 rows=1 width=32) (actual time=0.354..0.355 rows=1 loops=1)

                    Buffers: shared read=4

                    ->  Parallel Seq Scan on _hyper_1_1518_chunk  (cost=0.00..4.99 rows=99 width=8) (actual time=0.254..0.324 rows=168 loops=1)

                          Buffers: shared read=4

              ->  Partial Aggregate  (cost=5.24..5.25 rows=1 width=32) (actual time=0.272..0.273 rows=1 loops=1)

                    Buffers: shared read=4

                    ->  Parallel Seq Scan on _hyper_1_1519_chunk  (cost=0.00..4.99 rows=99 width=8) (actual time=0.184..0.243 rows=168 loops=1)

                          Buffers: shared read=4

              ->  Partial Aggregate  (cost=5.24..5.25 rows=1 width=32) (actual time=0.322..0.322 rows=1 loops=1)

                    Buffers: shared read=4

                    ->  Parallel Seq Scan on _hyper_1_1520_chunk  (cost=0.00..4.99 rows=99 width=8) (actual time=0.238..0.294 rows=168 loops=1)

                          Buffers: shared read=4

              ->  Partial Aggregate  (cost=5.24..5.25 rows=1 width=32) (actual time=0.328..0.329 rows=1 loops=1)

                    Buffers: shared read=4

                    ->  Parallel Seq Scan on _hyper_1_1521_chunk  (cost=0.00..4.99 rows=99 width=8) (actual time=0.237..0.301 rows=168 loops=1)

                          Buffers: shared read=4

              ->  Partial Aggregate  (cost=5.24..5.25 rows=1 width=32) (actual time=0.253..0.253 rows=1 loops=1)

                    Buffers: shared read=4

                    ->  Parallel Seq Scan on _hyper_1_1522_chunk  (cost=0.00..4.99 rows=99 width=8) (actual time=0.172..0.226 rows=168 loops=1)

                          Buffers: shared read=4

              ->  Partial Aggregate  (cost=5.24..5.25 rows=1 width=32) (actual time=0.278..0.279 rows=1 loops=1)

                    Buffers: shared read=4

                    ->  Parallel Seq Scan on _hyper_1_1523_chunk  (cost=0.00..4.99 rows=99 width=8) (actual time=0.198..0.252 rows=168 loops=1)

                          Buffers: shared read=4

              ->  Partial Aggregate  (cost=5.24..5.25 rows=1 width=32) (actual time=0.325..0.326 rows=1 loops=1)

                    Buffers: shared read=4

                    ->  Parallel Seq Scan on _hyper_1_1524_chunk  (cost=0.00..4.99 rows=99 width=8) (actual time=0.241..0.297 rows=168 loops=1)

                          Buffers: shared read=4

              ->  Partial Aggregate  (cost=5.24..5.25 rows=1 width=32) (actual time=0.249..0.250 rows=1 loops=1)

                    Buffers: shared read=4

                    ->  Parallel Seq Scan on _hyper_1_1525_chunk  (cost=0.00..4.99 rows=99 width=8) (actual time=0.169..0.222 rows=168 loops=1)

                          Buffers: shared read=4

              ->  Partial Aggregate  (cost=5.24..5.25 rows=1 width=32) (actual time=0.320..0.320 rows=1 loops=1)

                    Buffers: shared read=4

                    ->  Parallel Seq Scan on _hyper_1_1526_chunk  (cost=0.00..4.99 rows=99 width=8) (actual time=0.238..0.293 rows=168 loops=1)

                          Buffers: shared read=4

              ->  Partial Aggregate  (cost=5.24..5.25 rows=1 width=32) (actual time=0.337..0.338 rows=1 loops=1)

                    Buffers: shared read=4

                    ->  Parallel Seq Scan on _hyper_1_1527_chunk  (cost=0.00..4.99 rows=99 width=8) (actual time=0.262..0.312 rows=168 loops=1)

                          Buffers: shared read=4

              ->  Partial Aggregate  (cost=5.24..5.25 rows=1 width=32) (actual time=0.295..0.296 rows=1 loops=1)

                    Buffers: shared read=4

                    ->  Parallel Seq Scan on _hyper_1_1529_chunk  (cost=0.00..4.99 rows=99 width=8) (actual time=0.219..0.270 rows=168 loops=1)

                          Buffers: shared read=4

              ->  Partial Aggregate  (cost=5.24..5.25 rows=1 width=32) (actual time=0.304..0.305 rows=1 loops=1)

                    Buffers: shared read=4

                    ->  Parallel Seq Scan on _hyper_1_1530_chunk  (cost=0.00..4.99 rows=99 width=8) (actual time=0.229..0.279 rows=168 loops=1)

                          Buffers: shared read=4

              ->  Partial Aggregate  (cost=5.24..5.25 rows=1 width=32) (actual time=0.244..0.244 rows=1 loops=1)

                    Buffers: shared read=4

                    ->  Parallel Seq Scan on _hyper_1_1531_chunk  (cost=0.00..4.99 rows=99 width=8) (actual time=0.166..0.219 rows=168 loops=1)

                          Buffers: shared read=4

              ->  Partial Aggregate  (cost=5.24..5.25 rows=1 width=32) (actual time=0.271..0.272 rows=1 loops=1)

                    Buffers: shared read=4

                    ->  Parallel Seq Scan on _hyper_1_1532_chunk  (cost=0.00..4.99 rows=99 width=8) (actual time=0.196..0.246 rows=168 loops=1)

                          Buffers: shared read=4

              ->  Partial Aggregate  (cost=5.24..5.25 rows=1 width=32) (actual time=0.306..0.307 rows=1 loops=1)

                    Buffers: shared read=4

                    ->  Parallel Seq Scan on _hyper_1_1533_chunk  (cost=0.00..4.99 rows=99 width=8) (actual time=0.229..0.281 rows=168 loops=1)

                          Buffers: shared read=4

              ->  Partial Aggregate  (cost=5.24..5.25 rows=1 width=32) (actual time=0.282..0.282 rows=1 loops=1)

                    Buffers: shared read=4

                    ->  Parallel Seq Scan on _hyper_1_1534_chunk  (cost=0.00..4.99 rows=99 width=8) (actual time=0.206..0.257 rows=168 loops=1)

                          Buffers: shared read=4

              ->  Partial Aggregate  (cost=5.24..5.25 rows=1 width=32) (actual time=0.241..0.242 rows=1 loops=1)

                    Buffers: shared read=4

                    ->  Parallel Seq Scan on _hyper_1_1535_chunk  (cost=0.00..4.99 rows=99 width=8) (actual time=0.166..0.216 rows=168 loops=1)

                          Buffers: shared read=4

              ->  Partial Aggregate  (cost=5.24..5.25 rows=1 width=32) (actual time=0.230..0.231 rows=1 loops=1)

                    Buffers: shared read=4

                    ->  Parallel Seq Scan on _hyper_1_1536_chunk  (cost=0.00..4.99 rows=99 width=8) (actual time=0.150..0.205 rows=168 loops=1)

                          Buffers: shared read=4

              ->  Partial Aggregate  (cost=5.24..5.25 rows=1 width=32) (actual time=0.237..0.238 rows=1 loops=1)

                    Buffers: shared read=4

                    ->  Parallel Seq Scan on _hyper_1_1537_chunk  (cost=0.00..4.99 rows=99 width=8) (actual time=0.160..0.212 rows=168 loops=1)

                          Buffers: shared read=4

              ->  Partial Aggregate  (cost=5.24..5.25 rows=1 width=32) (actual time=0.244..0.245 rows=1 loops=1)

                    Buffers: shared read=4

                    ->  Parallel Seq Scan on _hyper_1_1538_chunk  (cost=0.00..4.99 rows=99 width=8) (actual time=0.169..0.218 rows=168 loops=1)

                          Buffers: shared read=4

              ->  Partial Aggregate  (cost=5.24..5.25 rows=1 width=32) (actual time=0.237..0.237 rows=1 loops=1)

                    Buffers: shared read=4

                    ->  Parallel Seq Scan on _hyper_1_1540_chunk  (cost=0.00..4.99 rows=99 width=8) (actual time=0.168..0.214 rows=168 loops=1)

                          Buffers: shared read=4

              ->  Partial Aggregate  (cost=5.24..5.25 rows=1 width=32) (actual time=0.235..0.236 rows=1 loops=1)

                    Buffers: shared read=4

                    ->  Parallel Seq Scan on _hyper_1_1541_chunk  (cost=0.00..4.99 rows=99 width=8) (actual time=0.160..0.212 rows=168 loops=1)

                          Buffers: shared read=4

              ->  Partial Aggregate  (cost=5.24..5.25 rows=1 width=32) (actual time=0.226..0.226 rows=1 loops=1)

                    Buffers: shared read=4

                    ->  Parallel Seq Scan on _hyper_1_1542_chunk  (cost=0.00..4.99 rows=99 width=8) (actual time=0.155..0.202 rows=168 loops=1)

                          Buffers: shared read=4

              ->  Partial Aggregate  (cost=5.24..5.25 rows=1 width=32) (actual time=0.244..0.245 rows=1 loops=1)

                    Buffers: shared read=4

                    ->  Parallel Seq Scan on _hyper_1_1543_chunk  (cost=0.00..4.99 rows=99 width=8) (actual time=0.176..0.221 rows=168 loops=1)

                          Buffers: shared read=4

              ->  Partial Aggregate  (cost=5.24..5.25 rows=1 width=32) (actual time=0.410..0.410 rows=1 loops=1)

                    Buffers: shared read=4

                    ->  Parallel Seq Scan on _hyper_1_1545_chunk  (cost=0.00..4.99 rows=99 width=8) (actual time=0.340..0.386 rows=168 loops=1)

                          Buffers: shared read=4

              ->  Partial Aggregate  (cost=5.24..5.25 rows=1 width=32) (actual time=0.240..0.240 rows=1 loops=1)

                    Buffers: shared read=4

                    ->  Parallel Seq Scan on _hyper_1_1546_chunk  (cost=0.00..4.99 rows=99 width=8) (actual time=0.168..0.216 rows=168 loops=1)

                          Buffers: shared read=4

              ->  Partial Aggregate  (cost=5.24..5.25 rows=1 width=32) (actual time=0.224..0.224 rows=1 loops=1)

                    Buffers: shared read=4

                    ->  Parallel Seq Scan on _hyper_1_1547_chunk  (cost=0.00..4.99 rows=99 width=8) (actual time=0.153..0.201 rows=168 loops=1)

                          Buffers: shared read=4

              ->  Partial Aggregate  (cost=5.24..5.25 rows=1 width=32) (actual time=0.283..0.283 rows=1 loops=1)

                    Buffers: shared read=4

                    ->  Parallel Seq Scan on _hyper_1_1548_chunk  (cost=0.00..4.99 rows=99 width=8) (actual time=0.214..0.260 rows=168 loops=1)

                          Buffers: shared read=4

              ->  Partial Aggregate  (cost=5.24..5.25 rows=1 width=32) (actual time=0.205..0.206 rows=1 loops=1)

                    Buffers: shared read=4

                    ->  Parallel Seq Scan on _hyper_1_1550_chunk  (cost=0.00..4.99 rows=99 width=8) (actual time=0.140..0.183 rows=168 loops=1)

                          Buffers: shared read=4

              ->  Partial Aggregate  (cost=5.24..5.25 rows=1 width=32) (actual time=0.240..0.241 rows=1 loops=1)

                    Buffers: shared read=4

                    ->  Parallel Seq Scan on _hyper_1_1551_chunk  (cost=0.00..4.99 rows=99 width=8) (actual time=0.175..0.219 rows=168 loops=1)

                          Buffers: shared read=4

              ->  Partial Aggregate  (cost=5.24..5.25 rows=1 width=32) (actual time=0.273..0.273 rows=1 loops=1)

                    Buffers: shared read=4

                    ->  Parallel Seq Scan on _hyper_1_1552_chunk  (cost=0.00..4.99 rows=99 width=8) (actual time=0.204..0.251 rows=168 loops=1)

                          Buffers: shared read=4

              ->  Partial Aggregate  (cost=5.24..5.25 rows=1 width=32) (actual time=0.282..0.282 rows=1 loops=1)

                    Buffers: shared read=4

                    ->  Parallel Seq Scan on _hyper_1_1553_chunk  (cost=0.00..4.99 rows=99 width=8) (actual time=0.217..0.260 rows=168 loops=1)

                          Buffers: shared read=4

              ->  Partial Aggregate  (cost=5.24..5.25 rows=1 width=32) (actual time=0.223..0.223 rows=1 loops=1)

                    Buffers: shared read=4

                    ->  Parallel Seq Scan on _hyper_1_1555_chunk  (cost=0.00..4.99 rows=99 width=8) (actual time=0.162..0.203 rows=168 loops=1)

                          Buffers: shared read=4

              ->  Partial Aggregate  (cost=5.24..5.25 rows=1 width=32) (actual time=0.221..0.221 rows=1 loops=1)

                    Buffers: shared read=4

                    ->  Parallel Seq Scan on _hyper_1_1556_chunk  (cost=0.00..4.99 rows=99 width=8) (actual time=0.157..0.201 rows=168 loops=1)

                          Buffers: shared read=4

              ->  Partial Aggregate  (cost=5.24..5.25 rows=1 width=32) (actual time=0.222..0.222 rows=1 loops=1)

                    Buffers: shared read=4

                    ->  Parallel Seq Scan on _hyper_1_1557_chunk  (cost=0.00..4.99 rows=99 width=8) (actual time=0.161..0.202 rows=168 loops=1)

                          Buffers: shared read=4

              ->  Partial Aggregate  (cost=5.24..5.25 rows=1 width=32) (actual time=0.224..0.224 rows=1 loops=1)

                    Buffers: shared read=4

                    ->  Parallel Seq Scan on _hyper_1_1558_chunk  (cost=0.00..4.99 rows=99 width=8) (actual time=0.157..0.198 rows=168 loops=1)

                          Buffers: shared read=4

              ->  Partial Aggregate  (cost=5.24..5.25 rows=1 width=32) (actual time=0.208..0.208 rows=1 loops=1)

                    Buffers: shared read=4

                    ->  Parallel Seq Scan on _hyper_1_1559_chunk  (cost=0.00..4.99 rows=99 width=8) (actual time=0.148..0.187 rows=168 loops=1)

                          Buffers: shared read=4

              ->  Partial Aggregate  (cost=5.24..5.25 rows=1 width=32) (actual time=0.281..0.282 rows=1 loops=1)

                    Buffers: shared read=4

                    ->  Parallel Seq Scan on _hyper_1_1560_chunk  (cost=0.00..4.99 rows=99 width=8) (actual time=0.217..0.261 rows=168 loops=1)

                          Buffers: shared read=4

              ->  Partial Aggregate  (cost=5.24..5.25 rows=1 width=32) (actual time=0.285..0.285 rows=1 loops=1)

                    Buffers: shared read=4

                    ->  Parallel Seq Scan on _hyper_1_1561_chunk  (cost=0.00..4.99 rows=99 width=8) (actual time=0.224..0.265 rows=168 loops=1)

                          Buffers: shared read=4

              ->  Partial Aggregate  (cost=5.24..5.25 rows=1 width=32) (actual time=0.294..0.295 rows=1 loops=1)

                    Buffers: shared read=4

                    ->  Parallel Seq Scan on _hyper_1_1562_chunk  (cost=0.00..4.99 rows=99 width=8) (actual time=0.234..0.274 rows=168 loops=1)

                          Buffers: shared read=4

              ->  Partial Aggregate  (cost=5.24..5.25 rows=1 width=32) (actual time=0.224..0.224 rows=1 loops=1)

                    Buffers: shared read=4

                    ->  Parallel Seq Scan on _hyper_1_1563_chunk  (cost=0.00..4.99 rows=99 width=8) (actual time=0.163..0.203 rows=168 loops=1)

                          Buffers: shared read=4

              ->  Partial Aggregate  (cost=5.24..5.25 rows=1 width=32) (actual time=0.222..0.223 rows=1 loops=1)

                    Buffers: shared read=4

                    ->  Parallel Seq Scan on _hyper_1_1564_chunk  (cost=0.00..4.99 rows=99 width=8) (actual time=0.158..0.199 rows=168 loops=1)

                          Buffers: shared read=4

              ->  Partial Aggregate  (cost=5.24..5.25 rows=1 width=32) (actual time=0.267..0.268 rows=1 loops=1)

                    Buffers: shared read=4

                    ->  Parallel Seq Scan on _hyper_1_1566_chunk  (cost=0.00..4.99 rows=99 width=8) (actual time=0.204..0.247 rows=168 loops=1)

                          Buffers: shared read=4

              ->  Partial Aggregate  (cost=5.24..5.25 rows=1 width=32) (actual time=0.215..0.216 rows=1 loops=1)

                    Buffers: shared read=4

                    ->  Parallel Seq Scan on _hyper_1_1567_chunk  (cost=0.00..4.99 rows=99 width=8) (actual time=0.155..0.195 rows=168 loops=1)

                          Buffers: shared read=4

              ->  Partial Aggregate  (cost=5.24..5.25 rows=1 width=32) (actual time=0.211..0.211 rows=1 loops=1)

                    Buffers: shared read=4

                    ->  Parallel Seq Scan on _hyper_1_1568_chunk  (cost=0.00..4.99 rows=99 width=8) (actual time=0.150..0.191 rows=168 loops=1)

                          Buffers: shared read=4

              ->  Partial Aggregate  (cost=5.24..5.25 rows=1 width=32) (actual time=0.205..0.206 rows=1 loops=1)

                    Buffers: shared read=4

                    ->  Parallel Seq Scan on _hyper_1_1569_chunk  (cost=0.00..4.99 rows=99 width=8) (actual time=0.146..0.185 rows=168 loops=1)

                          Buffers: shared read=4

              ->  Partial Aggregate  (cost=5.24..5.25 rows=1 width=32) (actual time=0.265..0.266 rows=1 loops=1)

                    Buffers: shared read=4

                    ->  Parallel Seq Scan on _hyper_1_1570_chunk  (cost=0.00..4.99 rows=99 width=8) (actual time=0.202..0.245 rows=168 loops=1)

                          Buffers: shared read=4

              ->  Partial Aggregate  (cost=5.24..5.25 rows=1 width=32) (actual time=0.215..0.216 rows=1 loops=1)

                    Buffers: shared read=4

                    ->  Parallel Seq Scan on _hyper_1_1571_chunk  (cost=0.00..4.99 rows=99 width=8) (actual time=0.154..0.195 rows=168 loops=1)

                          Buffers: shared read=4

              ->  Partial Aggregate  (cost=5.24..5.25 rows=1 width=32) (actual time=0.299..0.299 rows=1 loops=1)

                    Buffers: shared read=4

                    ->  Parallel Seq Scan on _hyper_1_1572_chunk  (cost=0.00..4.99 rows=99 width=8) (actual time=0.234..0.275 rows=168 loops=1)

                          Buffers: shared read=4

              ->  Partial Aggregate  (cost=5.24..5.25 rows=1 width=32) (actual time=0.207..0.207 rows=1 loops=1)

                    Buffers: shared read=4

                    ->  Parallel Seq Scan on _hyper_1_1573_chunk  (cost=0.00..4.99 rows=99 width=8) (actual time=0.147..0.187 rows=168 loops=1)

                          Buffers: shared read=4

              ->  Partial Aggregate  (cost=5.24..5.25 rows=1 width=32) (actual time=0.206..0.207 rows=1 loops=1)

                    Buffers: shared read=4

                    ->  Parallel Seq Scan on _hyper_1_1574_chunk  (cost=0.00..4.99 rows=99 width=8) (actual time=0.146..0.186 rows=168 loops=1)

                          Buffers: shared read=4

              ->  Partial Aggregate  (cost=5.24..5.25 rows=1 width=32) (actual time=0.202..0.203 rows=1 loops=1)

                    Buffers: shared read=4

                    ->  Parallel Seq Scan on _hyper_1_1575_chunk  (cost=0.00..4.99 rows=99 width=8) (actual time=0.143..0.182 rows=168 loops=1)

                          Buffers: shared read=4

              ->  Partial Aggregate  (cost=5.24..5.25 rows=1 width=32) (actual time=0.213..0.213 rows=1 loops=1)

                    Buffers: shared read=4

                    ->  Parallel Seq Scan on _hyper_1_1576_chunk  (cost=0.00..4.99 rows=99 width=8) (actual time=0.151..0.192 rows=168 loops=1)

                          Buffers: shared read=4

              ->  Partial Aggregate  (cost=5.24..5.25 rows=1 width=32) (actual time=0.280..0.281 rows=1 loops=1)

                    Buffers: shared read=4

                    ->  Parallel Seq Scan on _hyper_1_1577_chunk  (cost=0.00..4.99 rows=99 width=8) (actual time=0.220..0.260 rows=168 loops=1)

                          Buffers: shared read=4

              ->  Partial Aggregate  (cost=5.24..5.25 rows=1 width=32) (actual time=0.271..0.272 rows=1 loops=1)

                    Buffers: shared read=4

                    ->  Parallel Seq Scan on _hyper_1_1578_chunk  (cost=0.00..4.99 rows=99 width=8) (actual time=0.210..0.251 rows=168 loops=1)

                          Buffers: shared read=4

              ->  Partial Aggregate  (cost=5.24..5.25 rows=1 width=32) (actual time=0.282..0.283 rows=1 loops=1)

                    Buffers: shared read=4

                    ->  Parallel Seq Scan on _hyper_1_1579_chunk  (cost=0.00..4.99 rows=99 width=8) (actual time=0.220..0.261 rows=168 loops=1)

                          Buffers: shared read=4

              ->  Partial Aggregate  (cost=5.24..5.25 rows=1 width=32) (actual time=0.218..0.219 rows=1 loops=1)

                    Buffers: shared read=4

                    ->  Parallel Seq Scan on _hyper_1_1580_chunk  (cost=0.00..4.99 rows=99 width=8) (actual time=0.158..0.198 rows=168 loops=1)

                          Buffers: shared read=4

              ->  Partial Aggregate  (cost=5.24..5.25 rows=1 width=32) (actual time=0.312..0.313 rows=1 loops=1)

                    Buffers: shared read=4

                    ->  Parallel Seq Scan on _hyper_1_1581_chunk  (cost=0.00..4.99 rows=99 width=8) (actual time=0.252..0.292 rows=168 loops=1)

                          Buffers: shared read=4

              ->  Partial Aggregate  (cost=5.24..5.25 rows=1 width=32) (actual time=0.289..0.289 rows=1 loops=1)

                    Buffers: shared read=4

                    ->  Parallel Seq Scan on _hyper_1_1582_chunk  (cost=0.00..4.99 rows=99 width=8) (actual time=0.228..0.268 rows=168 loops=1)

                          Buffers: shared read=4

              ->  Partial Aggregate  (cost=5.24..5.25 rows=1 width=32) (actual time=0.268..0.268 rows=1 loops=1)

                    Buffers: shared read=4

                    ->  Parallel Seq Scan on _hyper_1_1583_chunk  (cost=0.00..4.99 rows=99 width=8) (actual time=0.207..0.248 rows=168 loops=1)

                          Buffers: shared read=4

              ->  Partial Aggregate  (cost=5.24..5.25 rows=1 width=32) (actual time=0.213..0.213 rows=1 loops=1)

                    Buffers: shared read=4

                    ->  Parallel Seq Scan on _hyper_1_1584_chunk  (cost=0.00..4.99 rows=99 width=8) (actual time=0.153..0.193 rows=168 loops=1)

                          Buffers: shared read=4

              ->  Partial Aggregate  (cost=5.24..5.25 rows=1 width=32) (actual time=0.285..0.286 rows=1 loops=1)

                    Buffers: shared read=4

                    ->  Parallel Seq Scan on _hyper_1_1585_chunk  (cost=0.00..4.99 rows=99 width=8) (actual time=0.224..0.265 rows=168 loops=1)

                          Buffers: shared read=4

              ->  Partial Aggregate  (cost=5.24..5.25 rows=1 width=32) (actual time=0.229..0.229 rows=1 loops=1)

                    Buffers: shared read=4

                    ->  Parallel Seq Scan on _hyper_1_1586_chunk  (cost=0.00..4.99 rows=99 width=8) (actual time=0.167..0.209 rows=168 loops=1)

                          Buffers: shared read=4

              ->  Partial Aggregate  (cost=5.24..5.25 rows=1 width=32) (actual time=0.279..0.280 rows=1 loops=1)

                    Buffers: shared read=4

                    ->  Parallel Seq Scan on _hyper_1_1587_chunk  (cost=0.00..4.99 rows=99 width=8) (actual time=0.220..0.259 rows=168 loops=1)

                          Buffers: shared read=4

              ->  Partial Aggregate  (cost=5.24..5.25 rows=1 width=32) (actual time=0.215..0.216 rows=1 loops=1)

                    Buffers: shared read=4

                    ->  Parallel Seq Scan on _hyper_1_1588_chunk  (cost=0.00..4.99 rows=99 width=8) (actual time=0.154..0.195 rows=168 loops=1)

                          Buffers: shared read=4

              ->  Partial Aggregate  (cost=5.24..5.25 rows=1 width=32) (actual time=0.196..0.197 rows=1 loops=1)

                    Buffers: shared read=4

                    ->  Parallel Seq Scan on _hyper_1_1589_chunk  (cost=0.00..4.99 rows=99 width=8) (actual time=0.135..0.176 rows=168 loops=1)

                          Buffers: shared read=4

              ->  Partial Aggregate  (cost=5.24..5.25 rows=1 width=32) (actual time=0.215..0.215 rows=1 loops=1)

                    Buffers: shared read=4

                    ->  Parallel Seq Scan on _hyper_1_1590_chunk  (cost=0.00..4.99 rows=99 width=8) (actual time=0.154..0.195 rows=168 loops=1)

                          Buffers: shared read=4

              ->  Partial Aggregate  (cost=5.24..5.25 rows=1 width=32) (actual time=0.281..0.282 rows=1 loops=1)

                    Buffers: shared read=4

                    ->  Parallel Seq Scan on _hyper_1_1591_chunk  (cost=0.00..4.99 rows=99 width=8) (actual time=0.221..0.262 rows=168 loops=1)

                          Buffers: shared read=4

              ->  Partial Aggregate  (cost=5.24..5.25 rows=1 width=32) (actual time=0.209..0.209 rows=1 loops=1)

                    Buffers: shared read=4

                    ->  Parallel Seq Scan on _hyper_1_1592_chunk  (cost=0.00..4.99 rows=99 width=8) (actual time=0.149..0.189 rows=168 loops=1)

                          Buffers: shared read=4

              ->  Partial Aggregate  (cost=5.24..5.25 rows=1 width=32) (actual time=0.270..0.271 rows=1 loops=1)

                    Buffers: shared read=4

                    ->  Parallel Seq Scan on _hyper_1_1593_chunk  (cost=0.00..4.99 rows=99 width=8) (actual time=0.210..0.250 rows=168 loops=1)

                          Buffers: shared read=4

              ->  Partial Aggregate  (cost=5.24..5.25 rows=1 width=32) (actual time=0.238..0.238 rows=1 loops=1)

                    Buffers: shared read=4

                    ->  Parallel Seq Scan on _hyper_1_1594_chunk  (cost=0.00..4.99 rows=99 width=8) (actual time=0.174..0.217 rows=168 loops=1)

                          Buffers: shared read=4

              ->  Partial Aggregate  (cost=5.24..5.25 rows=1 width=32) (actual time=0.250..0.251 rows=1 loops=1)

                    Buffers: shared read=4

                    ->  Parallel Seq Scan on _hyper_1_1595_chunk  (cost=0.00..4.99 rows=99 width=8) (actual time=0.189..0.230 rows=168 loops=1)

                          Buffers: shared read=4

              ->  Partial Aggregate  (cost=5.24..5.25 rows=1 width=32) (actual time=0.219..0.220 rows=1 loops=1)

                    Buffers: shared read=4

                    ->  Parallel Seq Scan on _hyper_1_1596_chunk  (cost=0.00..4.99 rows=99 width=8) (actual time=0.159..0.199 rows=168 loops=1)

                          Buffers: shared read=4

              ->  Partial Aggregate  (cost=5.24..5.25 rows=1 width=32) (actual time=0.189..0.190 rows=1 loops=1)

                    Buffers: shared read=4

                    ->  Parallel Seq Scan on _hyper_1_1597_chunk  (cost=0.00..4.99 rows=99 width=8) (actual time=0.129..0.169 rows=168 loops=1)

                          Buffers: shared read=4

              ->  Partial Aggregate  (cost=5.24..5.25 rows=1 width=32) (actual time=0.238..0.239 rows=1 loops=1)

                    Buffers: shared read=4

                    ->  Parallel Seq Scan on _hyper_1_1598_chunk  (cost=0.00..4.99 rows=99 width=8) (actual time=0.173..0.218 rows=168 loops=1)

                          Buffers: shared read=4

              ->  Partial Aggregate  (cost=5.24..5.25 rows=1 width=32) (actual time=0.270..0.271 rows=1 loops=1)

                    Buffers: shared read=4

                    ->  Parallel Seq Scan on _hyper_1_1599_chunk  (cost=0.00..4.99 rows=99 width=8) (actual time=0.208..0.250 rows=168 loops=1)

                          Buffers: shared read=4

              ->  Partial Aggregate  (cost=5.24..5.25 rows=1 width=32) (actual time=0.214..0.214 rows=1 loops=1)

                    Buffers: shared read=4

                    ->  Parallel Seq Scan on _hyper_1_1600_chunk  (cost=0.00..4.99 rows=99 width=8) (actual time=0.153..0.194 rows=168 loops=1)

                          Buffers: shared read=4

              ->  Partial Aggregate  (cost=5.24..5.25 rows=1 width=32) (actual time=0.194..0.195 rows=1 loops=1)

                    Buffers: shared read=4

                    ->  Parallel Seq Scan on _hyper_1_1601_chunk  (cost=0.00..4.99 rows=99 width=8) (actual time=0.132..0.174 rows=168 loops=1)

                          Buffers: shared read=4

              ->  Partial Aggregate  (cost=5.24..5.25 rows=1 width=32) (actual time=0.216..0.217 rows=1 loops=1)

                    Buffers: shared read=4

                    ->  Parallel Seq Scan on _hyper_1_1602_chunk  (cost=0.00..4.99 rows=99 width=8) (actual time=0.156..0.196 rows=168 loops=1)

                          Buffers: shared read=4

              ->  Partial Aggregate  (cost=5.24..5.25 rows=1 width=32) (actual time=0.223..0.224 rows=1 loops=1)

                    Buffers: shared read=4

                    ->  Parallel Seq Scan on _hyper_1_1603_chunk  (cost=0.00..4.99 rows=99 width=8) (actual time=0.162..0.203 rows=168 loops=1)

                          Buffers: shared read=4

              ->  Partial Aggregate  (cost=5.24..5.25 rows=1 width=32) (actual time=0.272..0.272 rows=1 loops=1)

                    Buffers: shared read=4

                    ->  Parallel Seq Scan on _hyper_1_1604_chunk  (cost=0.00..4.99 rows=99 width=8) (actual time=0.210..0.252 rows=168 loops=1)

                          Buffers: shared read=4

              ->  Partial Aggregate  (cost=5.24..5.25 rows=1 width=32) (actual time=0.213..0.213 rows=1 loops=1)

                    Buffers: shared read=4

                    ->  Parallel Seq Scan on _hyper_1_1605_chunk  (cost=0.00..4.99 rows=99 width=8) (actual time=0.152..0.192 rows=168 loops=1)

                          Buffers: shared read=4

              ->  Partial Aggregate  (cost=5.24..5.25 rows=1 width=32) (actual time=0.221..0.222 rows=1 loops=1)

                    Buffers: shared read=4

                    ->  Parallel Seq Scan on _hyper_1_1606_chunk  (cost=0.00..4.99 rows=99 width=8) (actual time=0.161..0.201 rows=168 loops=1)

                          Buffers: shared read=4

              ->  Partial Aggregate  (cost=5.24..5.25 rows=1 width=32) (actual time=0.284..0.285 rows=1 loops=1)

                    Buffers: shared read=4

                    ->  Parallel Seq Scan on _hyper_1_1607_chunk  (cost=0.00..4.99 rows=99 width=8) (actual time=0.221..0.264 rows=168 loops=1)

                          Buffers: shared read=4

              ->  Partial Aggregate  (cost=5.24..5.25 rows=1 width=32) (actual time=0.224..0.224 rows=1 loops=1)

                    Buffers: shared read=4

                    ->  Parallel Seq Scan on _hyper_1_1608_chunk  (cost=0.00..4.99 rows=99 width=8) (actual time=0.163..0.204 rows=168 loops=1)

                          Buffers: shared read=4

              ->  Partial Aggregate  (cost=5.24..5.25 rows=1 width=32) (actual time=0.222..0.223 rows=1 loops=1)

                    Buffers: shared read=4

                    ->  Parallel Seq Scan on _hyper_1_1609_chunk  (cost=0.00..4.99 rows=99 width=8) (actual time=0.160..0.202 rows=168 loops=1)

                          Buffers: shared read=4

              ->  Partial Aggregate  (cost=5.24..5.25 rows=1 width=32) (actual time=0.209..0.209 rows=1 loops=1)

                    Buffers: shared read=4

                    ->  Parallel Seq Scan on _hyper_1_1610_chunk  (cost=0.00..4.99 rows=99 width=8) (actual time=0.149..0.189 rows=168 loops=1)

                          Buffers: shared read=4

              ->  Partial Aggregate  (cost=5.24..5.25 rows=1 width=32) (actual time=0.218..0.219 rows=1 loops=1)

                    Buffers: shared read=4

                    ->  Parallel Seq Scan on _hyper_1_1611_chunk  (cost=0.00..4.99 rows=99 width=8) (actual time=0.153..0.195 rows=168 loops=1)

                          Buffers: shared read=4

              ->  Partial Aggregate  (cost=5.24..5.25 rows=1 width=32) (actual time=0.213..0.214 rows=1 loops=1)

                    Buffers: shared read=4

                    ->  Parallel Seq Scan on _hyper_1_1612_chunk  (cost=0.00..4.99 rows=99 width=8) (actual time=0.151..0.193 rows=168 loops=1)

                          Buffers: shared read=4

              ->  Partial Aggregate  (cost=5.24..5.25 rows=1 width=32) (actual time=0.317..0.318 rows=1 loops=1)

                    Buffers: shared read=4

                    ->  Parallel Seq Scan on _hyper_1_1614_chunk  (cost=0.00..4.99 rows=99 width=8) (actual time=0.254..0.297 rows=168 loops=1)

                          Buffers: shared read=4

              ->  Partial Aggregate  (cost=5.24..5.25 rows=1 width=32) (actual time=0.212..0.212 rows=1 loops=1)

                    Buffers: shared read=4

                    ->  Parallel Seq Scan on _hyper_1_1615_chunk  (cost=0.00..4.99 rows=99 width=8) (actual time=0.152..0.192 rows=168 loops=1)

                          Buffers: shared read=4

              ->  Partial Aggregate  (cost=5.24..5.25 rows=1 width=32) (actual time=0.213..0.214 rows=1 loops=1)

                    Buffers: shared read=4

                    ->  Parallel Seq Scan on _hyper_1_1616_chunk  (cost=0.00..4.99 rows=99 width=8) (actual time=0.148..0.193 rows=168 loops=1)

                          Buffers: shared read=4

              ->  Partial Aggregate  (cost=5.24..5.25 rows=1 width=32) (actual time=0.208..0.208 rows=1 loops=1)

                    Buffers: shared read=4

                    ->  Parallel Seq Scan on _hyper_1_1617_chunk  (cost=0.00..4.99 rows=99 width=8) (actual time=0.145..0.187 rows=168 loops=1)

                          Buffers: shared read=4

              ->  Partial Aggregate  (cost=5.24..5.25 rows=1 width=32) (actual time=0.226..0.227 rows=1 loops=1)

                    Buffers: shared read=4

                    ->  Parallel Seq Scan on _hyper_1_1618_chunk  (cost=0.00..4.99 rows=99 width=8) (actual time=0.165..0.206 rows=168 loops=1)

                          Buffers: shared read=4

              ->  Partial Aggregate  (cost=5.24..5.25 rows=1 width=32) (actual time=0.275..0.276 rows=1 loops=1)

                    Buffers: shared read=4

                    ->  Parallel Seq Scan on _hyper_1_1619_chunk  (cost=0.00..4.99 rows=99 width=8) (actual time=0.212..0.254 rows=168 loops=1)

                          Buffers: shared read=4

              ->  Partial Aggregate  (cost=5.24..5.25 rows=1 width=32) (actual time=0.342..0.343 rows=1 loops=1)

                    Buffers: shared read=4

                    ->  Parallel Seq Scan on _hyper_1_1620_chunk  (cost=0.00..4.99 rows=99 width=8) (actual time=0.274..0.320 rows=168 loops=1)

                          Buffers: shared read=4

              ->  Partial Aggregate  (cost=5.24..5.25 rows=1 width=32) (actual time=0.455..0.456 rows=1 loops=1)

                    Buffers: shared read=4

                    ->  Parallel Seq Scan on _hyper_1_1621_chunk  (cost=0.00..4.99 rows=99 width=8) (actual time=0.363..0.425 rows=168 loops=1)

                          Buffers: shared read=4

              ->  Partial Aggregate  (cost=5.24..5.25 rows=1 width=32) (actual time=0.422..0.422 rows=1 loops=1)

                    Buffers: shared read=4

                    ->  Parallel Seq Scan on _hyper_1_1622_chunk  (cost=0.00..4.99 rows=99 width=8) (actual time=0.329..0.390 rows=168 loops=1)

                          Buffers: shared read=4

              ->  Partial Aggregate  (cost=5.24..5.25 rows=1 width=32) (actual time=0.287..0.288 rows=1 loops=1)

                    Buffers: shared read=4

                    ->  Parallel Seq Scan on _hyper_1_1623_chunk  (cost=0.00..4.99 rows=99 width=8) (actual time=0.226..0.267 rows=168 loops=1)

                          Buffers: shared read=4

              ->  Partial Aggregate  (cost=5.24..5.25 rows=1 width=32) (actual time=0.216..0.217 rows=1 loops=1)

                    Buffers: shared read=4

                    ->  Parallel Seq Scan on _hyper_1_1624_chunk  (cost=0.00..4.99 rows=99 width=8) (actual time=0.150..0.191 rows=168 loops=1)

                          Buffers: shared read=4

              ->  Partial Aggregate  (cost=5.24..5.25 rows=1 width=32) (actual time=0.228..0.229 rows=1 loops=1)

                    Buffers: shared read=4

                    ->  Parallel Seq Scan on _hyper_1_1625_chunk  (cost=0.00..4.99 rows=99 width=8) (actual time=0.167..0.208 rows=168 loops=1)

                          Buffers: shared read=4

              ->  Partial Aggregate  (cost=5.24..5.25 rows=1 width=32) (actual time=0.267..0.268 rows=1 loops=1)

                    Buffers: shared read=4

                    ->  Parallel Seq Scan on _hyper_1_1626_chunk  (cost=0.00..4.99 rows=99 width=8) (actual time=0.207..0.247 rows=168 loops=1)

                          Buffers: shared read=4

              ->  Partial Aggregate  (cost=5.24..5.25 rows=1 width=32) (actual time=0.232..0.233 rows=1 loops=1)

                    Buffers: shared read=4

                    ->  Parallel Seq Scan on _hyper_1_1627_chunk  (cost=0.00..4.99 rows=99 width=8) (actual time=0.170..0.212 rows=168 loops=1)

                          Buffers: shared read=4

              ->  Partial Aggregate  (cost=5.24..5.25 rows=1 width=32) (actual time=0.192..0.193 rows=1 loops=1)

                    Buffers: shared read=4

                    ->  Parallel Seq Scan on _hyper_1_1628_chunk  (cost=0.00..4.99 rows=99 width=8) (actual time=0.131..0.172 rows=168 loops=1)

                          Buffers: shared read=4

              ->  Partial Aggregate  (cost=5.24..5.25 rows=1 width=32) (actual time=0.216..0.217 rows=1 loops=1)

                    Buffers: shared read=4

                    ->  Parallel Seq Scan on _hyper_1_1629_chunk  (cost=0.00..4.99 rows=99 width=8) (actual time=0.156..0.196 rows=168 loops=1)

                          Buffers: shared read=4

              ->  Partial Aggregate  (cost=5.24..5.25 rows=1 width=32) (actual time=0.228..0.229 rows=1 loops=1)

                    Buffers: shared read=4

                    ->  Parallel Seq Scan on _hyper_1_1630_chunk  (cost=0.00..4.99 rows=99 width=8) (actual time=0.168..0.208 rows=168 loops=1)

                          Buffers: shared read=4

              ->  Partial Aggregate  (cost=5.24..5.25 rows=1 width=32) (actual time=0.270..0.271 rows=1 loops=1)

                    Buffers: shared read=4

                    ->  Parallel Seq Scan on _hyper_1_1631_chunk  (cost=0.00..4.99 rows=99 width=8) (actual time=0.203..0.250 rows=168 loops=1)

                          Buffers: shared read=4

              ->  Partial Aggregate  (cost=5.24..5.25 rows=1 width=32) (actual time=0.194..0.194 rows=1 loops=1)

                    Buffers: shared read=4

                    ->  Parallel Seq Scan on _hyper_1_1632_chunk  (cost=0.00..4.99 rows=99 width=8) (actual time=0.133..0.174 rows=168 loops=1)

                          Buffers: shared read=4

              ->  Partial Aggregate  (cost=5.24..5.25 rows=1 width=32) (actual time=0.216..0.217 rows=1 loops=1)

                    Buffers: shared read=4

                    ->  Parallel Seq Scan on _hyper_1_1633_chunk  (cost=0.00..4.99 rows=99 width=8) (actual time=0.154..0.196 rows=168 loops=1)

                          Buffers: shared read=4

              ->  Partial Aggregate  (cost=5.24..5.25 rows=1 width=32) (actual time=0.210..0.211 rows=1 loops=1)

                    Buffers: shared read=4

                    ->  Parallel Seq Scan on _hyper_1_1634_chunk  (cost=0.00..4.99 rows=99 width=8) (actual time=0.147..0.190 rows=168 loops=1)

                          Buffers: shared read=4

              ->  Partial Aggregate  (cost=5.24..5.25 rows=1 width=32) (actual time=0.222..0.222 rows=1 loops=1)

                    Buffers: shared read=4

                    ->  Parallel Seq Scan on _hyper_1_1635_chunk  (cost=0.00..4.99 rows=99 width=8) (actual time=0.162..0.202 rows=168 loops=1)

                          Buffers: shared read=4

              ->  Partial Aggregate  (cost=5.24..5.25 rows=1 width=32) (actual time=0.280..0.281 rows=1 loops=1)

                    Buffers: shared read=4

                    ->  Parallel Seq Scan on _hyper_1_1636_chunk  (cost=0.00..4.99 rows=99 width=8) (actual time=0.217..0.260 rows=168 loops=1)

                          Buffers: shared read=4

              ->  Partial Aggregate  (cost=5.24..5.25 rows=1 width=32) (actual time=0.217..0.218 rows=1 loops=1)

                    Buffers: shared read=4

                    ->  Parallel Seq Scan on _hyper_1_1637_chunk  (cost=0.00..4.99 rows=99 width=8) (actual time=0.157..0.197 rows=168 loops=1)

                          Buffers: shared read=4

              ->  Partial Aggregate  (cost=5.24..5.25 rows=1 width=32) (actual time=0.274..0.275 rows=1 loops=1)

                    Buffers: shared read=4

                    ->  Parallel Seq Scan on _hyper_1_1638_chunk  (cost=0.00..4.99 rows=99 width=8) (actual time=0.213..0.254 rows=168 loops=1)

                          Buffers: shared read=4

              ->  Partial Aggregate  (cost=5.24..5.25 rows=1 width=32) (actual time=0.209..0.209 rows=1 loops=1)

                    Buffers: shared read=4

                    ->  Parallel Seq Scan on _hyper_1_1639_chunk  (cost=0.00..4.99 rows=99 width=8) (actual time=0.147..0.188 rows=168 loops=1)

                          Buffers: shared read=4

              ->  Partial Aggregate  (cost=5.24..5.25 rows=1 width=32) (actual time=0.273..0.273 rows=1 loops=1)

                    Buffers: shared read=4

                    ->  Parallel Seq Scan on _hyper_1_1640_chunk  (cost=0.00..4.99 rows=99 width=8) (actual time=0.212..0.253 rows=168 loops=1)

                          Buffers: shared read=4

              ->  Partial Aggregate  (cost=5.24..5.25 rows=1 width=32) (actual time=0.234..0.235 rows=1 loops=1)

                    Buffers: shared read=4

                    ->  Parallel Seq Scan on _hyper_1_1641_chunk  (cost=0.00..4.99 rows=99 width=8) (actual time=0.171..0.214 rows=168 loops=1)

                          Buffers: shared read=4

              ->  Partial Aggregate  (cost=5.24..5.25 rows=1 width=32) (actual time=0.222..0.223 rows=1 loops=1)

                    Buffers: shared read=4

                    ->  Parallel Seq Scan on _hyper_1_1642_chunk  (cost=0.00..4.99 rows=99 width=8) (actual time=0.162..0.202 rows=168 loops=1)

                          Buffers: shared read=4

              ->  Partial Aggregate  (cost=5.24..5.25 rows=1 width=32) (actual time=0.215..0.216 rows=1 loops=1)

                    Buffers: shared read=4

                    ->  Parallel Seq Scan on _hyper_1_1643_chunk  (cost=0.00..4.99 rows=99 width=8) (actual time=0.152..0.194 rows=168 loops=1)

                          Buffers: shared read=4

              ->  Partial Aggregate  (cost=5.24..5.25 rows=1 width=32) (actual time=0.234..0.235 rows=1 loops=1)

                    Buffers: shared read=4

                    ->  Parallel Seq Scan on _hyper_1_1644_chunk  (cost=0.00..4.99 rows=99 width=8) (actual time=0.174..0.214 rows=168 loops=1)

                          Buffers: shared read=4

              ->  Partial Aggregate  (cost=5.24..5.25 rows=1 width=32) (actual time=0.268..0.268 rows=1 loops=1)

                    Buffers: shared read=4

                    ->  Parallel Seq Scan on _hyper_1_1645_chunk  (cost=0.00..4.99 rows=99 width=8) (actual time=0.207..0.247 rows=168 loops=1)

                          Buffers: shared read=4

              ->  Partial Aggregate  (cost=5.24..5.25 rows=1 width=32) (actual time=0.256..0.257 rows=1 loops=1)

                    Buffers: shared read=4

                    ->  Parallel Seq Scan on _hyper_1_1646_chunk  (cost=0.00..4.99 rows=99 width=8) (actual time=0.195..0.236 rows=168 loops=1)

                          Buffers: shared read=4

              ->  Partial Aggregate  (cost=5.24..5.25 rows=1 width=32) (actual time=0.209..0.209 rows=1 loops=1)

                    Buffers: shared read=4

                    ->  Parallel Seq Scan on _hyper_1_1647_chunk  (cost=0.00..4.99 rows=99 width=8) (actual time=0.149..0.189 rows=168 loops=1)

                          Buffers: shared read=4

              ->  Partial Aggregate  (cost=5.24..5.25 rows=1 width=32) (actual time=0.210..0.211 rows=1 loops=1)

                    Buffers: shared read=4

                    ->  Parallel Seq Scan on _hyper_1_1648_chunk  (cost=0.00..4.99 rows=99 width=8) (actual time=0.148..0.190 rows=168 loops=1)

                          Buffers: shared read=4

              ->  Partial Aggregate  (cost=5.24..5.25 rows=1 width=32) (actual time=0.200..0.200 rows=1 loops=1)

                    Buffers: shared read=4

                    ->  Parallel Seq Scan on _hyper_1_1649_chunk  (cost=0.00..4.99 rows=99 width=8) (actual time=0.138..0.180 rows=168 loops=1)

                          Buffers: shared read=4

              ->  Partial Aggregate  (cost=5.24..5.25 rows=1 width=32) (actual time=0.211..0.212 rows=1 loops=1)

                    Buffers: shared read=4

                    ->  Parallel Seq Scan on _hyper_1_1650_chunk  (cost=0.00..4.99 rows=99 width=8) (actual time=0.151..0.192 rows=168 loops=1)

                          Buffers: shared read=4

              ->  Partial Aggregate  (cost=5.24..5.25 rows=1 width=32) (actual time=0.225..0.225 rows=1 loops=1)

                    Buffers: shared read=4

                    ->  Parallel Seq Scan on _hyper_1_1651_chunk  (cost=0.00..4.99 rows=99 width=8) (actual time=0.161..0.205 rows=168 loops=1)

                          Buffers: shared read=4

              ->  Partial Aggregate  (cost=5.24..5.25 rows=1 width=32) (actual time=0.199..0.199 rows=1 loops=1)

                    Buffers: shared read=4

                    ->  Parallel Seq Scan on _hyper_1_1652_chunk  (cost=0.00..4.99 rows=99 width=8) (actual time=0.136..0.179 rows=168 loops=1)

                          Buffers: shared read=4

              ->  Partial Aggregate  (cost=5.24..5.25 rows=1 width=32) (actual time=0.227..0.228 rows=1 loops=1)

                    Buffers: shared read=4

                    ->  Parallel Seq Scan on _hyper_1_1653_chunk  (cost=0.00..4.99 rows=99 width=8) (actual time=0.166..0.207 rows=168 loops=1)

                          Buffers: shared read=4

              ->  Partial Aggregate  (cost=5.24..5.25 rows=1 width=32) (actual time=0.209..0.210 rows=1 loops=1)

                    Buffers: shared read=4

                    ->  Parallel Seq Scan on _hyper_1_1654_chunk  (cost=0.00..4.99 rows=99 width=8) (actual time=0.149..0.190 rows=168 loops=1)

                          Buffers: shared read=4

              ->  Partial Aggregate  (cost=5.24..5.25 rows=1 width=32) (actual time=0.213..0.214 rows=1 loops=1)

                    Buffers: shared read=4

                    ->  Parallel Seq Scan on _hyper_1_1655_chunk  (cost=0.00..4.99 rows=99 width=8) (actual time=0.151..0.193 rows=168 loops=1)

                          Buffers: shared read=4

              ->  Partial Aggregate  (cost=5.24..5.25 rows=1 width=32) (actual time=0.217..0.218 rows=1 loops=1)

                    Buffers: shared read=4

                    ->  Parallel Seq Scan on _hyper_1_1656_chunk  (cost=0.00..4.99 rows=99 width=8) (actual time=0.156..0.196 rows=168 loops=1)

                          Buffers: shared read=4

              ->  Partial Aggregate  (cost=5.24..5.25 rows=1 width=32) (actual time=0.235..0.236 rows=1 loops=1)

                    Buffers: shared read=4

                    ->  Parallel Seq Scan on _hyper_1_1657_chunk  (cost=0.00..4.99 rows=99 width=8) (actual time=0.175..0.215 rows=168 loops=1)

                          Buffers: shared read=4

              ->  Partial Aggregate  (cost=5.24..5.25 rows=1 width=32) (actual time=0.213..0.214 rows=1 loops=1)

                    Buffers: shared read=4

                    ->  Parallel Seq Scan on _hyper_1_1658_chunk  (cost=0.00..4.99 rows=99 width=8) (actual time=0.151..0.193 rows=168 loops=1)

                          Buffers: shared read=4

              ->  Partial Aggregate  (cost=5.24..5.25 rows=1 width=32) (actual time=0.286..0.287 rows=1 loops=1)

                    Buffers: shared read=4

                    ->  Parallel Seq Scan on _hyper_1_1659_chunk  (cost=0.00..4.99 rows=99 width=8) (actual time=0.225..0.266 rows=168 loops=1)

                          Buffers: shared read=4

              ->  Partial Aggregate  (cost=5.24..5.25 rows=1 width=32) (actual time=0.270..0.271 rows=1 loops=1)

                    Buffers: shared read=4

                    ->  Parallel Seq Scan on _hyper_1_1660_chunk  (cost=0.00..4.99 rows=99 width=8) (actual time=0.209..0.250 rows=168 loops=1)

                          Buffers: shared read=4

              ->  Partial Aggregate  (cost=5.24..5.25 rows=1 width=32) (actual time=0.277..0.278 rows=1 loops=1)

                    Buffers: shared read=4

                    ->  Parallel Seq Scan on _hyper_1_1661_chunk  (cost=0.00..4.99 rows=99 width=8) (actual time=0.215..0.257 rows=168 loops=1)

                          Buffers: shared read=4

              ->  Partial Aggregate  (cost=5.24..5.25 rows=1 width=32) (actual time=0.221..0.222 rows=1 loops=1)

                    Buffers: shared read=4

                    ->  Parallel Seq Scan on _hyper_1_1662_chunk  (cost=0.00..4.99 rows=99 width=8) (actual time=0.159..0.201 rows=168 loops=1)

                          Buffers: shared read=4

              ->  Partial Aggregate  (cost=5.24..5.25 rows=1 width=32) (actual time=0.261..0.262 rows=1 loops=1)

                    Buffers: shared read=4

                    ->  Parallel Seq Scan on _hyper_1_1663_chunk  (cost=0.00..4.99 rows=99 width=8) (actual time=0.200..0.241 rows=168 loops=1)

                          Buffers: shared read=4

              ->  Partial Aggregate  (cost=5.24..5.25 rows=1 width=32) (actual time=0.287..0.288 rows=1 loops=1)

                    Buffers: shared read=4

                    ->  Parallel Seq Scan on _hyper_1_1664_chunk  (cost=0.00..4.99 rows=99 width=8) (actual time=0.226..0.267 rows=168 loops=1)

                          Buffers: shared read=4

              ->  Partial Aggregate  (cost=5.24..5.25 rows=1 width=32) (actual time=0.267..0.268 rows=1 loops=1)

                    Buffers: shared read=4

                    ->  Parallel Seq Scan on _hyper_1_1665_chunk  (cost=0.00..4.99 rows=99 width=8) (actual time=0.203..0.247 rows=168 loops=1)

                          Buffers: shared read=4

              ->  Partial Aggregate  (cost=5.24..5.25 rows=1 width=32) (actual time=0.230..0.230 rows=1 loops=1)

                    Buffers: shared read=4

                    ->  Parallel Seq Scan on _hyper_1_1666_chunk  (cost=0.00..4.99 rows=99 width=8) (actual time=0.168..0.209 rows=168 loops=1)

                          Buffers: shared read=4

              ->  Partial Aggregate  (cost=5.24..5.25 rows=1 width=32) (actual time=0.266..0.266 rows=1 loops=1)

                    Buffers: shared read=4

                    ->  Parallel Seq Scan on _hyper_1_1667_chunk  (cost=0.00..4.99 rows=99 width=8) (actual time=0.204..0.245 rows=168 loops=1)

                          Buffers: shared read=4

              ->  Partial Aggregate  (cost=5.24..5.25 rows=1 width=32) (actual time=0.233..0.234 rows=1 loops=1)

                    Buffers: shared read=4

                    ->  Parallel Seq Scan on _hyper_1_1668_chunk  (cost=0.00..4.99 rows=99 width=8) (actual time=0.171..0.213 rows=168 loops=1)

                          Buffers: shared read=4

              ->  Partial Aggregate  (cost=5.24..5.25 rows=1 width=32) (actual time=0.295..0.295 rows=1 loops=1)

                    Buffers: shared read=4

                    ->  Parallel Seq Scan on _hyper_1_1669_chunk  (cost=0.00..4.99 rows=99 width=8) (actual time=0.228..0.274 rows=168 loops=1)

                          Buffers: shared read=4

              ->  Partial Aggregate  (cost=5.24..5.25 rows=1 width=32) (actual time=0.268..0.268 rows=1 loops=1)

                    Buffers: shared read=4

                    ->  Parallel Seq Scan on _hyper_1_1670_chunk  (cost=0.00..4.99 rows=99 width=8) (actual time=0.207..0.248 rows=168 loops=1)

                          Buffers: shared read=4

              ->  Partial Aggregate  (cost=5.24..5.25 rows=1 width=32) (actual time=0.220..0.220 rows=1 loops=1)

                    Buffers: shared read=4

                    ->  Parallel Seq Scan on _hyper_1_1671_chunk  (cost=0.00..4.99 rows=99 width=8) (actual time=0.159..0.200 rows=168 loops=1)

                          Buffers: shared read=4

              ->  Partial Aggregate  (cost=5.24..5.25 rows=1 width=32) (actual time=0.285..0.286 rows=1 loops=1)

                    Buffers: shared read=4

                    ->  Parallel Seq Scan on _hyper_1_1672_chunk  (cost=0.00..4.99 rows=99 width=8) (actual time=0.225..0.265 rows=168 loops=1)

                          Buffers: shared read=4

              ->  Partial Aggregate  (cost=5.24..5.25 rows=1 width=32) (actual time=0.226..0.227 rows=1 loops=1)

                    Buffers: shared read=4

                    ->  Parallel Seq Scan on _hyper_1_1673_chunk  (cost=0.00..4.99 rows=99 width=8) (actual time=0.165..0.206 rows=168 loops=1)

                          Buffers: shared read=4

              ->  Partial Aggregate  (cost=5.24..5.25 rows=1 width=32) (actual time=0.286..0.286 rows=1 loops=1)

                    Buffers: shared read=4

                    ->  Parallel Seq Scan on _hyper_1_1674_chunk  (cost=0.00..4.99 rows=99 width=8) (actual time=0.225..0.266 rows=168 loops=1)

                          Buffers: shared read=4

              ->  Partial Aggregate  (cost=5.24..5.25 rows=1 width=32) (actual time=0.231..0.232 rows=1 loops=1)

                    Buffers: shared read=4

                    ->  Parallel Seq Scan on _hyper_1_1675_chunk  (cost=0.00..4.99 rows=99 width=8) (actual time=0.168..0.209 rows=168 loops=1)

                          Buffers: shared read=4

              ->  Partial Aggregate  (cost=5.24..5.25 rows=1 width=32) (actual time=0.224..0.225 rows=1 loops=1)

                    Buffers: shared read=4

                    ->  Parallel Seq Scan on _hyper_1_1676_chunk  (cost=0.00..4.99 rows=99 width=8) (actual time=0.160..0.203 rows=168 loops=1)

                          Buffers: shared read=4

              ->  Partial Aggregate  (cost=5.24..5.25 rows=1 width=32) (actual time=0.277..0.278 rows=1 loops=1)

                    Buffers: shared read=4

                    ->  Parallel Seq Scan on _hyper_1_1677_chunk  (cost=0.00..4.99 rows=99 width=8) (actual time=0.215..0.257 rows=168 loops=1)

                          Buffers: shared read=4

              ->  Partial Aggregate  (cost=5.24..5.25 rows=1 width=32) (actual time=0.198..0.199 rows=1 loops=1)

                    Buffers: shared read=4

                    ->  Parallel Seq Scan on _hyper_1_1679_chunk  (cost=0.00..4.99 rows=99 width=8) (actual time=0.137..0.178 rows=168 loops=1)

                          Buffers: shared read=4

              ->  Partial Aggregate  (cost=5.24..5.25 rows=1 width=32) (actual time=0.263..0.264 rows=1 loops=1)

                    Buffers: shared read=4

                    ->  Parallel Seq Scan on _hyper_1_1680_chunk  (cost=0.00..4.99 rows=99 width=8) (actual time=0.203..0.244 rows=168 loops=1)

                          Buffers: shared read=4

              ->  Partial Aggregate  (cost=5.24..5.25 rows=1 width=32) (actual time=0.256..0.257 rows=1 loops=1)

                    Buffers: shared read=4

                    ->  Parallel Seq Scan on _hyper_1_1681_chunk  (cost=0.00..4.99 rows=99 width=8) (actual time=0.194..0.235 rows=168 loops=1)

                          Buffers: shared read=4

              ->  Partial Aggregate  (cost=5.24..5.25 rows=1 width=32) (actual time=0.221..0.222 rows=1 loops=1)

                    Buffers: shared read=4

                    ->  Parallel Seq Scan on _hyper_1_1682_chunk  (cost=0.00..4.99 rows=99 width=8) (actual time=0.161..0.202 rows=168 loops=1)

                          Buffers: shared read=4

              ->  Partial Aggregate  (cost=5.24..5.25 rows=1 width=32) (actual time=0.265..0.265 rows=1 loops=1)

                    Buffers: shared read=4

                    ->  Parallel Seq Scan on _hyper_1_1683_chunk  (cost=0.00..4.99 rows=99 width=8) (actual time=0.204..0.245 rows=168 loops=1)

                          Buffers: shared read=4

              ->  Partial Aggregate  (cost=5.24..5.25 rows=1 width=32) (actual time=0.213..0.214 rows=1 loops=1)

                    Buffers: shared read=4

                    ->  Parallel Seq Scan on _hyper_1_1684_chunk  (cost=0.00..4.99 rows=99 width=8) (actual time=0.154..0.193 rows=168 loops=1)

                          Buffers: shared read=4

              ->  Partial Aggregate  (cost=5.24..5.25 rows=1 width=32) (actual time=0.205..0.206 rows=1 loops=1)

                    Buffers: shared read=4

                    ->  Parallel Seq Scan on _hyper_1_1685_chunk  (cost=0.00..4.99 rows=99 width=8) (actual time=0.144..0.185 rows=168 loops=1)

                          Buffers: shared read=4

              ->  Partial Aggregate  (cost=5.24..5.25 rows=1 width=32) (actual time=0.216..0.217 rows=1 loops=1)

                    Buffers: shared read=4

                    ->  Parallel Seq Scan on _hyper_1_1686_chunk  (cost=0.00..4.99 rows=99 width=8) (actual time=0.153..0.193 rows=168 loops=1)

                          Buffers: shared read=4

              ->  Partial Aggregate  (cost=5.24..5.25 rows=1 width=32) (actual time=0.213..0.214 rows=1 loops=1)

                    Buffers: shared read=4

                    ->  Parallel Seq Scan on _hyper_1_1687_chunk  (cost=0.00..4.99 rows=99 width=8) (actual time=0.151..0.192 rows=168 loops=1)

                          Buffers: shared read=4

              ->  Partial Aggregate  (cost=5.24..5.25 rows=1 width=32) (actual time=0.276..0.276 rows=1 loops=1)

                    Buffers: shared read=4

                    ->  Parallel Seq Scan on _hyper_1_1688_chunk  (cost=0.00..4.99 rows=99 width=8) (actual time=0.213..0.256 rows=168 loops=1)

                          Buffers: shared read=4

              ->  Partial Aggregate  (cost=5.24..5.25 rows=1 width=32) (actual time=0.235..0.235 rows=1 loops=1)

                    Buffers: shared read=4

                    ->  Parallel Seq Scan on _hyper_1_1689_chunk  (cost=0.00..4.99 rows=99 width=8) (actual time=0.168..0.209 rows=168 loops=1)

                          Buffers: shared read=4

              ->  Partial Aggregate  (cost=5.24..5.25 rows=1 width=32) (actual time=0.265..0.266 rows=1 loops=1)

                    Buffers: shared read=4

                    ->  Parallel Seq Scan on _hyper_1_1690_chunk  (cost=0.00..4.99 rows=99 width=8) (actual time=0.204..0.245 rows=168 loops=1)

                          Buffers: shared read=4

              ->  Partial Aggregate  (cost=5.24..5.25 rows=1 width=32) (actual time=0.264..0.265 rows=1 loops=1)

                    Buffers: shared read=4

                    ->  Parallel Seq Scan on _hyper_1_1691_chunk  (cost=0.00..4.99 rows=99 width=8) (actual time=0.202..0.244 rows=168 loops=1)

                          Buffers: shared read=4

              ->  Partial Aggregate  (cost=5.24..5.25 rows=1 width=32) (actual time=0.217..0.218 rows=1 loops=1)

                    Buffers: shared read=4

                    ->  Parallel Seq Scan on _hyper_1_1692_chunk  (cost=0.00..4.99 rows=99 width=8) (actual time=0.158..0.197 rows=168 loops=1)

                          Buffers: shared read=4

              ->  Partial Aggregate  (cost=5.24..5.25 rows=1 width=32) (actual time=0.222..0.222 rows=1 loops=1)

                    Buffers: shared read=4

                    ->  Parallel Seq Scan on _hyper_1_1693_chunk  (cost=0.00..4.99 rows=99 width=8) (actual time=0.161..0.201 rows=168 loops=1)

                          Buffers: shared read=4

              ->  Partial Aggregate  (cost=5.24..5.25 rows=1 width=32) (actual time=0.213..0.214 rows=1 loops=1)

                    Buffers: shared read=4

                    ->  Parallel Seq Scan on _hyper_1_1694_chunk  (cost=0.00..4.99 rows=99 width=8) (actual time=0.152..0.193 rows=168 loops=1)

                          Buffers: shared read=4

              ->  Partial Aggregate  (cost=5.24..5.25 rows=1 width=32) (actual time=0.212..0.212 rows=1 loops=1)

                    Buffers: shared read=4

                    ->  Parallel Seq Scan on _hyper_1_1695_chunk  (cost=0.00..4.99 rows=99 width=8) (actual time=0.151..0.192 rows=168 loops=1)

                          Buffers: shared read=4

              ->  Partial Aggregate  (cost=5.24..5.25 rows=1 width=32) (actual time=0.237..0.238 rows=1 loops=1)

                    Buffers: shared read=4

                    ->  Parallel Seq Scan on _hyper_1_1696_chunk  (cost=0.00..4.99 rows=99 width=8) (actual time=0.177..0.217 rows=168 loops=1)

                          Buffers: shared read=4

              ->  Partial Aggregate  (cost=5.24..5.25 rows=1 width=32) (actual time=0.264..0.265 rows=1 loops=1)

                    Buffers: shared read=4

                    ->  Parallel Seq Scan on _hyper_1_1697_chunk  (cost=0.00..4.99 rows=99 width=8) (actual time=0.204..0.244 rows=168 loops=1)

                          Buffers: shared read=4

              ->  Partial Aggregate  (cost=5.24..5.25 rows=1 width=32) (actual time=0.284..0.285 rows=1 loops=1)

                    Buffers: shared read=4

                    ->  Parallel Seq Scan on _hyper_1_1698_chunk  (cost=0.00..4.99 rows=99 width=8) (actual time=0.221..0.264 rows=168 loops=1)

                          Buffers: shared read=4

              ->  Partial Aggregate  (cost=5.24..5.25 rows=1 width=32) (actual time=0.265..0.266 rows=1 loops=1)

                    Buffers: shared read=4

                    ->  Parallel Seq Scan on _hyper_1_1699_chunk  (cost=0.00..4.99 rows=99 width=8) (actual time=0.202..0.244 rows=168 loops=1)

                          Buffers: shared read=4

              ->  Partial Aggregate  (cost=5.24..5.25 rows=1 width=32) (actual time=0.198..0.199 rows=1 loops=1)

                    Buffers: shared read=4

                    ->  Parallel Seq Scan on _hyper_1_1700_chunk  (cost=0.00..4.99 rows=99 width=8) (actual time=0.138..0.178 rows=168 loops=1)

                          Buffers: shared read=4

              ->  Partial Aggregate  (cost=5.24..5.25 rows=1 width=32) (actual time=0.227..0.228 rows=1 loops=1)

                    Buffers: shared read=4

                    ->  Parallel Seq Scan on _hyper_1_1701_chunk  (cost=0.00..4.99 rows=99 width=8) (actual time=0.165..0.207 rows=168 loops=1)

                          Buffers: shared read=4

              ->  Partial Aggregate  (cost=5.24..5.25 rows=1 width=32) (actual time=0.216..0.216 rows=1 loops=1)

                    Buffers: shared read=4

                    ->  Parallel Seq Scan on _hyper_1_1702_chunk  (cost=0.00..4.99 rows=99 width=8) (actual time=0.156..0.196 rows=168 loops=1)

                          Buffers: shared read=4

              ->  Partial Aggregate  (cost=5.24..5.25 rows=1 width=32) (actual time=0.217..0.218 rows=1 loops=1)

                    Buffers: shared read=4

                    ->  Parallel Seq Scan on _hyper_1_1703_chunk  (cost=0.00..4.99 rows=99 width=8) (actual time=0.152..0.196 rows=168 loops=1)

                          Buffers: shared read=4

              ->  Partial Aggregate  (cost=5.24..5.25 rows=1 width=32) (actual time=0.229..0.229 rows=1 loops=1)

                    Buffers: shared read=4

                    ->  Parallel Seq Scan on _hyper_1_1704_chunk  (cost=0.00..4.99 rows=99 width=8) (actual time=0.167..0.209 rows=168 loops=1)

                          Buffers: shared read=4

              ->  Partial Aggregate  (cost=5.24..5.25 rows=1 width=32) (actual time=0.272..0.273 rows=1 loops=1)

                    Buffers: shared read=4

                    ->  Parallel Seq Scan on _hyper_1_1705_chunk  (cost=0.00..4.99 rows=99 width=8) (actual time=0.209..0.252 rows=168 loops=1)

                          Buffers: shared read=4

              ->  Partial Aggregate  (cost=5.24..5.25 rows=1 width=32) (actual time=0.205..0.205 rows=1 loops=1)

                    Buffers: shared read=4

                    ->  Parallel Seq Scan on _hyper_1_1706_chunk  (cost=0.00..4.99 rows=99 width=8) (actual time=0.143..0.185 rows=168 loops=1)

                          Buffers: shared read=4

              ->  Partial Aggregate  (cost=5.24..5.25 rows=1 width=32) (actual time=0.279..0.280 rows=1 loops=1)

                    Buffers: shared read=4

                    ->  Parallel Seq Scan on _hyper_1_1707_chunk  (cost=0.00..4.99 rows=99 width=8) (actual time=0.219..0.258 rows=168 loops=1)

                          Buffers: shared read=4

              ->  Partial Aggregate  (cost=5.24..5.25 rows=1 width=32) (actual time=0.276..0.277 rows=1 loops=1)

                    Buffers: shared read=4

                    ->  Parallel Seq Scan on _hyper_1_1708_chunk  (cost=0.00..4.99 rows=99 width=8) (actual time=0.216..0.257 rows=168 loops=1)

                          Buffers: shared read=4

              ->  Partial Aggregate  (cost=5.24..5.25 rows=1 width=32) (actual time=0.208..0.209 rows=1 loops=1)

                    Buffers: shared read=4

                    ->  Parallel Seq Scan on _hyper_1_1709_chunk  (cost=0.00..4.99 rows=99 width=8) (actual time=0.146..0.188 rows=168 loops=1)

                          Buffers: shared read=4

              ->  Partial Aggregate  (cost=5.24..5.25 rows=1 width=32) (actual time=0.268..0.269 rows=1 loops=1)

                    Buffers: shared read=4

                    ->  Parallel Seq Scan on _hyper_1_1710_chunk  (cost=0.00..4.99 rows=99 width=8) (actual time=0.208..0.248 rows=168 loops=1)

                          Buffers: shared read=4

              ->  Partial Aggregate  (cost=5.24..5.25 rows=1 width=32) (actual time=0.228..0.229 rows=1 loops=1)

                    Buffers: shared read=4

                    ->  Parallel Seq Scan on _hyper_1_1711_chunk  (cost=0.00..4.99 rows=99 width=8) (actual time=0.163..0.208 rows=168 loops=1)

                          Buffers: shared read=4

              ->  Partial Aggregate  (cost=5.24..5.25 rows=1 width=32) (actual time=0.239..0.239 rows=1 loops=1)

                    Buffers: shared read=4

                    ->  Parallel Seq Scan on _hyper_1_1712_chunk  (cost=0.00..4.99 rows=99 width=8) (actual time=0.172..0.218 rows=168 loops=1)

                          Buffers: shared read=4

              ->  Partial Aggregate  (cost=5.24..5.25 rows=1 width=32) (actual time=0.269..0.270 rows=1 loops=1)

                    Buffers: shared read=4

                    ->  Parallel Seq Scan on _hyper_1_1713_chunk  (cost=0.00..4.99 rows=99 width=8) (actual time=0.208..0.249 rows=168 loops=1)

                          Buffers: shared read=4

              ->  Partial Aggregate  (cost=5.24..5.25 rows=1 width=32) (actual time=0.285..0.286 rows=1 loops=1)

                    Buffers: shared read=4

                    ->  Parallel Seq Scan on _hyper_1_1714_chunk  (cost=0.00..4.99 rows=99 width=8) (actual time=0.226..0.265 rows=168 loops=1)

                          Buffers: shared read=4

              ->  Partial Aggregate  (cost=5.24..5.25 rows=1 width=32) (actual time=0.256..0.257 rows=1 loops=1)

                    Buffers: shared read=4

                    ->  Parallel Seq Scan on _hyper_1_1716_chunk  (cost=0.00..4.99 rows=99 width=8) (actual time=0.193..0.236 rows=168 loops=1)

                          Buffers: shared read=4

              ->  Partial Aggregate  (cost=5.24..5.25 rows=1 width=32) (actual time=0.266..0.267 rows=1 loops=1)

                    Buffers: shared read=4

                    ->  Parallel Seq Scan on _hyper_1_1717_chunk  (cost=0.00..4.99 rows=99 width=8) (actual time=0.206..0.246 rows=168 loops=1)

                          Buffers: shared read=4

              ->  Partial Aggregate  (cost=5.24..5.25 rows=1 width=32) (actual time=0.203..0.203 rows=1 loops=1)

                    Buffers: shared read=4

                    ->  Parallel Seq Scan on _hyper_1_1718_chunk  (cost=0.00..4.99 rows=99 width=8) (actual time=0.141..0.183 rows=168 loops=1)

                          Buffers: shared read=4

              ->  Partial Aggregate  (cost=5.24..5.25 rows=1 width=32) (actual time=0.232..0.233 rows=1 loops=1)

                    Buffers: shared read=4

                    ->  Parallel Seq Scan on _hyper_1_1719_chunk  (cost=0.00..4.99 rows=99 width=8) (actual time=0.169..0.211 rows=168 loops=1)

                          Buffers: shared read=4

              ->  Partial Aggregate  (cost=5.24..5.25 rows=1 width=32) (actual time=0.193..0.194 rows=1 loops=1)

                    Buffers: shared read=4

                    ->  Parallel Seq Scan on _hyper_1_1720_chunk  (cost=0.00..4.99 rows=99 width=8) (actual time=0.129..0.172 rows=168 loops=1)

                          Buffers: shared read=4

              ->  Partial Aggregate  (cost=5.24..5.25 rows=1 width=32) (actual time=0.262..0.263 rows=1 loops=1)

                    Buffers: shared read=4

                    ->  Parallel Seq Scan on _hyper_1_1721_chunk  (cost=0.00..4.99 rows=99 width=8) (actual time=0.198..0.241 rows=168 loops=1)

                          Buffers: shared read=4

              ->  Partial Aggregate  (cost=5.24..5.25 rows=1 width=32) (actual time=0.214..0.214 rows=1 loops=1)

                    Buffers: shared read=4

                    ->  Parallel Seq Scan on _hyper_1_1722_chunk  (cost=0.00..4.99 rows=99 width=8) (actual time=0.149..0.192 rows=168 loops=1)

                          Buffers: shared read=4

              ->  Partial Aggregate  (cost=5.24..5.25 rows=1 width=32) (actual time=0.293..0.294 rows=1 loops=1)

                    Buffers: shared read=4

                    ->  Parallel Seq Scan on _hyper_1_1723_chunk  (cost=0.00..4.99 rows=99 width=8) (actual time=0.227..0.271 rows=168 loops=1)

                          Buffers: shared read=4

              ->  Partial Aggregate  (cost=5.24..5.25 rows=1 width=32) (actual time=0.333..0.333 rows=1 loops=1)

                    Buffers: shared read=4

                    ->  Parallel Seq Scan on _hyper_1_1724_chunk  (cost=0.00..4.99 rows=99 width=8) (actual time=0.267..0.311 rows=168 loops=1)

                          Buffers: shared read=4

              ->  Partial Aggregate  (cost=5.24..5.25 rows=1 width=32) (actual time=0.295..0.295 rows=1 loops=1)

                    Buffers: shared read=4

                    ->  Parallel Seq Scan on _hyper_1_1725_chunk  (cost=0.00..4.99 rows=99 width=8) (actual time=0.227..0.273 rows=168 loops=1)

                          Buffers: shared read=4

              ->  Partial Aggregate  (cost=5.24..5.25 rows=1 width=32) (actual time=0.276..0.277 rows=1 loops=1)

                    Buffers: shared read=4

                    ->  Parallel Seq Scan on _hyper_1_1726_chunk  (cost=0.00..4.99 rows=99 width=8) (actual time=0.211..0.255 rows=168 loops=1)

                          Buffers: shared read=4

              ->  Partial Aggregate  (cost=5.24..5.25 rows=1 width=32) (actual time=0.232..0.233 rows=1 loops=1)

                    Buffers: shared read=4

                    ->  Parallel Seq Scan on _hyper_1_1727_chunk  (cost=0.00..4.99 rows=99 width=8) (actual time=0.167..0.211 rows=168 loops=1)

                          Buffers: shared read=4

              ->  Partial Aggregate  (cost=5.24..5.25 rows=1 width=32) (actual time=0.225..0.226 rows=1 loops=1)

                    Buffers: shared read=4

                    ->  Parallel Seq Scan on _hyper_1_1728_chunk  (cost=0.00..4.99 rows=99 width=8) (actual time=0.161..0.204 rows=168 loops=1)

                          Buffers: shared read=4

              ->  Partial Aggregate  (cost=5.24..5.25 rows=1 width=32) (actual time=0.287..0.288 rows=1 loops=1)

                    Buffers: shared read=4

                    ->  Parallel Seq Scan on _hyper_1_1729_chunk  (cost=0.00..4.99 rows=99 width=8) (actual time=0.222..0.266 rows=168 loops=1)

                          Buffers: shared read=4

              ->  Partial Aggregate  (cost=5.24..5.25 rows=1 width=32) (actual time=0.290..0.291 rows=1 loops=1)

                    Buffers: shared read=4

                    ->  Parallel Seq Scan on _hyper_1_1730_chunk  (cost=0.00..4.99 rows=99 width=8) (actual time=0.224..0.269 rows=168 loops=1)

                          Buffers: shared read=4

              ->  Partial Aggregate  (cost=5.24..5.25 rows=1 width=32) (actual time=0.242..0.243 rows=1 loops=1)

                    Buffers: shared read=4

                    ->  Parallel Seq Scan on _hyper_1_1731_chunk  (cost=0.00..4.99 rows=99 width=8) (actual time=0.176..0.221 rows=168 loops=1)

                          Buffers: shared read=4

              ->  Partial Aggregate  (cost=5.24..5.25 rows=1 width=32) (actual time=0.192..0.193 rows=1 loops=1)

                    Buffers: shared read=4

                    ->  Parallel Seq Scan on _hyper_1_1732_chunk  (cost=0.00..4.99 rows=99 width=8) (actual time=0.126..0.171 rows=168 loops=1)

                          Buffers: shared read=4

              ->  Partial Aggregate  (cost=5.24..5.25 rows=1 width=32) (actual time=0.174..0.175 rows=1 loops=1)

                    Buffers: shared read=4

                    ->  Parallel Seq Scan on _hyper_1_1733_chunk  (cost=0.00..4.99 rows=99 width=8) (actual time=0.110..0.153 rows=168 loops=1)

                          Buffers: shared read=4

              ->  Partial Aggregate  (cost=5.24..5.25 rows=1 width=32) (actual time=0.212..0.213 rows=1 loops=1)

                    Buffers: shared read=4

                    ->  Parallel Seq Scan on _hyper_1_1734_chunk  (cost=0.00..4.99 rows=99 width=8) (actual time=0.145..0.190 rows=168 loops=1)

                          Buffers: shared read=4

              ->  Partial Aggregate  (cost=5.24..5.25 rows=1 width=32) (actual time=0.301..0.302 rows=1 loops=1)

                    Buffers: shared read=4

                    ->  Parallel Seq Scan on _hyper_1_1735_chunk  (cost=0.00..4.99 rows=99 width=8) (actual time=0.178..0.280 rows=168 loops=1)

                          Buffers: shared read=4

              ->  Partial Aggregate  (cost=5.24..5.25 rows=1 width=32) (actual time=0.222..0.223 rows=1 loops=1)

                    Buffers: shared read=4

                    ->  Parallel Seq Scan on _hyper_1_1736_chunk  (cost=0.00..4.99 rows=99 width=8) (actual time=0.155..0.201 rows=168 loops=1)

                          Buffers: shared read=4

              ->  Partial Aggregate  (cost=5.24..5.25 rows=1 width=32) (actual time=0.233..0.234 rows=1 loops=1)

                    Buffers: shared read=4

                    ->  Parallel Seq Scan on _hyper_1_1737_chunk  (cost=0.00..4.99 rows=99 width=8) (actual time=0.167..0.211 rows=168 loops=1)

                          Buffers: shared read=4

              ->  Partial Aggregate  (cost=5.24..5.25 rows=1 width=32) (actual time=0.297..0.297 rows=1 loops=1)

                    Buffers: shared read=4

                    ->  Parallel Seq Scan on _hyper_1_1738_chunk  (cost=0.00..4.99 rows=99 width=8) (actual time=0.231..0.275 rows=168 loops=1)

                          Buffers: shared read=4

              ->  Partial Aggregate  (cost=5.24..5.25 rows=1 width=32) (actual time=0.239..0.239 rows=1 loops=1)

                    Buffers: shared read=4

                    ->  Parallel Seq Scan on _hyper_1_1739_chunk  (cost=0.00..4.99 rows=99 width=8) (actual time=0.174..0.217 rows=168 loops=1)

                          Buffers: shared read=4

              ->  Partial Aggregate  (cost=5.24..5.25 rows=1 width=32) (actual time=0.232..0.232 rows=1 loops=1)

                    Buffers: shared read=4

                    ->  Parallel Seq Scan on _hyper_1_1740_chunk  (cost=0.00..4.99 rows=99 width=8) (actual time=0.160..0.210 rows=168 loops=1)

                          Buffers: shared read=4

              ->  Partial Aggregate  (cost=5.24..5.25 rows=1 width=32) (actual time=0.211..0.211 rows=1 loops=1)

                    Buffers: shared read=4

                    ->  Parallel Seq Scan on _hyper_1_1741_chunk  (cost=0.00..4.99 rows=99 width=8) (actual time=0.145..0.189 rows=168 loops=1)

                          Buffers: shared read=4

              ->  Partial Aggregate  (cost=5.24..5.25 rows=1 width=32) (actual time=0.228..0.228 rows=1 loops=1)

                    Buffers: shared read=4

                    ->  Parallel Seq Scan on _hyper_1_1742_chunk  (cost=0.00..4.99 rows=99 width=8) (actual time=0.161..0.205 rows=168 loops=1)

                          Buffers: shared read=4

              ->  Partial Aggregate  (cost=5.24..5.25 rows=1 width=32) (actual time=0.208..0.209 rows=1 loops=1)

                    Buffers: shared read=4

                    ->  Parallel Seq Scan on _hyper_1_1744_chunk  (cost=0.00..4.99 rows=99 width=8) (actual time=0.144..0.186 rows=168 loops=1)

                          Buffers: shared read=4

              ->  Partial Aggregate  (cost=5.24..5.25 rows=1 width=32) (actual time=0.235..0.235 rows=1 loops=1)

                    Buffers: shared read=4

                    ->  Parallel Seq Scan on _hyper_1_1745_chunk  (cost=0.00..4.99 rows=99 width=8) (actual time=0.170..0.214 rows=168 loops=1)

                          Buffers: shared read=4

              ->  Partial Aggregate  (cost=5.24..5.25 rows=1 width=32) (actual time=0.290..0.291 rows=1 loops=1)

                    Buffers: shared read=4

                    ->  Parallel Seq Scan on _hyper_1_1746_chunk  (cost=0.00..4.99 rows=99 width=8) (actual time=0.225..0.268 rows=168 loops=1)

                          Buffers: shared read=4

              ->  Partial Aggregate  (cost=5.24..5.25 rows=1 width=32) (actual time=0.277..0.277 rows=1 loops=1)

                    Buffers: shared read=4

                    ->  Parallel Seq Scan on _hyper_1_1747_chunk  (cost=0.00..4.99 rows=99 width=8) (actual time=0.207..0.255 rows=168 loops=1)

                          Buffers: shared read=4

              ->  Partial Aggregate  (cost=5.24..5.25 rows=1 width=32) (actual time=0.250..0.251 rows=1 loops=1)

                    Buffers: shared read=4

                    ->  Parallel Seq Scan on _hyper_1_1749_chunk  (cost=0.00..4.99 rows=99 width=8) (actual time=0.183..0.228 rows=168 loops=1)

                          Buffers: shared read=4

              ->  Partial Aggregate  (cost=5.24..5.25 rows=1 width=32) (actual time=0.307..0.308 rows=1 loops=1)

                    Buffers: shared read=4

                    ->  Parallel Seq Scan on _hyper_1_1750_chunk  (cost=0.00..4.99 rows=99 width=8) (actual time=0.243..0.286 rows=168 loops=1)

                          Buffers: shared read=4

              ->  Partial Aggregate  (cost=5.24..5.25 rows=1 width=32) (actual time=0.241..0.242 rows=1 loops=1)

                    Buffers: shared read=4

                    ->  Parallel Seq Scan on _hyper_1_1751_chunk  (cost=0.00..4.99 rows=99 width=8) (actual time=0.177..0.221 rows=168 loops=1)

                          Buffers: shared read=4

              ->  Partial Aggregate  (cost=5.24..5.25 rows=1 width=32) (actual time=0.227..0.227 rows=1 loops=1)

                    Buffers: shared read=4

                    ->  Parallel Seq Scan on _hyper_1_1752_chunk  (cost=0.00..4.99 rows=99 width=8) (actual time=0.162..0.206 rows=168 loops=1)

                          Buffers: shared read=4

              ->  Partial Aggregate  (cost=5.24..5.25 rows=1 width=32) (actual time=0.166..0.167 rows=1 loops=1)

                    Buffers: shared read=4

                    ->  Parallel Seq Scan on _hyper_1_1754_chunk  (cost=0.00..4.99 rows=99 width=8) (actual time=0.101..0.144 rows=168 loops=1)

                          Buffers: shared read=4

              ->  Partial Aggregate  (cost=5.24..5.25 rows=1 width=32) (actual time=0.213..0.213 rows=1 loops=1)

                    Buffers: shared read=4

                    ->  Parallel Seq Scan on _hyper_1_1755_chunk  (cost=0.00..4.99 rows=99 width=8) (actual time=0.147..0.191 rows=168 loops=1)

                          Buffers: shared read=4

              ->  Partial Aggregate  (cost=5.24..5.25 rows=1 width=32) (actual time=0.294..0.294 rows=1 loops=1)

                    Buffers: shared read=4

                    ->  Parallel Seq Scan on _hyper_1_1756_chunk  (cost=0.00..4.99 rows=99 width=8) (actual time=0.230..0.272 rows=168 loops=1)

                          Buffers: shared read=4

              ->  Partial Aggregate  (cost=5.24..5.25 rows=1 width=32) (actual time=0.589..0.590 rows=1 loops=1)

                    Buffers: shared read=4

                    ->  Parallel Seq Scan on _hyper_1_1757_chunk  (cost=0.00..4.99 rows=99 width=8) (actual time=0.520..0.562 rows=168 loops=1)

                          Buffers: shared read=4

              ->  Partial Aggregate  (cost=5.24..5.25 rows=1 width=32) (actual time=0.222..0.222 rows=1 loops=1)

                    Buffers: shared read=4

                    ->  Parallel Seq Scan on _hyper_1_1759_chunk  (cost=0.00..4.99 rows=99 width=8) (actual time=0.155..0.201 rows=168 loops=1)

                          Buffers: shared read=4

              ->  Partial Aggregate  (cost=5.24..5.25 rows=1 width=32) (actual time=0.281..0.282 rows=1 loops=1)

                    Buffers: shared read=4

                    ->  Parallel Seq Scan on _hyper_1_1760_chunk  (cost=0.00..4.99 rows=99 width=8) (actual time=0.219..0.261 rows=168 loops=1)

                          Buffers: shared read=4

              ->  Partial Aggregate  (cost=5.24..5.25 rows=1 width=32) (actual time=0.239..0.240 rows=1 loops=1)

                    Buffers: shared read=4

                    ->  Parallel Seq Scan on _hyper_1_1761_chunk  (cost=0.00..4.99 rows=99 width=8) (actual time=0.178..0.219 rows=168 loops=1)

                          Buffers: shared read=4

              ->  Partial Aggregate  (cost=5.24..5.25 rows=1 width=32) (actual time=0.191..0.192 rows=1 loops=1)

                    Buffers: shared read=4

                    ->  Parallel Seq Scan on _hyper_1_1762_chunk  (cost=0.00..4.99 rows=99 width=8) (actual time=0.128..0.171 rows=168 loops=1)

                          Buffers: shared read=4

              ->  Partial Aggregate  (cost=5.24..5.25 rows=1 width=32) (actual time=0.257..0.258 rows=1 loops=1)

                    Buffers: shared read=4

                    ->  Parallel Seq Scan on _hyper_1_1764_chunk  (cost=0.00..4.99 rows=99 width=8) (actual time=0.196..0.237 rows=168 loops=1)

                          Buffers: shared read=4

              ->  Partial Aggregate  (cost=5.24..5.25 rows=1 width=32) (actual time=0.271..0.271 rows=1 loops=1)

                    Buffers: shared read=4

                    ->  Parallel Seq Scan on _hyper_1_1765_chunk  (cost=0.00..4.99 rows=99 width=8) (actual time=0.210..0.251 rows=168 loops=1)

                          Buffers: shared read=4

              ->  Partial Aggregate  (cost=5.24..5.25 rows=1 width=32) (actual time=0.344..0.345 rows=1 loops=1)

                    Buffers: shared read=4

                    ->  Parallel Seq Scan on _hyper_1_1766_chunk  (cost=0.00..4.99 rows=99 width=8) (actual time=0.284..0.324 rows=168 loops=1)

                          Buffers: shared read=4

              ->  Partial Aggregate  (cost=5.24..5.25 rows=1 width=32) (actual time=0.295..0.295 rows=1 loops=1)

                    Buffers: shared read=4

                    ->  Parallel Seq Scan on _hyper_1_1767_chunk  (cost=0.00..4.99 rows=99 width=8) (actual time=0.234..0.274 rows=168 loops=1)

                          Buffers: shared read=4

              ->  Partial Aggregate  (cost=5.24..5.25 rows=1 width=32) (actual time=0.201..0.202 rows=1 loops=1)

                    Buffers: shared read=4

                    ->  Parallel Seq Scan on _hyper_1_1768_chunk  (cost=0.00..4.99 rows=99 width=8) (actual time=0.141..0.181 rows=168 loops=1)

                          Buffers: shared read=4

              ->  Partial Aggregate  (cost=5.24..5.25 rows=1 width=32) (actual time=0.263..0.264 rows=1 loops=1)

                    Buffers: shared read=4

                    ->  Parallel Seq Scan on _hyper_1_1769_chunk  (cost=0.00..4.99 rows=99 width=8) (actual time=0.201..0.243 rows=168 loops=1)

                          Buffers: shared read=4

              ->  Partial Aggregate  (cost=5.24..5.25 rows=1 width=32) (actual time=0.325..0.326 rows=1 loops=1)

                    Buffers: shared read=4

                    ->  Parallel Seq Scan on _hyper_1_1770_chunk  (cost=0.00..4.99 rows=99 width=8) (actual time=0.262..0.305 rows=168 loops=1)

                          Buffers: shared read=4

              ->  Partial Aggregate  (cost=5.24..5.25 rows=1 width=32) (actual time=0.336..0.336 rows=1 loops=1)

                    Buffers: shared read=4

                    ->  Parallel Seq Scan on _hyper_1_1771_chunk  (cost=0.00..4.99 rows=99 width=8) (actual time=0.275..0.315 rows=168 loops=1)

                          Buffers: shared read=4

              ->  Partial Aggregate  (cost=5.24..5.25 rows=1 width=32) (actual time=0.267..0.268 rows=1 loops=1)

                    Buffers: shared read=4

                    ->  Parallel Seq Scan on _hyper_1_1772_chunk  (cost=0.00..4.99 rows=99 width=8) (actual time=0.202..0.247 rows=168 loops=1)

                          Buffers: shared read=4

              ->  Partial Aggregate  (cost=5.24..5.25 rows=1 width=32) (actual time=0.217..0.217 rows=1 loops=1)

                    Buffers: shared read=4

                    ->  Parallel Seq Scan on _hyper_1_1773_chunk  (cost=0.00..4.99 rows=99 width=8) (actual time=0.154..0.197 rows=168 loops=1)

                          Buffers: shared read=4

              ->  Partial Aggregate  (cost=5.24..5.25 rows=1 width=32) (actual time=0.281..0.282 rows=1 loops=1)

                    Buffers: shared read=4

                    ->  Parallel Seq Scan on _hyper_1_1775_chunk  (cost=0.00..4.99 rows=99 width=8) (actual time=0.220..0.261 rows=168 loops=1)

                          Buffers: shared read=4

              ->  Partial Aggregate  (cost=5.24..5.25 rows=1 width=32) (actual time=0.223..0.224 rows=1 loops=1)

                    Buffers: shared read=4

                    ->  Parallel Seq Scan on _hyper_1_1776_chunk  (cost=0.00..4.99 rows=99 width=8) (actual time=0.159..0.203 rows=168 loops=1)

                          Buffers: shared read=4

              ->  Partial Aggregate  (cost=5.24..5.25 rows=1 width=32) (actual time=0.213..0.213 rows=1 loops=1)

                    Buffers: shared read=4

                    ->  Parallel Seq Scan on _hyper_1_1777_chunk  (cost=0.00..4.99 rows=99 width=8) (actual time=0.149..0.193 rows=168 loops=1)

                          Buffers: shared read=4

              ->  Partial Aggregate  (cost=5.24..5.25 rows=1 width=32) (actual time=0.228..0.229 rows=1 loops=1)

                    Buffers: shared read=4

                    ->  Parallel Seq Scan on _hyper_1_1778_chunk  (cost=0.00..4.99 rows=99 width=8) (actual time=0.166..0.208 rows=168 loops=1)

                          Buffers: shared read=4

              ->  Partial Aggregate  (cost=5.24..5.25 rows=1 width=32) (actual time=0.286..0.286 rows=1 loops=1)

                    Buffers: shared read=4

                    ->  Parallel Seq Scan on _hyper_1_1779_chunk  (cost=0.00..4.99 rows=99 width=8) (actual time=0.224..0.266 rows=168 loops=1)

                          Buffers: shared read=4

              ->  Partial Aggregate  (cost=5.24..5.25 rows=1 width=32) (actual time=0.223..0.223 rows=1 loops=1)

                    Buffers: shared read=4

                    ->  Parallel Seq Scan on _hyper_1_1780_chunk  (cost=0.00..4.99 rows=99 width=8) (actual time=0.162..0.203 rows=168 loops=1)

                          Buffers: shared read=4

              ->  Partial Aggregate  (cost=5.24..5.25 rows=1 width=32) (actual time=0.160..0.160 rows=1 loops=1)

                    Buffers: shared read=4

                    ->  Parallel Seq Scan on _hyper_1_1781_chunk  (cost=0.00..4.99 rows=99 width=8) (actual time=0.098..0.139 rows=168 loops=1)

                          Buffers: shared read=4

              ->  Partial Aggregate  (cost=5.24..5.25 rows=1 width=32) (actual time=0.160..0.161 rows=1 loops=1)

                    Buffers: shared read=4

                    ->  Parallel Seq Scan on _hyper_1_1782_chunk  (cost=0.00..4.99 rows=99 width=8) (actual time=0.099..0.140 rows=168 loops=1)

                          Buffers: shared read=4

              ->  Partial Aggregate  (cost=5.24..5.25 rows=1 width=32) (actual time=0.230..0.231 rows=1 loops=1)

                    Buffers: shared read=4

                    ->  Parallel Seq Scan on _hyper_1_1783_chunk  (cost=0.00..4.99 rows=99 width=8) (actual time=0.167..0.210 rows=168 loops=1)

                          Buffers: shared read=4

              ->  Partial Aggregate  (cost=5.24..5.25 rows=1 width=32) (actual time=0.208..0.208 rows=1 loops=1)

                    Buffers: shared read=4

                    ->  Parallel Seq Scan on _hyper_1_1784_chunk  (cost=0.00..4.99 rows=99 width=8) (actual time=0.144..0.187 rows=168 loops=1)

                          Buffers: shared read=4

              ->  Partial Aggregate  (cost=5.24..5.25 rows=1 width=32) (actual time=0.286..0.287 rows=1 loops=1)

                    Buffers: shared read=4

                    ->  Parallel Seq Scan on _hyper_1_1785_chunk  (cost=0.00..4.99 rows=99 width=8) (actual time=0.225..0.266 rows=168 loops=1)

                          Buffers: shared read=4

              ->  Partial Aggregate  (cost=5.24..5.25 rows=1 width=32) (actual time=0.228..0.228 rows=1 loops=1)

                    Buffers: shared read=4

                    ->  Parallel Seq Scan on _hyper_1_1786_chunk  (cost=0.00..4.99 rows=99 width=8) (actual time=0.165..0.207 rows=168 loops=1)

                          Buffers: shared read=4

              ->  Partial Aggregate  (cost=5.24..5.25 rows=1 width=32) (actual time=0.144..0.145 rows=1 loops=1)

                    Buffers: shared read=4

                    ->  Parallel Seq Scan on _hyper_1_1787_chunk  (cost=0.00..4.99 rows=99 width=8) (actual time=0.083..0.124 rows=168 loops=1)

                          Buffers: shared read=4

              ->  Partial Aggregate  (cost=5.24..5.25 rows=1 width=32) (actual time=0.280..0.281 rows=1 loops=1)

                    Buffers: shared read=4

                    ->  Parallel Seq Scan on _hyper_1_1788_chunk  (cost=0.00..4.99 rows=99 width=8) (actual time=0.219..0.260 rows=168 loops=1)

                          Buffers: shared read=4

              ->  Partial Aggregate  (cost=5.24..5.25 rows=1 width=32) (actual time=0.162..0.162 rows=1 loops=1)

                    Buffers: shared read=4

                    ->  Parallel Seq Scan on _hyper_1_1789_chunk  (cost=0.00..4.99 rows=99 width=8) (actual time=0.102..0.142 rows=168 loops=1)

                          Buffers: shared read=4

              ->  Partial Aggregate  (cost=5.24..5.25 rows=1 width=32) (actual time=0.198..0.198 rows=1 loops=1)

                    Buffers: shared read=4

                    ->  Parallel Seq Scan on _hyper_1_1790_chunk  (cost=0.00..4.99 rows=99 width=8) (actual time=0.137..0.178 rows=168 loops=1)

                          Buffers: shared read=4

              ->  Partial Aggregate  (cost=5.24..5.25 rows=1 width=32) (actual time=0.218..0.219 rows=1 loops=1)

                    Buffers: shared read=4

                    ->  Parallel Seq Scan on _hyper_1_1791_chunk  (cost=0.00..4.99 rows=99 width=8) (actual time=0.159..0.198 rows=168 loops=1)

                          Buffers: shared read=4

              ->  Partial Aggregate  (cost=5.24..5.25 rows=1 width=32) (actual time=0.196..0.197 rows=1 loops=1)

                    Buffers: shared read=4

                    ->  Parallel Seq Scan on _hyper_1_1792_chunk  (cost=0.00..4.99 rows=99 width=8) (actual time=0.139..0.176 rows=168 loops=1)

                          Buffers: shared read=4

              ->  Partial Aggregate  (cost=5.24..5.25 rows=1 width=32) (actual time=0.275..0.276 rows=1 loops=1)

                    Buffers: shared read=4

                    ->  Parallel Seq Scan on _hyper_1_1793_chunk  (cost=0.00..4.99 rows=99 width=8) (actual time=0.219..0.255 rows=168 loops=1)

                          Buffers: shared read=4

              ->  Partial Aggregate  (cost=5.24..5.25 rows=1 width=32) (actual time=0.217..0.218 rows=1 loops=1)

                    Buffers: shared read=4

                    ->  Parallel Seq Scan on _hyper_1_1794_chunk  (cost=0.00..4.99 rows=99 width=8) (actual time=0.163..0.197 rows=168 loops=1)

                          Buffers: shared read=4

              ->  Partial Aggregate  (cost=5.24..5.25 rows=1 width=32) (actual time=0.285..0.286 rows=1 loops=1)

                    Buffers: shared read=4

                    ->  Parallel Seq Scan on _hyper_1_1795_chunk  (cost=0.00..4.99 rows=99 width=8) (actual time=0.229..0.265 rows=168 loops=1)

                          Buffers: shared read=4

              ->  Partial Aggregate  (cost=5.24..5.25 rows=1 width=32) (actual time=0.160..0.161 rows=1 loops=1)

                    Buffers: shared read=4

                    ->  Parallel Seq Scan on _hyper_1_1796_chunk  (cost=0.00..4.99 rows=99 width=8) (actual time=0.105..0.140 rows=168 loops=1)

                          Buffers: shared read=4

              ->  Partial Aggregate  (cost=5.24..5.25 rows=1 width=32) (actual time=0.267..0.267 rows=1 loops=1)

                    Buffers: shared read=4

                    ->  Parallel Seq Scan on _hyper_1_1797_chunk  (cost=0.00..4.99 rows=99 width=8) (actual time=0.208..0.245 rows=168 loops=1)

                          Buffers: shared read=4

              ->  Partial Aggregate  (cost=5.24..5.25 rows=1 width=32) (actual time=0.256..0.256 rows=1 loops=1)

                    Buffers: shared read=4

                    ->  Parallel Seq Scan on _hyper_1_1798_chunk  (cost=0.00..4.99 rows=99 width=8) (actual time=0.194..0.233 rows=168 loops=1)

                          Buffers: shared read=4

              ->  Partial Aggregate  (cost=5.24..5.25 rows=1 width=32) (actual time=0.287..0.287 rows=1 loops=1)

                    Buffers: shared read=4

                    ->  Parallel Seq Scan on _hyper_1_1799_chunk  (cost=0.00..4.99 rows=99 width=8) (actual time=0.223..0.263 rows=168 loops=1)

                          Buffers: shared read=4

              ->  Partial Aggregate  (cost=5.24..5.25 rows=1 width=32) (actual time=0.243..0.243 rows=1 loops=1)

                    Buffers: shared read=4

                    ->  Parallel Seq Scan on _hyper_1_1800_chunk  (cost=0.00..4.99 rows=99 width=8) (actual time=0.178..0.219 rows=168 loops=1)

                          Buffers: shared read=4

              ->  Partial Aggregate  (cost=5.24..5.25 rows=1 width=32) (actual time=0.160..0.161 rows=1 loops=1)

                    Buffers: shared read=4

                    ->  Parallel Seq Scan on _hyper_1_1801_chunk  (cost=0.00..4.99 rows=99 width=8) (actual time=0.095..0.137 rows=168 loops=1)

                          Buffers: shared read=4

              ->  Partial Aggregate  (cost=5.24..5.25 rows=1 width=32) (actual time=0.188..0.189 rows=1 loops=1)

                    Buffers: shared read=4

                    ->  Parallel Seq Scan on _hyper_1_1802_chunk  (cost=0.00..4.99 rows=99 width=8) (actual time=0.122..0.165 rows=168 loops=1)

                          Buffers: shared read=4

              ->  Partial Aggregate  (cost=5.24..5.25 rows=1 width=32) (actual time=0.229..0.229 rows=1 loops=1)

                    Buffers: shared read=4

                    ->  Parallel Seq Scan on _hyper_1_1803_chunk  (cost=0.00..4.99 rows=99 width=8) (actual time=0.158..0.206 rows=168 loops=1)

                          Buffers: shared read=4

              ->  Partial Aggregate  (cost=5.24..5.25 rows=1 width=32) (actual time=0.204..0.204 rows=1 loops=1)

                    Buffers: shared read=4

                    ->  Parallel Seq Scan on _hyper_1_1804_chunk  (cost=0.00..4.99 rows=99 width=8) (actual time=0.126..0.181 rows=168 loops=1)

                          Buffers: shared read=4

              ->  Partial Aggregate  (cost=5.24..5.25 rows=1 width=32) (actual time=0.252..0.253 rows=1 loops=1)

                    Buffers: shared read=4

                    ->  Parallel Seq Scan on _hyper_1_1805_chunk  (cost=0.00..4.99 rows=99 width=8) (actual time=0.176..0.229 rows=168 loops=1)

                          Buffers: shared read=4

              ->  Partial Aggregate  (cost=5.24..5.25 rows=1 width=32) (actual time=0.172..0.173 rows=1 loops=1)

                    Buffers: shared read=4

                    ->  Parallel Seq Scan on _hyper_1_1806_chunk  (cost=0.00..4.99 rows=99 width=8) (actual time=0.108..0.150 rows=168 loops=1)

                          Buffers: shared read=4

              ->  Partial Aggregate  (cost=5.24..5.25 rows=1 width=32) (actual time=0.237..0.238 rows=1 loops=1)

                    Buffers: shared read=4

                    ->  Parallel Seq Scan on _hyper_1_1807_chunk  (cost=0.00..4.99 rows=99 width=8) (actual time=0.168..0.215 rows=168 loops=1)

                          Buffers: shared read=4

              ->  Partial Aggregate  (cost=5.24..5.25 rows=1 width=32) (actual time=0.263..0.264 rows=1 loops=1)

                    Buffers: shared read=4

                    ->  Parallel Seq Scan on _hyper_1_1808_chunk  (cost=0.00..4.99 rows=99 width=8) (actual time=0.188..0.240 rows=168 loops=1)

                          Buffers: shared read=4

              ->  Partial Aggregate  (cost=5.24..5.25 rows=1 width=32) (actual time=0.252..0.252 rows=1 loops=1)

                    Buffers: shared read=4

                    ->  Parallel Seq Scan on _hyper_1_1809_chunk  (cost=0.00..4.99 rows=99 width=8) (actual time=0.176..0.228 rows=168 loops=1)

                          Buffers: shared read=4

              ->  Partial Aggregate  (cost=5.24..5.25 rows=1 width=32) (actual time=0.253..0.254 rows=1 loops=1)

                    Buffers: shared read=4

                    ->  Parallel Seq Scan on _hyper_1_1810_chunk  (cost=0.00..4.99 rows=99 width=8) (actual time=0.178..0.230 rows=168 loops=1)

                          Buffers: shared read=4

              ->  Partial Aggregate  (cost=5.24..5.25 rows=1 width=32) (actual time=0.185..0.186 rows=1 loops=1)

                    Buffers: shared read=4

                    ->  Parallel Seq Scan on _hyper_1_1811_chunk  (cost=0.00..4.99 rows=99 width=8) (actual time=0.116..0.162 rows=168 loops=1)

                          Buffers: shared read=4

              ->  Partial Aggregate  (cost=5.24..5.25 rows=1 width=32) (actual time=0.311..0.311 rows=1 loops=1)

                    Buffers: shared read=4

                    ->  Parallel Seq Scan on _hyper_1_1812_chunk  (cost=0.00..4.99 rows=99 width=8) (actual time=0.247..0.288 rows=168 loops=1)

                          Buffers: shared read=4

              ->  Partial Aggregate  (cost=5.24..5.25 rows=1 width=32) (actual time=0.314..0.314 rows=1 loops=1)

                    Buffers: shared read=4

                    ->  Parallel Seq Scan on _hyper_1_1813_chunk  (cost=0.00..4.99 rows=99 width=8) (actual time=0.249..0.291 rows=168 loops=1)

                          Buffers: shared read=4

              ->  Partial Aggregate  (cost=5.24..5.25 rows=1 width=32) (actual time=0.226..0.226 rows=1 loops=1)

                    Buffers: shared read=4

                    ->  Parallel Seq Scan on _hyper_1_1814_chunk  (cost=0.00..4.99 rows=99 width=8) (actual time=0.162..0.203 rows=168 loops=1)

                          Buffers: shared read=4

              ->  Partial Aggregate  (cost=5.24..5.25 rows=1 width=32) (actual time=0.179..0.180 rows=1 loops=1)

                    Buffers: shared read=4

                    ->  Parallel Seq Scan on _hyper_1_1815_chunk  (cost=0.00..4.99 rows=99 width=8) (actual time=0.115..0.156 rows=168 loops=1)

                          Buffers: shared read=4

              ->  Partial Aggregate  (cost=5.24..5.25 rows=1 width=32) (actual time=0.302..0.303 rows=1 loops=1)

                    Buffers: shared read=4

                    ->  Parallel Seq Scan on _hyper_1_1816_chunk  (cost=0.00..4.99 rows=99 width=8) (actual time=0.237..0.279 rows=168 loops=1)

                          Buffers: shared read=4

              ->  Partial Aggregate  (cost=5.24..5.25 rows=1 width=32) (actual time=0.236..0.237 rows=1 loops=1)

                    Buffers: shared read=4

                    ->  Parallel Seq Scan on _hyper_1_1818_chunk  (cost=0.00..4.99 rows=99 width=8) (actual time=0.166..0.213 rows=168 loops=1)

                          Buffers: shared read=4

              ->  Partial Aggregate  (cost=5.24..5.25 rows=1 width=32) (actual time=0.236..0.237 rows=1 loops=1)

                    Buffers: shared read=4

                    ->  Parallel Seq Scan on _hyper_1_1819_chunk  (cost=0.00..4.99 rows=99 width=8) (actual time=0.161..0.214 rows=168 loops=1)

                          Buffers: shared read=4

              ->  Partial Aggregate  (cost=5.24..5.25 rows=1 width=32) (actual time=0.194..0.195 rows=1 loops=1)

                    Buffers: shared read=4

                    ->  Parallel Seq Scan on _hyper_1_1820_chunk  (cost=0.00..4.99 rows=99 width=8) (actual time=0.117..0.171 rows=168 loops=1)

                          Buffers: shared read=4

              ->  Partial Aggregate  (cost=5.24..5.25 rows=1 width=32) (actual time=0.200..0.201 rows=1 loops=1)

                    Buffers: shared read=4

                    ->  Parallel Seq Scan on _hyper_1_1821_chunk  (cost=0.00..4.99 rows=99 width=8) (actual time=0.123..0.177 rows=168 loops=1)

                          Buffers: shared read=4

              ->  Partial Aggregate  (cost=5.24..5.25 rows=1 width=32) (actual time=0.257..0.258 rows=1 loops=1)

                    Buffers: shared read=4

                    ->  Parallel Seq Scan on _hyper_1_1822_chunk  (cost=0.00..4.99 rows=99 width=8) (actual time=0.181..0.233 rows=168 loops=1)

                          Buffers: shared read=4

              ->  Partial Aggregate  (cost=5.24..5.25 rows=1 width=32) (actual time=0.222..0.223 rows=1 loops=1)

                    Buffers: shared read=4

                    ->  Parallel Seq Scan on _hyper_1_1823_chunk  (cost=0.00..4.99 rows=99 width=8) (actual time=0.148..0.199 rows=168 loops=1)

                          Buffers: shared read=4

              ->  Partial Aggregate  (cost=5.24..5.25 rows=1 width=32) (actual time=0.192..0.193 rows=1 loops=1)

                    Buffers: shared read=4

                    ->  Parallel Seq Scan on _hyper_1_1824_chunk  (cost=0.00..4.99 rows=99 width=8) (actual time=0.118..0.169 rows=168 loops=1)

                          Buffers: shared read=4

              ->  Partial Aggregate  (cost=5.24..5.25 rows=1 width=32) (actual time=0.272..0.273 rows=1 loops=1)

                    Buffers: shared read=4

                    ->  Parallel Seq Scan on _hyper_1_1825_chunk  (cost=0.00..4.99 rows=99 width=8) (actual time=0.176..0.236 rows=168 loops=1)

                          Buffers: shared read=4

              ->  Partial Aggregate  (cost=5.24..5.25 rows=1 width=32) (actual time=0.195..0.196 rows=1 loops=1)

                    Buffers: shared read=4

                    ->  Parallel Seq Scan on _hyper_1_1826_chunk  (cost=0.00..4.99 rows=99 width=8) (actual time=0.124..0.172 rows=168 loops=1)

                          Buffers: shared read=4

              ->  Partial Aggregate  (cost=5.24..5.25 rows=1 width=32) (actual time=0.225..0.226 rows=1 loops=1)

                    Buffers: shared read=4

                    ->  Parallel Seq Scan on _hyper_1_1827_chunk  (cost=0.00..4.99 rows=99 width=8) (actual time=0.161..0.203 rows=168 loops=1)

                          Buffers: shared read=4

              ->  Partial Aggregate  (cost=5.24..5.25 rows=1 width=32) (actual time=0.232..0.233 rows=1 loops=1)

                    Buffers: shared read=4

                    ->  Parallel Seq Scan on _hyper_1_1829_chunk  (cost=0.00..4.99 rows=99 width=8) (actual time=0.168..0.209 rows=168 loops=1)

                          Buffers: shared read=4

              ->  Partial Aggregate  (cost=5.24..5.25 rows=1 width=32) (actual time=0.308..0.309 rows=1 loops=1)

                    Buffers: shared read=4

                    ->  Parallel Seq Scan on _hyper_1_1830_chunk  (cost=0.00..4.99 rows=99 width=8) (actual time=0.242..0.285 rows=168 loops=1)

                          Buffers: shared read=4

              ->  Partial Aggregate  (cost=5.24..5.25 rows=1 width=32) (actual time=0.365..0.366 rows=1 loops=1)

                    Buffers: shared read=4

                    ->  Parallel Seq Scan on _hyper_1_1831_chunk  (cost=0.00..4.99 rows=99 width=8) (actual time=0.287..0.341 rows=168 loops=1)

                          Buffers: shared read=4

              ->  Partial Aggregate  (cost=5.24..5.25 rows=1 width=32) (actual time=0.392..0.393 rows=1 loops=1)

                    Buffers: shared read=4

                    ->  Parallel Seq Scan on _hyper_1_1832_chunk  (cost=0.00..4.99 rows=99 width=8) (actual time=0.298..0.361 rows=168 loops=1)

                          Buffers: shared read=4

              ->  Partial Aggregate  (cost=5.24..5.25 rows=1 width=32) (actual time=0.323..0.324 rows=1 loops=1)

                    Buffers: shared read=4

                    ->  Parallel Seq Scan on _hyper_1_1833_chunk  (cost=0.00..4.99 rows=99 width=8) (actual time=0.225..0.298 rows=168 loops=1)

                          Buffers: shared read=4

              ->  Partial Aggregate  (cost=5.24..5.25 rows=1 width=32) (actual time=0.438..0.439 rows=1 loops=1)

                    Buffers: shared read=4

                    ->  Parallel Seq Scan on _hyper_1_1834_chunk  (cost=0.00..4.99 rows=99 width=8) (actual time=0.343..0.406 rows=168 loops=1)

                          Buffers: shared read=4

              ->  Partial Aggregate  (cost=5.24..5.25 rows=1 width=32) (actual time=0.389..0.390 rows=1 loops=1)

                    Buffers: shared read=4

                    ->  Parallel Seq Scan on _hyper_1_1835_chunk  (cost=0.00..4.99 rows=99 width=8) (actual time=0.296..0.357 rows=168 loops=1)

                          Buffers: shared read=4

              ->  Partial Aggregate  (cost=5.24..5.25 rows=1 width=32) (actual time=0.217..0.217 rows=1 loops=1)

                    Buffers: shared read=4

                    ->  Parallel Seq Scan on _hyper_1_1836_chunk  (cost=0.00..4.99 rows=99 width=8) (actual time=0.155..0.196 rows=168 loops=1)

                          Buffers: shared read=4

              ->  Partial Aggregate  (cost=5.24..5.25 rows=1 width=32) (actual time=0.221..0.222 rows=1 loops=1)

                    Buffers: shared read=4

                    ->  Parallel Seq Scan on _hyper_1_1837_chunk  (cost=0.00..4.99 rows=99 width=8) (actual time=0.154..0.201 rows=168 loops=1)

                          Buffers: shared read=4

              ->  Partial Aggregate  (cost=5.24..5.25 rows=1 width=32) (actual time=0.200..0.200 rows=1 loops=1)

                    Buffers: shared read=4

                    ->  Parallel Seq Scan on _hyper_1_1838_chunk  (cost=0.00..4.99 rows=99 width=8) (actual time=0.139..0.180 rows=168 loops=1)

                          Buffers: shared read=4

              ->  Partial Aggregate  (cost=5.24..5.25 rows=1 width=32) (actual time=0.289..0.290 rows=1 loops=1)

                    Buffers: shared read=4

                    ->  Parallel Seq Scan on _hyper_1_1840_chunk  (cost=0.00..4.99 rows=99 width=8) (actual time=0.228..0.269 rows=168 loops=1)

                          Buffers: shared read=4

              ->  Partial Aggregate  (cost=5.24..5.25 rows=1 width=32) (actual time=0.265..0.266 rows=1 loops=1)

                    Buffers: shared read=4

                    ->  Parallel Seq Scan on _hyper_1_1841_chunk  (cost=0.00..4.99 rows=99 width=8) (actual time=0.204..0.245 rows=168 loops=1)

                          Buffers: shared read=4

              ->  Partial Aggregate  (cost=5.24..5.25 rows=1 width=32) (actual time=0.219..0.220 rows=1 loops=1)

                    Buffers: shared read=4

                    ->  Parallel Seq Scan on _hyper_1_1842_chunk  (cost=0.00..4.99 rows=99 width=8) (actual time=0.157..0.198 rows=168 loops=1)

                          Buffers: shared read=4

              ->  Partial Aggregate  (cost=5.24..5.25 rows=1 width=32) (actual time=0.206..0.206 rows=1 loops=1)

                    Buffers: shared read=4

                    ->  Parallel Seq Scan on _hyper_1_1843_chunk  (cost=0.00..4.99 rows=99 width=8) (actual time=0.144..0.186 rows=168 loops=1)

                          Buffers: shared read=4

              ->  Partial Aggregate  (cost=5.24..5.25 rows=1 width=32) (actual time=0.276..0.277 rows=1 loops=1)

                    Buffers: shared read=4

                    ->  Parallel Seq Scan on _hyper_1_1844_chunk  (cost=0.00..4.99 rows=99 width=8) (actual time=0.216..0.256 rows=168 loops=1)

                          Buffers: shared read=4

              ->  Partial Aggregate  (cost=5.24..5.25 rows=1 width=32) (actual time=0.334..0.334 rows=1 loops=1)

                    Buffers: shared read=4

                    ->  Parallel Seq Scan on _hyper_1_1845_chunk  (cost=0.00..4.99 rows=99 width=8) (actual time=0.273..0.314 rows=168 loops=1)

                          Buffers: shared read=4

              ->  Partial Aggregate  (cost=5.24..5.25 rows=1 width=32) (actual time=0.266..0.266 rows=1 loops=1)

                    Buffers: shared read=4

                    ->  Parallel Seq Scan on _hyper_1_1846_chunk  (cost=0.00..4.99 rows=99 width=8) (actual time=0.204..0.246 rows=168 loops=1)

                          Buffers: shared read=4

              ->  Partial Aggregate  (cost=5.24..5.25 rows=1 width=32) (actual time=0.267..0.267 rows=1 loops=1)

                    Buffers: shared read=4

                    ->  Parallel Seq Scan on _hyper_1_1847_chunk  (cost=0.00..4.99 rows=99 width=8) (actual time=0.205..0.247 rows=168 loops=1)

                          Buffers: shared read=4

              ->  Partial Aggregate  (cost=5.24..5.25 rows=1 width=32) (actual time=0.202..0.203 rows=1 loops=1)

                    Buffers: shared read=4

                    ->  Parallel Seq Scan on _hyper_1_1848_chunk  (cost=0.00..4.99 rows=99 width=8) (actual time=0.142..0.182 rows=168 loops=1)

                          Buffers: shared read=4

              ->  Partial Aggregate  (cost=5.24..5.25 rows=1 width=32) (actual time=0.258..0.259 rows=1 loops=1)

                    Buffers: shared read=4

                    ->  Parallel Seq Scan on _hyper_1_1849_chunk  (cost=0.00..4.99 rows=99 width=8) (actual time=0.195..0.237 rows=168 loops=1)

                          Buffers: shared read=4

              ->  Partial Aggregate  (cost=5.24..5.25 rows=1 width=32) (actual time=0.168..0.169 rows=1 loops=1)

                    Buffers: shared read=4

                    ->  Parallel Seq Scan on _hyper_1_1851_chunk  (cost=0.00..4.99 rows=99 width=8) (actual time=0.108..0.148 rows=168 loops=1)

                          Buffers: shared read=4

              ->  Partial Aggregate  (cost=5.24..5.25 rows=1 width=32) (actual time=0.199..0.200 rows=1 loops=1)

                    Buffers: shared read=4

                    ->  Parallel Seq Scan on _hyper_1_1852_chunk  (cost=0.00..4.99 rows=99 width=8) (actual time=0.140..0.180 rows=168 loops=1)

                          Buffers: shared read=4

              ->  Partial Aggregate  (cost=5.24..5.25 rows=1 width=32) (actual time=0.227..0.227 rows=1 loops=1)

                    Buffers: shared read=4

                    ->  Parallel Seq Scan on _hyper_1_1853_chunk  (cost=0.00..4.99 rows=99 width=8) (actual time=0.165..0.207 rows=168 loops=1)

                          Buffers: shared read=4

              ->  Partial Aggregate  (cost=5.24..5.25 rows=1 width=32) (actual time=0.223..0.224 rows=1 loops=1)

                    Buffers: shared read=4

                    ->  Parallel Seq Scan on _hyper_1_1854_chunk  (cost=0.00..4.99 rows=99 width=8) (actual time=0.163..0.203 rows=168 loops=1)

                          Buffers: shared read=4

              ->  Partial Aggregate  (cost=5.24..5.25 rows=1 width=32) (actual time=0.220..0.220 rows=1 loops=1)

                    Buffers: shared read=4

                    ->  Parallel Seq Scan on _hyper_1_1856_chunk  (cost=0.00..4.99 rows=99 width=8) (actual time=0.157..0.199 rows=168 loops=1)

                          Buffers: shared read=4

              ->  Partial Aggregate  (cost=5.24..5.25 rows=1 width=32) (actual time=0.268..0.269 rows=1 loops=1)

                    Buffers: shared read=4

                    ->  Parallel Seq Scan on _hyper_1_1857_chunk  (cost=0.00..4.99 rows=99 width=8) (actual time=0.202..0.247 rows=168 loops=1)

                          Buffers: shared read=4

              ->  Partial Aggregate  (cost=5.24..5.25 rows=1 width=32) (actual time=0.225..0.225 rows=1 loops=1)

                    Buffers: shared read=4

                    ->  Parallel Seq Scan on _hyper_1_1858_chunk  (cost=0.00..4.99 rows=99 width=8) (actual time=0.162..0.204 rows=168 loops=1)

                          Buffers: shared read=4

              ->  Partial Aggregate  (cost=5.24..5.25 rows=1 width=32) (actual time=0.206..0.207 rows=1 loops=1)

                    Buffers: shared read=4

                    ->  Parallel Seq Scan on _hyper_1_1859_chunk  (cost=0.00..4.99 rows=99 width=8) (actual time=0.146..0.186 rows=168 loops=1)

                          Buffers: shared read=4

              ->  Partial Aggregate  (cost=5.24..5.25 rows=1 width=32) (actual time=0.166..0.167 rows=1 loops=1)

                    Buffers: shared read=4

                    ->  Parallel Seq Scan on _hyper_1_1861_chunk  (cost=0.00..4.99 rows=99 width=8) (actual time=0.106..0.146 rows=168 loops=1)

                          Buffers: shared read=4

              ->  Partial Aggregate  (cost=5.24..5.25 rows=1 width=32) (actual time=0.196..0.196 rows=1 loops=1)

                    Buffers: shared read=4

                    ->  Parallel Seq Scan on _hyper_1_1862_chunk  (cost=0.00..4.99 rows=99 width=8) (actual time=0.134..0.175 rows=168 loops=1)

                          Buffers: shared read=4

              ->  Partial Aggregate  (cost=5.24..5.25 rows=1 width=32) (actual time=0.213..0.213 rows=1 loops=1)

                    Buffers: shared read=4

                    ->  Parallel Seq Scan on _hyper_1_1863_chunk  (cost=0.00..4.99 rows=99 width=8) (actual time=0.150..0.193 rows=168 loops=1)

                          Buffers: shared read=4

              ->  Partial Aggregate  (cost=5.24..5.25 rows=1 width=32) (actual time=0.230..0.230 rows=1 loops=1)

                    Buffers: shared read=4

                    ->  Parallel Seq Scan on _hyper_1_1864_chunk  (cost=0.00..4.99 rows=99 width=8) (actual time=0.169..0.210 rows=168 loops=1)

                          Buffers: shared read=4

              ->  Partial Aggregate  (cost=5.24..5.25 rows=1 width=32) (actual time=0.220..0.221 rows=1 loops=1)

                    Buffers: shared read=4

                    ->  Parallel Seq Scan on _hyper_1_1865_chunk  (cost=0.00..4.99 rows=99 width=8) (actual time=0.159..0.200 rows=168 loops=1)

                          Buffers: shared read=4

              ->  Partial Aggregate  (cost=5.24..5.25 rows=1 width=32) (actual time=0.160..0.161 rows=1 loops=1)

                    Buffers: shared read=4

                    ->  Parallel Seq Scan on _hyper_1_1866_chunk  (cost=0.00..4.99 rows=99 width=8) (actual time=0.100..0.140 rows=168 loops=1)

                          Buffers: shared read=4

              ->  Partial Aggregate  (cost=5.24..5.25 rows=1 width=32) (actual time=0.226..0.227 rows=1 loops=1)

                    Buffers: shared read=4

                    ->  Parallel Seq Scan on _hyper_1_1867_chunk  (cost=0.00..4.99 rows=99 width=8) (actual time=0.165..0.206 rows=168 loops=1)

                          Buffers: shared read=4

              ->  Partial Aggregate  (cost=5.24..5.25 rows=1 width=32) (actual time=0.203..0.204 rows=1 loops=1)

                    Buffers: shared read=4

                    ->  Parallel Seq Scan on _hyper_1_1868_chunk  (cost=0.00..4.99 rows=99 width=8) (actual time=0.142..0.182 rows=168 loops=1)

                          Buffers: shared read=4

              ->  Partial Aggregate  (cost=5.24..5.25 rows=1 width=32) (actual time=0.232..0.233 rows=1 loops=1)

                    Buffers: shared read=4

                    ->  Parallel Seq Scan on _hyper_1_1869_chunk  (cost=0.00..4.99 rows=99 width=8) (actual time=0.171..0.212 rows=168 loops=1)

                          Buffers: shared read=4

              ->  Partial Aggregate  (cost=5.24..5.25 rows=1 width=32) (actual time=0.218..0.219 rows=1 loops=1)

                    Buffers: shared read=4

                    ->  Parallel Seq Scan on _hyper_1_1870_chunk  (cost=0.00..4.99 rows=99 width=8) (actual time=0.157..0.198 rows=168 loops=1)

                          Buffers: shared read=4

              ->  Partial Aggregate  (cost=5.24..5.25 rows=1 width=32) (actual time=0.216..0.216 rows=1 loops=1)

                    Buffers: shared read=4

                    ->  Parallel Seq Scan on _hyper_1_1871_chunk  (cost=0.00..4.99 rows=99 width=8) (actual time=0.154..0.196 rows=168 loops=1)

                          Buffers: shared read=4

              ->  Partial Aggregate  (cost=5.24..5.25 rows=1 width=32) (actual time=0.165..0.166 rows=1 loops=1)

                    Buffers: shared read=4

                    ->  Parallel Seq Scan on _hyper_1_1872_chunk  (cost=0.00..4.99 rows=99 width=8) (actual time=0.105..0.145 rows=168 loops=1)

                          Buffers: shared read=4

              ->  Partial Aggregate  (cost=5.24..5.25 rows=1 width=32) (actual time=0.281..0.282 rows=1 loops=1)

                    Buffers: shared read=4

                    ->  Parallel Seq Scan on _hyper_1_1873_chunk  (cost=0.00..4.99 rows=99 width=8) (actual time=0.219..0.261 rows=168 loops=1)

                          Buffers: shared read=4

              ->  Partial Aggregate  (cost=5.24..5.25 rows=1 width=32) (actual time=0.212..0.213 rows=1 loops=1)

                    Buffers: shared read=4

                    ->  Parallel Seq Scan on _hyper_1_1874_chunk  (cost=0.00..4.99 rows=99 width=8) (actual time=0.151..0.192 rows=168 loops=1)

                          Buffers: shared read=4

              ->  Partial Aggregate  (cost=5.24..5.25 rows=1 width=32) (actual time=0.229..0.230 rows=1 loops=1)

                    Buffers: shared read=4

                    ->  Parallel Seq Scan on _hyper_1_1875_chunk  (cost=0.00..4.99 rows=99 width=8) (actual time=0.169..0.209 rows=168 loops=1)

                          Buffers: shared read=4

              ->  Partial Aggregate  (cost=5.24..5.25 rows=1 width=32) (actual time=0.215..0.216 rows=1 loops=1)

                    Buffers: shared read=4

                    ->  Parallel Seq Scan on _hyper_1_1877_chunk  (cost=0.00..4.99 rows=99 width=8) (actual time=0.153..0.196 rows=168 loops=1)

                          Buffers: shared read=4

              ->  Partial Aggregate  (cost=5.24..5.25 rows=1 width=32) (actual time=0.273..0.273 rows=1 loops=1)

                    Buffers: shared read=4

                    ->  Parallel Seq Scan on _hyper_1_1878_chunk  (cost=0.00..4.99 rows=99 width=8) (actual time=0.210..0.252 rows=168 loops=1)

                          Buffers: shared read=4

              ->  Partial Aggregate  (cost=5.24..5.25 rows=1 width=32) (actual time=0.269..0.269 rows=1 loops=1)

                    Buffers: shared read=4

                    ->  Parallel Seq Scan on _hyper_1_1879_chunk  (cost=0.00..4.99 rows=99 width=8) (actual time=0.209..0.249 rows=168 loops=1)

                          Buffers: shared read=4

              ->  Partial Aggregate  (cost=5.24..5.25 rows=1 width=32) (actual time=0.165..0.165 rows=1 loops=1)

                    Buffers: shared read=4

                    ->  Parallel Seq Scan on _hyper_1_1880_chunk  (cost=0.00..4.99 rows=99 width=8) (actual time=0.104..0.145 rows=168 loops=1)

                          Buffers: shared read=4

              ->  Partial Aggregate  (cost=5.24..5.25 rows=1 width=32) (actual time=0.212..0.213 rows=1 loops=1)

                    Buffers: shared read=4

                    ->  Parallel Seq Scan on _hyper_1_1881_chunk  (cost=0.00..4.99 rows=99 width=8) (actual time=0.149..0.190 rows=168 loops=1)

                          Buffers: shared read=4

              ->  Partial Aggregate  (cost=5.24..5.25 rows=1 width=32) (actual time=0.203..0.204 rows=1 loops=1)

                    Buffers: shared read=4

                    ->  Parallel Seq Scan on _hyper_1_1882_chunk  (cost=0.00..4.99 rows=99 width=8) (actual time=0.143..0.183 rows=168 loops=1)

                          Buffers: shared read=4

              ->  Partial Aggregate  (cost=5.24..5.25 rows=1 width=32) (actual time=0.210..0.211 rows=1 loops=1)

                    Buffers: shared read=4

                    ->  Parallel Seq Scan on _hyper_1_1883_chunk  (cost=0.00..4.99 rows=99 width=8) (actual time=0.149..0.190 rows=168 loops=1)

                          Buffers: shared read=4

              ->  Partial Aggregate  (cost=5.24..5.25 rows=1 width=32) (actual time=0.258..0.259 rows=1 loops=1)

                    Buffers: shared read=4

                    ->  Parallel Seq Scan on _hyper_1_1884_chunk  (cost=0.00..4.99 rows=99 width=8) (actual time=0.197..0.238 rows=168 loops=1)

                          Buffers: shared read=4

              ->  Partial Aggregate  (cost=5.24..5.25 rows=1 width=32) (actual time=0.296..0.296 rows=1 loops=1)

                    Buffers: shared read=4

                    ->  Parallel Seq Scan on _hyper_1_1885_chunk  (cost=0.00..4.99 rows=99 width=8) (actual time=0.235..0.275 rows=168 loops=1)

                          Buffers: shared read=4

              ->  Partial Aggregate  (cost=5.24..5.25 rows=1 width=32) (actual time=0.193..0.194 rows=1 loops=1)

                    Buffers: shared read=4

                    ->  Parallel Seq Scan on _hyper_1_1886_chunk  (cost=0.00..4.99 rows=99 width=8) (actual time=0.132..0.173 rows=168 loops=1)

                          Buffers: shared read=4

              ->  Partial Aggregate  (cost=5.24..5.25 rows=1 width=32) (actual time=0.219..0.220 rows=1 loops=1)

                    Buffers: shared read=4

                    ->  Parallel Seq Scan on _hyper_1_1887_chunk  (cost=0.00..4.99 rows=99 width=8) (actual time=0.155..0.199 rows=168 loops=1)

                          Buffers: shared read=4

              ->  Partial Aggregate  (cost=5.24..5.25 rows=1 width=32) (actual time=0.200..0.201 rows=1 loops=1)

                    Buffers: shared read=4

                    ->  Parallel Seq Scan on _hyper_1_1888_chunk  (cost=0.00..4.99 rows=99 width=8) (actual time=0.139..0.180 rows=168 loops=1)

                          Buffers: shared read=4

              ->  Partial Aggregate  (cost=5.24..5.25 rows=1 width=32) (actual time=0.290..0.290 rows=1 loops=1)

                    Buffers: shared read=4

                    ->  Parallel Seq Scan on _hyper_1_1889_chunk  (cost=0.00..4.99 rows=99 width=8) (actual time=0.226..0.269 rows=168 loops=1)

                          Buffers: shared read=4

              ->  Partial Aggregate  (cost=5.24..5.25 rows=1 width=32) (actual time=0.206..0.207 rows=1 loops=1)

                    Buffers: shared read=4

                    ->  Parallel Seq Scan on _hyper_1_1890_chunk  (cost=0.00..4.99 rows=99 width=8) (actual time=0.144..0.186 rows=168 loops=1)

                          Buffers: shared read=4

              ->  Partial Aggregate  (cost=5.24..5.25 rows=1 width=32) (actual time=0.315..0.315 rows=1 loops=1)

                    Buffers: shared read=4

                    ->  Parallel Seq Scan on _hyper_1_1891_chunk  (cost=0.00..4.99 rows=99 width=8) (actual time=0.255..0.295 rows=168 loops=1)

                          Buffers: shared read=4

              ->  Partial Aggregate  (cost=5.24..5.25 rows=1 width=32) (actual time=0.330..0.331 rows=1 loops=1)

                    Buffers: shared read=4

                    ->  Parallel Seq Scan on _hyper_1_1892_chunk  (cost=0.00..4.99 rows=99 width=8) (actual time=0.270..0.310 rows=168 loops=1)

                          Buffers: shared read=4

              ->  Partial Aggregate  (cost=5.24..5.25 rows=1 width=32) (actual time=0.211..0.212 rows=1 loops=1)

                    Buffers: shared read=4

                    ->  Parallel Seq Scan on _hyper_1_1893_chunk  (cost=0.00..4.99 rows=99 width=8) (actual time=0.150..0.191 rows=168 loops=1)

                          Buffers: shared read=4

              ->  Partial Aggregate  (cost=5.24..5.25 rows=1 width=32) (actual time=0.330..0.331 rows=1 loops=1)

                    Buffers: shared read=4

                    ->  Parallel Seq Scan on _hyper_1_1894_chunk  (cost=0.00..4.99 rows=99 width=8) (actual time=0.268..0.310 rows=168 loops=1)

                          Buffers: shared read=4

              ->  Partial Aggregate  (cost=5.24..5.25 rows=1 width=32) (actual time=0.276..0.276 rows=1 loops=1)

                    Buffers: shared read=4

                    ->  Parallel Seq Scan on _hyper_1_1895_chunk  (cost=0.00..4.99 rows=99 width=8) (actual time=0.208..0.249 rows=168 loops=1)

                          Buffers: shared read=4

              ->  Partial Aggregate  (cost=5.24..5.25 rows=1 width=32) (actual time=0.209..0.209 rows=1 loops=1)

                    Buffers: shared read=4

                    ->  Parallel Seq Scan on _hyper_1_1896_chunk  (cost=0.00..4.99 rows=99 width=8) (actual time=0.143..0.188 rows=168 loops=1)

                          Buffers: shared read=4

              ->  Partial Aggregate  (cost=5.24..5.25 rows=1 width=32) (actual time=0.225..0.226 rows=1 loops=1)

                    Buffers: shared read=4

                    ->  Parallel Seq Scan on _hyper_1_1897_chunk  (cost=0.00..4.99 rows=99 width=8) (actual time=0.165..0.205 rows=168 loops=1)

                          Buffers: shared read=4

              ->  Partial Aggregate  (cost=5.24..5.25 rows=1 width=32) (actual time=0.153..0.154 rows=1 loops=1)

                    Buffers: shared read=4

                    ->  Parallel Seq Scan on _hyper_1_1898_chunk  (cost=0.00..4.99 rows=99 width=8) (actual time=0.093..0.133 rows=168 loops=1)

                          Buffers: shared read=4

              ->  Partial Aggregate  (cost=5.24..5.25 rows=1 width=32) (actual time=0.184..0.185 rows=1 loops=1)

                    Buffers: shared read=4

                    ->  Parallel Seq Scan on _hyper_1_1899_chunk  (cost=0.00..4.99 rows=99 width=8) (actual time=0.123..0.164 rows=168 loops=1)

                          Buffers: shared read=4

              ->  Partial Aggregate  (cost=5.24..5.25 rows=1 width=32) (actual time=0.333..0.334 rows=1 loops=1)

                    Buffers: shared read=4

                    ->  Parallel Seq Scan on _hyper_1_1900_chunk  (cost=0.00..4.99 rows=99 width=8) (actual time=0.273..0.313 rows=168 loops=1)

                          Buffers: shared read=4

              ->  Partial Aggregate  (cost=5.24..5.25 rows=1 width=32) (actual time=0.276..0.276 rows=1 loops=1)

                    Buffers: shared read=4

                    ->  Parallel Seq Scan on _hyper_1_1901_chunk  (cost=0.00..4.99 rows=99 width=8) (actual time=0.214..0.256 rows=168 loops=1)

                          Buffers: shared read=4

              ->  Partial Aggregate  (cost=5.24..5.25 rows=1 width=32) (actual time=0.230..0.231 rows=1 loops=1)

                    Buffers: shared read=4

                    ->  Parallel Seq Scan on _hyper_1_1902_chunk  (cost=0.00..4.99 rows=99 width=8) (actual time=0.168..0.210 rows=168 loops=1)

                          Buffers: shared read=4

              ->  Partial Aggregate  (cost=5.24..5.25 rows=1 width=32) (actual time=0.281..0.282 rows=1 loops=1)

                    Buffers: shared read=4

                    ->  Parallel Seq Scan on _hyper_1_1903_chunk  (cost=0.00..4.99 rows=99 width=8) (actual time=0.218..0.261 rows=168 loops=1)

                          Buffers: shared read=4

              ->  Partial Aggregate  (cost=5.24..5.25 rows=1 width=32) (actual time=0.152..0.153 rows=1 loops=1)

                    Buffers: shared read=4

                    ->  Parallel Seq Scan on _hyper_1_1904_chunk  (cost=0.00..4.99 rows=99 width=8) (actual time=0.091..0.128 rows=168 loops=1)

                          Buffers: shared read=4

              ->  Partial Aggregate  (cost=5.24..5.25 rows=1 width=32) (actual time=0.181..0.182 rows=1 loops=1)

                    Buffers: shared read=4

                    ->  Parallel Seq Scan on _hyper_1_1905_chunk  (cost=0.00..4.99 rows=99 width=8) (actual time=0.126..0.161 rows=168 loops=1)

                          Buffers: shared read=4

              ->  Partial Aggregate  (cost=5.24..5.25 rows=1 width=32) (actual time=0.286..0.286 rows=1 loops=1)

                    Buffers: shared read=4

                    ->  Parallel Seq Scan on _hyper_1_1906_chunk  (cost=0.00..4.99 rows=99 width=8) (actual time=0.224..0.265 rows=168 loops=1)

                          Buffers: shared read=4

              ->  Partial Aggregate  (cost=5.24..5.25 rows=1 width=32) (actual time=0.230..0.230 rows=1 loops=1)

                    Buffers: shared read=4

                    ->  Parallel Seq Scan on _hyper_1_1907_chunk  (cost=0.00..4.99 rows=99 width=8) (actual time=0.169..0.210 rows=168 loops=1)

                          Buffers: shared read=4

              ->  Partial Aggregate  (cost=5.24..5.25 rows=1 width=32) (actual time=0.207..0.207 rows=1 loops=1)

                    Buffers: shared read=4

                    ->  Parallel Seq Scan on _hyper_1_1908_chunk  (cost=0.00..4.99 rows=99 width=8) (actual time=0.147..0.187 rows=168 loops=1)

                          Buffers: shared read=4

              ->  Partial Aggregate  (cost=5.24..5.25 rows=1 width=32) (actual time=0.216..0.217 rows=1 loops=1)

                    Buffers: shared read=4

                    ->  Parallel Seq Scan on _hyper_1_1909_chunk  (cost=0.00..4.99 rows=99 width=8) (actual time=0.156..0.196 rows=168 loops=1)

                          Buffers: shared read=4

              ->  Partial Aggregate  (cost=5.24..5.25 rows=1 width=32) (actual time=0.284..0.285 rows=1 loops=1)

                    Buffers: shared read=4

                    ->  Parallel Seq Scan on _hyper_1_1910_chunk  (cost=0.00..4.99 rows=99 width=8) (actual time=0.222..0.264 rows=168 loops=1)

                          Buffers: shared read=4

              ->  Partial Aggregate  (cost=5.24..5.25 rows=1 width=32) (actual time=0.360..0.360 rows=1 loops=1)

                    Buffers: shared read=4

                    ->  Parallel Seq Scan on _hyper_1_1911_chunk  (cost=0.00..4.99 rows=99 width=8) (actual time=0.298..0.340 rows=168 loops=1)

                          Buffers: shared read=4

              ->  Partial Aggregate  (cost=5.24..5.25 rows=1 width=32) (actual time=0.289..0.290 rows=1 loops=1)

                    Buffers: shared read=4

                    ->  Parallel Seq Scan on _hyper_1_1912_chunk  (cost=0.00..4.99 rows=99 width=8) (actual time=0.232..0.269 rows=168 loops=1)

                          Buffers: shared read=4

              ->  Partial Aggregate  (cost=5.24..5.25 rows=1 width=32) (actual time=0.210..0.211 rows=1 loops=1)

                    Buffers: shared read=4

                    ->  Parallel Seq Scan on _hyper_1_1913_chunk  (cost=0.00..4.99 rows=99 width=8) (actual time=0.146..0.190 rows=168 loops=1)

                          Buffers: shared read=4

              ->  Partial Aggregate  (cost=5.24..5.25 rows=1 width=32) (actual time=0.279..0.279 rows=1 loops=1)

                    Buffers: shared read=4

                    ->  Parallel Seq Scan on _hyper_1_1914_chunk  (cost=0.00..4.99 rows=99 width=8) (actual time=0.216..0.258 rows=168 loops=1)

                          Buffers: shared read=4

              ->  Partial Aggregate  (cost=5.24..5.25 rows=1 width=32) (actual time=0.220..0.221 rows=1 loops=1)

                    Buffers: shared read=4

                    ->  Parallel Seq Scan on _hyper_1_1915_chunk  (cost=0.00..4.99 rows=99 width=8) (actual time=0.158..0.200 rows=168 loops=1)

                          Buffers: shared read=4

              ->  Partial Aggregate  (cost=5.24..5.25 rows=1 width=32) (actual time=0.237..0.238 rows=1 loops=1)

                    Buffers: shared read=4

                    ->  Parallel Seq Scan on _hyper_1_1916_chunk  (cost=0.00..4.99 rows=99 width=8) (actual time=0.176..0.217 rows=168 loops=1)

                          Buffers: shared read=4

              ->  Partial Aggregate  (cost=5.24..5.25 rows=1 width=32) (actual time=0.285..0.286 rows=1 loops=1)

                    Buffers: shared read=4

                    ->  Parallel Seq Scan on _hyper_1_1917_chunk  (cost=0.00..4.99 rows=99 width=8) (actual time=0.223..0.264 rows=168 loops=1)

                          Buffers: shared read=4

              ->  Partial Aggregate  (cost=5.24..5.25 rows=1 width=32) (actual time=0.284..0.285 rows=1 loops=1)

                    Buffers: shared read=4

                    ->  Parallel Seq Scan on _hyper_1_1918_chunk  (cost=0.00..4.99 rows=99 width=8) (actual time=0.222..0.263 rows=168 loops=1)

                          Buffers: shared read=4

              ->  Partial Aggregate  (cost=5.24..5.25 rows=1 width=32) (actual time=0.225..0.225 rows=1 loops=1)

                    Buffers: shared read=4

                    ->  Parallel Seq Scan on _hyper_1_1919_chunk  (cost=0.00..4.99 rows=99 width=8) (actual time=0.165..0.205 rows=168 loops=1)

                          Buffers: shared read=4

              ->  Partial Aggregate  (cost=5.24..5.25 rows=1 width=32) (actual time=0.276..0.277 rows=1 loops=1)

                    Buffers: shared read=4

                    ->  Parallel Seq Scan on _hyper_1_1920_chunk  (cost=0.00..4.99 rows=99 width=8) (actual time=0.216..0.256 rows=168 loops=1)

                          Buffers: shared read=4

              ->  Partial Aggregate  (cost=5.24..5.25 rows=1 width=32) (actual time=0.214..0.215 rows=1 loops=1)

                    Buffers: shared read=4

                    ->  Parallel Seq Scan on _hyper_1_1921_chunk  (cost=0.00..4.99 rows=99 width=8) (actual time=0.152..0.194 rows=168 loops=1)

                          Buffers: shared read=4

              ->  Partial Aggregate  (cost=5.24..5.25 rows=1 width=32) (actual time=0.211..0.212 rows=1 loops=1)

                    Buffers: shared read=4

                    ->  Parallel Seq Scan on _hyper_1_1922_chunk  (cost=0.00..4.99 rows=99 width=8) (actual time=0.149..0.191 rows=168 loops=1)

                          Buffers: shared read=4

              ->  Partial Aggregate  (cost=5.24..5.25 rows=1 width=32) (actual time=0.219..0.219 rows=1 loops=1)

                    Buffers: shared read=4

                    ->  Parallel Seq Scan on _hyper_1_1923_chunk  (cost=0.00..4.99 rows=99 width=8) (actual time=0.157..0.199 rows=168 loops=1)

                          Buffers: shared read=4

              ->  Partial Aggregate  (cost=5.24..5.25 rows=1 width=32) (actual time=0.292..0.293 rows=1 loops=1)

                    Buffers: shared read=4

                    ->  Parallel Seq Scan on _hyper_1_1925_chunk  (cost=0.00..4.99 rows=99 width=8) (actual time=0.231..0.272 rows=168 loops=1)

                          Buffers: shared read=4

              ->  Partial Aggregate  (cost=5.24..5.25 rows=1 width=32) (actual time=0.294..0.295 rows=1 loops=1)

                    Buffers: shared read=4

                    ->  Parallel Seq Scan on _hyper_1_1926_chunk  (cost=0.00..4.99 rows=99 width=8) (actual time=0.233..0.274 rows=168 loops=1)

                          Buffers: shared read=4

              ->  Partial Aggregate  (cost=5.24..5.25 rows=1 width=32) (actual time=0.205..0.206 rows=1 loops=1)

                    Buffers: shared read=4

                    ->  Parallel Seq Scan on _hyper_1_1927_chunk  (cost=0.00..4.99 rows=99 width=8) (actual time=0.142..0.185 rows=168 loops=1)

                          Buffers: shared read=4

              ->  Partial Aggregate  (cost=5.24..5.25 rows=1 width=32) (actual time=0.229..0.230 rows=1 loops=1)

                    Buffers: shared read=4

                    ->  Parallel Seq Scan on _hyper_1_1928_chunk  (cost=0.00..4.99 rows=99 width=8) (actual time=0.166..0.209 rows=168 loops=1)

                          Buffers: shared read=4

              ->  Partial Aggregate  (cost=5.24..5.25 rows=1 width=32) (actual time=0.211..0.212 rows=1 loops=1)

                    Buffers: shared read=4

                    ->  Parallel Seq Scan on _hyper_1_1929_chunk  (cost=0.00..4.99 rows=99 width=8) (actual time=0.150..0.191 rows=168 loops=1)

                          Buffers: shared read=4

              ->  Partial Aggregate  (cost=5.24..5.25 rows=1 width=32) (actual time=0.288..0.288 rows=1 loops=1)

                    Buffers: shared read=4

                    ->  Parallel Seq Scan on _hyper_1_1930_chunk  (cost=0.00..4.99 rows=99 width=8) (actual time=0.221..0.265 rows=168 loops=1)

                          Buffers: shared read=4

              ->  Partial Aggregate  (cost=5.24..5.25 rows=1 width=32) (actual time=0.211..0.211 rows=1 loops=1)

                    Buffers: shared read=4

                    ->  Parallel Seq Scan on _hyper_1_1931_chunk  (cost=0.00..4.99 rows=99 width=8) (actual time=0.150..0.191 rows=168 loops=1)

                          Buffers: shared read=4

              ->  Partial Aggregate  (cost=5.24..5.25 rows=1 width=32) (actual time=0.218..0.219 rows=1 loops=1)

                    Buffers: shared read=4

                    ->  Parallel Seq Scan on _hyper_1_1932_chunk  (cost=0.00..4.99 rows=99 width=8) (actual time=0.158..0.198 rows=168 loops=1)

                          Buffers: shared read=4

              ->  Partial Aggregate  (cost=5.24..5.25 rows=1 width=32) (actual time=0.281..0.282 rows=1 loops=1)

                    Buffers: shared read=4

                    ->  Parallel Seq Scan on _hyper_1_1933_chunk  (cost=0.00..4.99 rows=99 width=8) (actual time=0.221..0.262 rows=168 loops=1)

                          Buffers: shared read=4

              ->  Partial Aggregate  (cost=5.24..5.25 rows=1 width=32) (actual time=0.194..0.195 rows=1 loops=1)

                    Buffers: shared read=4

                    ->  Parallel Seq Scan on _hyper_1_1934_chunk  (cost=0.00..4.99 rows=99 width=8) (actual time=0.128..0.174 rows=168 loops=1)

                          Buffers: shared read=4

              ->  Partial Aggregate  (cost=5.24..5.25 rows=1 width=32) (actual time=0.215..0.216 rows=1 loops=1)

                    Buffers: shared read=4

                    ->  Parallel Seq Scan on _hyper_1_1935_chunk  (cost=0.00..4.99 rows=99 width=8) (actual time=0.154..0.195 rows=168 loops=1)

                          Buffers: shared read=4

              ->  Partial Aggregate  (cost=5.24..5.25 rows=1 width=32) (actual time=0.296..0.296 rows=1 loops=1)

                    Buffers: shared read=4

                    ->  Parallel Seq Scan on _hyper_1_1936_chunk  (cost=0.00..4.99 rows=99 width=8) (actual time=0.235..0.276 rows=168 loops=1)

                          Buffers: shared read=4

              ->  Partial Aggregate  (cost=5.24..5.25 rows=1 width=32) (actual time=0.283..0.283 rows=1 loops=1)

                    Buffers: shared read=4

                    ->  Parallel Seq Scan on _hyper_1_1937_chunk  (cost=0.00..4.99 rows=99 width=8) (actual time=0.222..0.263 rows=168 loops=1)

                          Buffers: shared read=4

              ->  Partial Aggregate  (cost=5.24..5.25 rows=1 width=32) (actual time=0.298..0.298 rows=1 loops=1)

                    Buffers: shared read=4

                    ->  Parallel Seq Scan on _hyper_1_1938_chunk  (cost=0.00..4.99 rows=99 width=8) (actual time=0.233..0.278 rows=168 loops=1)

                          Buffers: shared read=4

              ->  Partial Aggregate  (cost=5.24..5.25 rows=1 width=32) (actual time=0.214..0.215 rows=1 loops=1)

                    Buffers: shared read=4

                    ->  Parallel Seq Scan on _hyper_1_1939_chunk  (cost=0.00..4.99 rows=99 width=8) (actual time=0.153..0.194 rows=168 loops=1)

                          Buffers: shared read=4

              ->  Partial Aggregate  (cost=5.24..5.25 rows=1 width=32) (actual time=0.220..0.221 rows=1 loops=1)

                    Buffers: shared read=4

                    ->  Parallel Seq Scan on _hyper_1_1940_chunk  (cost=0.00..4.99 rows=99 width=8) (actual time=0.158..0.200 rows=168 loops=1)

                          Buffers: shared read=4

              ->  Partial Aggregate  (cost=5.24..5.25 rows=1 width=32) (actual time=0.206..0.207 rows=1 loops=1)

                    Buffers: shared read=4

                    ->  Parallel Seq Scan on _hyper_1_1942_chunk  (cost=0.00..4.99 rows=99 width=8) (actual time=0.143..0.186 rows=168 loops=1)

                          Buffers: shared read=4

              ->  Partial Aggregate  (cost=5.24..5.25 rows=1 width=32) (actual time=0.277..0.277 rows=1 loops=1)

                    Buffers: shared read=4

                    ->  Parallel Seq Scan on _hyper_1_1943_chunk  (cost=0.00..4.99 rows=99 width=8) (actual time=0.216..0.256 rows=168 loops=1)

                          Buffers: shared read=4

              ->  Partial Aggregate  (cost=5.24..5.25 rows=1 width=32) (actual time=0.228..0.228 rows=1 loops=1)

                    Buffers: shared read=4

                    ->  Parallel Seq Scan on _hyper_1_1944_chunk  (cost=0.00..4.99 rows=99 width=8) (actual time=0.165..0.207 rows=168 loops=1)

                          Buffers: shared read=4

              ->  Partial Aggregate  (cost=5.24..5.25 rows=1 width=32) (actual time=0.207..0.208 rows=1 loops=1)

                    Buffers: shared read=4

                    ->  Parallel Seq Scan on _hyper_1_1945_chunk  (cost=0.00..4.99 rows=99 width=8) (actual time=0.146..0.187 rows=168 loops=1)

                          Buffers: shared read=4

              ->  Partial Aggregate  (cost=5.24..5.25 rows=1 width=32) (actual time=0.346..0.346 rows=1 loops=1)

                    Buffers: shared read=4

                    ->  Parallel Seq Scan on _hyper_1_1946_chunk  (cost=0.00..4.99 rows=99 width=8) (actual time=0.285..0.325 rows=168 loops=1)

                          Buffers: shared read=4

              ->  Partial Aggregate  (cost=5.24..5.25 rows=1 width=32) (actual time=0.361..0.361 rows=1 loops=1)

                    Buffers: shared read=4

                    ->  Parallel Seq Scan on _hyper_1_1947_chunk  (cost=0.00..4.99 rows=99 width=8) (actual time=0.291..0.332 rows=168 loops=1)

                          Buffers: shared read=4

              ->  Partial Aggregate  (cost=5.24..5.25 rows=1 width=32) (actual time=0.162..0.163 rows=1 loops=1)

                    Buffers: shared read=4

                    ->  Parallel Seq Scan on _hyper_1_1948_chunk  (cost=0.00..4.99 rows=99 width=8) (actual time=0.100..0.142 rows=168 loops=1)

                          Buffers: shared read=4

              ->  Partial Aggregate  (cost=5.24..5.25 rows=1 width=32) (actual time=0.170..0.171 rows=1 loops=1)

                    Buffers: shared read=4

                    ->  Parallel Seq Scan on _hyper_1_1949_chunk  (cost=0.00..4.99 rows=99 width=8) (actual time=0.109..0.150 rows=168 loops=1)

                          Buffers: shared read=4

              ->  Partial Aggregate  (cost=5.24..5.25 rows=1 width=32) (actual time=0.217..0.217 rows=1 loops=1)

                    Buffers: shared read=4

                    ->  Parallel Seq Scan on _hyper_1_1950_chunk  (cost=0.00..4.99 rows=99 width=8) (actual time=0.156..0.196 rows=168 loops=1)

                          Buffers: shared read=4

              ->  Partial Aggregate  (cost=5.24..5.25 rows=1 width=32) (actual time=0.287..0.288 rows=1 loops=1)

                    Buffers: shared read=4

                    ->  Parallel Seq Scan on _hyper_1_1951_chunk  (cost=0.00..4.99 rows=99 width=8) (actual time=0.224..0.267 rows=168 loops=1)

                          Buffers: shared read=4

              ->  Partial Aggregate  (cost=5.24..5.25 rows=1 width=32) (actual time=0.360..0.360 rows=1 loops=1)

                    Buffers: shared read=4

                    ->  Parallel Seq Scan on _hyper_1_1953_chunk  (cost=0.00..4.99 rows=99 width=8) (actual time=0.298..0.339 rows=168 loops=1)

                          Buffers: shared read=4

              ->  Partial Aggregate  (cost=5.24..5.25 rows=1 width=32) (actual time=0.303..0.303 rows=1 loops=1)

                    Buffers: shared read=4

                    ->  Parallel Seq Scan on _hyper_1_1954_chunk  (cost=0.00..4.99 rows=99 width=8) (actual time=0.243..0.283 rows=168 loops=1)

                          Buffers: shared read=4

              ->  Partial Aggregate  (cost=5.24..5.25 rows=1 width=32) (actual time=0.204..0.205 rows=1 loops=1)

                    Buffers: shared read=4

                    ->  Parallel Seq Scan on _hyper_1_1955_chunk  (cost=0.00..4.99 rows=99 width=8) (actual time=0.143..0.183 rows=168 loops=1)

                          Buffers: shared read=4

              ->  Partial Aggregate  (cost=5.24..5.25 rows=1 width=32) (actual time=0.166..0.167 rows=1 loops=1)

                    Buffers: shared read=4

                    ->  Parallel Seq Scan on _hyper_1_1956_chunk  (cost=0.00..4.99 rows=99 width=8) (actual time=0.105..0.146 rows=168 loops=1)

                          Buffers: shared read=4

              ->  Partial Aggregate  (cost=5.24..5.25 rows=1 width=32) (actual time=0.344..0.344 rows=1 loops=1)

                    Buffers: shared read=4

                    ->  Parallel Seq Scan on _hyper_1_1957_chunk  (cost=0.00..4.99 rows=99 width=8) (actual time=0.280..0.323 rows=168 loops=1)

                          Buffers: shared read=4

              ->  Partial Aggregate  (cost=5.24..5.25 rows=1 width=32) (actual time=0.165..0.165 rows=1 loops=1)

                    Buffers: shared read=4

                    ->  Parallel Seq Scan on _hyper_1_1958_chunk  (cost=0.00..4.99 rows=99 width=8) (actual time=0.104..0.145 rows=168 loops=1)

                          Buffers: shared read=4

              ->  Partial Aggregate  (cost=5.24..5.25 rows=1 width=32) (actual time=0.166..0.167 rows=1 loops=1)

                    Buffers: shared read=4

                    ->  Parallel Seq Scan on _hyper_1_1959_chunk  (cost=0.00..4.99 rows=99 width=8) (actual time=0.104..0.146 rows=168 loops=1)

                          Buffers: shared read=4

              ->  Partial Aggregate  (cost=5.24..5.25 rows=1 width=32) (actual time=0.203..0.204 rows=1 loops=1)

                    Buffers: shared read=4

                    ->  Parallel Seq Scan on _hyper_1_1960_chunk  (cost=0.00..4.99 rows=99 width=8) (actual time=0.144..0.183 rows=168 loops=1)

                          Buffers: shared read=4

              ->  Partial Aggregate  (cost=5.24..5.25 rows=1 width=32) (actual time=0.282..0.283 rows=1 loops=1)

                    Buffers: shared read=4

                    ->  Parallel Seq Scan on _hyper_1_1961_chunk  (cost=0.00..4.99 rows=99 width=8) (actual time=0.221..0.262 rows=168 loops=1)

                          Buffers: shared read=4

              ->  Partial Aggregate  (cost=5.24..5.25 rows=1 width=32) (actual time=0.290..0.290 rows=1 loops=1)

                    Buffers: shared read=4

                    ->  Parallel Seq Scan on _hyper_1_1962_chunk  (cost=0.00..4.99 rows=99 width=8) (actual time=0.223..0.263 rows=168 loops=1)

                          Buffers: shared read=4

              ->  Partial Aggregate  (cost=5.24..5.25 rows=1 width=32) (actual time=0.239..0.239 rows=1 loops=1)

                    Buffers: shared read=4

                    ->  Parallel Seq Scan on _hyper_1_1963_chunk  (cost=0.00..4.99 rows=99 width=8) (actual time=0.178..0.219 rows=168 loops=1)

                          Buffers: shared read=4

              ->  Partial Aggregate  (cost=5.24..5.25 rows=1 width=32) (actual time=0.282..0.283 rows=1 loops=1)

                    Buffers: shared read=4

                    ->  Parallel Seq Scan on _hyper_1_1964_chunk  (cost=0.00..4.99 rows=99 width=8) (actual time=0.221..0.262 rows=168 loops=1)

                          Buffers: shared read=4

              ->  Partial Aggregate  (cost=5.24..5.25 rows=1 width=32) (actual time=0.304..0.305 rows=1 loops=1)

                    Buffers: shared read=4

                    ->  Parallel Seq Scan on _hyper_1_1965_chunk  (cost=0.00..4.99 rows=99 width=8) (actual time=0.241..0.284 rows=168 loops=1)

                          Buffers: shared read=4

              ->  Partial Aggregate  (cost=5.24..5.25 rows=1 width=32) (actual time=0.255..0.255 rows=1 loops=1)

                    Buffers: shared read=4

                    ->  Parallel Seq Scan on _hyper_1_1966_chunk  (cost=0.00..4.99 rows=99 width=8) (actual time=0.192..0.234 rows=168 loops=1)

                          Buffers: shared read=4

              ->  Partial Aggregate  (cost=5.24..5.25 rows=1 width=32) (actual time=0.160..0.160 rows=1 loops=1)

                    Buffers: shared read=4

                    ->  Parallel Seq Scan on _hyper_1_1967_chunk  (cost=0.00..4.99 rows=99 width=8) (actual time=0.097..0.139 rows=168 loops=1)

                          Buffers: shared read=4

              ->  Partial Aggregate  (cost=5.24..5.25 rows=1 width=32) (actual time=0.261..0.262 rows=1 loops=1)

                    Buffers: shared read=4

                    ->  Parallel Seq Scan on _hyper_1_1968_chunk  (cost=0.00..4.99 rows=99 width=8) (actual time=0.201..0.241 rows=168 loops=1)

                          Buffers: shared read=4

              ->  Partial Aggregate  (cost=5.24..5.25 rows=1 width=32) (actual time=0.176..0.177 rows=1 loops=1)

                    Buffers: shared read=4

                    ->  Parallel Seq Scan on _hyper_1_1969_chunk  (cost=0.00..4.99 rows=99 width=8) (actual time=0.116..0.156 rows=168 loops=1)

                          Buffers: shared read=4

              ->  Partial Aggregate  (cost=5.24..5.25 rows=1 width=32) (actual time=0.261..0.262 rows=1 loops=1)

                    Buffers: shared read=4

                    ->  Parallel Seq Scan on _hyper_1_1970_chunk  (cost=0.00..4.99 rows=99 width=8) (actual time=0.200..0.241 rows=168 loops=1)

                          Buffers: shared read=4

              ->  Partial Aggregate  (cost=5.24..5.25 rows=1 width=32) (actual time=0.226..0.227 rows=1 loops=1)

                    Buffers: shared read=4

                    ->  Parallel Seq Scan on _hyper_1_1971_chunk  (cost=0.00..4.99 rows=99 width=8) (actual time=0.166..0.206 rows=168 loops=1)

                          Buffers: shared read=4

              ->  Partial Aggregate  (cost=5.24..5.25 rows=1 width=32) (actual time=0.276..0.276 rows=1 loops=1)

                    Buffers: shared read=4

                    ->  Parallel Seq Scan on _hyper_1_1972_chunk  (cost=0.00..4.99 rows=99 width=8) (actual time=0.215..0.255 rows=168 loops=1)

                          Buffers: shared read=4

              ->  Partial Aggregate  (cost=5.24..5.25 rows=1 width=32) (actual time=0.302..0.302 rows=1 loops=1)

                    Buffers: shared read=4

                    ->  Parallel Seq Scan on _hyper_1_1973_chunk  (cost=0.00..4.99 rows=99 width=8) (actual time=0.241..0.282 rows=168 loops=1)

                          Buffers: shared read=4

              ->  Partial Aggregate  (cost=5.24..5.25 rows=1 width=32) (actual time=0.223..0.224 rows=1 loops=1)

                    Buffers: shared read=4

                    ->  Parallel Seq Scan on _hyper_1_1974_chunk  (cost=0.00..4.99 rows=99 width=8) (actual time=0.161..0.202 rows=168 loops=1)

                          Buffers: shared read=4

              ->  Partial Aggregate  (cost=5.24..5.25 rows=1 width=32) (actual time=0.164..0.164 rows=1 loops=1)

                    Buffers: shared read=4

                    ->  Parallel Seq Scan on _hyper_1_1975_chunk  (cost=0.00..4.99 rows=99 width=8) (actual time=0.102..0.143 rows=168 loops=1)

                          Buffers: shared read=4

              ->  Partial Aggregate  (cost=5.24..5.25 rows=1 width=32) (actual time=0.285..0.285 rows=1 loops=1)

                    Buffers: shared read=4

                    ->  Parallel Seq Scan on _hyper_1_1976_chunk  (cost=0.00..4.99 rows=99 width=8) (actual time=0.222..0.264 rows=168 loops=1)

                          Buffers: shared read=4

              ->  Partial Aggregate  (cost=5.24..5.25 rows=1 width=32) (actual time=0.297..0.297 rows=1 loops=1)

                    Buffers: shared read=4

                    ->  Parallel Seq Scan on _hyper_1_1977_chunk  (cost=0.00..4.99 rows=99 width=8) (actual time=0.235..0.277 rows=168 loops=1)

                          Buffers: shared read=4

              ->  Partial Aggregate  (cost=5.24..5.25 rows=1 width=32) (actual time=0.211..0.211 rows=1 loops=1)

                    Buffers: shared read=4

                    ->  Parallel Seq Scan on _hyper_1_1979_chunk  (cost=0.00..4.99 rows=99 width=8) (actual time=0.149..0.190 rows=168 loops=1)

                          Buffers: shared read=4

              ->  Partial Aggregate  (cost=5.24..5.25 rows=1 width=32) (actual time=0.283..0.284 rows=1 loops=1)

                    Buffers: shared read=4

                    ->  Parallel Seq Scan on _hyper_1_1980_chunk  (cost=0.00..4.99 rows=99 width=8) (actual time=0.221..0.263 rows=168 loops=1)

                          Buffers: shared read=4

              ->  Partial Aggregate  (cost=5.24..5.25 rows=1 width=32) (actual time=0.234..0.235 rows=1 loops=1)

                    Buffers: shared read=4

                    ->  Parallel Seq Scan on _hyper_1_1981_chunk  (cost=0.00..4.99 rows=99 width=8) (actual time=0.173..0.214 rows=168 loops=1)

                          Buffers: shared read=4

              ->  Partial Aggregate  (cost=5.24..5.25 rows=1 width=32) (actual time=0.271..0.272 rows=1 loops=1)

                    Buffers: shared read=4

                    ->  Parallel Seq Scan on _hyper_1_1982_chunk  (cost=0.00..4.99 rows=99 width=8) (actual time=0.210..0.251 rows=168 loops=1)

                          Buffers: shared read=4

              ->  Partial Aggregate  (cost=5.24..5.25 rows=1 width=32) (actual time=0.215..0.216 rows=1 loops=1)

                    Buffers: shared read=4

                    ->  Parallel Seq Scan on _hyper_1_1983_chunk  (cost=0.00..4.99 rows=99 width=8) (actual time=0.154..0.195 rows=168 loops=1)

                          Buffers: shared read=4

              ->  Partial Aggregate  (cost=5.24..5.25 rows=1 width=32) (actual time=0.352..0.352 rows=1 loops=1)

                    Buffers: shared read=4

                    ->  Parallel Seq Scan on _hyper_1_1984_chunk  (cost=0.00..4.99 rows=99 width=8) (actual time=0.292..0.332 rows=168 loops=1)

                          Buffers: shared read=4

              ->  Partial Aggregate  (cost=5.24..5.25 rows=1 width=32) (actual time=0.162..0.162 rows=1 loops=1)

                    Buffers: shared read=4

                    ->  Parallel Seq Scan on _hyper_1_1985_chunk  (cost=0.00..4.99 rows=99 width=8) (actual time=0.094..0.137 rows=168 loops=1)

                          Buffers: shared read=4

              ->  Partial Aggregate  (cost=5.24..5.25 rows=1 width=32) (actual time=0.208..0.209 rows=1 loops=1)

                    Buffers: shared read=4

                    ->  Parallel Seq Scan on _hyper_1_1986_chunk  (cost=0.00..4.99 rows=99 width=8) (actual time=0.146..0.188 rows=168 loops=1)

                          Buffers: shared read=4

              ->  Partial Aggregate  (cost=5.24..5.25 rows=1 width=32) (actual time=0.275..0.275 rows=1 loops=1)

                    Buffers: shared read=4

                    ->  Parallel Seq Scan on _hyper_1_1987_chunk  (cost=0.00..4.99 rows=99 width=8) (actual time=0.213..0.254 rows=168 loops=1)

                          Buffers: shared read=4

              ->  Partial Aggregate  (cost=5.24..5.25 rows=1 width=32) (actual time=0.209..0.210 rows=1 loops=1)

                    Buffers: shared read=4

                    ->  Parallel Seq Scan on _hyper_1_1988_chunk  (cost=0.00..4.99 rows=99 width=8) (actual time=0.148..0.189 rows=168 loops=1)

                          Buffers: shared read=4

              ->  Partial Aggregate  (cost=5.24..5.25 rows=1 width=32) (actual time=0.194..0.195 rows=1 loops=1)

                    Buffers: shared read=4

                    ->  Parallel Seq Scan on _hyper_1_1989_chunk  (cost=0.00..4.99 rows=99 width=8) (actual time=0.132..0.174 rows=168 loops=1)

                          Buffers: shared read=4

              ->  Partial Aggregate  (cost=5.24..5.25 rows=1 width=32) (actual time=0.201..0.201 rows=1 loops=1)

                    Buffers: shared read=4

                    ->  Parallel Seq Scan on _hyper_1_1990_chunk  (cost=0.00..4.99 rows=99 width=8) (actual time=0.140..0.181 rows=168 loops=1)

                          Buffers: shared read=4

              ->  Partial Aggregate  (cost=5.24..5.25 rows=1 width=32) (actual time=0.273..0.273 rows=1 loops=1)

                    Buffers: shared read=4

                    ->  Parallel Seq Scan on _hyper_1_1991_chunk  (cost=0.00..4.99 rows=99 width=8) (actual time=0.214..0.252 rows=168 loops=1)

                          Buffers: shared read=4

              ->  Partial Aggregate  (cost=5.24..5.25 rows=1 width=32) (actual time=0.201..0.202 rows=1 loops=1)

                    Buffers: shared read=4

                    ->  Parallel Seq Scan on _hyper_1_1992_chunk  (cost=0.00..4.99 rows=99 width=8) (actual time=0.140..0.182 rows=168 loops=1)

                          Buffers: shared read=4

              ->  Partial Aggregate  (cost=5.24..5.25 rows=1 width=32) (actual time=0.287..0.287 rows=1 loops=1)

                    Buffers: shared read=4

                    ->  Parallel Seq Scan on _hyper_1_1993_chunk  (cost=0.00..4.99 rows=99 width=8) (actual time=0.225..0.266 rows=168 loops=1)

                          Buffers: shared read=4

              ->  Partial Aggregate  (cost=5.24..5.25 rows=1 width=32) (actual time=0.279..0.280 rows=1 loops=1)

                    Buffers: shared read=4

                    ->  Parallel Seq Scan on _hyper_1_1994_chunk  (cost=0.00..4.99 rows=99 width=8) (actual time=0.213..0.255 rows=168 loops=1)

                          Buffers: shared read=4

              ->  Partial Aggregate  (cost=5.24..5.25 rows=1 width=32) (actual time=0.158..0.159 rows=1 loops=1)

                    Buffers: shared read=4

                    ->  Parallel Seq Scan on _hyper_1_1995_chunk  (cost=0.00..4.99 rows=99 width=8) (actual time=0.096..0.138 rows=168 loops=1)

                          Buffers: shared read=4

              ->  Partial Aggregate  (cost=5.24..5.25 rows=1 width=32) (actual time=0.201..0.202 rows=1 loops=1)

                    Buffers: shared read=4

                    ->  Parallel Seq Scan on _hyper_1_1996_chunk  (cost=0.00..4.99 rows=99 width=8) (actual time=0.138..0.180 rows=168 loops=1)

                          Buffers: shared read=4

              ->  Partial Aggregate  (cost=5.24..5.25 rows=1 width=32) (actual time=0.217..0.218 rows=1 loops=1)

                    Buffers: shared read=4

                    ->  Parallel Seq Scan on _hyper_1_1997_chunk  (cost=0.00..4.99 rows=99 width=8) (actual time=0.156..0.197 rows=168 loops=1)

                          Buffers: shared read=4

              ->  Partial Aggregate  (cost=5.24..5.25 rows=1 width=32) (actual time=0.289..0.290 rows=1 loops=1)

                    Buffers: shared read=4

                    ->  Parallel Seq Scan on _hyper_1_1998_chunk  (cost=0.00..4.99 rows=99 width=8) (actual time=0.228..0.269 rows=168 loops=1)

                          Buffers: shared read=4

              ->  Partial Aggregate  (cost=5.24..5.25 rows=1 width=32) (actual time=0.391..0.392 rows=1 loops=1)

                    Buffers: shared read=4

                    ->  Parallel Seq Scan on _hyper_1_1999_chunk  (cost=0.00..4.99 rows=99 width=8) (actual time=0.304..0.357 rows=168 loops=1)

                          Buffers: shared read=4

              ->  Partial Aggregate  (cost=5.24..5.25 rows=1 width=32) (actual time=0.302..0.303 rows=1 loops=1)

                    Buffers: shared read=4

                    ->  Parallel Seq Scan on _hyper_1_2000_chunk  (cost=0.00..4.99 rows=99 width=8) (actual time=0.238..0.282 rows=168 loops=1)

                          Buffers: shared read=4

              ->  Partial Aggregate  (cost=5.24..5.25 rows=1 width=32) (actual time=0.211..0.211 rows=1 loops=1)

                    Buffers: shared read=4

                    ->  Parallel Seq Scan on _hyper_1_2001_chunk  (cost=0.00..4.99 rows=99 width=8) (actual time=0.143..0.191 rows=168 loops=1)

                          Buffers: shared read=4

              ->  Partial Aggregate  (cost=5.24..5.25 rows=1 width=32) (actual time=0.264..0.264 rows=1 loops=1)

                    Buffers: shared read=4

                    ->  Parallel Seq Scan on _hyper_1_2002_chunk  (cost=0.00..4.99 rows=99 width=8) (actual time=0.202..0.243 rows=168 loops=1)

                          Buffers: shared read=4

              ->  Partial Aggregate  (cost=5.24..5.25 rows=1 width=32) (actual time=0.225..0.225 rows=1 loops=1)

                    Buffers: shared read=4

                    ->  Parallel Seq Scan on _hyper_1_2003_chunk  (cost=0.00..4.99 rows=99 width=8) (actual time=0.165..0.205 rows=168 loops=1)

                          Buffers: shared read=4

              ->  Partial Aggregate  (cost=5.24..5.25 rows=1 width=32) (actual time=0.288..0.289 rows=1 loops=1)

                    Buffers: shared read=4

                    ->  Parallel Seq Scan on _hyper_1_2004_chunk  (cost=0.00..4.99 rows=99 width=8) (actual time=0.227..0.268 rows=168 loops=1)

                          Buffers: shared read=4

              ->  Partial Aggregate  (cost=5.24..5.25 rows=1 width=32) (actual time=0.223..0.224 rows=1 loops=1)

                    Buffers: shared read=4

                    ->  Parallel Seq Scan on _hyper_1_2005_chunk  (cost=0.00..4.99 rows=99 width=8) (actual time=0.162..0.203 rows=168 loops=1)

                          Buffers: shared read=4

              ->  Partial Aggregate  (cost=5.24..5.25 rows=1 width=32) (actual time=0.229..0.230 rows=1 loops=1)

                    Buffers: shared read=4

                    ->  Parallel Seq Scan on _hyper_1_2006_chunk  (cost=0.00..4.99 rows=99 width=8) (actual time=0.165..0.209 rows=168 loops=1)

                          Buffers: shared read=4

              ->  Partial Aggregate  (cost=5.24..5.25 rows=1 width=32) (actual time=0.300..0.301 rows=1 loops=1)

                    Buffers: shared read=4

                    ->  Parallel Seq Scan on _hyper_1_2007_chunk  (cost=0.00..4.99 rows=99 width=8) (actual time=0.236..0.280 rows=168 loops=1)

                          Buffers: shared read=4

              ->  Partial Aggregate  (cost=5.24..5.25 rows=1 width=32) (actual time=0.204..0.205 rows=1 loops=1)

                    Buffers: shared read=4

                    ->  Parallel Seq Scan on _hyper_1_2008_chunk  (cost=0.00..4.99 rows=99 width=8) (actual time=0.142..0.184 rows=168 loops=1)

                          Buffers: shared read=4

              ->  Partial Aggregate  (cost=5.24..5.25 rows=1 width=32) (actual time=0.230..0.231 rows=1 loops=1)

                    Buffers: shared read=4

                    ->  Parallel Seq Scan on _hyper_1_2009_chunk  (cost=0.00..4.99 rows=99 width=8) (actual time=0.168..0.210 rows=168 loops=1)

                          Buffers: shared read=4

              ->  Partial Aggregate  (cost=5.24..5.25 rows=1 width=32) (actual time=0.198..0.199 rows=1 loops=1)

                    Buffers: shared read=4

                    ->  Parallel Seq Scan on _hyper_1_2010_chunk  (cost=0.00..4.99 rows=99 width=8) (actual time=0.137..0.178 rows=168 loops=1)

                          Buffers: shared read=4

              ->  Partial Aggregate  (cost=5.24..5.25 rows=1 width=32) (actual time=0.289..0.290 rows=1 loops=1)

                    Buffers: shared read=4

                    ->  Parallel Seq Scan on _hyper_1_2012_chunk  (cost=0.00..4.99 rows=99 width=8) (actual time=0.226..0.268 rows=168 loops=1)

                          Buffers: shared read=4

              ->  Partial Aggregate  (cost=5.24..5.25 rows=1 width=32) (actual time=0.227..0.228 rows=1 loops=1)

                    Buffers: shared read=4

                    ->  Parallel Seq Scan on _hyper_1_2013_chunk  (cost=0.00..4.99 rows=99 width=8) (actual time=0.166..0.207 rows=168 loops=1)

                          Buffers: shared read=4

              ->  Partial Aggregate  (cost=5.24..5.25 rows=1 width=32) (actual time=0.293..0.294 rows=1 loops=1)

                    Buffers: shared read=4

                    ->  Parallel Seq Scan on _hyper_1_2014_chunk  (cost=0.00..4.99 rows=99 width=8) (actual time=0.232..0.273 rows=168 loops=1)

                          Buffers: shared read=4

              ->  Partial Aggregate  (cost=5.24..5.25 rows=1 width=32) (actual time=0.201..0.202 rows=1 loops=1)

                    Buffers: shared read=4

                    ->  Parallel Seq Scan on _hyper_1_2015_chunk  (cost=0.00..4.99 rows=99 width=8) (actual time=0.141..0.181 rows=168 loops=1)

                          Buffers: shared read=4

              ->  Partial Aggregate  (cost=5.24..5.25 rows=1 width=32) (actual time=0.289..0.290 rows=1 loops=1)

                    Buffers: shared read=4

                    ->  Parallel Seq Scan on _hyper_1_2017_chunk  (cost=0.00..4.99 rows=99 width=8) (actual time=0.228..0.269 rows=168 loops=1)

                          Buffers: shared read=4

              ->  Partial Aggregate  (cost=5.24..5.25 rows=1 width=32) (actual time=0.223..0.224 rows=1 loops=1)

                    Buffers: shared read=4

                    ->  Parallel Seq Scan on _hyper_1_2018_chunk  (cost=0.00..4.99 rows=99 width=8) (actual time=0.163..0.203 rows=168 loops=1)

                          Buffers: shared read=4

              ->  Partial Aggregate  (cost=5.24..5.25 rows=1 width=32) (actual time=0.208..0.208 rows=1 loops=1)

                    Buffers: shared read=4

                    ->  Parallel Seq Scan on _hyper_1_2019_chunk  (cost=0.00..4.99 rows=99 width=8) (actual time=0.148..0.188 rows=168 loops=1)

                          Buffers: shared read=4

              ->  Partial Aggregate  (cost=5.24..5.25 rows=1 width=32) (actual time=0.285..0.286 rows=1 loops=1)

                    Buffers: shared read=4

                    ->  Parallel Seq Scan on _hyper_1_2020_chunk  (cost=0.00..4.99 rows=99 width=8) (actual time=0.217..0.265 rows=168 loops=1)

                          Buffers: shared read=4

              ->  Partial Aggregate  (cost=5.24..5.25 rows=1 width=32) (actual time=0.255..0.256 rows=1 loops=1)

                    Buffers: shared read=4

                    ->  Parallel Seq Scan on _hyper_1_2022_chunk  (cost=0.00..4.99 rows=99 width=8) (actual time=0.192..0.235 rows=168 loops=1)

                          Buffers: shared read=4

              ->  Partial Aggregate  (cost=5.24..5.25 rows=1 width=32) (actual time=0.287..0.288 rows=1 loops=1)

                    Buffers: shared read=4

                    ->  Parallel Seq Scan on _hyper_1_2023_chunk  (cost=0.00..4.99 rows=99 width=8) (actual time=0.226..0.267 rows=168 loops=1)

                          Buffers: shared read=4

              ->  Partial Aggregate  (cost=5.24..5.25 rows=1 width=32) (actual time=0.211..0.212 rows=1 loops=1)

                    Buffers: shared read=4

                    ->  Parallel Seq Scan on _hyper_1_2024_chunk  (cost=0.00..4.99 rows=99 width=8) (actual time=0.150..0.191 rows=168 loops=1)

                          Buffers: shared read=4

              ->  Partial Aggregate  (cost=5.24..5.25 rows=1 width=32) (actual time=0.275..0.275 rows=1 loops=1)

                    Buffers: shared read=4

                    ->  Parallel Seq Scan on _hyper_1_2025_chunk  (cost=0.00..4.99 rows=99 width=8) (actual time=0.212..0.255 rows=168 loops=1)

                          Buffers: shared read=4

              ->  Partial Aggregate  (cost=5.24..5.25 rows=1 width=32) (actual time=0.269..0.270 rows=1 loops=1)

                    Buffers: shared read=4

                    ->  Parallel Seq Scan on _hyper_1_2026_chunk  (cost=0.00..4.99 rows=99 width=8) (actual time=0.207..0.249 rows=168 loops=1)

                          Buffers: shared read=4

              ->  Partial Aggregate  (cost=5.24..5.25 rows=1 width=32) (actual time=0.174..0.175 rows=1 loops=1)

                    Buffers: shared read=4

                    ->  Parallel Seq Scan on _hyper_1_2027_chunk  (cost=0.00..4.99 rows=99 width=8) (actual time=0.111..0.153 rows=168 loops=1)

                          Buffers: shared read=4

              ->  Partial Aggregate  (cost=5.24..5.25 rows=1 width=32) (actual time=0.282..0.282 rows=1 loops=1)

                    Buffers: shared read=4

                    ->  Parallel Seq Scan on _hyper_1_2028_chunk  (cost=0.00..4.99 rows=99 width=8) (actual time=0.220..0.262 rows=168 loops=1)

                          Buffers: shared read=4

              ->  Partial Aggregate  (cost=5.24..5.25 rows=1 width=32) (actual time=0.163..0.164 rows=1 loops=1)

                    Buffers: shared read=4

                    ->  Parallel Seq Scan on _hyper_1_2029_chunk  (cost=0.00..4.99 rows=99 width=8) (actual time=0.101..0.143 rows=168 loops=1)

                          Buffers: shared read=4

              ->  Partial Aggregate  (cost=5.24..5.25 rows=1 width=32) (actual time=0.203..0.204 rows=1 loops=1)

                    Buffers: shared read=4

                    ->  Parallel Seq Scan on _hyper_1_2030_chunk  (cost=0.00..4.99 rows=99 width=8) (actual time=0.142..0.183 rows=168 loops=1)

                          Buffers: shared read=4

              ->  Partial Aggregate  (cost=5.24..5.25 rows=1 width=32) (actual time=0.218..0.219 rows=1 loops=1)

                    Buffers: shared read=4

                    ->  Parallel Seq Scan on _hyper_1_2031_chunk  (cost=0.00..4.99 rows=99 width=8) (actual time=0.154..0.197 rows=168 loops=1)

                          Buffers: shared read=4

              ->  Partial Aggregate  (cost=5.24..5.25 rows=1 width=32) (actual time=0.153..0.154 rows=1 loops=1)

                    Buffers: shared read=4

                    ->  Parallel Seq Scan on _hyper_1_2033_chunk  (cost=0.00..4.99 rows=99 width=8) (actual time=0.090..0.133 rows=168 loops=1)

                          Buffers: shared read=4

              ->  Partial Aggregate  (cost=5.24..5.25 rows=1 width=32) (actual time=0.150..0.150 rows=1 loops=1)

                    Buffers: shared read=4

                    ->  Parallel Seq Scan on _hyper_1_2034_chunk  (cost=0.00..4.99 rows=99 width=8) (actual time=0.087..0.129 rows=168 loops=1)

                          Buffers: shared read=4

              ->  Partial Aggregate  (cost=5.24..5.25 rows=1 width=32) (actual time=0.341..0.342 rows=1 loops=1)

                    Buffers: shared read=4

                    ->  Parallel Seq Scan on _hyper_1_2035_chunk  (cost=0.00..4.99 rows=99 width=8) (actual time=0.274..0.316 rows=168 loops=1)

                          Buffers: shared read=4

              ->  Partial Aggregate  (cost=5.24..5.25 rows=1 width=32) (actual time=0.353..0.354 rows=1 loops=1)

                    Buffers: shared read=4

                    ->  Parallel Seq Scan on _hyper_1_2036_chunk  (cost=0.00..4.99 rows=99 width=8) (actual time=0.292..0.334 rows=168 loops=1)

                          Buffers: shared read=4

              ->  Partial Aggregate  (cost=5.24..5.25 rows=1 width=32) (actual time=0.273..0.273 rows=1 loops=1)

                    Buffers: shared read=4

                    ->  Parallel Seq Scan on _hyper_1_2037_chunk  (cost=0.00..4.99 rows=99 width=8) (actual time=0.211..0.253 rows=168 loops=1)

                          Buffers: shared read=4

              ->  Partial Aggregate  (cost=5.24..5.25 rows=1 width=32) (actual time=0.215..0.215 rows=1 loops=1)

                    Buffers: shared read=4

                    ->  Parallel Seq Scan on _hyper_1_2038_chunk  (cost=0.00..4.99 rows=99 width=8) (actual time=0.152..0.195 rows=168 loops=1)

                          Buffers: shared read=4

              ->  Partial Aggregate  (cost=5.24..5.25 rows=1 width=32) (actual time=0.263..0.263 rows=1 loops=1)

                    Buffers: shared read=4

                    ->  Parallel Seq Scan on _hyper_1_2039_chunk  (cost=0.00..4.99 rows=99 width=8) (actual time=0.201..0.243 rows=168 loops=1)

                          Buffers: shared read=4

              ->  Partial Aggregate  (cost=5.24..5.25 rows=1 width=32) (actual time=0.229..0.230 rows=1 loops=1)

                    Buffers: shared read=4

                    ->  Parallel Seq Scan on _hyper_1_2040_chunk  (cost=0.00..4.99 rows=99 width=8) (actual time=0.168..0.210 rows=168 loops=1)

                          Buffers: shared read=4

              ->  Partial Aggregate  (cost=5.24..5.25 rows=1 width=32) (actual time=0.353..0.353 rows=1 loops=1)

                    Buffers: shared read=4

                    ->  Parallel Seq Scan on _hyper_1_2041_chunk  (cost=0.00..4.99 rows=99 width=8) (actual time=0.292..0.333 rows=168 loops=1)

                          Buffers: shared read=4

              ->  Partial Aggregate  (cost=5.24..5.25 rows=1 width=32) (actual time=0.165..0.166 rows=1 loops=1)

                    Buffers: shared read=4

                    ->  Parallel Seq Scan on _hyper_1_2042_chunk  (cost=0.00..4.99 rows=99 width=8) (actual time=0.104..0.146 rows=168 loops=1)

                          Buffers: shared read=4

              ->  Partial Aggregate  (cost=5.24..5.25 rows=1 width=32) (actual time=0.158..0.159 rows=1 loops=1)

                    Buffers: shared read=4

                    ->  Parallel Seq Scan on _hyper_1_2043_chunk  (cost=0.00..4.99 rows=99 width=8) (actual time=0.098..0.139 rows=168 loops=1)

                          Buffers: shared read=4

              ->  Partial Aggregate  (cost=5.24..5.25 rows=1 width=32) (actual time=0.214..0.214 rows=1 loops=1)

                    Buffers: shared read=4

                    ->  Parallel Seq Scan on _hyper_1_2044_chunk  (cost=0.00..4.99 rows=99 width=8) (actual time=0.153..0.194 rows=168 loops=1)

                          Buffers: shared read=4

              ->  Partial Aggregate  (cost=5.24..5.25 rows=1 width=32) (actual time=0.279..0.279 rows=1 loops=1)

                    Buffers: shared read=4

                    ->  Parallel Seq Scan on _hyper_1_2045_chunk  (cost=0.00..4.99 rows=99 width=8) (actual time=0.218..0.259 rows=168 loops=1)

                          Buffers: shared read=4

              ->  Partial Aggregate  (cost=5.24..5.25 rows=1 width=32) (actual time=0.226..0.226 rows=1 loops=1)

                    Buffers: shared read=4

                    ->  Parallel Seq Scan on _hyper_1_2046_chunk  (cost=0.00..4.99 rows=99 width=8) (actual time=0.166..0.206 rows=168 loops=1)

                          Buffers: shared read=4

              ->  Partial Aggregate  (cost=5.24..5.25 rows=1 width=32) (actual time=0.266..0.266 rows=1 loops=1)

                    Buffers: shared read=4

                    ->  Parallel Seq Scan on _hyper_1_2047_chunk  (cost=0.00..4.99 rows=99 width=8) (actual time=0.197..0.242 rows=168 loops=1)

                          Buffers: shared read=4

              ->  Partial Aggregate  (cost=5.24..5.25 rows=1 width=32) (actual time=0.208..0.209 rows=1 loops=1)

                    Buffers: shared read=4

                    ->  Parallel Seq Scan on _hyper_1_2048_chunk  (cost=0.00..4.99 rows=99 width=8) (actual time=0.146..0.189 rows=168 loops=1)

                          Buffers: shared read=4

              ->  Partial Aggregate  (cost=5.24..5.25 rows=1 width=32) (actual time=0.306..0.307 rows=1 loops=1)

                    Buffers: shared read=4

                    ->  Parallel Seq Scan on _hyper_1_2050_chunk  (cost=0.00..4.99 rows=99 width=8) (actual time=0.243..0.287 rows=168 loops=1)

                          Buffers: shared read=4

              ->  Partial Aggregate  (cost=5.24..5.25 rows=1 width=32) (actual time=0.301..0.301 rows=1 loops=1)

                    Buffers: shared read=4

                    ->  Parallel Seq Scan on _hyper_1_2051_chunk  (cost=0.00..4.99 rows=99 width=8) (actual time=0.238..0.280 rows=168 loops=1)

                          Buffers: shared read=4

              ->  Partial Aggregate  (cost=5.24..5.25 rows=1 width=32) (actual time=0.243..0.243 rows=1 loops=1)

                    Buffers: shared read=4

                    ->  Parallel Seq Scan on _hyper_1_2052_chunk  (cost=0.00..4.99 rows=99 width=8) (actual time=0.179..0.222 rows=168 loops=1)

                          Buffers: shared read=4

              ->  Partial Aggregate  (cost=5.24..5.25 rows=1 width=32) (actual time=0.357..0.357 rows=1 loops=1)

                    Buffers: shared read=4

                    ->  Parallel Seq Scan on _hyper_1_2053_chunk  (cost=0.00..4.99 rows=99 width=8) (actual time=0.280..0.330 rows=168 loops=1)

                          Buffers: shared read=4

              ->  Partial Aggregate  (cost=5.24..5.25 rows=1 width=32) (actual time=0.349..0.350 rows=1 loops=1)

                    Buffers: shared read=4

                    ->  Parallel Seq Scan on _hyper_1_2054_chunk  (cost=0.00..4.99 rows=99 width=8) (actual time=0.273..0.322 rows=168 loops=1)

                          Buffers: shared read=4

              ->  Partial Aggregate  (cost=5.24..5.25 rows=1 width=32) (actual time=0.246..0.247 rows=1 loops=1)

                    Buffers: shared read=4

                    ->  Parallel Seq Scan on _hyper_1_2055_chunk  (cost=0.00..4.99 rows=99 width=8) (actual time=0.178..0.221 rows=168 loops=1)

                          Buffers: shared read=4

              ->  Partial Aggregate  (cost=5.24..5.25 rows=1 width=32) (actual time=0.366..0.366 rows=1 loops=1)

                    Buffers: shared read=4

                    ->  Parallel Seq Scan on _hyper_1_2056_chunk  (cost=0.00..4.99 rows=99 width=8) (actual time=0.231..0.312 rows=168 loops=1)

                          Buffers: shared read=4

              ->  Partial Aggregate  (cost=5.24..5.25 rows=1 width=32) (actual time=0.344..0.344 rows=1 loops=1)

                    Buffers: shared read=4

                    ->  Parallel Seq Scan on _hyper_1_2057_chunk  (cost=0.00..4.99 rows=99 width=8) (actual time=0.282..0.324 rows=168 loops=1)

                          Buffers: shared read=4

              ->  Partial Aggregate  (cost=5.24..5.25 rows=1 width=32) (actual time=0.214..0.215 rows=1 loops=1)

                    Buffers: shared read=4

                    ->  Parallel Seq Scan on _hyper_1_2058_chunk  (cost=0.00..4.99 rows=99 width=8) (actual time=0.142..0.184 rows=168 loops=1)

                          Buffers: shared read=4

              ->  Partial Aggregate  (cost=5.24..5.25 rows=1 width=32) (actual time=0.195..0.196 rows=1 loops=1)

                    Buffers: shared read=4

                    ->  Parallel Seq Scan on _hyper_1_2059_chunk  (cost=0.00..4.99 rows=99 width=8) (actual time=0.131..0.174 rows=168 loops=1)

                          Buffers: shared read=4

              ->  Partial Aggregate  (cost=5.24..5.25 rows=1 width=32) (actual time=0.491..0.492 rows=1 loops=1)

                    Buffers: shared read=4

                    ->  Parallel Seq Scan on _hyper_1_2060_chunk  (cost=0.00..4.99 rows=99 width=8) (actual time=0.412..0.464 rows=168 loops=1)

                          Buffers: shared read=4

              ->  Partial Aggregate  (cost=5.24..5.25 rows=1 width=32) (actual time=0.431..0.432 rows=1 loops=1)

                    Buffers: shared read=4

                    ->  Parallel Seq Scan on _hyper_1_2061_chunk  (cost=0.00..4.99 rows=99 width=8) (actual time=0.353..0.404 rows=168 loops=1)

                          Buffers: shared read=4

              ->  Partial Aggregate  (cost=5.24..5.25 rows=1 width=32) (actual time=0.438..0.439 rows=1 loops=1)

                    Buffers: shared read=4

                    ->  Parallel Seq Scan on _hyper_1_2062_chunk  (cost=0.00..4.99 rows=99 width=8) (actual time=0.360..0.411 rows=168 loops=1)

                          Buffers: shared read=4

              ->  Partial Aggregate  (cost=5.24..5.25 rows=1 width=32) (actual time=0.403..0.404 rows=1 loops=1)

                    Buffers: shared read=4

                    ->  Parallel Seq Scan on _hyper_1_2063_chunk  (cost=0.00..4.99 rows=99 width=8) (actual time=0.177..0.250 rows=168 loops=1)

                          Buffers: shared read=4

              ->  Partial Aggregate  (cost=5.24..5.25 rows=1 width=32) (actual time=0.381..0.381 rows=1 loops=1)

                    Buffers: shared read=4

                    ->  Parallel Seq Scan on _hyper_1_2064_chunk  (cost=0.00..4.99 rows=99 width=8) (actual time=0.306..0.357 rows=168 loops=1)

                          Buffers: shared read=4

              ->  Partial Aggregate  (cost=5.24..5.25 rows=1 width=32) (actual time=0.304..0.305 rows=1 loops=1)

                    Buffers: shared read=4

                    ->  Parallel Seq Scan on _hyper_1_2066_chunk  (cost=0.00..4.99 rows=99 width=8) (actual time=0.231..0.282 rows=168 loops=1)

                          Buffers: shared read=4

              ->  Partial Aggregate  (cost=5.24..5.25 rows=1 width=32) (actual time=0.312..0.313 rows=1 loops=1)

                    Buffers: shared read=4

                    ->  Parallel Seq Scan on _hyper_1_2067_chunk  (cost=0.00..4.99 rows=99 width=8) (actual time=0.238..0.289 rows=168 loops=1)

                          Buffers: shared read=4

              ->  Partial Aggregate  (cost=5.24..5.25 rows=1 width=32) (actual time=0.233..0.233 rows=1 loops=1)

                    Buffers: shared read=4

                    ->  Parallel Seq Scan on _hyper_1_2068_chunk  (cost=0.00..4.99 rows=99 width=8) (actual time=0.156..0.210 rows=168 loops=1)

                          Buffers: shared read=4

              ->  Partial Aggregate  (cost=5.24..5.25 rows=1 width=32) (actual time=0.314..0.315 rows=1 loops=1)

                    Buffers: shared read=4

                    ->  Parallel Seq Scan on _hyper_1_2069_chunk  (cost=0.00..4.99 rows=99 width=8) (actual time=0.238..0.291 rows=168 loops=1)

                          Buffers: shared read=4

              ->  Partial Aggregate  (cost=5.24..5.25 rows=1 width=32) (actual time=0.199..0.199 rows=1 loops=1)

                    Buffers: shared read=4

                    ->  Parallel Seq Scan on _hyper_1_2071_chunk  (cost=0.00..4.99 rows=99 width=8) (actual time=0.123..0.175 rows=168 loops=1)

                          Buffers: shared read=4

              ->  Partial Aggregate  (cost=5.24..5.25 rows=1 width=32) (actual time=0.288..0.288 rows=1 loops=1)

                    Buffers: shared read=4

                    ->  Parallel Seq Scan on _hyper_1_2072_chunk  (cost=0.00..4.99 rows=99 width=8) (actual time=0.199..0.264 rows=168 loops=1)

                          Buffers: shared read=4

              ->  Partial Aggregate  (cost=5.24..5.25 rows=1 width=32) (actual time=0.231..0.232 rows=1 loops=1)

                    Buffers: shared read=4

                    ->  Parallel Seq Scan on _hyper_1_2073_chunk  (cost=0.00..4.99 rows=99 width=8) (actual time=0.157..0.208 rows=168 loops=1)

                          Buffers: shared read=4

              ->  Partial Aggregate  (cost=5.24..5.25 rows=1 width=32) (actual time=0.312..0.313 rows=1 loops=1)

                    Buffers: shared read=4

                    ->  Parallel Seq Scan on _hyper_1_2074_chunk  (cost=0.00..4.99 rows=99 width=8) (actual time=0.238..0.289 rows=168 loops=1)

                          Buffers: shared read=4

              ->  Partial Aggregate  (cost=5.24..5.25 rows=1 width=32) (actual time=0.319..0.321 rows=1 loops=1)

                    Buffers: shared read=4

                    ->  Parallel Seq Scan on _hyper_1_2076_chunk  (cost=0.00..4.99 rows=99 width=8) (actual time=0.245..0.297 rows=168 loops=1)

                          Buffers: shared read=4

              ->  Partial Aggregate  (cost=5.24..5.25 rows=1 width=32) (actual time=0.313..0.314 rows=1 loops=1)

                    Buffers: shared read=4

                    ->  Parallel Seq Scan on _hyper_1_2077_chunk  (cost=0.00..4.99 rows=99 width=8) (actual time=0.240..0.290 rows=168 loops=1)

                          Buffers: shared read=4

              ->  Partial Aggregate  (cost=5.24..5.25 rows=1 width=32) (actual time=0.313..0.314 rows=1 loops=1)

                    Buffers: shared read=4

                    ->  Parallel Seq Scan on _hyper_1_2078_chunk  (cost=0.00..4.99 rows=99 width=8) (actual time=0.238..0.290 rows=168 loops=1)

                          Buffers: shared read=4

              ->  Partial Aggregate  (cost=5.24..5.25 rows=1 width=32) (actual time=0.302..0.303 rows=1 loops=1)

                    Buffers: shared read=4

                    ->  Parallel Seq Scan on _hyper_1_2079_chunk  (cost=0.00..4.99 rows=99 width=8) (actual time=0.228..0.279 rows=168 loops=1)

                          Buffers: shared read=4

              ->  Partial Aggregate  (cost=5.24..5.25 rows=1 width=32) (actual time=0.309..0.310 rows=1 loops=1)

                    Buffers: shared read=4

                    ->  Parallel Seq Scan on _hyper_1_2080_chunk  (cost=0.00..4.99 rows=99 width=8) (actual time=0.235..0.286 rows=168 loops=1)

                          Buffers: shared read=4

              ->  Partial Aggregate  (cost=5.24..5.25 rows=1 width=32) (actual time=0.241..0.242 rows=1 loops=1)

                    Buffers: shared read=4

                    ->  Parallel Seq Scan on _hyper_1_2081_chunk  (cost=0.00..4.99 rows=99 width=8) (actual time=0.168..0.218 rows=168 loops=1)

                          Buffers: shared read=4

              ->  Partial Aggregate  (cost=5.24..5.25 rows=1 width=32) (actual time=0.316..0.317 rows=1 loops=1)

                    Buffers: shared read=4

                    ->  Parallel Seq Scan on _hyper_1_2082_chunk  (cost=0.00..4.99 rows=99 width=8) (actual time=0.242..0.293 rows=168 loops=1)

                          Buffers: shared read=4

              ->  Partial Aggregate  (cost=5.24..5.25 rows=1 width=32) (actual time=0.389..0.390 rows=1 loops=1)

                    Buffers: shared read=4

                    ->  Parallel Seq Scan on _hyper_1_2083_chunk  (cost=0.00..4.99 rows=99 width=8) (actual time=0.312..0.366 rows=168 loops=1)

                          Buffers: shared read=4

              ->  Partial Aggregate  (cost=5.24..5.25 rows=1 width=32) (actual time=0.315..0.316 rows=1 loops=1)

                    Buffers: shared read=4

                    ->  Parallel Seq Scan on _hyper_1_2084_chunk  (cost=0.00..4.99 rows=99 width=8) (actual time=0.241..0.292 rows=168 loops=1)

                          Buffers: shared read=4

              ->  Partial Aggregate  (cost=5.24..5.25 rows=1 width=32) (actual time=0.195..0.196 rows=1 loops=1)

                    Buffers: shared read=4

                    ->  Parallel Seq Scan on _hyper_1_2085_chunk  (cost=0.00..4.99 rows=99 width=8) (actual time=0.121..0.172 rows=168 loops=1)

                          Buffers: shared read=4

              ->  Partial Aggregate  (cost=5.24..5.25 rows=1 width=32) (actual time=0.227..0.228 rows=1 loops=1)

                    Buffers: shared read=4

                    ->  Parallel Seq Scan on _hyper_1_2086_chunk  (cost=0.00..4.99 rows=99 width=8) (actual time=0.154..0.204 rows=168 loops=1)

                          Buffers: shared read=4

              ->  Partial Aggregate  (cost=5.24..5.25 rows=1 width=32) (actual time=0.307..0.308 rows=1 loops=1)

                    Buffers: shared read=4

                    ->  Parallel Seq Scan on _hyper_1_2087_chunk  (cost=0.00..4.99 rows=99 width=8) (actual time=0.233..0.284 rows=168 loops=1)

                          Buffers: shared read=4

              ->  Partial Aggregate  (cost=5.24..5.25 rows=1 width=32) (actual time=0.260..0.261 rows=1 loops=1)

                    Buffers: shared read=4

                    ->  Parallel Seq Scan on _hyper_1_2088_chunk  (cost=0.00..4.99 rows=99 width=8) (actual time=0.186..0.237 rows=168 loops=1)

                          Buffers: shared read=4

              ->  Partial Aggregate  (cost=5.24..5.25 rows=1 width=32) (actual time=0.317..0.318 rows=1 loops=1)

                    Buffers: shared read=4

                    ->  Parallel Seq Scan on _hyper_1_2089_chunk  (cost=0.00..4.99 rows=99 width=8) (actual time=0.243..0.295 rows=168 loops=1)

                          Buffers: shared read=4

              ->  Partial Aggregate  (cost=5.24..5.25 rows=1 width=32) (actual time=0.313..0.314 rows=1 loops=1)

                    Buffers: shared read=4

                    ->  Parallel Seq Scan on _hyper_1_2090_chunk  (cost=0.00..4.99 rows=99 width=8) (actual time=0.237..0.290 rows=168 loops=1)

                          Buffers: shared read=4

              ->  Partial Aggregate  (cost=5.24..5.25 rows=1 width=32) (actual time=0.260..0.262 rows=1 loops=1)

                    Buffers: shared read=4

                    ->  Parallel Seq Scan on _hyper_1_2091_chunk  (cost=0.00..4.99 rows=99 width=8) (actual time=0.185..0.237 rows=168 loops=1)

                          Buffers: shared read=4

              ->  Partial Aggregate  (cost=5.24..5.25 rows=1 width=32) (actual time=0.253..0.254 rows=1 loops=1)

                    Buffers: shared read=4

                    ->  Parallel Seq Scan on _hyper_1_2092_chunk  (cost=0.00..4.99 rows=99 width=8) (actual time=0.178..0.230 rows=168 loops=1)

                          Buffers: shared read=4

              ->  Partial Aggregate  (cost=5.24..5.25 rows=1 width=32) (actual time=0.318..0.319 rows=1 loops=1)

                    Buffers: shared read=4

                    ->  Parallel Seq Scan on _hyper_1_2093_chunk  (cost=0.00..4.99 rows=99 width=8) (actual time=0.243..0.295 rows=168 loops=1)

                          Buffers: shared read=4

              ->  Partial Aggregate  (cost=5.24..5.25 rows=1 width=32) (actual time=0.235..0.236 rows=1 loops=1)

                    Buffers: shared read=4

                    ->  Parallel Seq Scan on _hyper_1_2094_chunk  (cost=0.00..4.99 rows=99 width=8) (actual time=0.161..0.212 rows=168 loops=1)

                          Buffers: shared read=4

              ->  Partial Aggregate  (cost=5.24..5.25 rows=1 width=32) (actual time=0.241..0.242 rows=1 loops=1)

                    Buffers: shared read=4

                    ->  Parallel Seq Scan on _hyper_1_2095_chunk  (cost=0.00..4.99 rows=99 width=8) (actual time=0.161..0.218 rows=168 loops=1)

                          Buffers: shared read=4

              ->  Partial Aggregate  (cost=5.24..5.25 rows=1 width=32) (actual time=0.227..0.227 rows=1 loops=1)

                    Buffers: shared read=4

                    ->  Parallel Seq Scan on _hyper_1_2096_chunk  (cost=0.00..4.99 rows=99 width=8) (actual time=0.164..0.204 rows=168 loops=1)

                          Buffers: shared read=4

              ->  Partial Aggregate  (cost=5.24..5.25 rows=1 width=32) (actual time=0.220..0.221 rows=1 loops=1)

                    Buffers: shared read=4

                    ->  Parallel Seq Scan on _hyper_1_2097_chunk  (cost=0.00..4.99 rows=99 width=8) (actual time=0.156..0.197 rows=168 loops=1)

                          Buffers: shared read=4

              ->  Partial Aggregate  (cost=5.24..5.25 rows=1 width=32) (actual time=0.228..0.229 rows=1 loops=1)

                    Buffers: shared read=4

                    ->  Parallel Seq Scan on _hyper_1_2098_chunk  (cost=0.00..4.99 rows=99 width=8) (actual time=0.157..0.198 rows=168 loops=1)

                          Buffers: shared read=4

              ->  Partial Aggregate  (cost=5.24..5.25 rows=1 width=32) (actual time=0.291..0.291 rows=1 loops=1)

                    Buffers: shared read=4

                    ->  Parallel Seq Scan on _hyper_1_2099_chunk  (cost=0.00..4.99 rows=99 width=8) (actual time=0.229..0.269 rows=168 loops=1)

                          Buffers: shared read=4

              ->  Partial Aggregate  (cost=5.24..5.25 rows=1 width=32) (actual time=0.207..0.208 rows=1 loops=1)

                    Buffers: shared read=4

                    ->  Parallel Seq Scan on _hyper_1_2100_chunk  (cost=0.00..4.99 rows=99 width=8) (actual time=0.144..0.184 rows=168 loops=1)

                          Buffers: shared read=4

              ->  Partial Aggregate  (cost=5.24..5.25 rows=1 width=32) (actual time=0.232..0.233 rows=1 loops=1)

                    Buffers: shared read=4

                    ->  Parallel Seq Scan on _hyper_1_2101_chunk  (cost=0.00..4.99 rows=99 width=8) (actual time=0.166..0.209 rows=168 loops=1)

                          Buffers: shared read=4

              ->  Partial Aggregate  (cost=5.24..5.25 rows=1 width=32) (actual time=0.230..0.231 rows=1 loops=1)

                    Buffers: shared read=4

                    ->  Parallel Seq Scan on _hyper_1_2102_chunk  (cost=0.00..4.99 rows=99 width=8) (actual time=0.163..0.208 rows=168 loops=1)

                          Buffers: shared read=4

              ->  Partial Aggregate  (cost=5.24..5.25 rows=1 width=32) (actual time=0.204..0.205 rows=1 loops=1)

                    Buffers: shared read=4

                    ->  Parallel Seq Scan on _hyper_1_2103_chunk  (cost=0.00..4.99 rows=99 width=8) (actual time=0.135..0.175 rows=168 loops=1)

                          Buffers: shared read=4

              ->  Partial Aggregate  (cost=5.24..5.25 rows=1 width=32) (actual time=0.287..0.287 rows=1 loops=1)

                    Buffers: shared read=4

                    ->  Parallel Seq Scan on _hyper_1_2104_chunk  (cost=0.00..4.99 rows=99 width=8) (actual time=0.223..0.263 rows=168 loops=1)

                          Buffers: shared read=4

              ->  Partial Aggregate  (cost=5.24..5.25 rows=1 width=32) (actual time=0.219..0.220 rows=1 loops=1)

                    Buffers: shared read=4

                    ->  Parallel Seq Scan on _hyper_1_2105_chunk  (cost=0.00..4.99 rows=99 width=8) (actual time=0.158..0.197 rows=168 loops=1)

                          Buffers: shared read=4

              ->  Partial Aggregate  (cost=5.24..5.25 rows=1 width=32) (actual time=0.228..0.229 rows=1 loops=1)

                    Buffers: shared read=4

                    ->  Parallel Seq Scan on _hyper_1_2106_chunk  (cost=0.00..4.99 rows=99 width=8) (actual time=0.165..0.205 rows=168 loops=1)

                          Buffers: shared read=4

              ->  Partial Aggregate  (cost=5.24..5.25 rows=1 width=32) (actual time=0.229..0.229 rows=1 loops=1)

                    Buffers: shared read=4

                    ->  Parallel Seq Scan on _hyper_1_2107_chunk  (cost=0.00..4.99 rows=99 width=8) (actual time=0.166..0.206 rows=168 loops=1)

                          Buffers: shared read=4

              ->  Partial Aggregate  (cost=5.24..5.25 rows=1 width=32) (actual time=0.308..0.309 rows=1 loops=1)

                    Buffers: shared read=4

                    ->  Parallel Seq Scan on _hyper_1_2108_chunk  (cost=0.00..4.99 rows=99 width=8) (actual time=0.234..0.286 rows=168 loops=1)

                          Buffers: shared read=4

              ->  Partial Aggregate  (cost=5.24..5.25 rows=1 width=32) (actual time=0.245..0.246 rows=1 loops=1)

                    Buffers: shared read=4

                    ->  Parallel Seq Scan on _hyper_1_2109_chunk  (cost=0.00..4.99 rows=99 width=8) (actual time=0.165..0.222 rows=168 loops=1)

                          Buffers: shared read=4

              ->  Partial Aggregate  (cost=5.24..5.25 rows=1 width=32) (actual time=0.307..0.308 rows=1 loops=1)

                    Buffers: shared read=4

                    ->  Parallel Seq Scan on _hyper_1_2110_chunk  (cost=0.00..4.99 rows=99 width=8) (actual time=0.213..0.277 rows=168 loops=1)

                          Buffers: shared read=4

              ->  Partial Aggregate  (cost=5.24..5.25 rows=1 width=32) (actual time=0.326..0.326 rows=1 loops=1)

                    Buffers: shared read=4

                    ->  Parallel Seq Scan on _hyper_1_2111_chunk  (cost=0.00..4.99 rows=99 width=8) (actual time=0.247..0.303 rows=168 loops=1)

                          Buffers: shared read=4

              ->  Partial Aggregate  (cost=5.24..5.25 rows=1 width=32) (actual time=0.339..0.341 rows=1 loops=1)

                    Buffers: shared read=4

                    ->  Parallel Seq Scan on _hyper_1_2112_chunk  (cost=0.00..4.99 rows=99 width=8) (actual time=0.257..0.316 rows=168 loops=1)

                          Buffers: shared read=4

              ->  Partial Aggregate  (cost=5.24..5.25 rows=1 width=32) (actual time=0.373..0.374 rows=1 loops=1)

                    Buffers: shared read=4

                    ->  Parallel Seq Scan on _hyper_1_2114_chunk  (cost=0.00..4.99 rows=99 width=8) (actual time=0.290..0.350 rows=168 loops=1)

                          Buffers: shared read=4

              ->  Partial Aggregate  (cost=5.24..5.25 rows=1 width=32) (actual time=0.402..0.403 rows=1 loops=1)

                    Buffers: shared read=4

                    ->  Parallel Seq Scan on _hyper_1_2115_chunk  (cost=0.00..4.99 rows=99 width=8) (actual time=0.320..0.379 rows=168 loops=1)

                          Buffers: shared read=4

              ->  Partial Aggregate  (cost=5.24..5.25 rows=1 width=32) (actual time=0.300..0.301 rows=1 loops=1)

                    Buffers: shared read=4

                    ->  Parallel Seq Scan on _hyper_1_2116_chunk  (cost=0.00..4.99 rows=99 width=8) (actual time=0.238..0.278 rows=168 loops=1)

                          Buffers: shared read=4

              ->  Partial Aggregate  (cost=5.24..5.25 rows=1 width=32) (actual time=0.323..0.324 rows=1 loops=1)

                    Buffers: shared read=4

                    ->  Parallel Seq Scan on _hyper_1_2117_chunk  (cost=0.00..4.99 rows=99 width=8) (actual time=0.243..0.301 rows=168 loops=1)

                          Buffers: shared read=4

              ->  Partial Aggregate  (cost=5.24..5.25 rows=1 width=32) (actual time=0.309..0.309 rows=1 loops=1)

                    Buffers: shared read=4

                    ->  Parallel Seq Scan on _hyper_1_2118_chunk  (cost=0.00..4.99 rows=99 width=8) (actual time=0.233..0.285 rows=168 loops=1)

                          Buffers: shared read=4

              ->  Partial Aggregate  (cost=5.24..5.25 rows=1 width=32) (actual time=0.299..0.299 rows=1 loops=1)

                    Buffers: shared read=4

                    ->  Parallel Seq Scan on _hyper_1_2119_chunk  (cost=0.00..4.99 rows=99 width=8) (actual time=0.235..0.276 rows=168 loops=1)

                          Buffers: shared read=4

              ->  Partial Aggregate  (cost=5.24..5.25 rows=1 width=32) (actual time=0.185..0.185 rows=1 loops=1)

                    Buffers: shared read=4

                    ->  Parallel Seq Scan on _hyper_1_2120_chunk  (cost=0.00..4.99 rows=99 width=8) (actual time=0.121..0.162 rows=168 loops=1)

                          Buffers: shared read=4

              ->  Partial Aggregate  (cost=5.24..5.25 rows=1 width=32) (actual time=0.230..0.230 rows=1 loops=1)

                    Buffers: shared read=4

                    ->  Parallel Seq Scan on _hyper_1_2121_chunk  (cost=0.00..4.99 rows=99 width=8) (actual time=0.166..0.208 rows=168 loops=1)

                          Buffers: shared read=4

              ->  Partial Aggregate  (cost=5.24..5.25 rows=1 width=32) (actual time=0.201..0.202 rows=1 loops=1)

                    Buffers: shared read=4

                    ->  Parallel Seq Scan on _hyper_1_2122_chunk  (cost=0.00..4.99 rows=99 width=8) (actual time=0.137..0.179 rows=168 loops=1)

                          Buffers: shared read=4

              ->  Partial Aggregate  (cost=5.24..5.25 rows=1 width=32) (actual time=0.165..0.166 rows=1 loops=1)

                    Buffers: shared read=4

                    ->  Parallel Seq Scan on _hyper_1_2124_chunk  (cost=0.00..4.99 rows=99 width=8) (actual time=0.102..0.143 rows=168 loops=1)

                          Buffers: shared read=4

              ->  Partial Aggregate  (cost=5.24..5.25 rows=1 width=32) (actual time=0.240..0.241 rows=1 loops=1)

                    Buffers: shared read=4

                    ->  Parallel Seq Scan on _hyper_1_2125_chunk  (cost=0.00..4.99 rows=99 width=8) (actual time=0.170..0.217 rows=168 loops=1)

                          Buffers: shared read=4

              ->  Partial Aggregate  (cost=5.24..5.25 rows=1 width=32) (actual time=0.324..0.325 rows=1 loops=1)

                    Buffers: shared read=4

                    ->  Parallel Seq Scan on _hyper_1_2126_chunk  (cost=0.00..4.99 rows=99 width=8) (actual time=0.243..0.301 rows=168 loops=1)

                          Buffers: shared read=4

              ->  Partial Aggregate  (cost=5.24..5.25 rows=1 width=32) (actual time=0.313..0.314 rows=1 loops=1)

                    Buffers: shared read=4

                    ->  Parallel Seq Scan on _hyper_1_2127_chunk  (cost=0.00..4.99 rows=99 width=8) (actual time=0.238..0.291 rows=168 loops=1)

                          Buffers: shared read=4

              ->  Partial Aggregate  (cost=5.24..5.25 rows=1 width=32) (actual time=0.220..0.221 rows=1 loops=1)

                    Buffers: shared read=4

                    ->  Parallel Seq Scan on _hyper_1_2128_chunk  (cost=0.00..4.99 rows=99 width=8) (actual time=0.146..0.198 rows=168 loops=1)

                          Buffers: shared read=4

              ->  Partial Aggregate  (cost=5.24..5.25 rows=1 width=32) (actual time=0.236..0.237 rows=1 loops=1)

                    Buffers: shared read=4

                    ->  Parallel Seq Scan on _hyper_1_2129_chunk  (cost=0.00..4.99 rows=99 width=8) (actual time=0.165..0.214 rows=168 loops=1)

                          Buffers: shared read=4

              ->  Partial Aggregate  (cost=5.24..5.25 rows=1 width=32) (actual time=0.179..0.180 rows=1 loops=1)

                    Buffers: shared read=4

                    ->  Parallel Seq Scan on _hyper_1_2130_chunk  (cost=0.00..4.99 rows=99 width=8) (actual time=0.109..0.156 rows=168 loops=1)

                          Buffers: shared read=4

              ->  Partial Aggregate  (cost=5.24..5.25 rows=1 width=32) (actual time=0.233..0.234 rows=1 loops=1)

                    Buffers: shared read=4

                    ->  Parallel Seq Scan on _hyper_1_2131_chunk  (cost=0.00..4.99 rows=99 width=8) (actual time=0.166..0.211 rows=168 loops=1)

                          Buffers: shared read=4

              ->  Partial Aggregate  (cost=5.24..5.25 rows=1 width=32) (actual time=0.302..0.303 rows=1 loops=1)

                    Buffers: shared read=4

                    ->  Parallel Seq Scan on _hyper_1_2132_chunk  (cost=0.00..4.99 rows=99 width=8) (actual time=0.225..0.280 rows=168 loops=1)

                          Buffers: shared read=4

              ->  Partial Aggregate  (cost=5.24..5.25 rows=1 width=32) (actual time=0.259..0.259 rows=1 loops=1)

                    Buffers: shared read=4

                    ->  Parallel Seq Scan on _hyper_1_2133_chunk  (cost=0.00..4.99 rows=99 width=8) (actual time=0.194..0.236 rows=168 loops=1)

                          Buffers: shared read=4

              ->  Partial Aggregate  (cost=5.24..5.25 rows=1 width=32) (actual time=0.284..0.285 rows=1 loops=1)

                    Buffers: shared read=4

                    ->  Parallel Seq Scan on _hyper_1_2134_chunk  (cost=0.00..4.99 rows=99 width=8) (actual time=0.219..0.262 rows=168 loops=1)

                          Buffers: shared read=4

              ->  Partial Aggregate  (cost=5.24..5.25 rows=1 width=32) (actual time=0.181..0.182 rows=1 loops=1)

                    Buffers: shared read=4

                    ->  Parallel Seq Scan on _hyper_1_2135_chunk  (cost=0.00..4.99 rows=99 width=8) (actual time=0.119..0.159 rows=168 loops=1)

                          Buffers: shared read=4

              ->  Partial Aggregate  (cost=5.24..5.25 rows=1 width=32) (actual time=0.232..0.233 rows=1 loops=1)

                    Buffers: shared read=4

                    ->  Parallel Seq Scan on _hyper_1_2136_chunk  (cost=0.00..4.99 rows=99 width=8) (actual time=0.165..0.208 rows=168 loops=1)

                          Buffers: shared read=4

              ->  Partial Aggregate  (cost=5.24..5.25 rows=1 width=32) (actual time=0.392..0.392 rows=1 loops=1)

                    Buffers: shared read=4

                    ->  Parallel Seq Scan on _hyper_1_2137_chunk  (cost=0.00..4.99 rows=99 width=8) (actual time=0.321..0.366 rows=168 loops=1)

                          Buffers: shared read=4

              ->  Partial Aggregate  (cost=5.24..5.25 rows=1 width=32) (actual time=0.462..0.463 rows=1 loops=1)

                    Buffers: shared read=4

                    ->  Parallel Seq Scan on _hyper_1_2138_chunk  (cost=0.00..4.99 rows=99 width=8) (actual time=0.388..0.437 rows=168 loops=1)

                          Buffers: shared read=4

              ->  Partial Aggregate  (cost=5.24..5.25 rows=1 width=32) (actual time=0.318..0.320 rows=1 loops=1)

                    Buffers: shared read=4

                    ->  Parallel Seq Scan on _hyper_1_2139_chunk  (cost=0.00..4.99 rows=99 width=8) (actual time=0.235..0.292 rows=168 loops=1)

                          Buffers: shared read=4

              ->  Partial Aggregate  (cost=5.24..5.25 rows=1 width=32) (actual time=0.356..0.357 rows=1 loops=1)

                    Buffers: shared read=4

                    ->  Parallel Seq Scan on _hyper_1_2140_chunk  (cost=0.00..4.99 rows=99 width=8) (actual time=0.260..0.319 rows=168 loops=1)

                          Buffers: shared read=4

              ->  Partial Aggregate  (cost=5.24..5.25 rows=1 width=32) (actual time=0.501..0.502 rows=1 loops=1)

                    Buffers: shared read=4

                    ->  Parallel Seq Scan on _hyper_1_2141_chunk  (cost=0.00..4.99 rows=99 width=8) (actual time=0.408..0.471 rows=168 loops=1)

                          Buffers: shared read=4

              ->  Partial Aggregate  (cost=5.24..5.25 rows=1 width=32) (actual time=0.292..0.292 rows=1 loops=1)

                    Buffers: shared read=4

                    ->  Parallel Seq Scan on _hyper_1_2142_chunk  (cost=0.00..4.99 rows=99 width=8) (actual time=0.228..0.271 rows=168 loops=1)

                          Buffers: shared read=4

              ->  Partial Aggregate  (cost=5.24..5.25 rows=1 width=32) (actual time=0.221..0.222 rows=1 loops=1)

                    Buffers: shared read=4

                    ->  Parallel Seq Scan on _hyper_1_2143_chunk  (cost=0.00..4.99 rows=99 width=8) (actual time=0.159..0.202 rows=168 loops=1)

                          Buffers: shared read=4

              ->  Partial Aggregate  (cost=5.24..5.25 rows=1 width=32) (actual time=0.220..0.220 rows=1 loops=1)

                    Buffers: shared read=4

                    ->  Parallel Seq Scan on _hyper_1_2144_chunk  (cost=0.00..4.99 rows=99 width=8) (actual time=0.159..0.200 rows=168 loops=1)

                          Buffers: shared read=4

              ->  Partial Aggregate  (cost=5.24..5.25 rows=1 width=32) (actual time=0.300..0.300 rows=1 loops=1)

                    Buffers: shared read=4

                    ->  Parallel Seq Scan on _hyper_1_2145_chunk  (cost=0.00..4.99 rows=99 width=8) (actual time=0.239..0.280 rows=168 loops=1)

                          Buffers: shared read=4

              ->  Partial Aggregate  (cost=5.24..5.25 rows=1 width=32) (actual time=0.226..0.226 rows=1 loops=1)

                    Buffers: shared read=4

                    ->  Parallel Seq Scan on _hyper_1_2146_chunk  (cost=0.00..4.99 rows=99 width=8) (actual time=0.159..0.204 rows=168 loops=1)

                          Buffers: shared read=4

              ->  Partial Aggregate  (cost=5.24..5.25 rows=1 width=32) (actual time=0.241..0.242 rows=1 loops=1)

                    Buffers: shared read=4

                    ->  Parallel Seq Scan on _hyper_1_2147_chunk  (cost=0.00..4.99 rows=99 width=8) (actual time=0.174..0.220 rows=168 loops=1)

                          Buffers: shared read=4

              ->  Partial Aggregate  (cost=5.24..5.25 rows=1 width=32) (actual time=0.171..0.172 rows=1 loops=1)

                    Buffers: shared read=4

                    ->  Parallel Seq Scan on _hyper_1_2148_chunk  (cost=0.00..4.99 rows=99 width=8) (actual time=0.107..0.150 rows=168 loops=1)

                          Buffers: shared read=4

              ->  Partial Aggregate  (cost=5.24..5.25 rows=1 width=32) (actual time=0.230..0.230 rows=1 loops=1)

                    Buffers: shared read=4

                    ->  Parallel Seq Scan on _hyper_1_2149_chunk  (cost=0.00..4.99 rows=99 width=8) (actual time=0.165..0.209 rows=168 loops=1)

                          Buffers: shared read=4

              ->  Partial Aggregate  (cost=5.24..5.25 rows=1 width=32) (actual time=0.298..0.299 rows=1 loops=1)

                    Buffers: shared read=4

                    ->  Parallel Seq Scan on _hyper_1_2150_chunk  (cost=0.00..4.99 rows=99 width=8) (actual time=0.232..0.278 rows=168 loops=1)

                          Buffers: shared read=4

              ->  Partial Aggregate  (cost=5.24..5.25 rows=1 width=32) (actual time=0.237..0.238 rows=1 loops=1)

                    Buffers: shared read=4

                    ->  Parallel Seq Scan on _hyper_1_2151_chunk  (cost=0.00..4.99 rows=99 width=8) (actual time=0.165..0.217 rows=168 loops=1)

                          Buffers: shared read=4

              ->  Partial Aggregate  (cost=5.24..5.25 rows=1 width=32) (actual time=0.442..0.443 rows=1 loops=1)

                    Buffers: shared read=4

                    ->  Parallel Seq Scan on _hyper_1_2152_chunk  (cost=0.00..4.99 rows=99 width=8) (actual time=0.378..0.421 rows=168 loops=1)

                          Buffers: shared read=4

              ->  Partial Aggregate  (cost=5.24..5.25 rows=1 width=32) (actual time=0.179..0.179 rows=1 loops=1)

                    Buffers: shared read=4

                    ->  Parallel Seq Scan on _hyper_1_2153_chunk  (cost=0.00..4.99 rows=99 width=8) (actual time=0.111..0.157 rows=168 loops=1)

                          Buffers: shared read=4

              ->  Partial Aggregate  (cost=5.24..5.25 rows=1 width=32) (actual time=0.285..0.285 rows=1 loops=1)

                    Buffers: shared read=4

                    ->  Parallel Seq Scan on _hyper_1_2154_chunk  (cost=0.00..4.99 rows=99 width=8) (actual time=0.219..0.264 rows=168 loops=1)

                          Buffers: shared read=4

              ->  Partial Aggregate  (cost=5.24..5.25 rows=1 width=32) (actual time=0.234..0.235 rows=1 loops=1)

                    Buffers: shared read=4

                    ->  Parallel Seq Scan on _hyper_1_2155_chunk  (cost=0.00..4.99 rows=99 width=8) (actual time=0.169..0.214 rows=168 loops=1)

                          Buffers: shared read=4

              ->  Partial Aggregate  (cost=5.24..5.25 rows=1 width=32) (actual time=0.265..0.266 rows=1 loops=1)

                    Buffers: shared read=4

                    ->  Parallel Seq Scan on _hyper_1_2157_chunk  (cost=0.00..4.99 rows=99 width=8) (actual time=0.200..0.244 rows=168 loops=1)

                          Buffers: shared read=4

              ->  Partial Aggregate  (cost=5.24..5.25 rows=1 width=32) (actual time=0.305..0.305 rows=1 loops=1)

                    Buffers: shared read=4

                    ->  Parallel Seq Scan on _hyper_1_2158_chunk  (cost=0.00..4.99 rows=99 width=8) (actual time=0.239..0.284 rows=168 loops=1)

                          Buffers: shared read=4

              ->  Partial Aggregate  (cost=5.24..5.25 rows=1 width=32) (actual time=0.287..0.288 rows=1 loops=1)

                    Buffers: shared read=4

                    ->  Parallel Seq Scan on _hyper_1_2159_chunk  (cost=0.00..4.99 rows=99 width=8) (actual time=0.210..0.265 rows=168 loops=1)

                          Buffers: shared read=4

              ->  Partial Aggregate  (cost=5.24..5.25 rows=1 width=32) (actual time=0.230..0.231 rows=1 loops=1)

                    Buffers: shared read=4

                    ->  Parallel Seq Scan on _hyper_1_2160_chunk  (cost=0.00..4.99 rows=99 width=8) (actual time=0.160..0.208 rows=168 loops=1)

                          Buffers: shared read=4

              ->  Partial Aggregate  (cost=5.24..5.25 rows=1 width=32) (actual time=0.363..0.364 rows=1 loops=1)

                    Buffers: shared read=4

                    ->  Parallel Seq Scan on _hyper_1_2161_chunk  (cost=0.00..4.99 rows=99 width=8) (actual time=0.294..0.340 rows=168 loops=1)

                          Buffers: shared read=4

              ->  Partial Aggregate  (cost=5.24..5.25 rows=1 width=32) (actual time=0.358..0.359 rows=1 loops=1)

                    Buffers: shared read=4

                    ->  Parallel Seq Scan on _hyper_1_2162_chunk  (cost=0.00..4.99 rows=99 width=8) (actual time=0.288..0.335 rows=168 loops=1)

                          Buffers: shared read=4

              ->  Partial Aggregate  (cost=5.24..5.25 rows=1 width=32) (actual time=0.352..0.352 rows=1 loops=1)

                    Buffers: shared read=4

                    ->  Parallel Seq Scan on _hyper_1_2163_chunk  (cost=0.00..4.99 rows=99 width=8) (actual time=0.279..0.329 rows=168 loops=1)

                          Buffers: shared read=4

              ->  Partial Aggregate  (cost=5.24..5.25 rows=1 width=32) (actual time=0.268..0.269 rows=1 loops=1)

                    Buffers: shared read=4

                    ->  Parallel Seq Scan on _hyper_1_2164_chunk  (cost=0.00..4.99 rows=99 width=8) (actual time=0.161..0.245 rows=168 loops=1)

                          Buffers: shared read=4

              ->  Partial Aggregate  (cost=5.24..5.25 rows=1 width=32) (actual time=0.331..0.332 rows=1 loops=1)

                    Buffers: shared read=4

                    ->  Parallel Seq Scan on _hyper_1_2165_chunk  (cost=0.00..4.99 rows=99 width=8) (actual time=0.266..0.310 rows=168 loops=1)

                          Buffers: shared read=4

              ->  Partial Aggregate  (cost=5.24..5.25 rows=1 width=32) (actual time=0.283..0.284 rows=1 loops=1)

                    Buffers: shared read=4

                    ->  Parallel Seq Scan on _hyper_1_2166_chunk  (cost=0.00..4.99 rows=99 width=8) (actual time=0.217..0.262 rows=168 loops=1)

                          Buffers: shared read=4

              ->  Partial Aggregate  (cost=5.24..5.25 rows=1 width=32) (actual time=0.218..0.218 rows=1 loops=1)

                    Buffers: shared read=4

                    ->  Parallel Seq Scan on _hyper_1_2167_chunk  (cost=0.00..4.99 rows=99 width=8) (actual time=0.152..0.197 rows=168 loops=1)

                          Buffers: shared read=4

              ->  Partial Aggregate  (cost=5.24..5.25 rows=1 width=32) (actual time=0.283..0.284 rows=1 loops=1)

                    Buffers: shared read=4

                    ->  Parallel Seq Scan on _hyper_1_2168_chunk  (cost=0.00..4.99 rows=99 width=8) (actual time=0.200..0.263 rows=168 loops=1)

                          Buffers: shared read=4

              ->  Partial Aggregate  (cost=5.24..5.25 rows=1 width=32) (actual time=0.274..0.275 rows=1 loops=1)

                    Buffers: shared read=4

                    ->  Parallel Seq Scan on _hyper_1_2169_chunk  (cost=0.00..4.99 rows=99 width=8) (actual time=0.213..0.254 rows=168 loops=1)

                          Buffers: shared read=4

              ->  Partial Aggregate  (cost=5.24..5.25 rows=1 width=32) (actual time=0.246..0.247 rows=1 loops=1)

                    Buffers: shared read=4

                    ->  Parallel Seq Scan on _hyper_1_2170_chunk  (cost=0.00..4.99 rows=99 width=8) (actual time=0.175..0.223 rows=168 loops=1)

                          Buffers: shared read=4

              ->  Partial Aggregate  (cost=5.24..5.25 rows=1 width=32) (actual time=0.307..0.307 rows=1 loops=1)

                    Buffers: shared read=4

                    ->  Parallel Seq Scan on _hyper_1_2171_chunk  (cost=0.00..4.99 rows=99 width=8) (actual time=0.243..0.287 rows=168 loops=1)

                          Buffers: shared read=4

              ->  Partial Aggregate  (cost=5.24..5.25 rows=1 width=32) (actual time=0.208..0.209 rows=1 loops=1)

                    Buffers: shared read=4

                    ->  Parallel Seq Scan on _hyper_1_2172_chunk  (cost=0.00..4.99 rows=99 width=8) (actual time=0.146..0.189 rows=168 loops=1)

                          Buffers: shared read=4

              ->  Partial Aggregate  (cost=5.24..5.25 rows=1 width=32) (actual time=0.291..0.292 rows=1 loops=1)

                    Buffers: shared read=4

                    ->  Parallel Seq Scan on _hyper_1_2173_chunk  (cost=0.00..4.99 rows=99 width=8) (actual time=0.223..0.267 rows=168 loops=1)

                          Buffers: shared read=4

              ->  Partial Aggregate  (cost=5.24..5.25 rows=1 width=32) (actual time=0.229..0.230 rows=1 loops=1)

                    Buffers: shared read=4

                    ->  Parallel Seq Scan on _hyper_1_2174_chunk  (cost=0.00..4.99 rows=99 width=8) (actual time=0.160..0.210 rows=168 loops=1)

                          Buffers: shared read=4

              ->  Partial Aggregate  (cost=5.24..5.25 rows=1 width=32) (actual time=0.337..0.338 rows=1 loops=1)

                    Buffers: shared read=4

                    ->  Parallel Seq Scan on _hyper_1_2175_chunk  (cost=0.00..4.99 rows=99 width=8) (actual time=0.278..0.317 rows=168 loops=1)

                          Buffers: shared read=4

              ->  Partial Aggregate  (cost=5.24..5.25 rows=1 width=32) (actual time=0.655..0.656 rows=1 loops=1)

                    Buffers: shared read=4

                    ->  Parallel Seq Scan on _hyper_1_2176_chunk  (cost=0.00..4.99 rows=99 width=8) (actual time=0.226..0.635 rows=168 loops=1)

                          Buffers: shared read=4

              ->  Partial Aggregate  (cost=5.24..5.25 rows=1 width=32) (actual time=0.266..0.266 rows=1 loops=1)

                    Buffers: shared read=4

                    ->  Parallel Seq Scan on _hyper_1_2177_chunk  (cost=0.00..4.99 rows=99 width=8) (actual time=0.204..0.246 rows=168 loops=1)

                          Buffers: shared read=4

              ->  Partial Aggregate  (cost=5.24..5.25 rows=1 width=32) (actual time=0.211..0.212 rows=1 loops=1)

                    Buffers: shared read=4

                    ->  Parallel Seq Scan on _hyper_1_2178_chunk  (cost=0.00..4.99 rows=99 width=8) (actual time=0.148..0.191 rows=168 loops=1)

                          Buffers: shared read=4

              ->  Partial Aggregate  (cost=5.24..5.25 rows=1 width=32) (actual time=0.226..0.227 rows=1 loops=1)

                    Buffers: shared read=4

                    ->  Parallel Seq Scan on _hyper_1_2179_chunk  (cost=0.00..4.99 rows=99 width=8) (actual time=0.160..0.202 rows=168 loops=1)

                          Buffers: shared read=4

              ->  Partial Aggregate  (cost=5.24..5.25 rows=1 width=32) (actual time=0.292..0.293 rows=1 loops=1)

                    Buffers: shared read=4

                    ->  Parallel Seq Scan on _hyper_1_2180_chunk  (cost=0.00..4.99 rows=99 width=8) (actual time=0.234..0.273 rows=168 loops=1)

                          Buffers: shared read=4

              ->  Partial Aggregate  (cost=5.24..5.25 rows=1 width=32) (actual time=0.236..0.237 rows=1 loops=1)

                    Buffers: shared read=4

                    ->  Parallel Seq Scan on _hyper_1_2181_chunk  (cost=0.00..4.99 rows=99 width=8) (actual time=0.174..0.217 rows=168 loops=1)

                          Buffers: shared read=4

              ->  Partial Aggregate  (cost=5.24..5.25 rows=1 width=32) (actual time=0.294..0.295 rows=1 loops=1)

                    Buffers: shared read=4

                    ->  Parallel Seq Scan on _hyper_1_2182_chunk  (cost=0.00..4.99 rows=99 width=8) (actual time=0.233..0.275 rows=168 loops=1)

                          Buffers: shared read=4

              ->  Partial Aggregate  (cost=5.24..5.25 rows=1 width=32) (actual time=0.207..0.208 rows=1 loops=1)

                    Buffers: shared read=4

                    ->  Parallel Seq Scan on _hyper_1_2183_chunk  (cost=0.00..4.99 rows=99 width=8) (actual time=0.147..0.188 rows=168 loops=1)

                          Buffers: shared read=4

              ->  Partial Aggregate  (cost=5.24..5.25 rows=1 width=32) (actual time=0.285..0.287 rows=1 loops=1)

                    Buffers: shared read=4

                    ->  Parallel Seq Scan on _hyper_1_2184_chunk  (cost=0.00..4.99 rows=99 width=8) (actual time=0.223..0.266 rows=168 loops=1)

                          Buffers: shared read=4

              ->  Partial Aggregate  (cost=5.24..5.25 rows=1 width=32) (actual time=0.282..0.282 rows=1 loops=1)

                    Buffers: shared read=4

                    ->  Parallel Seq Scan on _hyper_1_2185_chunk  (cost=0.00..4.99 rows=99 width=8) (actual time=0.221..0.262 rows=168 loops=1)

                          Buffers: shared read=4

              ->  Partial Aggregate  (cost=5.24..5.25 rows=1 width=32) (actual time=0.164..0.165 rows=1 loops=1)

                    Buffers: shared read=4

                    ->  Parallel Seq Scan on _hyper_1_2186_chunk  (cost=0.00..4.99 rows=99 width=8) (actual time=0.108..0.145 rows=168 loops=1)

                          Buffers: shared read=4

              ->  Partial Aggregate  (cost=5.24..5.25 rows=1 width=32) (actual time=0.272..0.272 rows=1 loops=1)

                    Buffers: shared read=4

                    ->  Parallel Seq Scan on _hyper_1_2187_chunk  (cost=0.00..4.99 rows=99 width=8) (actual time=0.213..0.247 rows=168 loops=1)

                          Buffers: shared read=4

              ->  Partial Aggregate  (cost=5.24..5.25 rows=1 width=32) (actual time=0.213..0.214 rows=1 loops=1)

                    Buffers: shared read=4

                    ->  Parallel Seq Scan on _hyper_1_2188_chunk  (cost=0.00..4.99 rows=99 width=8) (actual time=0.158..0.194 rows=168 loops=1)

                          Buffers: shared read=4

              ->  Partial Aggregate  (cost=5.24..5.25 rows=1 width=32) (actual time=0.206..0.206 rows=1 loops=1)

                    Buffers: shared read=4

                    ->  Parallel Seq Scan on _hyper_1_2189_chunk  (cost=0.00..4.99 rows=99 width=8) (actual time=0.147..0.186 rows=168 loops=1)

                          Buffers: shared read=4

              ->  Partial Aggregate  (cost=5.24..5.25 rows=1 width=32) (actual time=0.228..0.229 rows=1 loops=1)

                    Buffers: shared read=4

                    ->  Parallel Seq Scan on _hyper_1_2190_chunk  (cost=0.00..4.99 rows=99 width=8) (actual time=0.168..0.209 rows=168 loops=1)

                          Buffers: shared read=4

              ->  Partial Aggregate  (cost=5.24..5.25 rows=1 width=32) (actual time=0.287..0.288 rows=1 loops=1)

                    Buffers: shared read=4

                    ->  Parallel Seq Scan on _hyper_1_2191_chunk  (cost=0.00..4.99 rows=99 width=8) (actual time=0.226..0.268 rows=168 loops=1)

                          Buffers: shared read=4

              ->  Partial Aggregate  (cost=5.24..5.25 rows=1 width=32) (actual time=0.293..0.294 rows=1 loops=1)

                    Buffers: shared read=4

                    ->  Parallel Seq Scan on _hyper_1_2192_chunk  (cost=0.00..4.99 rows=99 width=8) (actual time=0.231..0.273 rows=168 loops=1)

                          Buffers: shared read=4

              ->  Partial Aggregate  (cost=5.24..5.25 rows=1 width=32) (actual time=0.274..0.275 rows=1 loops=1)

                    Buffers: shared read=4

                    ->  Parallel Seq Scan on _hyper_1_2193_chunk  (cost=0.00..4.99 rows=99 width=8) (actual time=0.212..0.254 rows=168 loops=1)

                          Buffers: shared read=4

              ->  Partial Aggregate  (cost=5.24..5.25 rows=1 width=32) (actual time=0.284..0.285 rows=1 loops=1)

                    Buffers: shared read=4

                    ->  Parallel Seq Scan on _hyper_1_2194_chunk  (cost=0.00..4.99 rows=99 width=8) (actual time=0.222..0.265 rows=168 loops=1)

                          Buffers: shared read=4

              ->  Partial Aggregate  (cost=5.24..5.25 rows=1 width=32) (actual time=0.165..0.166 rows=1 loops=1)

                    Buffers: shared read=4

                    ->  Parallel Seq Scan on _hyper_1_2195_chunk  (cost=0.00..4.99 rows=99 width=8) (actual time=0.103..0.146 rows=168 loops=1)

                          Buffers: shared read=4

              ->  Partial Aggregate  (cost=5.24..5.25 rows=1 width=32) (actual time=0.206..0.207 rows=1 loops=1)

                    Buffers: shared read=4

                    ->  Parallel Seq Scan on _hyper_1_2196_chunk  (cost=0.00..4.99 rows=99 width=8) (actual time=0.146..0.187 rows=168 loops=1)

                          Buffers: shared read=4

              ->  Partial Aggregate  (cost=5.24..5.25 rows=1 width=32) (actual time=0.307..0.308 rows=1 loops=1)

                    Buffers: shared read=4

                    ->  Parallel Seq Scan on _hyper_1_2197_chunk  (cost=0.00..4.99 rows=99 width=8) (actual time=0.247..0.288 rows=168 loops=1)

                          Buffers: shared read=4

              ->  Partial Aggregate  (cost=5.24..5.25 rows=1 width=32) (actual time=0.205..0.206 rows=1 loops=1)

                    Buffers: shared read=4

                    ->  Parallel Seq Scan on _hyper_1_2198_chunk  (cost=0.00..4.99 rows=99 width=8) (actual time=0.145..0.186 rows=168 loops=1)

                          Buffers: shared read=4

              ->  Partial Aggregate  (cost=5.24..5.25 rows=1 width=32) (actual time=0.264..0.265 rows=1 loops=1)

                    Buffers: shared read=4

                    ->  Parallel Seq Scan on _hyper_1_2199_chunk  (cost=0.00..4.99 rows=99 width=8) (actual time=0.205..0.245 rows=168 loops=1)

                          Buffers: shared read=4

              ->  Partial Aggregate  (cost=5.24..5.25 rows=1 width=32) (actual time=0.230..0.231 rows=1 loops=1)

                    Buffers: shared read=4

                    ->  Parallel Seq Scan on _hyper_1_2200_chunk  (cost=0.00..4.99 rows=99 width=8) (actual time=0.170..0.211 rows=168 loops=1)

                          Buffers: shared read=4

              ->  Partial Aggregate  (cost=5.24..5.25 rows=1 width=32) (actual time=0.283..0.284 rows=1 loops=1)

                    Buffers: shared read=4

                    ->  Parallel Seq Scan on _hyper_1_2201_chunk  (cost=0.00..4.99 rows=99 width=8) (actual time=0.223..0.264 rows=168 loops=1)

                          Buffers: shared read=4

              ->  Partial Aggregate  (cost=5.24..5.25 rows=1 width=32) (actual time=0.219..0.219 rows=1 loops=1)

                    Buffers: shared read=4

                    ->  Parallel Seq Scan on _hyper_1_2202_chunk  (cost=0.00..4.99 rows=99 width=8) (actual time=0.158..0.199 rows=168 loops=1)

                          Buffers: shared read=4

              ->  Partial Aggregate  (cost=5.24..5.25 rows=1 width=32) (actual time=0.312..0.313 rows=1 loops=1)

                    Buffers: shared read=4

                    ->  Parallel Seq Scan on _hyper_1_2203_chunk  (cost=0.00..4.99 rows=99 width=8) (actual time=0.249..0.292 rows=168 loops=1)

                          Buffers: shared read=4

              ->  Partial Aggregate  (cost=5.24..5.25 rows=1 width=32) (actual time=0.193..0.194 rows=1 loops=1)

                    Buffers: shared read=4

                    ->  Parallel Seq Scan on _hyper_1_2205_chunk  (cost=0.00..4.99 rows=99 width=8) (actual time=0.132..0.173 rows=168 loops=1)

                          Buffers: shared read=4

              ->  Partial Aggregate  (cost=5.24..5.25 rows=1 width=32) (actual time=0.294..0.295 rows=1 loops=1)

                    Buffers: shared read=4

                    ->  Parallel Seq Scan on _hyper_1_2206_chunk  (cost=0.00..4.99 rows=99 width=8) (actual time=0.235..0.275 rows=168 loops=1)

                          Buffers: shared read=4

              ->  Partial Aggregate  (cost=5.24..5.25 rows=1 width=32) (actual time=0.248..0.249 rows=1 loops=1)

                    Buffers: shared read=4

                    ->  Parallel Seq Scan on _hyper_1_2207_chunk  (cost=0.00..4.99 rows=99 width=8) (actual time=0.186..0.229 rows=168 loops=1)

                          Buffers: shared read=4

              ->  Partial Aggregate  (cost=5.24..5.25 rows=1 width=32) (actual time=0.352..0.353 rows=1 loops=1)

                    Buffers: shared read=4

                    ->  Parallel Seq Scan on _hyper_1_2208_chunk  (cost=0.00..4.99 rows=99 width=8) (actual time=0.284..0.333 rows=168 loops=1)

                          Buffers: shared read=4

              ->  Partial Aggregate  (cost=5.24..5.25 rows=1 width=32) (actual time=0.304..0.305 rows=1 loops=1)

                    Buffers: shared read=4

                    ->  Parallel Seq Scan on _hyper_1_2209_chunk  (cost=0.00..4.99 rows=99 width=8) (actual time=0.234..0.286 rows=168 loops=1)

                          Buffers: shared read=4

              ->  Partial Aggregate  (cost=5.24..5.25 rows=1 width=32) (actual time=0.241..0.241 rows=1 loops=1)

                    Buffers: shared read=4

                    ->  Parallel Seq Scan on _hyper_1_2210_chunk  (cost=0.00..4.99 rows=99 width=8) (actual time=0.169..0.221 rows=168 loops=1)

                          Buffers: shared read=4

              ->  Partial Aggregate  (cost=5.24..5.25 rows=1 width=32) (actual time=0.164..0.164 rows=1 loops=1)

                    Buffers: shared read=4

                    ->  Parallel Seq Scan on _hyper_1_2211_chunk  (cost=0.00..4.99 rows=99 width=8) (actual time=0.104..0.144 rows=168 loops=1)

                          Buffers: shared read=4

              ->  Partial Aggregate  (cost=5.24..5.25 rows=1 width=32) (actual time=0.227..0.227 rows=1 loops=1)

                    Buffers: shared read=4

                    ->  Parallel Seq Scan on _hyper_1_2212_chunk  (cost=0.00..4.99 rows=99 width=8) (actual time=0.166..0.208 rows=168 loops=1)

                          Buffers: shared read=4

              ->  Partial Aggregate  (cost=5.24..5.25 rows=1 width=32) (actual time=0.212..0.213 rows=1 loops=1)

                    Buffers: shared read=4

                    ->  Parallel Seq Scan on _hyper_1_2213_chunk  (cost=0.00..4.99 rows=99 width=8) (actual time=0.152..0.193 rows=168 loops=1)

                          Buffers: shared read=4

              ->  Partial Aggregate  (cost=5.24..5.25 rows=1 width=32) (actual time=0.283..0.283 rows=1 loops=1)

                    Buffers: shared read=4

                    ->  Parallel Seq Scan on _hyper_1_2214_chunk  (cost=0.00..4.99 rows=99 width=8) (actual time=0.225..0.263 rows=168 loops=1)

                          Buffers: shared read=4

              ->  Partial Aggregate  (cost=5.24..5.25 rows=1 width=32) (actual time=0.280..0.280 rows=1 loops=1)

                    Buffers: shared read=4

                    ->  Parallel Seq Scan on _hyper_1_2216_chunk  (cost=0.00..4.99 rows=99 width=8) (actual time=0.225..0.261 rows=168 loops=1)

                          Buffers: shared read=4

              ->  Partial Aggregate  (cost=5.24..5.25 rows=1 width=32) (actual time=0.236..0.237 rows=1 loops=1)

                    Buffers: shared read=4

                    ->  Parallel Seq Scan on _hyper_1_2217_chunk  (cost=0.00..4.99 rows=99 width=8) (actual time=0.175..0.216 rows=168 loops=1)

                          Buffers: shared read=4

              ->  Partial Aggregate  (cost=5.24..5.25 rows=1 width=32) (actual time=0.303..0.304 rows=1 loops=1)

                    Buffers: shared read=4

                    ->  Parallel Seq Scan on _hyper_1_2218_chunk  (cost=0.00..4.99 rows=99 width=8) (actual time=0.242..0.283 rows=168 loops=1)

                          Buffers: shared read=4

              ->  Partial Aggregate  (cost=5.24..5.25 rows=1 width=32) (actual time=0.216..0.217 rows=1 loops=1)

                    Buffers: shared read=4

                    ->  Parallel Seq Scan on _hyper_1_2219_chunk  (cost=0.00..4.99 rows=99 width=8) (actual time=0.156..0.197 rows=168 loops=1)

                          Buffers: shared read=4

              ->  Partial Aggregate  (cost=5.24..5.25 rows=1 width=32) (actual time=0.278..0.279 rows=1 loops=1)

                    Buffers: shared read=4

                    ->  Parallel Seq Scan on _hyper_1_2221_chunk  (cost=0.00..4.99 rows=99 width=8) (actual time=0.218..0.259 rows=168 loops=1)

                          Buffers: shared read=4

              ->  Partial Aggregate  (cost=5.24..5.25 rows=1 width=32) (actual time=0.229..0.230 rows=1 loops=1)

                    Buffers: shared read=4

                    ->  Parallel Seq Scan on _hyper_1_2222_chunk  (cost=0.00..4.99 rows=99 width=8) (actual time=0.169..0.210 rows=168 loops=1)

                          Buffers: shared read=4

              ->  Partial Aggregate  (cost=5.24..5.25 rows=1 width=32) (actual time=0.285..0.286 rows=1 loops=1)

                    Buffers: shared read=4

                    ->  Parallel Seq Scan on _hyper_1_2223_chunk  (cost=0.00..4.99 rows=99 width=8) (actual time=0.225..0.266 rows=168 loops=1)

                          Buffers: shared read=4

              ->  Partial Aggregate  (cost=5.24..5.25 rows=1 width=32) (actual time=0.302..0.302 rows=1 loops=1)

                    Buffers: shared read=4

                    ->  Parallel Seq Scan on _hyper_1_2224_chunk  (cost=0.00..4.99 rows=99 width=8) (actual time=0.241..0.282 rows=168 loops=1)

                          Buffers: shared read=4

              ->  Partial Aggregate  (cost=5.24..5.25 rows=1 width=32) (actual time=0.205..0.206 rows=1 loops=1)

                    Buffers: shared read=4

                    ->  Parallel Seq Scan on _hyper_1_2226_chunk  (cost=0.00..4.99 rows=99 width=8) (actual time=0.145..0.186 rows=168 loops=1)

                          Buffers: shared read=4

              ->  Partial Aggregate  (cost=5.24..5.25 rows=1 width=32) (actual time=0.292..0.292 rows=1 loops=1)

                    Buffers: shared read=4

                    ->  Parallel Seq Scan on _hyper_1_2227_chunk  (cost=0.00..4.99 rows=99 width=8) (actual time=0.232..0.273 rows=168 loops=1)

                          Buffers: shared read=4

              ->  Partial Aggregate  (cost=5.24..5.25 rows=1 width=32) (actual time=0.222..0.222 rows=1 loops=1)

                    Buffers: shared read=4

                    ->  Parallel Seq Scan on _hyper_1_2228_chunk  (cost=0.00..4.99 rows=99 width=8) (actual time=0.162..0.202 rows=168 loops=1)

                          Buffers: shared read=4

              ->  Partial Aggregate  (cost=5.24..5.25 rows=1 width=32) (actual time=0.277..0.277 rows=1 loops=1)

                    Buffers: shared read=4

                    ->  Parallel Seq Scan on _hyper_1_2229_chunk  (cost=0.00..4.99 rows=99 width=8) (actual time=0.216..0.257 rows=168 loops=1)

                          Buffers: shared read=4

              ->  Partial Aggregate  (cost=5.24..5.25 rows=1 width=32) (actual time=0.303..0.304 rows=1 loops=1)

                    Buffers: shared read=4

                    ->  Parallel Seq Scan on _hyper_1_2231_chunk  (cost=0.00..4.99 rows=99 width=8) (actual time=0.243..0.284 rows=168 loops=1)

                          Buffers: shared read=4

              ->  Partial Aggregate  (cost=5.24..5.25 rows=1 width=32) (actual time=0.282..0.283 rows=1 loops=1)

                    Buffers: shared read=4

                    ->  Parallel Seq Scan on _hyper_1_2232_chunk  (cost=0.00..4.99 rows=99 width=8) (actual time=0.223..0.263 rows=168 loops=1)

                          Buffers: shared read=4

              ->  Partial Aggregate  (cost=5.24..5.25 rows=1 width=32) (actual time=0.194..0.195 rows=1 loops=1)

                    Buffers: shared read=4

                    ->  Parallel Seq Scan on _hyper_1_2233_chunk  (cost=0.00..4.99 rows=99 width=8) (actual time=0.134..0.176 rows=168 loops=1)

                          Buffers: shared read=4

              ->  Partial Aggregate  (cost=5.24..5.25 rows=1 width=32) (actual time=0.218..0.219 rows=1 loops=1)

                    Buffers: shared read=4

                    ->  Parallel Seq Scan on _hyper_1_2234_chunk  (cost=0.00..4.99 rows=99 width=8) (actual time=0.159..0.199 rows=168 loops=1)

                          Buffers: shared read=4

              ->  Partial Aggregate  (cost=5.24..5.25 rows=1 width=32) (actual time=0.284..0.284 rows=1 loops=1)

                    Buffers: shared read=4

                    ->  Parallel Seq Scan on _hyper_1_2235_chunk  (cost=0.00..4.99 rows=99 width=8) (actual time=0.222..0.263 rows=168 loops=1)

                          Buffers: shared read=4

              ->  Partial Aggregate  (cost=5.24..5.25 rows=1 width=32) (actual time=0.223..0.224 rows=1 loops=1)

                    Buffers: shared read=4

                    ->  Parallel Seq Scan on _hyper_1_2236_chunk  (cost=0.00..4.99 rows=99 width=8) (actual time=0.162..0.204 rows=168 loops=1)

                          Buffers: shared read=4

              ->  Partial Aggregate  (cost=5.24..5.25 rows=1 width=32) (actual time=0.285..0.286 rows=1 loops=1)

                    Buffers: shared read=4

                    ->  Parallel Seq Scan on _hyper_1_2237_chunk  (cost=0.00..4.99 rows=99 width=8) (actual time=0.225..0.266 rows=168 loops=1)

                          Buffers: shared read=4

              ->  Partial Aggregate  (cost=5.24..5.25 rows=1 width=32) (actual time=0.235..0.236 rows=1 loops=1)

                    Buffers: shared read=4

                    ->  Parallel Seq Scan on _hyper_1_2238_chunk  (cost=0.00..4.99 rows=99 width=8) (actual time=0.175..0.215 rows=168 loops=1)

                          Buffers: shared read=4

              ->  Partial Aggregate  (cost=5.24..5.25 rows=1 width=32) (actual time=0.232..0.232 rows=1 loops=1)

                    Buffers: shared read=4

                    ->  Parallel Seq Scan on _hyper_1_2239_chunk  (cost=0.00..4.99 rows=99 width=8) (actual time=0.166..0.207 rows=168 loops=1)

                          Buffers: shared read=4

              ->  Partial Aggregate  (cost=5.24..5.25 rows=1 width=32) (actual time=0.280..0.280 rows=1 loops=1)

                    Buffers: shared read=4

                    ->  Parallel Seq Scan on _hyper_1_2240_chunk  (cost=0.00..4.99 rows=99 width=8) (actual time=0.221..0.261 rows=168 loops=1)

                          Buffers: shared read=4

              ->  Partial Aggregate  (cost=5.24..5.25 rows=1 width=32) (actual time=0.241..0.242 rows=1 loops=1)

                    Buffers: shared read=4

                    ->  Parallel Seq Scan on _hyper_1_2242_chunk  (cost=0.00..4.99 rows=99 width=8) (actual time=0.181..0.222 rows=168 loops=1)

                          Buffers: shared read=4

              ->  Partial Aggregate  (cost=5.24..5.25 rows=1 width=32) (actual time=0.273..0.274 rows=1 loops=1)

                    Buffers: shared read=4

                    ->  Parallel Seq Scan on _hyper_1_2243_chunk  (cost=0.00..4.99 rows=99 width=8) (actual time=0.213..0.254 rows=168 loops=1)

                          Buffers: shared read=4

              ->  Partial Aggregate  (cost=5.24..5.25 rows=1 width=32) (actual time=0.312..0.313 rows=1 loops=1)

                    Buffers: shared read=4

                    ->  Parallel Seq Scan on _hyper_1_2244_chunk  (cost=0.00..4.99 rows=99 width=8) (actual time=0.247..0.293 rows=168 loops=1)

                          Buffers: shared read=4

              ->  Partial Aggregate  (cost=5.24..5.25 rows=1 width=32) (actual time=0.306..0.307 rows=1 loops=1)

                    Buffers: shared read=4

                    ->  Parallel Seq Scan on _hyper_1_2245_chunk  (cost=0.00..4.99 rows=99 width=8) (actual time=0.246..0.286 rows=168 loops=1)

                          Buffers: shared read=4

              ->  Partial Aggregate  (cost=5.24..5.25 rows=1 width=32) (actual time=0.205..0.206 rows=1 loops=1)

                    Buffers: shared read=4

                    ->  Parallel Seq Scan on _hyper_1_2246_chunk  (cost=0.00..4.99 rows=99 width=8) (actual time=0.145..0.186 rows=168 loops=1)

                          Buffers: shared read=4

              ->  Partial Aggregate  (cost=5.24..5.25 rows=1 width=32) (actual time=0.258..0.259 rows=1 loops=1)

                    Buffers: shared read=4

                    ->  Parallel Seq Scan on _hyper_1_2247_chunk  (cost=0.00..4.99 rows=99 width=8) (actual time=0.198..0.238 rows=168 loops=1)

                          Buffers: shared read=4

              ->  Partial Aggregate  (cost=5.24..5.25 rows=1 width=32) (actual time=0.214..0.215 rows=1 loops=1)

                    Buffers: shared read=4

                    ->  Parallel Seq Scan on _hyper_1_2248_chunk  (cost=0.00..4.99 rows=99 width=8) (actual time=0.154..0.194 rows=168 loops=1)

                          Buffers: shared read=4

              ->  Partial Aggregate  (cost=5.24..5.25 rows=1 width=32) (actual time=0.333..0.334 rows=1 loops=1)

                    Buffers: shared read=4

                    ->  Parallel Seq Scan on _hyper_1_2249_chunk  (cost=0.00..4.99 rows=99 width=8) (actual time=0.268..0.312 rows=168 loops=1)

                          Buffers: shared read=4

              ->  Partial Aggregate  (cost=5.24..5.25 rows=1 width=32) (actual time=0.436..0.437 rows=1 loops=1)

                    Buffers: shared read=4

                    ->  Parallel Seq Scan on _hyper_1_2250_chunk  (cost=0.00..4.99 rows=99 width=8) (actual time=0.347..0.398 rows=168 loops=1)

                          Buffers: shared read=4

              ->  Partial Aggregate  (cost=5.24..5.25 rows=1 width=32) (actual time=0.262..0.267 rows=1 loops=1)

                    Buffers: shared read=4

                    ->  Parallel Seq Scan on _hyper_1_2251_chunk  (cost=0.00..4.99 rows=99 width=8) (actual time=0.194..0.238 rows=168 loops=1)

                          Buffers: shared read=4

              ->  Partial Aggregate  (cost=5.24..5.25 rows=1 width=32) (actual time=0.457..0.458 rows=1 loops=1)

                    Buffers: shared read=4

                    ->  Parallel Seq Scan on _hyper_1_2253_chunk  (cost=0.00..4.99 rows=99 width=8) (actual time=0.379..0.429 rows=168 loops=1)

                          Buffers: shared read=4

              ->  Partial Aggregate  (cost=5.24..5.25 rows=1 width=32) (actual time=0.401..0.402 rows=1 loops=1)

                    Buffers: shared read=4

                    ->  Parallel Seq Scan on _hyper_1_2254_chunk  (cost=0.00..4.99 rows=99 width=8) (actual time=0.162..0.370 rows=168 loops=1)

                          Buffers: shared read=4

              ->  Partial Aggregate  (cost=5.24..5.25 rows=1 width=32) (actual time=0.328..0.329 rows=1 loops=1)

                    Buffers: shared read=4

                    ->  Parallel Seq Scan on _hyper_1_2255_chunk  (cost=0.00..4.99 rows=99 width=8) (actual time=0.253..0.306 rows=168 loops=1)

                          Buffers: shared read=4

              ->  Partial Aggregate  (cost=5.24..5.25 rows=1 width=32) (actual time=0.315..0.315 rows=1 loops=1)

                    Buffers: shared read=4

                    ->  Parallel Seq Scan on _hyper_1_2256_chunk  (cost=0.00..4.99 rows=99 width=8) (actual time=0.239..0.292 rows=168 loops=1)

                          Buffers: shared read=4

              ->  Partial Aggregate  (cost=5.24..5.25 rows=1 width=32) (actual time=0.269..0.269 rows=1 loops=1)

                    Buffers: shared read=4

                    ->  Parallel Seq Scan on _hyper_1_2257_chunk  (cost=0.00..4.99 rows=99 width=8) (actual time=0.191..0.245 rows=168 loops=1)

                          Buffers: shared read=4

              ->  Partial Aggregate  (cost=5.24..5.25 rows=1 width=32) (actual time=0.288..0.289 rows=1 loops=1)

                    Buffers: shared read=4

                    ->  Parallel Seq Scan on _hyper_1_2258_chunk  (cost=0.00..4.99 rows=99 width=8) (actual time=0.211..0.265 rows=168 loops=1)

                          Buffers: shared read=4

              ->  Partial Aggregate  (cost=5.24..5.25 rows=1 width=32) (actual time=0.348..0.349 rows=1 loops=1)

                    Buffers: shared read=4

                    ->  Parallel Seq Scan on _hyper_1_2259_chunk  (cost=0.00..4.99 rows=99 width=8) (actual time=0.265..0.323 rows=168 loops=1)

                          Buffers: shared read=4

              ->  Partial Aggregate  (cost=5.24..5.25 rows=1 width=32) (actual time=0.320..0.321 rows=1 loops=1)

                    Buffers: shared read=4

                    ->  Parallel Seq Scan on _hyper_1_2260_chunk  (cost=0.00..4.99 rows=99 width=8) (actual time=0.233..0.293 rows=168 loops=1)

                          Buffers: shared read=4

              ->  Partial Aggregate  (cost=5.24..5.25 rows=1 width=32) (actual time=0.247..0.247 rows=1 loops=1)

                    Buffers: shared read=4

                    ->  Parallel Seq Scan on _hyper_1_2261_chunk  (cost=0.00..4.99 rows=99 width=8) (actual time=0.173..0.224 rows=168 loops=1)

                          Buffers: shared read=4

              ->  Partial Aggregate  (cost=5.24..5.25 rows=1 width=32) (actual time=0.302..0.302 rows=1 loops=1)

                    Buffers: shared read=4

                    ->  Parallel Seq Scan on _hyper_1_2262_chunk  (cost=0.00..4.99 rows=99 width=8) (actual time=0.228..0.279 rows=168 loops=1)

                          Buffers: shared read=4

              ->  Partial Aggregate  (cost=5.24..5.25 rows=1 width=32) (actual time=0.315..0.316 rows=1 loops=1)

                    Buffers: shared read=4

                    ->  Parallel Seq Scan on _hyper_1_2264_chunk  (cost=0.00..4.99 rows=99 width=8) (actual time=0.242..0.292 rows=168 loops=1)

                          Buffers: shared read=4

              ->  Partial Aggregate  (cost=5.24..5.25 rows=1 width=32) (actual time=0.202..0.203 rows=1 loops=1)

                    Buffers: shared read=4

                    ->  Parallel Seq Scan on _hyper_1_2265_chunk  (cost=0.00..4.99 rows=99 width=8) (actual time=0.122..0.175 rows=168 loops=1)

                          Buffers: shared read=4

              ->  Partial Aggregate  (cost=5.24..5.25 rows=1 width=32) (actual time=0.239..0.240 rows=1 loops=1)

                    Buffers: shared read=4

                    ->  Parallel Seq Scan on _hyper_1_2266_chunk  (cost=0.00..4.99 rows=99 width=8) (actual time=0.166..0.216 rows=168 loops=1)

                          Buffers: shared read=4

              ->  Partial Aggregate  (cost=5.24..5.25 rows=1 width=32) (actual time=0.383..0.384 rows=1 loops=1)

                    Buffers: shared read=4

                    ->  Parallel Seq Scan on _hyper_1_2267_chunk  (cost=0.00..4.99 rows=99 width=8) (actual time=0.310..0.360 rows=168 loops=1)

                          Buffers: shared read=4

              ->  Partial Aggregate  (cost=5.24..5.25 rows=1 width=32) (actual time=0.190..0.191 rows=1 loops=1)

                    Buffers: shared read=4

                    ->  Parallel Seq Scan on _hyper_1_2268_chunk  (cost=0.00..4.99 rows=99 width=8) (actual time=0.117..0.167 rows=168 loops=1)

                          Buffers: shared read=4

              ->  Partial Aggregate  (cost=5.24..5.25 rows=1 width=32) (actual time=0.176..0.176 rows=1 loops=1)

                    Buffers: shared read=4

                    ->  Parallel Seq Scan on _hyper_1_2269_chunk  (cost=0.00..4.99 rows=99 width=8) (actual time=0.095..0.153 rows=168 loops=1)

                          Buffers: shared read=4

              ->  Partial Aggregate  (cost=5.24..5.25 rows=1 width=32) (actual time=0.231..0.232 rows=1 loops=1)

                    Buffers: shared read=4

                    ->  Parallel Seq Scan on _hyper_1_2270_chunk  (cost=0.00..4.99 rows=99 width=8) (actual time=0.157..0.208 rows=168 loops=1)

                          Buffers: shared read=4

              ->  Partial Aggregate  (cost=5.24..5.25 rows=1 width=32) (actual time=0.307..0.307 rows=1 loops=1)

                    Buffers: shared read=4

                    ->  Parallel Seq Scan on _hyper_1_2271_chunk  (cost=0.00..4.99 rows=99 width=8) (actual time=0.233..0.284 rows=168 loops=1)

                          Buffers: shared read=4

              ->  Partial Aggregate  (cost=5.24..5.25 rows=1 width=32) (actual time=0.384..0.385 rows=1 loops=1)

                    Buffers: shared read=4

                    ->  Parallel Seq Scan on _hyper_1_2272_chunk  (cost=0.00..4.99 rows=99 width=8) (actual time=0.310..0.361 rows=168 loops=1)

                          Buffers: shared read=4

              ->  Partial Aggregate  (cost=5.24..5.25 rows=1 width=32) (actual time=0.318..0.318 rows=1 loops=1)

                    Buffers: shared read=4

                    ->  Parallel Seq Scan on _hyper_1_2273_chunk  (cost=0.00..4.99 rows=99 width=8) (actual time=0.240..0.293 rows=168 loops=1)

                          Buffers: shared read=4

              ->  Partial Aggregate  (cost=5.24..5.25 rows=1 width=32) (actual time=0.192..0.192 rows=1 loops=1)

                    Buffers: shared read=4

                    ->  Parallel Seq Scan on _hyper_1_2274_chunk  (cost=0.00..4.99 rows=99 width=8) (actual time=0.115..0.167 rows=168 loops=1)

                          Buffers: shared read=4

              ->  Partial Aggregate  (cost=5.24..5.25 rows=1 width=32) (actual time=0.239..0.240 rows=1 loops=1)

                    Buffers: shared read=4

                    ->  Parallel Seq Scan on _hyper_1_2275_chunk  (cost=0.00..4.99 rows=99 width=8) (actual time=0.161..0.215 rows=168 loops=1)

                          Buffers: shared read=4

              ->  Partial Aggregate  (cost=5.24..5.25 rows=1 width=32) (actual time=0.323..0.324 rows=1 loops=1)

                    Buffers: shared read=4

                    ->  Parallel Seq Scan on _hyper_1_2276_chunk  (cost=0.00..4.99 rows=99 width=8) (actual time=0.243..0.298 rows=168 loops=1)

                          Buffers: shared read=4

              ->  Partial Aggregate  (cost=5.24..5.25 rows=1 width=32) (actual time=0.317..0.318 rows=1 loops=1)

                    Buffers: shared read=4

                    ->  Parallel Seq Scan on _hyper_1_2277_chunk  (cost=0.00..4.99 rows=99 width=8) (actual time=0.238..0.292 rows=168 loops=1)

                          Buffers: shared read=4

              ->  Partial Aggregate  (cost=5.24..5.25 rows=1 width=32) (actual time=0.306..0.306 rows=1 loops=1)

                    Buffers: shared read=4

                    ->  Parallel Seq Scan on _hyper_1_2278_chunk  (cost=0.00..4.99 rows=99 width=8) (actual time=0.226..0.282 rows=168 loops=1)

                          Buffers: shared read=4

              ->  Partial Aggregate  (cost=5.24..5.25 rows=1 width=32) (actual time=0.315..0.315 rows=1 loops=1)

                    Buffers: shared read=4

                    ->  Parallel Seq Scan on _hyper_1_2279_chunk  (cost=0.00..4.99 rows=99 width=8) (actual time=0.236..0.290 rows=168 loops=1)

                          Buffers: shared read=4

              ->  Partial Aggregate  (cost=5.24..5.25 rows=1 width=32) (actual time=0.254..0.254 rows=1 loops=1)

                    Buffers: shared read=4

                    ->  Parallel Seq Scan on _hyper_1_2280_chunk  (cost=0.00..4.99 rows=99 width=8) (actual time=0.174..0.229 rows=168 loops=1)

                          Buffers: shared read=4

              ->  Partial Aggregate  (cost=5.24..5.25 rows=1 width=32) (actual time=0.240..0.241 rows=1 loops=1)

                    Buffers: shared read=4

                    ->  Parallel Seq Scan on _hyper_1_2281_chunk  (cost=0.00..4.99 rows=99 width=8) (actual time=0.162..0.216 rows=168 loops=1)

                          Buffers: shared read=4

              ->  Partial Aggregate  (cost=5.24..5.25 rows=1 width=32) (actual time=0.234..0.235 rows=1 loops=1)

                    Buffers: shared read=4

                    ->  Parallel Seq Scan on _hyper_1_2282_chunk  (cost=0.00..4.99 rows=99 width=8) (actual time=0.154..0.209 rows=168 loops=1)

                          Buffers: shared read=4

              ->  Partial Aggregate  (cost=5.24..5.25 rows=1 width=32) (actual time=0.359..0.360 rows=1 loops=1)

                    Buffers: shared read=4

                    ->  Parallel Seq Scan on _hyper_1_2283_chunk  (cost=0.00..4.99 rows=99 width=8) (actual time=0.279..0.334 rows=168 loops=1)

                          Buffers: shared read=4

              ->  Partial Aggregate  (cost=5.24..5.25 rows=1 width=32) (actual time=0.390..0.390 rows=1 loops=1)

                    Buffers: shared read=4

                    ->  Parallel Seq Scan on _hyper_1_2284_chunk  (cost=0.00..4.99 rows=99 width=8) (actual time=0.311..0.366 rows=168 loops=1)

                          Buffers: shared read=4

              ->  Partial Aggregate  (cost=5.24..5.25 rows=1 width=32) (actual time=0.256..0.256 rows=1 loops=1)

                    Buffers: shared read=4

                    ->  Parallel Seq Scan on _hyper_1_2285_chunk  (cost=0.00..4.99 rows=99 width=8) (actual time=0.176..0.231 rows=168 loops=1)

                          Buffers: shared read=4

              ->  Partial Aggregate  (cost=5.24..5.25 rows=1 width=32) (actual time=0.328..0.328 rows=1 loops=1)

                    Buffers: shared read=4

                    ->  Parallel Seq Scan on _hyper_1_2286_chunk  (cost=0.00..4.99 rows=99 width=8) (actual time=0.245..0.302 rows=168 loops=1)

                          Buffers: shared read=4

              ->  Partial Aggregate  (cost=5.24..5.25 rows=1 width=32) (actual time=0.265..0.266 rows=1 loops=1)

                    Buffers: shared read=4

                    ->  Parallel Seq Scan on _hyper_1_2287_chunk  (cost=0.00..4.99 rows=99 width=8) (actual time=0.180..0.239 rows=168 loops=1)

                          Buffers: shared read=4

              ->  Partial Aggregate  (cost=5.24..5.25 rows=1 width=32) (actual time=0.260..0.261 rows=1 loops=1)

                    Buffers: shared read=4

                    ->  Parallel Seq Scan on _hyper_1_2288_chunk  (cost=0.00..4.99 rows=99 width=8) (actual time=0.177..0.234 rows=168 loops=1)

                          Buffers: shared read=4

              ->  Partial Aggregate  (cost=5.24..5.25 rows=1 width=32) (actual time=0.271..0.271 rows=1 loops=1)

                    Buffers: shared read=4

                    ->  Parallel Seq Scan on _hyper_1_2289_chunk  (cost=0.00..4.99 rows=99 width=8) (actual time=0.187..0.245 rows=168 loops=1)

                          Buffers: shared read=4

              ->  Partial Aggregate  (cost=5.24..5.25 rows=1 width=32) (actual time=0.315..0.315 rows=1 loops=1)

                    Buffers: shared read=4

                    ->  Parallel Seq Scan on _hyper_1_2290_chunk  (cost=0.00..4.99 rows=99 width=8) (actual time=0.230..0.285 rows=168 loops=1)

                          Buffers: shared read=4

              ->  Partial Aggregate  (cost=5.24..5.25 rows=1 width=32) (actual time=0.262..0.263 rows=1 loops=1)

                    Buffers: shared read=4

                    ->  Parallel Seq Scan on _hyper_1_2291_chunk  (cost=0.00..4.99 rows=99 width=8) (actual time=0.183..0.237 rows=168 loops=1)

                          Buffers: shared read=4

              ->  Partial Aggregate  (cost=5.24..5.25 rows=1 width=32) (actual time=0.333..0.334 rows=1 loops=1)

                    Buffers: shared read=4

                    ->  Parallel Seq Scan on _hyper_1_2292_chunk  (cost=0.00..4.99 rows=99 width=8) (actual time=0.254..0.309 rows=168 loops=1)

                          Buffers: shared read=4

              ->  Partial Aggregate  (cost=5.24..5.25 rows=1 width=32) (actual time=0.266..0.267 rows=1 loops=1)

                    Buffers: shared read=4

                    ->  Parallel Seq Scan on _hyper_1_2293_chunk  (cost=0.00..4.99 rows=99 width=8) (actual time=0.180..0.240 rows=168 loops=1)

                          Buffers: shared read=4

              ->  Partial Aggregate  (cost=5.24..5.25 rows=1 width=32) (actual time=0.275..0.276 rows=1 loops=1)

                    Buffers: shared read=4

                    ->  Parallel Seq Scan on _hyper_1_2294_chunk  (cost=0.00..4.99 rows=99 width=8) (actual time=0.191..0.249 rows=168 loops=1)

                          Buffers: shared read=4

              ->  Partial Aggregate  (cost=5.24..5.25 rows=1 width=32) (actual time=0.321..0.321 rows=1 loops=1)

                    Buffers: shared read=4

                    ->  Parallel Seq Scan on _hyper_1_2295_chunk  (cost=0.00..4.99 rows=99 width=8) (actual time=0.236..0.294 rows=168 loops=1)

                          Buffers: shared read=4

              ->  Partial Aggregate  (cost=5.24..5.25 rows=1 width=32) (actual time=0.346..0.347 rows=1 loops=1)

                    Buffers: shared read=4

                    ->  Parallel Seq Scan on _hyper_1_2296_chunk  (cost=0.00..4.99 rows=99 width=8) (actual time=0.255..0.317 rows=168 loops=1)

                          Buffers: shared read=4

              ->  Partial Aggregate  (cost=5.24..5.25 rows=1 width=32) (actual time=0.239..0.240 rows=1 loops=1)

                    Buffers: shared read=4

                    ->  Parallel Seq Scan on _hyper_1_2297_chunk  (cost=0.00..4.99 rows=99 width=8) (actual time=0.149..0.211 rows=168 loops=1)

                          Buffers: shared read=4

              ->  Partial Aggregate  (cost=5.24..5.25 rows=1 width=32) (actual time=0.276..0.277 rows=1 loops=1)

                    Buffers: shared read=4

                    ->  Parallel Seq Scan on _hyper_1_2298_chunk  (cost=0.00..4.99 rows=99 width=8) (actual time=0.185..0.248 rows=168 loops=1)

                          Buffers: shared read=4

              ->  Partial Aggregate  (cost=5.24..5.25 rows=1 width=32) (actual time=0.423..0.424 rows=1 loops=1)

                    Buffers: shared read=4

                    ->  Parallel Seq Scan on _hyper_1_2299_chunk  (cost=0.00..4.99 rows=99 width=8) (actual time=0.330..0.394 rows=168 loops=1)

                          Buffers: shared read=4

              ->  Partial Aggregate  (cost=5.24..5.25 rows=1 width=32) (actual time=0.210..0.211 rows=1 loops=1)

                    Buffers: shared read=4

                    ->  Parallel Seq Scan on _hyper_1_2300_chunk  (cost=0.00..4.99 rows=99 width=8) (actual time=0.120..0.183 rows=168 loops=1)

                          Buffers: shared read=4

              ->  Partial Aggregate  (cost=5.24..5.25 rows=1 width=32) (actual time=0.249..0.250 rows=1 loops=1)

                    Buffers: shared read=4

                    ->  Parallel Seq Scan on _hyper_1_2301_chunk  (cost=0.00..4.99 rows=99 width=8) (actual time=0.164..0.222 rows=168 loops=1)

                          Buffers: shared read=4

              ->  Partial Aggregate  (cost=5.24..5.25 rows=1 width=32) (actual time=0.318..0.319 rows=1 loops=1)

                    Buffers: shared read=4

                    ->  Parallel Seq Scan on _hyper_1_2302_chunk  (cost=0.00..4.99 rows=99 width=8) (actual time=0.232..0.291 rows=168 loops=1)

                          Buffers: shared read=4

              ->  Partial Aggregate  (cost=5.24..5.25 rows=1 width=32) (actual time=0.368..0.368 rows=1 loops=1)

                    Buffers: shared read=4

                    ->  Parallel Seq Scan on _hyper_1_2303_chunk  (cost=0.00..4.99 rows=99 width=8) (actual time=0.281..0.341 rows=168 loops=1)

                          Buffers: shared read=4

              ->  Partial Aggregate  (cost=5.24..5.25 rows=1 width=32) (actual time=0.339..0.340 rows=1 loops=1)

                    Buffers: shared read=4

                    ->  Parallel Seq Scan on _hyper_1_2304_chunk  (cost=0.00..4.99 rows=99 width=8) (actual time=0.249..0.313 rows=168 loops=1)

                          Buffers: shared read=4

              ->  Partial Aggregate  (cost=5.24..5.25 rows=1 width=32) (actual time=0.264..0.265 rows=1 loops=1)

                    Buffers: shared read=4

                    ->  Parallel Seq Scan on _hyper_1_2305_chunk  (cost=0.00..4.99 rows=99 width=8) (actual time=0.177..0.238 rows=168 loops=1)

                          Buffers: shared read=4

              ->  Partial Aggregate  (cost=5.24..5.25 rows=1 width=32) (actual time=0.317..0.318 rows=1 loops=1)

                    Buffers: shared read=4

                    ->  Parallel Seq Scan on _hyper_1_2306_chunk  (cost=0.00..4.99 rows=99 width=8) (actual time=0.226..0.284 rows=168 loops=1)

                          Buffers: shared read=4

              ->  Partial Aggregate  (cost=5.24..5.25 rows=1 width=32) (actual time=0.393..0.394 rows=1 loops=1)

                    Buffers: shared read=4

                    ->  Parallel Seq Scan on _hyper_1_2307_chunk  (cost=0.00..4.99 rows=99 width=8) (actual time=0.309..0.367 rows=168 loops=1)

                          Buffers: shared read=4

              ->  Partial Aggregate  (cost=5.24..5.25 rows=1 width=32) (actual time=0.327..0.327 rows=1 loops=1)

                    Buffers: shared read=4

                    ->  Parallel Seq Scan on _hyper_1_2308_chunk  (cost=0.00..4.99 rows=99 width=8) (actual time=0.240..0.300 rows=168 loops=1)

                          Buffers: shared read=4

              ->  Partial Aggregate  (cost=5.24..5.25 rows=1 width=32) (actual time=0.259..0.259 rows=1 loops=1)

                    Buffers: shared read=4

                    ->  Parallel Seq Scan on _hyper_1_2309_chunk  (cost=0.00..4.99 rows=99 width=8) (actual time=0.173..0.234 rows=168 loops=1)

                          Buffers: shared read=4

              ->  Partial Aggregate  (cost=5.24..5.25 rows=1 width=32) (actual time=0.326..0.327 rows=1 loops=1)

                    Buffers: shared read=4

                    ->  Parallel Seq Scan on _hyper_1_2310_chunk  (cost=0.00..4.99 rows=99 width=8) (actual time=0.247..0.302 rows=168 loops=1)

                          Buffers: shared read=4

              ->  Partial Aggregate  (cost=5.24..5.25 rows=1 width=32) (actual time=0.274..0.275 rows=1 loops=1)

                    Buffers: shared read=4

                    ->  Parallel Seq Scan on _hyper_1_2311_chunk  (cost=0.00..4.99 rows=99 width=8) (actual time=0.194..0.249 rows=168 loops=1)

                          Buffers: shared read=4

              ->  Partial Aggregate  (cost=5.24..5.25 rows=1 width=32) (actual time=0.322..0.323 rows=1 loops=1)

                    Buffers: shared read=4

                    ->  Parallel Seq Scan on _hyper_1_2312_chunk  (cost=0.00..4.99 rows=99 width=8) (actual time=0.242..0.297 rows=168 loops=1)

                          Buffers: shared read=4

              ->  Partial Aggregate  (cost=5.24..5.25 rows=1 width=32) (actual time=0.246..0.247 rows=1 loops=1)

                    Buffers: shared read=4

                    ->  Parallel Seq Scan on _hyper_1_2313_chunk  (cost=0.00..4.99 rows=99 width=8) (actual time=0.170..0.224 rows=168 loops=1)

                          Buffers: shared read=4

              ->  Partial Aggregate  (cost=5.24..5.25 rows=1 width=32) (actual time=0.343..0.344 rows=1 loops=1)

                    Buffers: shared read=4

                    ->  Parallel Seq Scan on _hyper_1_2314_chunk  (cost=0.00..4.99 rows=99 width=8) (actual time=0.266..0.319 rows=168 loops=1)

                          Buffers: shared read=4

              ->  Partial Aggregate  (cost=5.24..5.25 rows=1 width=32) (actual time=0.475..0.475 rows=1 loops=1)

                    Buffers: shared read=4

                    ->  Parallel Seq Scan on _hyper_1_2315_chunk  (cost=0.00..4.99 rows=99 width=8) (actual time=0.384..0.446 rows=168 loops=1)

                          Buffers: shared read=4

              ->  Partial Aggregate  (cost=5.24..5.25 rows=1 width=32) (actual time=0.618..0.618 rows=1 loops=1)

                    Buffers: shared read=4

                    ->  Parallel Seq Scan on _hyper_1_2316_chunk  (cost=0.00..4.99 rows=99 width=8) (actual time=0.526..0.593 rows=168 loops=1)

                          Buffers: shared read=4

              ->  Partial Aggregate  (cost=5.24..5.25 rows=1 width=32) (actual time=0.374..0.375 rows=1 loops=1)

                    Buffers: shared read=4

                    ->  Parallel Seq Scan on _hyper_1_2318_chunk  (cost=0.00..4.99 rows=99 width=8) (actual time=0.236..0.304 rows=168 loops=1)

                          Buffers: shared read=4

              ->  Partial Aggregate  (cost=5.24..5.25 rows=1 width=32) (actual time=1.330..1.330 rows=1 loops=1)

                    Buffers: shared read=4

                    ->  Parallel Seq Scan on _hyper_1_2319_chunk  (cost=0.00..4.99 rows=99 width=8) (actual time=1.259..1.303 rows=168 loops=1)

                          Buffers: shared read=4

Planning:

  Buffers: shared hit=119567 read=4883

Planning Time: 797.112 ms

Execution Time: 493.083 ms

