Finalize Aggregate  (cost=378.98..378.99 rows=1 width=8) (actual time=4.446..4.518 rows=1 loops=1)

  Buffers: shared hit=220

  ->  Append  (cost=6.58..378.85 rows=54 width=8) (actual time=0.053..4.490 rows=54 loops=1)

        Buffers: shared hit=220

        ->  Partial Aggregate  (cost=6.58..6.59 rows=1 width=8) (actual time=0.052..0.056 rows=1 loops=1)

              Buffers: shared hit=4

              ->  Seq Scan on _hyper_1_2088_chunk  (cost=0.00..6.52 rows=24 width=0) (actual time=0.038..0.046 rows=24 loops=1)

                    Filter: (("time" >= '2020-01-01 00:00:00'::timestamp without time zone) AND ("time" <= '2021-01-01 00:00:00'::timestamp without time zone))

                    Rows Removed by Filter: 144

                    Buffers: shared hit=4

        ->  Partial Aggregate  (cost=6.94..6.95 rows=1 width=8) (actual time=0.056..0.057 rows=1 loops=1)

              Buffers: shared hit=4

              ->  Seq Scan on _hyper_1_2089_chunk  (cost=0.00..6.52 rows=168 width=0) (actual time=0.005..0.039 rows=168 loops=1)

                    Filter: (("time" >= '2020-01-01 00:00:00'::timestamp without time zone) AND ("time" <= '2021-01-01 00:00:00'::timestamp without time zone))

                    Buffers: shared hit=4

        ->  Partial Aggregate  (cost=6.94..6.95 rows=1 width=8) (actual time=0.056..0.057 rows=1 loops=1)

              Buffers: shared hit=4

              ->  Seq Scan on _hyper_1_2090_chunk  (cost=0.00..6.52 rows=168 width=0) (actual time=0.005..0.040 rows=168 loops=1)

                    Filter: (("time" >= '2020-01-01 00:00:00'::timestamp without time zone) AND ("time" <= '2021-01-01 00:00:00'::timestamp without time zone))

                    Buffers: shared hit=4

        ->  Partial Aggregate  (cost=6.94..6.95 rows=1 width=8) (actual time=0.054..0.055 rows=1 loops=1)

              Buffers: shared hit=4

              ->  Seq Scan on _hyper_1_2091_chunk  (cost=0.00..6.52 rows=168 width=0) (actual time=0.005..0.038 rows=168 loops=1)

                    Filter: (("time" >= '2020-01-01 00:00:00'::timestamp without time zone) AND ("time" <= '2021-01-01 00:00:00'::timestamp without time zone))

                    Buffers: shared hit=4

        ->  Partial Aggregate  (cost=6.94..6.95 rows=1 width=8) (actual time=0.052..0.053 rows=1 loops=1)

              Buffers: shared hit=4

              ->  Seq Scan on _hyper_1_2092_chunk  (cost=0.00..6.52 rows=168 width=0) (actual time=0.004..0.036 rows=168 loops=1)

                    Filter: (("time" >= '2020-01-01 00:00:00'::timestamp without time zone) AND ("time" <= '2021-01-01 00:00:00'::timestamp without time zone))

                    Buffers: shared hit=4

        ->  Partial Aggregate  (cost=6.94..6.95 rows=1 width=8) (actual time=0.053..0.054 rows=1 loops=1)

              Buffers: shared hit=4

              ->  Seq Scan on _hyper_1_2093_chunk  (cost=0.00..6.52 rows=168 width=0) (actual time=0.004..0.037 rows=168 loops=1)

                    Filter: (("time" >= '2020-01-01 00:00:00'::timestamp without time zone) AND ("time" <= '2021-01-01 00:00:00'::timestamp without time zone))

                    Buffers: shared hit=4

        ->  Partial Aggregate  (cost=6.94..6.95 rows=1 width=8) (actual time=0.052..0.053 rows=1 loops=1)

              Buffers: shared hit=4

              ->  Seq Scan on _hyper_1_2094_chunk  (cost=0.00..6.52 rows=168 width=0) (actual time=0.004..0.036 rows=168 loops=1)

                    Filter: (("time" >= '2020-01-01 00:00:00'::timestamp without time zone) AND ("time" <= '2021-01-01 00:00:00'::timestamp without time zone))

                    Buffers: shared hit=4

        ->  Partial Aggregate  (cost=6.94..6.95 rows=1 width=8) (actual time=0.053..0.055 rows=1 loops=1)

              Buffers: shared hit=4

              ->  Seq Scan on _hyper_1_2095_chunk  (cost=0.00..6.52 rows=168 width=0) (actual time=0.004..0.037 rows=168 loops=1)

                    Filter: (("time" >= '2020-01-01 00:00:00'::timestamp without time zone) AND ("time" <= '2021-01-01 00:00:00'::timestamp without time zone))

                    Buffers: shared hit=4

        ->  Partial Aggregate  (cost=6.94..6.95 rows=1 width=8) (actual time=0.053..0.054 rows=1 loops=1)

              Buffers: shared hit=4

              ->  Seq Scan on _hyper_1_2096_chunk  (cost=0.00..6.52 rows=168 width=0) (actual time=0.004..0.037 rows=168 loops=1)

                    Filter: (("time" >= '2020-01-01 00:00:00'::timestamp without time zone) AND ("time" <= '2021-01-01 00:00:00'::timestamp without time zone))

                    Buffers: shared hit=4

        ->  Partial Aggregate  (cost=6.94..6.95 rows=1 width=8) (actual time=0.053..0.053 rows=1 loops=1)

              Buffers: shared hit=4

              ->  Seq Scan on _hyper_1_2097_chunk  (cost=0.00..6.52 rows=168 width=0) (actual time=0.004..0.036 rows=168 loops=1)

                    Filter: (("time" >= '2020-01-01 00:00:00'::timestamp without time zone) AND ("time" <= '2021-01-01 00:00:00'::timestamp without time zone))

                    Buffers: shared hit=4

        ->  Partial Aggregate  (cost=6.94..6.95 rows=1 width=8) (actual time=0.057..0.058 rows=1 loops=1)

              Buffers: shared hit=4

              ->  Seq Scan on _hyper_1_2098_chunk  (cost=0.00..6.52 rows=168 width=0) (actual time=0.007..0.041 rows=168 loops=1)

                    Filter: (("time" >= '2020-01-01 00:00:00'::timestamp without time zone) AND ("time" <= '2021-01-01 00:00:00'::timestamp without time zone))

                    Buffers: shared hit=4

        ->  Partial Aggregate  (cost=6.94..6.95 rows=1 width=8) (actual time=0.053..0.054 rows=1 loops=1)

              Buffers: shared hit=4

              ->  Seq Scan on _hyper_1_2099_chunk  (cost=0.00..6.52 rows=168 width=0) (actual time=0.004..0.037 rows=168 loops=1)

                    Filter: (("time" >= '2020-01-01 00:00:00'::timestamp without time zone) AND ("time" <= '2021-01-01 00:00:00'::timestamp without time zone))

                    Buffers: shared hit=4

        ->  Partial Aggregate  (cost=6.94..6.95 rows=1 width=8) (actual time=0.079..0.080 rows=1 loops=1)

              Buffers: shared hit=4

              ->  Seq Scan on _hyper_1_2100_chunk  (cost=0.00..6.52 rows=168 width=0) (actual time=0.004..0.060 rows=168 loops=1)

                    Filter: (("time" >= '2020-01-01 00:00:00'::timestamp without time zone) AND ("time" <= '2021-01-01 00:00:00'::timestamp without time zone))

                    Buffers: shared hit=4

        ->  Partial Aggregate  (cost=6.94..6.95 rows=1 width=8) (actual time=0.062..0.063 rows=1 loops=1)

              Buffers: shared hit=4

              ->  Seq Scan on _hyper_1_2101_chunk  (cost=0.00..6.52 rows=168 width=0) (actual time=0.012..0.045 rows=168 loops=1)

                    Filter: (("time" >= '2020-01-01 00:00:00'::timestamp without time zone) AND ("time" <= '2021-01-01 00:00:00'::timestamp without time zone))

                    Buffers: shared hit=4

        ->  Partial Aggregate  (cost=6.94..6.95 rows=1 width=8) (actual time=0.054..0.055 rows=1 loops=1)

              Buffers: shared hit=4

              ->  Seq Scan on _hyper_1_2102_chunk  (cost=0.00..6.52 rows=168 width=0) (actual time=0.004..0.037 rows=168 loops=1)

                    Filter: (("time" >= '2020-01-01 00:00:00'::timestamp without time zone) AND ("time" <= '2021-01-01 00:00:00'::timestamp without time zone))

                    Buffers: shared hit=4

        ->  Partial Aggregate  (cost=6.94..6.95 rows=1 width=8) (actual time=0.055..0.056 rows=1 loops=1)

              Buffers: shared hit=4

              ->  Seq Scan on _hyper_1_2103_chunk  (cost=0.00..6.52 rows=168 width=0) (actual time=0.004..0.038 rows=168 loops=1)

                    Filter: (("time" >= '2020-01-01 00:00:00'::timestamp without time zone) AND ("time" <= '2021-01-01 00:00:00'::timestamp without time zone))

                    Buffers: shared hit=4

        ->  Partial Aggregate  (cost=6.94..6.95 rows=1 width=8) (actual time=0.065..0.066 rows=1 loops=1)

              Buffers: shared hit=4

              ->  Seq Scan on _hyper_1_2104_chunk  (cost=0.00..6.52 rows=168 width=0) (actual time=0.004..0.043 rows=168 loops=1)

                    Filter: (("time" >= '2020-01-01 00:00:00'::timestamp without time zone) AND ("time" <= '2021-01-01 00:00:00'::timestamp without time zone))

                    Buffers: shared hit=4

        ->  Partial Aggregate  (cost=6.94..6.95 rows=1 width=8) (actual time=0.088..0.089 rows=1 loops=1)

              Buffers: shared hit=4

              ->  Seq Scan on _hyper_1_2105_chunk  (cost=0.00..6.52 rows=168 width=0) (actual time=0.005..0.066 rows=168 loops=1)

                    Filter: (("time" >= '2020-01-01 00:00:00'::timestamp without time zone) AND ("time" <= '2021-01-01 00:00:00'::timestamp without time zone))

                    Buffers: shared hit=4

        ->  Partial Aggregate  (cost=6.94..6.95 rows=1 width=8) (actual time=0.065..0.066 rows=1 loops=1)

              Buffers: shared hit=4

              ->  Seq Scan on _hyper_1_2106_chunk  (cost=0.00..6.52 rows=168 width=0) (actual time=0.005..0.047 rows=168 loops=1)

                    Filter: (("time" >= '2020-01-01 00:00:00'::timestamp without time zone) AND ("time" <= '2021-01-01 00:00:00'::timestamp without time zone))

                    Buffers: shared hit=4

        ->  Partial Aggregate  (cost=6.94..6.95 rows=1 width=8) (actual time=0.069..0.071 rows=1 loops=1)

              Buffers: shared hit=4

              ->  Seq Scan on _hyper_1_2107_chunk  (cost=0.00..6.52 rows=168 width=0) (actual time=0.006..0.050 rows=168 loops=1)

                    Filter: (("time" >= '2020-01-01 00:00:00'::timestamp without time zone) AND ("time" <= '2021-01-01 00:00:00'::timestamp without time zone))

                    Buffers: shared hit=4

        ->  Partial Aggregate  (cost=6.94..6.95 rows=1 width=8) (actual time=0.063..0.064 rows=1 loops=1)

              Buffers: shared hit=4

              ->  Seq Scan on _hyper_1_2108_chunk  (cost=0.00..6.52 rows=168 width=0) (actual time=0.005..0.045 rows=168 loops=1)

                    Filter: (("time" >= '2020-01-01 00:00:00'::timestamp without time zone) AND ("time" <= '2021-01-01 00:00:00'::timestamp without time zone))

                    Buffers: shared hit=4

        ->  Partial Aggregate  (cost=6.94..6.95 rows=1 width=8) (actual time=0.096..0.096 rows=1 loops=1)

              Buffers: shared hit=4

              ->  Seq Scan on _hyper_1_2109_chunk  (cost=0.00..6.52 rows=168 width=0) (actual time=0.005..0.068 rows=168 loops=1)

                    Filter: (("time" >= '2020-01-01 00:00:00'::timestamp without time zone) AND ("time" <= '2021-01-01 00:00:00'::timestamp without time zone))

                    Buffers: shared hit=4

        ->  Partial Aggregate  (cost=6.94..6.95 rows=1 width=8) (actual time=0.135..0.137 rows=1 loops=1)

              Buffers: shared hit=4

              ->  Seq Scan on _hyper_1_2110_chunk  (cost=0.00..6.52 rows=168 width=0) (actual time=0.016..0.100 rows=168 loops=1)

                    Filter: (("time" >= '2020-01-01 00:00:00'::timestamp without time zone) AND ("time" <= '2021-01-01 00:00:00'::timestamp without time zone))

                    Buffers: shared hit=4

        ->  Partial Aggregate  (cost=6.94..6.95 rows=1 width=8) (actual time=0.125..0.126 rows=1 loops=1)

              Buffers: shared hit=4

              ->  Seq Scan on _hyper_1_2111_chunk  (cost=0.00..6.52 rows=168 width=0) (actual time=0.013..0.091 rows=168 loops=1)

                    Filter: (("time" >= '2020-01-01 00:00:00'::timestamp without time zone) AND ("time" <= '2021-01-01 00:00:00'::timestamp without time zone))

                    Buffers: shared hit=4

        ->  Partial Aggregate  (cost=6.94..6.95 rows=1 width=8) (actual time=0.137..0.138 rows=1 loops=1)

              Buffers: shared hit=4

              ->  Seq Scan on _hyper_1_2112_chunk  (cost=0.00..6.52 rows=168 width=0) (actual time=0.014..0.094 rows=168 loops=1)

                    Filter: (("time" >= '2020-01-01 00:00:00'::timestamp without time zone) AND ("time" <= '2021-01-01 00:00:00'::timestamp without time zone))

                    Buffers: shared hit=4

        ->  Partial Aggregate  (cost=8.94..8.95 rows=1 width=8) (actual time=0.133..0.135 rows=1 loops=1)

              Buffers: shared hit=6

              ->  Seq Scan on _hyper_1_2113_chunk  (cost=0.00..8.52 rows=168 width=0) (actual time=0.015..0.099 rows=168 loops=1)

                    Filter: (("time" >= '2020-01-01 00:00:00'::timestamp without time zone) AND ("time" <= '2021-01-01 00:00:00'::timestamp without time zone))

                    Buffers: shared hit=6

        ->  Partial Aggregate  (cost=6.94..6.95 rows=1 width=8) (actual time=0.123..0.124 rows=1 loops=1)

              Buffers: shared hit=4

              ->  Seq Scan on _hyper_1_2114_chunk  (cost=0.00..6.52 rows=168 width=0) (actual time=0.013..0.088 rows=168 loops=1)

                    Filter: (("time" >= '2020-01-01 00:00:00'::timestamp without time zone) AND ("time" <= '2021-01-01 00:00:00'::timestamp without time zone))

                    Buffers: shared hit=4

        ->  Partial Aggregate  (cost=6.94..6.95 rows=1 width=8) (actual time=0.127..0.129 rows=1 loops=1)

              Buffers: shared hit=4

              ->  Seq Scan on _hyper_1_2115_chunk  (cost=0.00..6.52 rows=168 width=0) (actual time=0.013..0.092 rows=168 loops=1)

                    Filter: (("time" >= '2020-01-01 00:00:00'::timestamp without time zone) AND ("time" <= '2021-01-01 00:00:00'::timestamp without time zone))

                    Buffers: shared hit=4

        ->  Partial Aggregate  (cost=6.94..6.95 rows=1 width=8) (actual time=0.125..0.126 rows=1 loops=1)

              Buffers: shared hit=4

              ->  Seq Scan on _hyper_1_2116_chunk  (cost=0.00..6.52 rows=168 width=0) (actual time=0.012..0.091 rows=168 loops=1)

                    Filter: (("time" >= '2020-01-01 00:00:00'::timestamp without time zone) AND ("time" <= '2021-01-01 00:00:00'::timestamp without time zone))

                    Buffers: shared hit=4

        ->  Partial Aggregate  (cost=6.94..6.95 rows=1 width=8) (actual time=0.122..0.124 rows=1 loops=1)

              Buffers: shared hit=4

              ->  Seq Scan on _hyper_1_2117_chunk  (cost=0.00..6.52 rows=168 width=0) (actual time=0.012..0.086 rows=168 loops=1)

                    Filter: (("time" >= '2020-01-01 00:00:00'::timestamp without time zone) AND ("time" <= '2021-01-01 00:00:00'::timestamp without time zone))

                    Buffers: shared hit=4

        ->  Partial Aggregate  (cost=6.94..6.95 rows=1 width=8) (actual time=0.125..0.126 rows=1 loops=1)

              Buffers: shared hit=4

              ->  Seq Scan on _hyper_1_2118_chunk  (cost=0.00..6.52 rows=168 width=0) (actual time=0.014..0.091 rows=168 loops=1)

                    Filter: (("time" >= '2020-01-01 00:00:00'::timestamp without time zone) AND ("time" <= '2021-01-01 00:00:00'::timestamp without time zone))

                    Buffers: shared hit=4

        ->  Partial Aggregate  (cost=6.94..6.95 rows=1 width=8) (actual time=0.123..0.124 rows=1 loops=1)

              Buffers: shared hit=4

              ->  Seq Scan on _hyper_1_2119_chunk  (cost=0.00..6.52 rows=168 width=0) (actual time=0.012..0.087 rows=168 loops=1)

                    Filter: (("time" >= '2020-01-01 00:00:00'::timestamp without time zone) AND ("time" <= '2021-01-01 00:00:00'::timestamp without time zone))

                    Buffers: shared hit=4

        ->  Partial Aggregate  (cost=6.94..6.95 rows=1 width=8) (actual time=0.136..0.137 rows=1 loops=1)

              Buffers: shared hit=4

              ->  Seq Scan on _hyper_1_2120_chunk  (cost=0.00..6.52 rows=168 width=0) (actual time=0.022..0.101 rows=168 loops=1)

                    Filter: (("time" >= '2020-01-01 00:00:00'::timestamp without time zone) AND ("time" <= '2021-01-01 00:00:00'::timestamp without time zone))

                    Buffers: shared hit=4

        ->  Partial Aggregate  (cost=6.94..6.95 rows=1 width=8) (actual time=0.132..0.132 rows=1 loops=1)

              Buffers: shared hit=4

              ->  Seq Scan on _hyper_1_2121_chunk  (cost=0.00..6.52 rows=168 width=0) (actual time=0.014..0.094 rows=168 loops=1)

                    Filter: (("time" >= '2020-01-01 00:00:00'::timestamp without time zone) AND ("time" <= '2021-01-01 00:00:00'::timestamp without time zone))

                    Buffers: shared hit=4

        ->  Partial Aggregate  (cost=6.94..6.95 rows=1 width=8) (actual time=0.091..0.092 rows=1 loops=1)

              Buffers: shared hit=4

              ->  Seq Scan on _hyper_1_2122_chunk  (cost=0.00..6.52 rows=168 width=0) (actual time=0.013..0.066 rows=168 loops=1)

                    Filter: (("time" >= '2020-01-01 00:00:00'::timestamp without time zone) AND ("time" <= '2021-01-01 00:00:00'::timestamp without time zone))

                    Buffers: shared hit=4

        ->  Partial Aggregate  (cost=8.94..8.95 rows=1 width=8) (actual time=0.069..0.070 rows=1 loops=1)

              Buffers: shared hit=6

              ->  Seq Scan on _hyper_1_2123_chunk  (cost=0.00..8.52 rows=168 width=0) (actual time=0.006..0.050 rows=168 loops=1)

                    Filter: (("time" >= '2020-01-01 00:00:00'::timestamp without time zone) AND ("time" <= '2021-01-01 00:00:00'::timestamp without time zone))

                    Buffers: shared hit=6

        ->  Partial Aggregate  (cost=6.94..6.95 rows=1 width=8) (actual time=0.069..0.069 rows=1 loops=1)

              Buffers: shared hit=4

              ->  Seq Scan on _hyper_1_2124_chunk  (cost=0.00..6.52 rows=168 width=0) (actual time=0.005..0.048 rows=168 loops=1)

                    Filter: (("time" >= '2020-01-01 00:00:00'::timestamp without time zone) AND ("time" <= '2021-01-01 00:00:00'::timestamp without time zone))

                    Buffers: shared hit=4

        ->  Partial Aggregate  (cost=6.94..6.95 rows=1 width=8) (actual time=0.077..0.078 rows=1 loops=1)

              Buffers: shared hit=4

              ->  Seq Scan on _hyper_1_2125_chunk  (cost=0.00..6.52 rows=168 width=0) (actual time=0.005..0.056 rows=168 loops=1)

                    Filter: (("time" >= '2020-01-01 00:00:00'::timestamp without time zone) AND ("time" <= '2021-01-01 00:00:00'::timestamp without time zone))

                    Buffers: shared hit=4

        ->  Partial Aggregate  (cost=6.94..6.95 rows=1 width=8) (actual time=0.067..0.068 rows=1 loops=1)

              Buffers: shared hit=4

              ->  Seq Scan on _hyper_1_2126_chunk  (cost=0.00..6.52 rows=168 width=0) (actual time=0.006..0.048 rows=168 loops=1)

                    Filter: (("time" >= '2020-01-01 00:00:00'::timestamp without time zone) AND ("time" <= '2021-01-01 00:00:00'::timestamp without time zone))

                    Buffers: shared hit=4

        ->  Partial Aggregate  (cost=6.94..6.95 rows=1 width=8) (actual time=0.071..0.072 rows=1 loops=1)

              Buffers: shared hit=4

              ->  Seq Scan on _hyper_1_2127_chunk  (cost=0.00..6.52 rows=168 width=0) (actual time=0.006..0.051 rows=168 loops=1)

                    Filter: (("time" >= '2020-01-01 00:00:00'::timestamp without time zone) AND ("time" <= '2021-01-01 00:00:00'::timestamp without time zone))

                    Buffers: shared hit=4

        ->  Partial Aggregate  (cost=6.94..6.95 rows=1 width=8) (actual time=0.079..0.080 rows=1 loops=1)

              Buffers: shared hit=4

              ->  Seq Scan on _hyper_1_2128_chunk  (cost=0.00..6.52 rows=168 width=0) (actual time=0.011..0.058 rows=168 loops=1)

                    Filter: (("time" >= '2020-01-01 00:00:00'::timestamp without time zone) AND ("time" <= '2021-01-01 00:00:00'::timestamp without time zone))

                    Buffers: shared hit=4

        ->  Partial Aggregate  (cost=6.94..6.95 rows=1 width=8) (actual time=0.227..0.228 rows=1 loops=1)

              Buffers: shared hit=4

              ->  Seq Scan on _hyper_1_2129_chunk  (cost=0.00..6.52 rows=168 width=0) (actual time=0.006..0.204 rows=168 loops=1)

                    Filter: (("time" >= '2020-01-01 00:00:00'::timestamp without time zone) AND ("time" <= '2021-01-01 00:00:00'::timestamp without time zone))

                    Buffers: shared hit=4

        ->  Partial Aggregate  (cost=6.94..6.95 rows=1 width=8) (actual time=0.079..0.080 rows=1 loops=1)

              Buffers: shared hit=4

              ->  Seq Scan on _hyper_1_2130_chunk  (cost=0.00..6.52 rows=168 width=0) (actual time=0.018..0.060 rows=168 loops=1)

                    Filter: (("time" >= '2020-01-01 00:00:00'::timestamp without time zone) AND ("time" <= '2021-01-01 00:00:00'::timestamp without time zone))

                    Buffers: shared hit=4

        ->  Partial Aggregate  (cost=6.94..6.95 rows=1 width=8) (actual time=0.060..0.061 rows=1 loops=1)

              Buffers: shared hit=4

              ->  Seq Scan on _hyper_1_2131_chunk  (cost=0.00..6.52 rows=168 width=0) (actual time=0.007..0.044 rows=168 loops=1)

                    Filter: (("time" >= '2020-01-01 00:00:00'::timestamp without time zone) AND ("time" <= '2021-01-01 00:00:00'::timestamp without time zone))

                    Buffers: shared hit=4

        ->  Partial Aggregate  (cost=6.94..6.95 rows=1 width=8) (actual time=0.060..0.060 rows=1 loops=1)

              Buffers: shared hit=4

              ->  Seq Scan on _hyper_1_2132_chunk  (cost=0.00..6.52 rows=168 width=0) (actual time=0.006..0.043 rows=168 loops=1)

                    Filter: (("time" >= '2020-01-01 00:00:00'::timestamp without time zone) AND ("time" <= '2021-01-01 00:00:00'::timestamp without time zone))

                    Buffers: shared hit=4

        ->  Partial Aggregate  (cost=6.94..6.95 rows=1 width=8) (actual time=0.060..0.061 rows=1 loops=1)

              Buffers: shared hit=4

              ->  Seq Scan on _hyper_1_2133_chunk  (cost=0.00..6.52 rows=168 width=0) (actual time=0.006..0.044 rows=168 loops=1)

                    Filter: (("time" >= '2020-01-01 00:00:00'::timestamp without time zone) AND ("time" <= '2021-01-01 00:00:00'::timestamp without time zone))

                    Buffers: shared hit=4

        ->  Partial Aggregate  (cost=6.94..6.95 rows=1 width=8) (actual time=0.061..0.062 rows=1 loops=1)

              Buffers: shared hit=4

              ->  Seq Scan on _hyper_1_2134_chunk  (cost=0.00..6.52 rows=168 width=0) (actual time=0.006..0.043 rows=168 loops=1)

                    Filter: (("time" >= '2020-01-01 00:00:00'::timestamp without time zone) AND ("time" <= '2021-01-01 00:00:00'::timestamp without time zone))

                    Buffers: shared hit=4

        ->  Partial Aggregate  (cost=6.94..6.95 rows=1 width=8) (actual time=0.059..0.060 rows=1 loops=1)

              Buffers: shared hit=4

              ->  Seq Scan on _hyper_1_2135_chunk  (cost=0.00..6.52 rows=168 width=0) (actual time=0.006..0.042 rows=168 loops=1)

                    Filter: (("time" >= '2020-01-01 00:00:00'::timestamp without time zone) AND ("time" <= '2021-01-01 00:00:00'::timestamp without time zone))

                    Buffers: shared hit=4

        ->  Partial Aggregate  (cost=6.94..6.95 rows=1 width=8) (actual time=0.060..0.060 rows=1 loops=1)

              Buffers: shared hit=4

              ->  Seq Scan on _hyper_1_2136_chunk  (cost=0.00..6.52 rows=168 width=0) (actual time=0.006..0.043 rows=168 loops=1)

                    Filter: (("time" >= '2020-01-01 00:00:00'::timestamp without time zone) AND ("time" <= '2021-01-01 00:00:00'::timestamp without time zone))

                    Buffers: shared hit=4

        ->  Partial Aggregate  (cost=6.94..6.95 rows=1 width=8) (actual time=0.060..0.060 rows=1 loops=1)

              Buffers: shared hit=4

              ->  Seq Scan on _hyper_1_2137_chunk  (cost=0.00..6.52 rows=168 width=0) (actual time=0.006..0.043 rows=168 loops=1)

                    Filter: (("time" >= '2020-01-01 00:00:00'::timestamp without time zone) AND ("time" <= '2021-01-01 00:00:00'::timestamp without time zone))

                    Buffers: shared hit=4

        ->  Partial Aggregate  (cost=6.94..6.95 rows=1 width=8) (actual time=0.065..0.065 rows=1 loops=1)

              Buffers: shared hit=4

              ->  Seq Scan on _hyper_1_2138_chunk  (cost=0.00..6.52 rows=168 width=0) (actual time=0.007..0.046 rows=168 loops=1)

                    Filter: (("time" >= '2020-01-01 00:00:00'::timestamp without time zone) AND ("time" <= '2021-01-01 00:00:00'::timestamp without time zone))

                    Buffers: shared hit=4

        ->  Partial Aggregate  (cost=6.94..6.95 rows=1 width=8) (actual time=0.063..0.064 rows=1 loops=1)

              Buffers: shared hit=4

              ->  Seq Scan on _hyper_1_2139_chunk  (cost=0.00..6.52 rows=168 width=0) (actual time=0.007..0.046 rows=168 loops=1)

                    Filter: (("time" >= '2020-01-01 00:00:00'::timestamp without time zone) AND ("time" <= '2021-01-01 00:00:00'::timestamp without time zone))

                    Buffers: shared hit=4

        ->  Partial Aggregate  (cost=6.94..6.95 rows=1 width=8) (actual time=0.064..0.065 rows=1 loops=1)

              Buffers: shared hit=4

              ->  Seq Scan on _hyper_1_2140_chunk  (cost=0.00..6.52 rows=168 width=0) (actual time=0.007..0.047 rows=168 loops=1)

                    Filter: (("time" >= '2020-01-01 00:00:00'::timestamp without time zone) AND ("time" <= '2021-01-01 00:00:00'::timestamp without time zone))

                    Buffers: shared hit=4

        ->  Partial Aggregate  (cost=6.58..6.59 rows=1 width=8) (actual time=0.042..0.042 rows=1 loops=1)

              Buffers: shared hit=4

              ->  Seq Scan on _hyper_1_2141_chunk  (cost=0.00..6.52 rows=24 width=0) (actual time=0.007..0.038 rows=25 loops=1)

                    Filter: (("time" >= '2020-01-01 00:00:00'::timestamp without time zone) AND ("time" <= '2021-01-01 00:00:00'::timestamp without time zone))

                    Rows Removed by Filter: 143

                    Buffers: shared hit=4

Planning:

  Buffers: shared hit=990 read=48

Planning Time: 18.839 ms

Execution Time: 4.981 ms

