Aggregate  (cost=0.00..0.01 rows=1 width=8) (actual time=0.005..0.006 rows=1 loops=1)

  ->  Result  (cost=0.00..0.00 rows=0 width=0) (actual time=0.002..0.002 rows=0 loops=1)

        One-Time Filter: false

Planning:

  Buffers: shared hit=57 read=3

Planning Time: 1.291 ms

Execution Time: 0.075 ms

